\BOOKMARK [1][-]{section.1}{\376\377\000I\000n\000t\000r\000o\000d\000u\000c\000t\000i\000o\000n}{}% 1
\BOOKMARK [1][-]{section.2}{\376\377\000L\000e\000a\000r\000n\000i\000n\000g\000\040\000O\000b\000j\000e\000c\000t\000i\000v\000e\000s\000:\000\040\000K\000n\000o\000w\000n\000\040\000P\000h\000y\000s\000i\000c\000s\000\040\000v\000s\000.\000\040\000D\000a\000t\000a\000-\000D\000r\000i\000v\000e\000n\000\040\000D\000i\000s\000c\000o\000v\000e\000r\000y}{}% 2
\BOOKMARK [2][-]{subsection.2.1}{\376\377\000C\000o\000m\000p\000a\000r\000t\000m\000e\000n\000t\000a\000l\000\040\000P\000h\000a\000r\000m\000a\000c\000o\000k\000i\000n\000e\000t\000i\000c\000s\000\040\000\050\000P\000K\000\051}{section.2}% 3
\BOOKMARK [2][-]{subsection.2.2}{\376\377\000R\000a\000d\000i\000a\000t\000i\000o\000n\000\040\000T\000r\000a\000n\000s\000p\000o\000r\000t\000\040\000a\000n\000d\000\040\000S\000c\000a\000t\000t\000e\000r\000i\000n\000g}{section.2}% 4
\BOOKMARK [1][-]{section.3}{\376\377\000R\000a\000d\000i\000o\000n\000u\000c\000l\000i\000d\000e\000\040\000a\000n\000d\000\040\000P\000h\000a\000r\000m\000a\000c\000o\000k\000i\000n\000e\000t\000i\000c\000\040\000C\000o\000n\000s\000t\000a\000n\000t\000s\000\040\000f\000o\000r\000\040\0001\0007\0007\000L\000u\000-\000P\000S\000M\000A}{}% 5
\BOOKMARK [2][-]{subsection.3.1}{\376\377\000P\000h\000y\000s\000i\000c\000a\000l\000\040\000a\000n\000d\000\040\000R\000a\000d\000i\000o\000l\000o\000g\000i\000c\000a\000l\000\040\000C\000o\000n\000s\000t\000a\000n\000t\000s}{section.3}% 6
\BOOKMARK [2][-]{subsection.3.2}{\376\377\000O\000r\000g\000a\000n\000-\000S\000p\000e\000c\000i\000f\000i\000c\000\040\000K\000i\000n\000e\000t\000i\000c\000\040\000C\000o\000n\000s\000t\000a\000n\000t\000s}{section.3}% 7
\BOOKMARK [1][-]{section.4}{\376\377\000C\000o\000m\000p\000r\000e\000h\000e\000n\000s\000i\000v\000e\000\040\000V\000a\000r\000i\000a\000b\000l\000e\000\040\000a\000n\000d\000\040\000P\000a\000r\000a\000m\000e\000t\000e\000r\000\040\000M\000a\000p\000p\000i\000n\000g}{}% 8
\BOOKMARK [1][-]{section.5}{\376\377\000E\000x\000h\000a\000u\000s\000t\000i\000v\000e\000\040\000U\000D\000E\000\040\000M\000o\000d\000e\000l\000\040\000A\000r\000c\000h\000i\000t\000e\000c\000t\000u\000r\000e}{}% 9
\BOOKMARK [2][-]{subsection.5.1}{\376\377\000I\000n\000i\000t\000i\000a\000l\000\040\000A\000c\000t\000i\000v\000i\000t\000y\000\040\000C\000a\000l\000i\000b\000r\000a\000t\000i\000o\000n}{section.5}% 10
\BOOKMARK [2][-]{subsection.5.2}{\376\377\000T\000h\000e\000\040\000G\000o\000v\000e\000r\000i\000n\000g\000\040\000S\000y\000s\000t\000e\000m\000\040\000o\000f\000\040\000E\000q\000u\000a\000t\000i\000o\000n\000s}{section.5}% 11
\BOOKMARK [1][-]{section.6}{\376\377\000P\000h\000y\000s\000i\000c\000s\000\040\000a\000n\000d\000\040\000M\000a\000t\000h\000e\000m\000a\000t\000i\000c\000a\000l\000\040\000A\000n\000a\000l\000y\000s\000i\000s\000\040\000o\000f\000\040\000M\000o\000d\000e\000l\000\040\000S\000u\000b\000s\000y\000s\000t\000e\000m\000s}{}% 12
\BOOKMARK [2][-]{subsection.6.1}{\376\377\000G\000r\000o\000u\000p\000\040\0001\000:\000\040\000C\000T\000\040\000D\000e\000n\000s\000i\000t\000y\000\040\000a\000n\000d\000\040\000V\000o\000x\000e\000l\000\040\000M\000a\000s\000s\000\040\000N\000o\000r\000m\000a\000l\000i\000z\000a\000t\000i\000o\000n}{section.6}% 13
\BOOKMARK [2][-]{subsection.6.2}{\376\377\000G\000r\000o\000u\000p\000\040\0002\000:\000\040\000I\000n\000i\000t\000i\000a\000l\000\040\000A\000c\000t\000i\000v\000i\000t\000y\000\040\000C\000a\000l\000i\000b\000r\000a\000t\000i\000o\000n}{section.6}% 14
\BOOKMARK [2][-]{subsection.6.3}{\376\377\000G\000r\000o\000u\000p\000\040\0003\000:\000\040\000P\000h\000a\000r\000m\000a\000c\000o\000k\000i\000n\000e\000t\000i\000c\000s\000\040\000\050\000P\000K\000\051\000\040\000S\000u\000b\000-\000S\000y\000s\000t\000e\000m}{section.6}% 15
\BOOKMARK [2][-]{subsection.6.4}{\376\377\000G\000r\000o\000u\000p\000\040\0004\000:\000\040\000C\000o\000n\000t\000i\000n\000u\000o\000u\000s\000\040\000R\000a\000d\000i\000o\000b\000i\000o\000l\000o\000g\000y\000\040\000\050\000c\000o\000n\000t\000i\000n\000u\000o\000u\000s\000\040\000L\000i\000n\000e\000a\000r\000-\000Q\000u\000a\000d\000r\000a\000t\000i\000c\000\040\000\050\000c\000L\000Q\000\051\000\040\000m\000o\000d\000e\000l\000\040\000a\000n\000d\000\040\000S\000c\000i\000M\000L\000\040\000H\000y\000p\000o\000x\000i\000a\000\051}{section.6}% 16
\BOOKMARK [2][-]{subsection.6.5}{\376\377\000G\000r\000o\000u\000p\000\040\0005\000:\000\040\000S\000c\000i\000M\000L\000\040\000R\000a\000d\000i\000a\000t\000i\000o\000n\000\040\000T\000r\000a\000n\000s\000p\000o\000r\000t\000\040\000\046\000\040\000N\000e\000u\000r\000a\000l\000\040\000C\000o\000r\000r\000e\000c\000t\000o\000r}{section.6}% 17
\BOOKMARK [1][-]{section.7}{\376\377\000S\000y\000n\000t\000h\000e\000t\000i\000c\000\040\000D\000a\000t\000a\000\040\000E\000n\000g\000i\000n\000e\000e\000r\000i\000n\000g\000\040\000a\000n\000d\000\040\000P\000r\000e\000t\000r\000a\000i\000n\000i\000n\000g}{}% 18
\BOOKMARK [2][-]{subsection.7.1}{\376\377\000C\000r\000e\000a\000t\000i\000o\000n\000\040\000o\000f\000\040\000S\000y\000n\000t\000h\000e\000t\000i\000c\000\040\000D\000a\000t\000a}{section.7}% 19
\BOOKMARK [2][-]{subsection.7.2}{\376\377\000P\000r\000e\000t\000r\000a\000i\000n\000i\000n\000g\000\040\000t\000h\000e\000\040\000M\000o\000d\000e\000l\000\040\000w\000i\000t\000h\000\040\000S\000y\000n\000t\000h\000e\000t\000i\000c\000\040\000D\000a\000t\000a}{section.7}% 20
\BOOKMARK [1][-]{section.8}{\376\377\000P\000h\000y\000s\000i\000c\000s\000-\000I\000n\000f\000o\000r\000m\000e\000d\000\040\000V\000a\000l\000i\000d\000a\000t\000i\000o\000n\000\040\000a\000n\000d\000\040\000U\000n\000i\000t\000\040\000T\000e\000s\000t\000i\000n\000g\000\040\000S\000t\000r\000a\000t\000e\000g\000y}{}% 21
\BOOKMARK [2][-]{subsection.8.1}{\376\377\000P\000h\000y\000s\000i\000c\000a\000l\000-\000t\000o\000-\000D\000i\000g\000i\000t\000a\000l\000\040\000V\000a\000l\000i\000d\000a\000t\000i\000o\000n\000s\000\040\000\050\000U\000s\000i\000n\000g\000\040\000C\000a\000t\000p\000h\000a\000n\000\040\000D\000I\000C\000O\000M\000s\000\051}{section.8}% 22
\BOOKMARK [2][-]{subsection.8.2}{\376\377\000C\000o\000n\000s\000i\000s\000t\000e\000n\000c\000y\000\040\000C\000h\000e\000c\000k\000s\000\040\000o\000f\000\040\000t\000h\000e\000\040\000S\000c\000i\000M\000L\000\040\000S\000p\000a\000t\000i\000a\000l\000\040\000L\000a\000y\000e\000r\000s}{section.8}% 23
\BOOKMARK [2][-]{subsection.8.3}{\376\377\000U\000n\000i\000v\000e\000r\000s\000a\000l\000\040\000D\000i\000f\000f\000e\000r\000e\000n\000t\000i\000a\000l\000\040\000E\000q\000u\000a\000t\000i\000o\000n\000\040\000\050\000U\000D\000E\000\051\000\040\000I\000n\000v\000a\000r\000i\000a\000n\000t\000s}{section.8}% 24
\BOOKMARK [2][-]{subsection.8.4}{\376\377\000S\000o\000f\000t\000w\000a\000r\000e\000\040\000L\000o\000g\000i\000c\000\040\000\046\000\040\000P\000K\000\040\000C\000o\000m\000p\000a\000r\000t\000m\000e\000n\000t\000\040\000S\000a\000n\000i\000t\000y\000\040\000C\000h\000e\000c\000k\000s}{section.8}% 25
\BOOKMARK [2][-]{subsection.8.5}{\376\377\000A\000d\000v\000a\000n\000c\000e\000d\000\040\000C\000a\000t\000p\000h\000a\000n\000-\000B\000a\000s\000e\000d\000\040\000S\000t\000a\000b\000i\000l\000i\000t\000y\000\040\000T\000e\000s\000t\000s}{section.8}% 26
\BOOKMARK [1][-]{section.9}{\376\377\000E\000x\000p\000e\000r\000t\000\040\000I\000n\000q\000u\000i\000r\000y\000\040\000a\000n\000d\000\040\000V\000a\000l\000i\000d\000a\000t\000e\000d\000\040\000C\000o\000n\000s\000t\000r\000a\000i\000n\000t\000s}{}% 27
\BOOKMARK [1][-]{section.10}{\376\377\000C\000o\000n\000c\000l\000u\000s\000i\000o\000n}{}% 28
