ERROR: LoadError: UndefVarError: `T` not defined
Stacktrace:
 [1] top-level scope
   @ ~/project_ssd/MedImages.jl/src/Utils.jl:1514
 [2] include(mod::Module, _path::String)
   @ Base ./Base.jl:495
 [3] include(x::String)
   @ MedImages ~/project_ssd/MedImages.jl/src/MedImages.jl:1
 [4] top-level scope
   @ ~/project_ssd/MedImages.jl/src/MedImages.jl:35
 [5] include
   @ ./Base.jl:495 [inlined]
 [6] include_package_for_output(pkg::Base.PkgId, input::String, depot_path::Vector{String}, dl_load_path::Vector{String}, load_path::Vector{String}, concrete_deps::Vector{Pair{Base.PkgId, UInt128}}, source::Nothing)
   @ Base ./loading.jl:2292
 [7] top-level scope
   @ stdin:4
in expression starting at /home/jm/project_ssd/MedImages.jl/src/Utils.jl:1
in expression starting at /home/jm/project_ssd/MedImages.jl/src/MedImages.jl:1
in expression starting at stdin:4
ERROR: Failed to precompile MedImages [fbff095b-7891-4fc4-b5e5-3cd99b9dd225] to "/home/jm/.julia/compiled/v1.10/MedImages/jl_Y1RdEq".
Stacktrace:
  [1] error(s::String)
    @ Base ./error.jl:35
  [2] compilecache(pkg::Base.PkgId, path::String, internal_stderr::IO, internal_stdout::IO, keep_loaded_modules::Bool)
    @ Base ./loading.jl:2539
  [3] compilecache
    @ ./loading.jl:2411 [inlined]
  [4] (::Base.var"#971#972"{Base.PkgId})()
    @ Base ./loading.jl:2044
  [5] mkpidlock(f::Base.var"#971#972"{Base.PkgId}, at::String, pid::Int32; kwopts::@Kwargs{stale_age::Int64, wait::Bool})
    @ FileWatching.Pidfile ~/.julia/juliaup/julia-1.10.10+0.x64.linux.gnu/share/julia/stdlib/v1.10/FileWatching/src/pidfile.jl:93
  [6] #mkpidlock#6
    @ ~/.julia/juliaup/julia-1.10.10+0.x64.linux.gnu/share/julia/stdlib/v1.10/FileWatching/src/pidfile.jl:88 [inlined]
  [7] trymkpidlock(::Function, ::Vararg{Any}; kwargs::@Kwargs{stale_age::Int64})
    @ FileWatching.Pidfile ~/.julia/juliaup/julia-1.10.10+0.x64.linux.gnu/share/julia/stdlib/v1.10/FileWatching/src/pidfile.jl:111
  [8] #invokelatest#2
    @ ./essentials.jl:894 [inlined]
  [9] invokelatest
    @ ./essentials.jl:889 [inlined]
 [10] maybe_cachefile_lock(f::Base.var"#971#972"{Base.PkgId}, pkg::Base.PkgId, srcpath::String; stale_age::Int64)
    @ Base ./loading.jl:3054
 [11] maybe_cachefile_lock
    @ ./loading.jl:3051 [inlined]
 [12] _require(pkg::Base.PkgId, env::String)
    @ Base ./loading.jl:2040
 [13] __require_prelocked(uuidkey::Base.PkgId, env::String)
    @ Base ./loading.jl:1882
 [14] #invoke_in_world#3
    @ ./essentials.jl:926 [inlined]
 [15] invoke_in_world
    @ ./essentials.jl:923 [inlined]
 [16] _require_prelocked(uuidkey::Base.PkgId, env::String)
    @ Base ./loading.jl:1873
 [17] macro expansion
    @ ./loading.jl:1860 [inlined]
 [18] macro expansion
    @ ./lock.jl:267 [inlined]
 [19] __require(into::Module, mod::Symbol)
    @ Base ./loading.jl:1823
 [20] #invoke_in_world#3
    @ ./essentials.jl:926 [inlined]
 [21] invoke_in_world
    @ ./essentials.jl:923 [inlined]
 [22] require(into::Module, mod::Symbol)
    @ Base ./loading.jl:1816
