   Resolving package versions...
  No Changes to `/app/docs/Project.toml`
  No Changes to `/app/docs/Manifest.toml`
Precompiling packages...
┌ Warning: attempting to remove probably stale pidfile
│   path = "/home/jules/.julia/compiled/v1.10/FluxEnzymeExt/6YRbT_yFV3g.ji.pidfile"
└ @ FileWatching.Pidfile ~/.julia/juliaup/julia-1.10.10+0.x64.linux.gnu/share/julia/stdlib/v1.10/FileWatching/src/pidfile.jl:244
  25501.3 ms  ✓ Flux → FluxEnzymeExt
           ✗ MedImages
  1 dependency successfully precompiled in 63 seconds. 332 already precompiled.

The following 1 direct dependency failed to precompile:

MedImages

Failed to precompile MedImages [fbff095b-7891-4fc4-b5e5-3cd99b9dd225] to "/home/jules/.julia/compiled/v1.10/MedImages/jl_JnADxy".
ERROR: LoadError: ArgumentError: Package MedImages does not have ITKIOWrapper in its dependencies:
- You may have a partially installed environment. Try `Pkg.instantiate()`
  to ensure all packages in the environment are installed.
- Or, if you have MedImages checked out for development and have
  added ITKIOWrapper as a dependency but haven't updated your primary
  environment's manifest file, try `Pkg.resolve()`.
- Otherwise you may need to report an issue with MedImages
Stacktrace:
  [1] macro expansion
    @ ./loading.jl:1846 [inlined]
  [2] macro expansion
    @ ./lock.jl:267 [inlined]
  [3] __require(into::Module, mod::Symbol)
    @ Base ./loading.jl:1823
  [4] #invoke_in_world#3
    @ ./essentials.jl:926 [inlined]
  [5] invoke_in_world
    @ ./essentials.jl:923 [inlined]
  [6] require(into::Module, mod::Symbol)
    @ Base ./loading.jl:1816
  [7] include(mod::Module, _path::String)
    @ Base ./Base.jl:495
  [8] include(x::String)
    @ MedImages /app/src/MedImages.jl:1
  [9] top-level scope
    @ /app/src/MedImages.jl:35
 [10] include
    @ ./Base.jl:495 [inlined]
 [11] include_package_for_output(pkg::Base.PkgId, input::String, depot_path::Vector{String}, dl_load_path::Vector{String}, load_path::Vector{String}, concrete_deps::Vector{Pair{Base.PkgId, UInt128}}, source::Nothing)
    @ Base ./loading.jl:2292
 [12] top-level scope
    @ stdin:4
in expression starting at /app/src/Load_and_save.jl:2
in expression starting at /app/src/MedImages.jl:1
in expression starting at stdin: