┌ Warning: CHOLMOD version incompatibility
│ 
│ Julia was compiled with CHOLMOD version 4.0.4. It is
│ currently linked with version 5.3.1.
│ This might cause Julia to terminate when working with
│ sparse matrix factorizations, e.g. solving systems of
│ equations with \.
│ 
│ It is recommended that you use Julia with the same major
│ version of CHOLMOD as the one used during the build, or
│ download the generic binaries from www.julialang.org,
│ which ship with the correct versions of all dependencies.
└ @ SparseArrays.CHOLMOD ~/miniforge/envs/sciml_env/share/julia/stdlib/v1.10/SparseArrays/src/solvers/cholmod.jl:206
┌ Warning: CHOLMOD version incompatibility
│ 
│ Julia was compiled with CHOLMOD version 4.0.4. It is
│ currently linked with version 5.3.1.
│ This might cause Julia to terminate when working with
│ sparse matrix factorizations, e.g. solving systems of
│ equations with \.
│ 
│ It is recommended that you use Julia with the same major
│ version of CHOLMOD as the one used during the build, or
│ download the generic binaries from www.julialang.org,
│ which ship with the correct versions of all dependencies.
└ @ SparseArrays.CHOLMOD ~/miniforge/envs/sciml_env/share/julia/stdlib/v1.10/SparseArrays/src/solvers/cholmod.jl:206
┌ Warning: Module CUDA with build ID ffffffff-ffff-ffff-0010-e99228a732e3 is missing from the cache.
│ This may mean CUDA [052768ef-5323-5732-b1bb-66c8b64840ba] does not support precompilation but is imported by a module that does.
└ @ Base loading.jl:1948
┌ Error: Error during loading of extension AtomixCUDAExt of Atomix, use `Base.retry_load_extensions()` to retry.
│   exception =
│    1-element ExceptionStack:
│    Declaring __precompile__(false) is not allowed in files that are being precompiled.
│    Stacktrace:
│      [1] _require(pkg::Base.PkgId, env::Nothing)
│        @ Base ./loading.jl:1999
│      [2] __require_prelocked(uuidkey::Base.PkgId, env::Nothing)
│        @ Base ./loading.jl:1812
│      [3] #invoke_in_world#3
│        @ ./essentials.jl:926 [inlined]
│      [4] invoke_in_world
│        @ ./essentials.jl:923 [inlined]
│      [5] _require_prelocked
│        @ ./loading.jl:1803 [inlined]
│      [6] _require_prelocked
│        @ ./loading.jl:1802 [inlined]
│      [7] run_extension_callbacks(extid::Base.ExtensionId)
│        @ Base ./loading.jl:1295
│      [8] run_extension_callbacks(pkgid::Base.PkgId)
│        @ Base ./loading.jl:1330
│      [9] run_package_callbacks(modkey::Base.PkgId)
│        @ Base ./loading.jl:1164
│     [10] _tryrequire_from_serialized(modkey::Base.PkgId, build_id::UInt128)
│        @ Base ./loading.jl:1451
│     [11] _tryrequire_from_serialized(pkg::Base.PkgId, path::String, ocachepath::String)
│        @ Base ./loading.jl:1524
│     [12] _require(pkg::Base.PkgId, env::String)
│        @ Base ./loading.jl:1990
│     [13] __require_prelocked(uuidkey::Base.PkgId, env::String)
│        @ Base ./loading.jl:1812
│     [14] #invoke_in_world#3
│        @ ./essentials.jl:926 [inlined]
│     [15] invoke_in_world
│        @ ./essentials.jl:923 [inlined]
│     [16] _require_prelocked(uuidkey::Base.PkgId, env::String)
│        @ Base ./loading.jl:1803
│     [17] macro expansion
│        @ ./loading.jl:1790 [inlined]
│     [18] macro expansion
│        @ ./lock.jl:267 [inlined]
│     [19] __require(into::Module, mod::Symbol)
│        @ Base ./loading.jl:1753
│     [20] #invoke_in_world#3
│        @ ./essentials.jl:926 [inlined]
│     [21] invoke_in_world
│        @ ./essentials.jl:923 [inlined]
│     [22] require(into::Module, mod::Symbol)
│        @ Base ./loading.jl:1746
│     [23] include
│        @ ./Base.jl:495 [inlined]
│     [24] include_package_for_output(pkg::Base.PkgId, input::String, depot_path::Vector{String}, dl_load_path::Vector{String}, load_path::Vector{String}, concrete_deps::Vector{Pair{Base.PkgId, UInt128}}, source::String)
│        @ Base ./loading.jl:2222
│     [25] top-level scope
│        @ stdin:3
│     [26] eval
│        @ ./boot.jl:385 [inlined]
│     [27] include_string(mapexpr::typeof(identity), mod::Module, code::String, filename::String)
│        @ Base ./loading.jl:2076
│     [28] include_string
│        @ ./loading.jl:2086 [inlined]
│     [29] exec_options(opts::Base.JLOptions)
│        @ Base ./client.jl:316
│     [30] _start()
│        @ Base ./client.jl:552
└ @ Base loading.jl:1301
┌ Warning: CHOLMOD version incompatibility
│ 
│ Julia was compiled with CHOLMOD version 4.0.4. It is
│ currently linked with version 5.3.1.
│ This might cause Julia to terminate when working with
│ sparse matrix factorizations, e.g. solving systems of
│ equations with \.
│ 
│ It is recommended that you use Julia with the same major
│ version of CHOLMOD as the one used during the build, or
│ download the generic binaries from www.julialang.org,
│ which ship with the correct versions of all dependencies.
└ @ SparseArrays.CHOLMOD ~/miniforge/envs/sciml_env/share/julia/stdlib/v1.10/SparseArrays/src/solvers/cholmod.jl:206
┌ Warning: CHOLMOD version incompatibility
│ 
│ Julia was compiled with CHOLMOD version 4.0.4. It is
│ currently linked with version 5.3.1.
│ This might cause Julia to terminate when working with
│ sparse matrix factorizations, e.g. solving systems of
│ equations with \.
│ 
│ It is recommended that you use Julia with the same major
│ version of CHOLMOD as the one used during the build, or
│ download the generic binaries from www.julialang.org,
│ which ship with the correct versions of all dependencies.
└ @ SparseArrays.CHOLMOD ~/miniforge/envs/sciml_env/share/julia/stdlib/v1.10/SparseArrays/src/solvers/cholmod.jl:206
┌ Warning: You are using a non-official build of Julia. This may cause issues with CUDA.jl.
│ Please consider using an official build from https://julialang.org/downloads/.
└ @ CUDA ~/miniforge/envs/sciml_env/share/julia/packages/CUDA/FJf6p/src/initialization.jl:170
┌ Warning: CHOLMOD version incompatibility
│ 
│ Julia was compiled with CHOLMOD version 4.0.4. It is
│ currently linked with version 5.3.1.
│ This might cause Julia to terminate when working with
│ sparse matrix factorizations, e.g. solving systems of
│ equations with \.
│ 
│ It is recommended that you use Julia with the same major
│ version of CHOLMOD as the one used during the build, or
│ download the generic binaries from www.julialang.org,
│ which ship with the correct versions of all dependencies.
└ @ SparseArrays.CHOLMOD ~/miniforge/envs/sciml_env/share/julia/stdlib/v1.10/SparseArrays/src/solvers/cholmod.jl:206
┌ Warning: You are using a non-official build of Julia. This may cause issues with CUDA.jl.
│ Please consider using an official build from https://julialang.org/downloads/.
└ @ CUDA ~/miniforge/envs/sciml_env/share/julia/packages/CUDA/FJf6p/src/initialization.jl:170
┌ Warning: CHOLMOD version incompatibility
│ 
│ Julia was compiled with CHOLMOD version 4.0.4. It is
│ currently linked with version 5.3.1.
│ This might cause Julia to terminate when working with
│ sparse matrix factorizations, e.g. solving systems of
│ equations with \.
│ 
│ It is recommended that you use Julia with the same major
│ version of CHOLMOD as the one used during the build, or
│ download the generic binaries from www.julialang.org,
│ which ship with the correct versions of all dependencies.
└ @ SparseArrays.CHOLMOD ~/miniforge/envs/sciml_env/share/julia/stdlib/v1.10/SparseArrays/src/solvers/cholmod.jl:206
┌ Warning: You are using a non-official build of Julia. This may cause issues with CUDA.jl.
│ Please consider using an official build from https://julialang.org/downloads/.
└ @ CUDA ~/miniforge/envs/sciml_env/share/julia/packages/CUDA/FJf6p/src/initialization.jl:170
┌ Warning: CHOLMOD version incompatibility
│ 
│ Julia was compiled with CHOLMOD version 4.0.4. It is
│ currently linked with version 5.3.1.
│ This might cause Julia to terminate when working with
│ sparse matrix factorizations, e.g. solving systems of
│ equations with \.
│ 
│ It is recommended that you use Julia with the same major
│ version of CHOLMOD as the one used during the build, or
│ download the generic binaries from www.julialang.org,
│ which ship with the correct versions of all dependencies.
└ @ SparseArrays.CHOLMOD ~/miniforge/envs/sciml_env/share/julia/stdlib/v1.10/SparseArrays/src/solvers/cholmod.jl:206
┌ Error: /user/joanna.wybranska/u10867/.conda/envs/julia_registration_env/bin/../lib/libmpi.so could not be loaded, see error message below.
│ Use `MPIPreferences.use_system_binary` or `MPIPreferences.use_jll_binary` to reconfigure the package and then restart Julia.
│   error =
│    could not load library "/user/joanna.wybranska/u10867/.conda/envs/julia_registration_env/bin/../lib/libmpi.so"
│    /user/joanna.wybranska/u10867/.conda/envs/julia_registration_env/bin/../lib/libmpi.so: cannot open shared object file: No such file or directory
└ @ MPIPreferences.System ~/.julia/packages/MPIPreferences/wIB4a/src/system.jl:23
┌ Warning: You are using a non-official build of Julia. This may cause issues with CUDA.jl.
│ Please consider using an official build from https://julialang.org/downloads/.
└ @ CUDA ~/miniforge/envs/sciml_env/share/julia/packages/CUDA/FJf6p/src/initialization.jl:170
Creating image with direct utility function...
Data size: 78643200
Dimensions: 512x512x300
Image created and saved successfully
Creating image with direct utility function...
Data size: 78643200
Dimensions: 512x512x300
Image created and saved successfully
Creating image with direct utility function...
Data size: 78643200
Dimensions: 512x512x300
Image created and saved successfully
Creating image with direct utility function...
Data size: 78643200
Dimensions: 512x512x300
Image created and saved successfully
Creating image with direct utility function...
Data size: 78643200
Dimensions: 512x512x300
Image created and saved successfully
Creating image with direct utility function...
Data size: 78643200
Dimensions: 512x512x300
Image created and saved successfully
Creating image with direct utility function...
Data size: 78643200
Dimensions: 512x512x300
Image created and saved successfully
Creating image with direct utility function...
Data size: 78643200
Dimensions: 512x512x300
Image created and saved successfully
Creating image with direct utility function...
Data size: 78643200
Dimensions: 512x512x300
Image created and saved successfully
Creating image with direct utility function...
Data size: 78643200
Dimensions: 512x512x300
Image created and saved successfully
Creating image with direct utility function...
Data size: 78643200
Dimensions: 512x512x300
Image created and saved successfully
Creating image with direct utility function...
Data size: 78643200
Dimensions: 512x512x300
Image created and saved successfully
Creating image with direct utility function...
Data size: 78643200
Dimensions: 512x512x300
Image created and saved successfully
Creating image with direct utility function...
Data size: 78643200
Dimensions: 512x512x300
Image created and saved successfully
  Activating project at `~/MedImages.jl`
┌ Warning: Circular dependency detected. Precompilation will be skipped for:
│   ChainRulesCoreExt [8ccf546c-b5ad-5491-b9b6-b62e2a4db961]
│   GPUArraysSparseArraysExt [555d850b-e4ac-5d9d-bfa0-17bb432b4efb]
│   ChainRules [082447d4-558c-5d27-93f4-14fc19e9eca2]
│   SpecialFunctionsExt [1285c0f1-ff9f-5867-b66e-0f359bcf09ba]
│   FluxMPIExt [79dd983f-5665-5563-ae05-3cab8fab9028]
│   ComponentArraysExt [71eeaaa2-a698-5b09-840f-ecf38409e9a6]
│   StaticArrayInterface [0d7ed370-da01-4f52-bd93-41d350b8b718]
│   ComponentArrays [b0b7db55-cfe3-40fc-9ded-d10e2dbeff66]
│   GPUArrays [0c68f7d7-f131-5f86-a1c3-88cf8149b2d7]
│   FluxCUDAcuDNNExt [a1ab010e-6f71-51d6-acc8-fb8bfa4c0f92]
│   KernelAbstractions [63c18a36-062a-441e-b654-da1e3ab1ce7c]
│   EnzymeExt [581baccc-15ba-5e95-98da-6f157893efaf]
│   ZygoteExt [3f48baa7-5843-56cc-8004-b8b725de387b]
│   FluxCUDAExt [dd41ee52-2073-581e-92e8-26baf003f19a]
│   MLUtilsExt [5e1fd73c-d1df-5b04-a844-08cc9c579aab]
│   MPIExt [be5fc41a-0812-56d6-a320-81b94f771e68]
│   cuDNNExt [7bbd2ad5-5ae6-5484-820f-8570d3a216f7]
│   MLDataDevicesExt [29385a29-24a8-5b0a-9a3b-dee3d043232d]
│   CUDAExt [9e0aca61-9665-56cf-9642-d947ef6fc392]
│   StructArraysAdaptExt [f04e5bcb-ab32-5a64-8b64-c2cc4abec66e]
│   ArrayInterfaceCUDAExt [f78586ac-ba87-5ec7-b3a5-84bc1b258ee3]
│   OneHotArrays [0b1bfda6-eb8a-41d2-88d8-f5af5cad476f]
│   EnzymeExt [e313a9a4-0723-5d2b-a457-c2fc3b4602bb]
│   ForwardDiffExt [c91426f4-7861-5196-9c44-7b937c24c440]
│   MLUtilsExt [447e3217-c189-5fc4-9e2b-3bc546fe18f7]
│   LuxCUDA [d0bbae9a-e099-4d5b-a835-1c6931763bda]
│   FluxEnzymeExt [b638a555-8f07-5bb7-814d-c429cc18ac6b]
│   cuDNN [02a925ec-e4fe-4b08-9a7e-0d78e3d38ccd]
│   CUDAExt [0d0e9cde-cfc5-56bb-a277-295c1cc0b950]
│   ComponentArraysGPUArraysExt [9a6daffa-3352-5563-953a-3fb952178ca8]
│   ComponentArraysOptimisersExt [69ff9dc5-f245-5f9a-aa14-ed74a9cec1e3]
│   NNlibEnzymeCoreExt [c8a29c40-e0ac-5e6e-8984-8da3115ac879]
│   NNlibSpecialFunctionsExt [ca12507f-4cf6-5922-b1f9-e0da61ef4aa8]
│   ComponentArraysExt [94ac7b7b-795a-523a-bd53-a5e5490be248]
│   StructArraysSparseArraysExt [d5b9410b-929f-5d61-aab8-0598522fd334]
│   CUDAForwardDiffExt [dc5d30e2-4f8d-51b2-b0ae-3c49f878e242]
│   Flux [587475ba-b771-5e3f-ad9e-33799f191a9c]
│   CUDA [052768ef-5323-5732-b1bb-66c8b64840ba]
│   StructArraysStaticArraysExt [d1e1e8be-46cf-5459-abb8-be6c7518b661]
│   ZygoteExt [b8d5cfce-b3cf-5145-8195-9a5ca6d51e74]
│   SparseArraysExt [85068d23-b5fb-53f1-8204-05c2aba6942f]
│   StructArraysGPUArraysCoreExt [cbbf52aa-d660-55d4-8a5a-33845bbaa85d]
│   AtomixCUDAExt [13011619-4c7c-5ef0-948f-5fc81565cd05]
│   CUDAExt [11b7e2e0-d079-575b-885e-0ab22ef3252c]
│   FluxExt [0fb19202-9d0c-5029-9bb1-961b9add5c0f]
│   LinearAlgebraExt [66d79d19-2cc4-5b0b-ac7a-b340256d1ecd]
│   ZygoteColorsExt [e68c091a-8ea5-5ca7-be4f-380657d4ad79]
│   NNlibCUDAExt [8a688d86-d2bc-5ad3-8ed1-384f9f2c8cc5]
│   EnzymeExt [6425d1ab-ad86-5f6e-82f1-f5118e0dc800]
│   OneHotArraysExt [48215bd6-5da8-50ad-84f7-db45ab33cd27]
│   ChainRulesExt [f152a86e-e60b-5ef3-ac8e-cdcef9fc354e]
│   NNlibCUDACUDNNExt [ab3ce674-22af-5de9-b6c7-795b17302dcb]
│   FluxFiniteDifferencesExt [43d9849d-736f-575e-bb0b-d32bec2d27fa]
│   LuxLib [82251201-b29d-42c6-8e01-566dec8acb11]
│   ArrayInterfaceChainRulesCoreExt [eb83e881-a866-5cf1-975c-edd1d5b6a108]
│   OneHotArraysExt [843a9d76-88bf-51f8-b7e4-e34d0b11c080]
│   ArrayInterfaceStaticArraysCoreExt [48797bb2-d098-51e0-906f-70266c2e01ac]
│   ChainRulesCoreExt [eae2faf6-b232-58cb-a410-7764fda2830c]
│   NNlib [872c559c-99b0-510c-b3b7-b6c96a88d5cd]
│   CUDAExt [8d20f71a-eaa5-5402-8cb1-1e6062ff668e]
│   StructArraysLinearAlgebraExt [084ded39-0575-5459-ba0f-7a4568fdaad8]
│   Lux [b2108857-7c20-44ae-9111-449ecde12c47]
│   ComponentArraysZygoteExt [3acbf79e-e1c1-58d9-9a19-e1c5cc2c64d6]
│   StaticArrayInterfaceStaticArraysExt [06b0261c-7a9b-5753-9bdf-fd6840237b4a]
│   GPUArraysExt [d46355a1-b099-5f8f-b471-85d4a6fc4f8d]
│   GPUArraysExt [027ed672-b986-5df3-8c0f-72687092ffd9]
│   StaticArrayInterfaceOffsetArraysExt [a8fab69c-de6f-5f74-aba3-bef19c2d033f]
│   ComponentArraysKernelAbstractionsExt [822c09ce-5cab-5e86-b03b-60b2f7596a18]
│   EnzymeCoreExt [c3ed20f3-746d-5a71-99a7-df1cca8c2b90]
│   NNlibForwardDiffExt [e8958739-db86-5f80-9e4c-f7c96aa15038]
│   FluxExt [efdd9d81-d575-5575-aba4-25aacf97df01]
│   cuDNNExt [7e055bff-62fb-5a05-a830-c2878efb2173]
│   ChainRulesCoreExt [961e4994-6beb-54af-ba9d-95fe34ee2dbb]
│   MedImages [fbff095b-7891-4fc4-b5e5-3cd99b9dd225]
│   ArrayInterfaceChainRulesExt [8673388c-2cec-59d7-825e-32163c06c3e1]
│   Zygote [e88e6eb3-aa80-5325-afca-941959d7151f]
│   MLUtils [f1d291b0-491e-4a28-83b9-f70985020b54]
└ @ Pkg.API ~/miniforge/envs/sciml_env/share/julia/stdlib/v1.10/Pkg/src/API.jl:1239
┌ Warning: CHOLMOD version incompatibility
│ 
│ Julia was compiled with CHOLMOD version 4.0.4. It is
│ currently linked with version 5.3.1.
│ This might cause Julia to terminate when working with
│ sparse matrix factorizations, e.g. solving systems of
│ equations with \.
│ 
│ It is recommended that you use Julia with the same major
│ version of CHOLMOD as the one used during the build, or
│ download the generic binaries from www.julialang.org,
│ which ship with the correct versions of all dependencies.
└ @ SparseArrays.CHOLMOD ~/miniforge/envs/sciml_env/share/julia/stdlib/v1.10/SparseArrays/src/solvers/cholmod.jl:206
┌ Error: /user/joanna.wybranska/u10867/.conda/envs/julia_registration_env/bin/../lib/libmpi.so could not be loaded, see error message below.
│ Use `MPIPreferences.use_system_binary` or `MPIPreferences.use_jll_binary` to reconfigure the package and then restart Julia.
│   error =
│    could not load library "/user/joanna.wybranska/u10867/.conda/envs/julia_registration_env/bin/../lib/libmpi.so"
│    /user/joanna.wybranska/u10867/.conda/envs/julia_registration_env/bin/../lib/libmpi.so: cannot open shared object file: No such file or directory
└ @ MPIPreferences.System ~/.julia/packages/MPIPreferences/wIB4a/src/system.jl:23
┌ Warning: You are using a non-official build of Julia. This may cause issues with CUDA.jl.
│ Please consider using an official build from https://julialang.org/downloads/.
└ @ CUDA ~/miniforge/envs/sciml_env/share/julia/packages/CUDA/FJf6p/src/initialization.jl:170
┌ Warning: Could not extract DICOM metadata using pydicom: PyError (PyImport_ImportModule
│ 
│ The Python package pydicom could not be imported by pyimport. Usually this means
│ that you did not install pydicom in the Python version being used by PyCall.
│ 
│ PyCall is currently configured to use the Julia-specific Python distribution
│ installed by the Conda.jl package.  To install the pydicom module, you can
│ use `pyimport_conda("pydicom", PKG)`, where PKG is the Anaconda
│ package that contains the module pydicom, or alternatively you can use the
│ Conda package directly (via `using Conda` followed by `Conda.add` etcetera).
│ 
│ Alternatively, if you want to use a different Python distribution on your
│ system, such as a system-wide Python (as opposed to the Julia-specific Python),
│ you can re-configure PyCall with that Python.   As explained in the PyCall
│ documentation, set ENV["PYTHON"] to the path/name of the python executable
│ you want to use, run Pkg.build("PyCall"), and re-launch Julia.
│ 
│ ) <class 'ModuleNotFoundError'>
│ ModuleNotFoundError("No module named 'pydicom'")
└ @ MedImages.Load_and_save ~/MedImages.jl/src/Load_and_save.jl:207
┌ Warning: Could not extract DICOM metadata using pydicom: PyError (PyImport_ImportModule
│ 
│ The Python package pydicom could not be imported by pyimport. Usually this means
│ that you did not install pydicom in the Python version being used by PyCall.
│ 
│ PyCall is currently configured to use the Julia-specific Python distribution
│ installed by the Conda.jl package.  To install the pydicom module, you can
│ use `pyimport_conda("pydicom", PKG)`, where PKG is the Anaconda
│ package that contains the module pydicom, or alternatively you can use the
│ Conda package directly (via `using Conda` followed by `Conda.add` etcetera).
│ 
│ Alternatively, if you want to use a different Python distribution on your
│ system, such as a system-wide Python (as opposed to the Julia-specific Python),
│ you can re-configure PyCall with that Python.   As explained in the PyCall
│ documentation, set ENV["PYTHON"] to the path/name of the python executable
│ you want to use, run Pkg.build("PyCall"), and re-launch Julia.
│ 
│ ) <class 'ModuleNotFoundError'>
│ ModuleNotFoundError("No module named 'pydicom'")
└ @ MedImages.Load_and_save ~/MedImages.jl/src/Load_and_save.jl:207
┌ Warning: Could not extract DICOM metadata using pydicom: PyError (PyImport_ImportModule
│ 
│ The Python package pydicom could not be imported by pyimport. Usually this means
│ that you did not install pydicom in the Python version being used by PyCall.
│ 
│ PyCall is currently configured to use the Julia-specific Python distribution
│ installed by the Conda.jl package.  To install the pydicom module, you can
│ use `pyimport_conda("pydicom", PKG)`, where PKG is the Anaconda
│ package that contains the module pydicom, or alternatively you can use the
│ Conda package directly (via `using Conda` followed by `Conda.add` etcetera).
│ 
│ Alternatively, if you want to use a different Python distribution on your
│ system, such as a system-wide Python (as opposed to the Julia-specific Python),
│ you can re-configure PyCall with that Python.   As explained in the PyCall
│ documentation, set ENV["PYTHON"] to the path/name of the python executable
│ you want to use, run Pkg.build("PyCall"), and re-launch Julia.
│ 
│ ) <class 'ModuleNotFoundError'>
│ ModuleNotFoundError("No module named 'pydicom'")
└ @ MedImages.Load_and_save ~/MedImages.jl/src/Load_and_save.jl:207
┌ Warning: Could not extract DICOM metadata using pydicom: PyError (PyImport_ImportModule
│ 
│ The Python package pydicom could not be imported by pyimport. Usually this means
│ that you did not install pydicom in the Python version being used by PyCall.
│ 
│ PyCall is currently configured to use the Julia-specific Python distribution
│ installed by the Conda.jl package.  To install the pydicom module, you can
│ use `pyimport_conda("pydicom", PKG)`, where PKG is the Anaconda
│ package that contains the module pydicom, or alternatively you can use the
│ Conda package directly (via `using Conda` followed by `Conda.add` etcetera).
│ 
│ Alternatively, if you want to use a different Python distribution on your
│ system, such as a system-wide Python (as opposed to the Julia-specific Python),
│ you can re-configure PyCall with that Python.   As explained in the PyCall
│ documentation, set ENV["PYTHON"] to the path/name of the python executable
│ you want to use, run Pkg.build("PyCall"), and re-launch Julia.
│ 
│ ) <class 'ModuleNotFoundError'>
│ ModuleNotFoundError("No module named 'pydicom'")
└ @ MedImages.Load_and_save ~/MedImages.jl/src/Load_and_save.jl:207
┌ Warning: Could not extract DICOM metadata using pydicom: PyError (PyImport_ImportModule
│ 
│ The Python package pydicom could not be imported by pyimport. Usually this means
│ that you did not install pydicom in the Python version being used by PyCall.
│ 
│ PyCall is currently configured to use the Julia-specific Python distribution
│ installed by the Conda.jl package.  To install the pydicom module, you can
│ use `pyimport_conda("pydicom", PKG)`, where PKG is the Anaconda
│ package that contains the module pydicom, or alternatively you can use the
│ Conda package directly (via `using Conda` followed by `Conda.add` etcetera).
│ 
│ Alternatively, if you want to use a different Python distribution on your
│ system, such as a system-wide Python (as opposed to the Julia-specific Python),
│ you can re-configure PyCall with that Python.   As explained in the PyCall
│ documentation, set ENV["PYTHON"] to the path/name of the python executable
│ you want to use, run Pkg.build("PyCall"), and re-launch Julia.
│ 
│ ) <class 'ModuleNotFoundError'>
│ ModuleNotFoundError("No module named 'pydicom'")
└ @ MedImages.Load_and_save ~/MedImages.jl/src/Load_and_save.jl:207
┌ Warning: Could not extract DICOM metadata using pydicom: PyError (PyImport_ImportModule
│ 
│ The Python package pydicom could not be imported by pyimport. Usually this means
│ that you did not install pydicom in the Python version being used by PyCall.
│ 
│ PyCall is currently configured to use the Julia-specific Python distribution
│ installed by the Conda.jl package.  To install the pydicom module, you can
│ use `pyimport_conda("pydicom", PKG)`, where PKG is the Anaconda
│ package that contains the module pydicom, or alternatively you can use the
│ Conda package directly (via `using Conda` followed by `Conda.add` etcetera).
│ 
│ Alternatively, if you want to use a different Python distribution on your
│ system, such as a system-wide Python (as opposed to the Julia-specific Python),
│ you can re-configure PyCall with that Python.   As explained in the PyCall
│ documentation, set ENV["PYTHON"] to the path/name of the python executable
│ you want to use, run Pkg.build("PyCall"), and re-launch Julia.
│ 
│ ) <class 'ModuleNotFoundError'>
│ ModuleNotFoundError("No module named 'pydicom'")
└ @ MedImages.Load_and_save ~/MedImages.jl/src/Load_and_save.jl:207
┌ Warning: Could not extract DICOM metadata using pydicom: PyError (PyImport_ImportModule
│ 
│ The Python package pydicom could not be imported by pyimport. Usually this means
│ that you did not install pydicom in the Python version being used by PyCall.
│ 
│ PyCall is currently configured to use the Julia-specific Python distribution
│ installed by the Conda.jl package.  To install the pydicom module, you can
│ use `pyimport_conda("pydicom", PKG)`, where PKG is the Anaconda
│ package that contains the module pydicom, or alternatively you can use the
│ Conda package directly (via `using Conda` followed by `Conda.add` etcetera).
│ 
│ Alternatively, if you want to use a different Python distribution on your
│ system, such as a system-wide Python (as opposed to the Julia-specific Python),
│ you can re-configure PyCall with that Python.   As explained in the PyCall
│ documentation, set ENV["PYTHON"] to the path/name of the python executable
│ you want to use, run Pkg.build("PyCall"), and re-launch Julia.
│ 
│ ) <class 'ModuleNotFoundError'>
│ ModuleNotFoundError("No module named 'pydicom'")
└ @ MedImages.Load_and_save ~/MedImages.jl/src/Load_and_save.jl:207
┌ Warning: Could not extract DICOM metadata using pydicom: PyError (PyImport_ImportModule
│ 
│ The Python package pydicom could not be imported by pyimport. Usually this means
│ that you did not install pydicom in the Python version being used by PyCall.
│ 
│ PyCall is currently configured to use the Julia-specific Python distribution
│ installed by the Conda.jl package.  To install the pydicom module, you can
│ use `pyimport_conda("pydicom", PKG)`, where PKG is the Anaconda
│ package that contains the module pydicom, or alternatively you can use the
│ Conda package directly (via `using Conda` followed by `Conda.add` etcetera).
│ 
│ Alternatively, if you want to use a different Python distribution on your
│ system, such as a system-wide Python (as opposed to the Julia-specific Python),
│ you can re-configure PyCall with that Python.   As explained in the PyCall
│ documentation, set ENV["PYTHON"] to the path/name of the python executable
│ you want to use, run Pkg.build("PyCall"), and re-launch Julia.
│ 
│ ) <class 'ModuleNotFoundError'>
│ ModuleNotFoundError("No module named 'pydicom'")
└ @ MedImages.Load_and_save ~/MedImages.jl/src/Load_and_save.jl:207
Processing /home/user/MedImages.jl/test_data/doses/Dosemap.nii.gz
Saving image from voxel data and metadata
Data shape: (512, 512, 300)
Metadata size: (512, 512, 300)
Data length: 78643200
Expected size: 78643200
Saving image from voxel data and metadata
Data shape: (512, 512, 300)
Metadata size: (512, 512, 300)
Data length: 78643200
Expected size: 78643200
Processing /home/user/MedImages.jl/test_data/doses/NM_Vendor.nii.gz
Saving image from voxel data and metadata
Data shape: (512, 512, 300)
Metadata size: (512, 512, 300)
Data length: 78643200
Expected size: 78643200
Saving image from voxel data and metadata
Data shape: (512, 512, 300)
Metadata size: (512, 512, 300)
Data length: 78643200
Expected size: 78643200
Processing /home/user/MedImages.jl/test_data/doses/SPECT_Recon_WholeBody.nii.gz
Saving image from voxel data and metadata
Data shape: (512, 512, 300)
Metadata size: (512, 512, 300)
Data length: 78643200
Expected size: 78643200
Saving image from voxel data and metadata
Data shape: (512, 512, 300)
Metadata size: (512, 512, 300)
Data length: 78643200
Expected size: 78643200
Processing /home/user/MedImages.jl/test_data/doses/dosemap_Lu177_v2.nii.gz
Saving image from voxel data and metadata
Data shape: (512, 512, 300)
Metadata size: (512, 512, 300)
Data length: 78643200
Expected size: 78643200
Saving image from voxel data and metadata
Data shape: (512, 512, 300)
Metadata size: (512, 512, 300)
Data length: 78643200
Expected size: 78643200
Processing /home/user/MedImages.jl/test_data/doses/dosemap_Lu177_v2_smoothed12mm.nii.gz
Saving image from voxel data and metadata
Data shape: (512, 512, 300)
Metadata size: (512, 512, 300)
Data length: 78643200
Expected size: 78643200
Saving image from voxel data and metadata
Data shape: (512, 512, 300)
Metadata size: (512, 512, 300)
Data length: 78643200
Expected size: 78643200
Processing /home/user/MedImages.jl/test_data/doses/liver_seg/liver.nii.gz
Saving image from voxel data and metadata
Data shape: (512, 512, 300)
Metadata size: (512, 512, 300)
Data length: 78643200
Expected size: 78643200
Saving image from voxel data and metadata
Data shape: (512, 512, 300)
Metadata size: (512, 512, 300)
Data length: 78643200
Expected size: 78643200
Processing /home/user/MedImages.jl/test_data/doses/CT.nii.gz
Saving image from voxel data and metadata
Data shape: (512, 512, 300)
Metadata size: (512, 512, 300)
Data length: 78643200
Expected size: 78643200
Saving image from voxel data and metadata
Data shape: (512, 512, 300)
Metadata size: (512, 512, 300)
Data length: 78643200
Expected size: 78643200
Done!
