  Activating project at `~/project_ssd/MedImages.jl`
┌ Warning: Verbosity toggle: init_NaN 
│  First function call produced NaNs. Exiting. Double check that none of the initial conditions, parameters, or timespan values are NaN.
└ @ OrdinaryDiffEqCore ~/.julia/packages/OrdinaryDiffEqCore/mNgXc/src/initdt.jl:166
┌ Warning: Verbosity toggle: init_NaN 
│  First function call produced NaNs. Exiting. Double check that none of the initial conditions, parameters, or timespan values are NaN.
└ @ OrdinaryDiffEqCore ~/.julia/packages/OrdinaryDiffEqCore/mNgXc/src/initdt.jl:166
┌ Warning: Verbosity toggle: init_NaN 
│  First function call produced NaNs. Exiting. Double check that none of the initial conditions, parameters, or timespan values are NaN.
└ @ OrdinaryDiffEqCore ~/.julia/packages/OrdinaryDiffEqCore/mNgXc/src/initdt.jl:166
┌ Warning: Verbosity toggle: init_NaN 
│  First function call produced NaNs. Exiting. Double check that none of the initial conditions, parameters, or timespan values are NaN.
└ @ OrdinaryDiffEqCore ~/.julia/packages/OrdinaryDiffEqCore/mNgXc/src/initdt.jl:166
┌ Warning: Verbosity toggle: init_NaN 
│  First function call produced NaNs. Exiting. Double check that none of the initial conditions, parameters, or timespan values are NaN.
└ @ OrdinaryDiffEqCore ~/.julia/packages/OrdinaryDiffEqCore/mNgXc/src/initdt.jl:166
┌ Warning: Verbosity toggle: init_NaN 
│  First function call produced NaNs. Exiting. Double check that none of the initial conditions, parameters, or timespan values are NaN.
└ @ OrdinaryDiffEqCore ~/.julia/packages/OrdinaryDiffEqCore/mNgXc/src/initdt.jl:166
Processing patient: test_data/dataset_Lu/FDM_DPI-2024-7-KRN_Lu177_PSMA__SPECT_Tc_0__Pat10
Building Optimization Problem via Optimization.jl and Zygote...
Loss: Inf
Loss: Inf
Loss: Inf
Loss: Inf
Loss: Inf
Loss: Inf
Finished native Lux network training loops. Final Loss: Inf
