
[1944947] signal (2): Interrupt
in expression starting at /home/jm/project_ssd/MedImages.jl/elsarticle/dosimetry/train_ude.jl:295
unknown function (ip: 0x7b341deac770)
unknown function (ip: 0x7b341dea00ab)
unknown function (ip: 0x7b341dea0806)
pthread_cond_wait at /lib/x86_64-linux-gnu/libc.so.6 (unknown line)
uv_cond_wait at /workspace/srcdir/libuv/src/unix/thread.c:883
ijl_task_get_next at /cache/build/builder-amdci5-7/julialang/julia-release-1-dot-10/src/partr.c:517
poptask at ./task.jl:999
wait at ./task.jl:1008
#wait#647 at ./condition.jl:130
wait at ./condition.jl:125 [inlined]
take! at /home/jm/.julia/packages/CUDA/724Sm/lib/cudadrv/synchronization.jl:53
synchronization_worker at /home/jm/.julia/packages/CUDA/724Sm/lib/cudadrv/synchronization.jl:119
unknown function (ip: 0x7b33135a6c68)
_jl_invoke at /cache/build/builder-amdci5-7/julialang/julia-release-1-dot-10/src/gf.c:2895 [inlined]
ijl_apply_generic at /cache/build/builder-amdci5-7/julialang/julia-release-1-dot-10/src/gf.c:3077
jlcapi_synchronization_worker_16445 at /home/jm/.julia/compiled/v1.10/CUDA/oWw5k_ICQXi.so (unknown line)
unknown function (ip: 0x7b341dea3d63)
unknown function (ip: 0x7b341df373fb)
unknown function (ip: (nil))
unknown function (ip: 0x7b341deac770)
unknown function (ip: 0x7b341dea00ab)
unknown function (ip: 0x7b341dea0806)
pthread_cond_wait at /lib/x86_64-linux-gnu/libc.so.6 (unknown line)
uv_cond_wait at /workspace/srcdir/libuv/src/unix/thread.c:883
ijl_task_get_next at /cache/build/builder-amdci5-7/julialang/julia-release-1-dot-10/src/partr.c:517
poptask at ./task.jl:999
wait at ./task.jl:1008
#wait#647 at ./condition.jl:130
wait at ./condition.jl:125 [inlined]
take! at /home/jm/.julia/packages/CUDA/724Sm/lib/cudadrv/synchronization.jl:53
synchronization_worker at /home/jm/.julia/packages/CUDA/724Sm/lib/cudadrv/synchronization.jl:119
unknown function (ip: 0x7b33135a6c68)
_jl_invoke at /cache/build/builder-amdci5-7/julialang/julia-release-1-dot-10/src/gf.c:2895 [inlined]
ijl_apply_generic at /cache/build/builder-amdci5-7/julialang/julia-release-1-dot-10/src/gf.c:3077
jlcapi_synchronization_worker_16445 at /home/jm/.julia/compiled/v1.10/CUDA/oWw5k_ICQXi.so (unknown line)
unknown function (ip: 0x7b341dea3d63)
unknown function (ip: 0x7b341df373fb)
unknown function (ip: (nil))
unknown function (ip: 0x7b341deac770)
unknown function (ip: 0x7b341dea00ab)
unknown function (ip: 0x7b341dea0806)
pthread_cond_wait at /lib/x86_64-linux-gnu/libc.so.6 (unknown line)
uv_cond_wait at /workspace/srcdir/libuv/src/unix/thread.c:883
ijl_task_get_next at /cache/build/builder-amdci5-7/julialang/julia-release-1-dot-10/src/partr.c:517
poptask at ./task.jl:999
wait at ./task.jl:1008
#wait#647 at ./condition.jl:130
wait at ./condition.jl:125 [inlined]
take! at /home/jm/.julia/packages/CUDA/724Sm/lib/cudadrv/synchronization.jl:53
synchronization_worker at /home/jm/.julia/packages/CUDA/724Sm/lib/cudadrv/synchronization.jl:119
unknown function (ip: 0x7b33135a6c68)
_jl_invoke at /cache/build/builder-amdci5-7/julialang/julia-release-1-dot-10/src/gf.c:2895 [inlined]
ijl_apply_generic at /cache/build/builder-amdci5-7/julialang/julia-release-1-dot-10/src/gf.c:3077
jlcapi_synchronization_worker_16445 at /home/jm/.julia/compiled/v1.10/CUDA/oWw5k_ICQXi.so (unknown line)
unknown function (ip: 0x7b341dea3d63)
unknown function (ip: 0x7b341df373fb)
unknown function (ip: (nil))
unknown function (ip: 0x7b341deac770)
unknown function (ip: 0x7b341dea00ab)
unknown function (ip: 0x7b341dea0806)
pthread_cond_wait at /lib/x86_64-linux-gnu/libc.so.6 (unknown line)
uv_cond_wait at /workspace/srcdir/libuv/src/unix/thread.c:883
ijl_task_get_next at /cache/build/builder-amdci5-7/julialang/julia-release-1-dot-10/src/partr.c:517
poptask at ./task.jl:999
wait at ./task.jl:1008
#wait#647 at ./condition.jl:130
wait at ./condition.jl:125 [inlined]
take! at /home/jm/.julia/packages/CUDA/724Sm/lib/cudadrv/synchronization.jl:53
synchronization_worker at /home/jm/.julia/packages/CUDA/724Sm/lib/cudadrv/synchronization.jl:119
unknown function (ip: 0x7b33135a6c68)
_jl_invoke at /cache/build/builder-amdci5-7/julialang/julia-release-1-dot-10/src/gf.c:2895 [inlined]
ijl_apply_generic at /cache/build/builder-amdci5-7/julialang/julia-release-1-dot-10/src/gf.c:3077
jlcapi_synchronization_worker_16445 at /home/jm/.julia/compiled/v1.10/CUDA/oWw5k_ICQXi.so (unknown line)
unknown function (ip: 0x7b341dea3d63)
unknown function (ip: 0x7b341df373fb)
unknown function (ip: (nil))
jl_lookup_generic_ at /cache/build/builder-amdci5-7/julialang/julia-release-1-dot-10/src/gf.c:2994 [inlined]
ijl_apply_generic at /cache/build/builder-amdci5-7/julialang/julia-release-1-dot-10/src/gf.c:3073
train_on_dataset at /home/jm/project_ssd/MedImages.jl/elsarticle/dosimetry/train_ude.jl:247
unknown function (ip: 0x7b336eb7947c)
_jl_invoke at /cache/build/builder-amdci5-7/julialang/julia-release-1-dot-10/src/gf.c:2895 [inlined]
ijl_apply_generic at /cache/build/builder-amdci5-7/julialang/julia-release-1-dot-10/src/gf.c:3077
jl_apply at /cache/build/builder-amdci5-7/julialang/julia-release-1-dot-10/src/julia.h:1982 [inlined]
do_call at /cache/build/builder-amdci5-7/julialang/julia-release-1-dot-10/src/interpreter.c:126
eval_value at /cache/build/builder-amdci5-7/julialang/julia-release-1-dot-10/src/interpreter.c:223
eval_stmt_value at /cache/build/builder-amdci5-7/julialang/julia-release-1-dot-10/src/interpreter.c:174 [inlined]
eval_body at /cache/build/builder-amdci5-7/julialang/julia-release-1-dot-10/src/interpreter.c:617
jl_interpret_toplevel_thunk at /cache/build/builder-amdci5-7/julialang/julia-release-1-dot-10/src/interpreter.c:775
jl_toplevel_eval_flex at /cache/build/builder-amdci5-7/julialang/julia-release-1-dot-10/src/toplevel.c:934
jl_toplevel_eval_flex at /cache/build/builder-amdci5-7/julialang/julia-release-1-dot-10/src/toplevel.c:877
ijl_toplevel_eval_in at /cache/build/builder-amdci5-7/julialang/julia-release-1-dot-10/src/toplevel.c:985
eval at ./boot.jl:385 [inlined]
include_string at ./loading.jl:2146
_jl_invoke at /cache/build/builder-amdci5-7/julialang/julia-release-1-dot-10/src/gf.c:2895 [inlined]
ijl_apply_generic at /cache/build/builder-amdci5-7/julialang/julia-release-1-dot-10/src/gf.c:3077
_include at ./loading.jl:2206
include at ./Base.jl:495
jfptr_include_46653.1 at /home/jm/.julia/juliaup/julia-1.10.10+0.x64.linux.gnu/lib/julia/sys.so (unknown line)
_jl_invoke at /cache/build/builder-amdci5-7/julialang/julia-release-1-dot-10/src/gf.c:2895 [inlined]
ijl_apply_generic at /cache/build/builder-amdci5-7/julialang/julia-release-1-dot-10/src/gf.c:3077
exec_options at ./client.jl:323
_start at ./client.jl:557
jfptr__start_83114.1 at /home/jm/.julia/juliaup/julia-1.10.10+0.x64.linux.gnu/lib/julia/sys.so (unknown line)
_jl_invoke at /cache/build/builder-amdci5-7/julialang/julia-release-1-dot-10/src/gf.c:2895 [inlined]
ijl_apply_generic at /cache/build/builder-amdci5-7/julialang/julia-release-1-dot-10/src/gf.c:3077
jl_apply at /cache/build/builder-amdci5-7/julialang/julia-release-1-dot-10/src/julia.h:1982 [inlined]
true_main at /cache/build/builder-amdci5-7/julialang/julia-release-1-dot-10/src/jlapi.c:582
jl_repl_entrypoint at /cache/build/builder-amdci5-7/julialang/julia-release-1-dot-10/src/jlapi.c:731
main at /cache/build/builder-amdci5-7/julialang/julia-release-1-dot-10/cli/loader_exe.c:58
unknown function (ip: 0x7b341de2a574)
__libc_start_main at /lib/x86_64-linux-gnu/libc.so.6 (unknown line)
unknown function (ip: 0x4010b8)
unknown function (ip: (nil))
Allocations: 546725686 (Pool: 546294385; Big: 431301); GC: 17768
  Activating project at `~/project_ssd/MedImages.jl`
Initializing dataset training over: test_data/dataset_Lu
Using device: CUDADevice{Nothing, Missing}(nothing)
=== Epoch 1 ===
  Processing patient: FDM_DPI-2024-7-KRN_Lu177_PSMA__SPECT_Iodine_0__Pat116
    Loss: NaN
  Processing patient: FDM_DPI-2024-7-KRN_Lu177_PSMA__SPECT_Iodine_2__Pat49
    Loss: NaN
  Processing patient: FDM_DPI-2024-7-KRN_Lu177_PSMA__SPECT_Iodine_3__Pat49
    Loss: NaN
  Processing patient: FDM_DPI-2024-7-KRN_Lu177_PSMA__SPECT_Tc_0__Pat10
    Loss: NaN
  Processing patient: FDM_DPI-2024-7-KRN_Lu177_PSMA__SPECT_Tc_0__Pat101
    Loss: NaN
  Processing patient: FDM_DPI-2024-7-KRN_Lu177_PSMA__SPECT_Tc_0__Pat102
    Loss: 3.9213554e28
  Processing patient: FDM_DPI-2024-7-KRN_Lu177_PSMA__SPECT_Tc_0__Pat103
    Loss: NaN
  Processing patient: FDM_DPI-2024-7-KRN_Lu177_PSMA__SPECT_Tc_0__Pat104
    Loss: NaN
  Processing patient: FDM_DPI-2024-7-KRN_Lu177_PSMA__SPECT_Tc_0__Pat105
    Loss: NaN
  Processing patient: FDM_DPI-2024-7-KRN_Lu177_PSMA__SPECT_Tc_0__Pat106
    Loss: NaN
  Processing patient: FDM_DPI-2024-7-KRN_Lu177_PSMA__SPECT_Tc_0__Pat108
    Loss: 3.368
  Processing patient: FDM_DPI-2024-7-KRN_Lu177_PSMA__SPECT_Tc_0__Pat109
    Loss: NaN
  Processing patient: FDM_DPI-2024-7-KRN_Lu177_PSMA__SPECT_Tc_0__Pat11
    Loss: NaN
  Processing patient: FDM_DPI-2024-7-KRN_Lu177_PSMA__SPECT_Tc_0__Pat110
    Loss: NaN
  Processing patient: FDM_DPI-2024-7-KRN_Lu177_PSMA__SPECT_Tc_0__Pat111
    Loss: NaN
  Processing patient: FDM_DPI-2024-7-KRN_Lu177_PSMA__SPECT_Tc_0__Pat112
    Loss: NaN
  Processing patient: FDM_DPI-2024-7-KRN_Lu177_PSMA__SPECT_Tc_0__Pat114
    Loss: 3.2090823e28
  Processing patient: FDM_DPI-2024-7-KRN_Lu177_PSMA__SPECT_Tc_0__Pat115
    Loss: NaN
  Processing patient: FDM_DPI-2024-7-KRN_Lu177_PSMA__SPECT_Tc_0__Pat117
    Loss: 2542.7192
  Processing patient: FDM_DPI-2024-7-KRN_Lu177_PSMA__SPECT_Tc_0__Pat118
    Loss: 5.5332863e25
  Processing patient: FDM_DPI-2024-7-KRN_Lu177_PSMA__SPECT_Tc_0__Pat119
    Loss: NaN
  Processing patient: FDM_DPI-2024-7-KRN_Lu177_PSMA__SPECT_Tc_0__Pat120
    Loss: 1.0722803
  Processing patient: FDM_DPI-2024-7-KRN_Lu177_PSMA__SPECT_Tc_0__Pat121
    Loss: NaN
  Processing patient: FDM_DPI-2024-7-KRN_Lu177_PSMA__SPECT_Tc_0__Pat122
    Loss: NaN
  Processing patient: FDM_DPI-2024-7-KRN_Lu177_PSMA__SPECT_Tc_0__Pat123
    Loss: NaN
  Processing patient: FDM_DPI-2024-7-KRN_Lu177_PSMA__SPECT_Tc_0__Pat124
    Loss: NaN
  Processing patient: FDM_DPI-2024-7-KRN_Lu177_PSMA__SPECT_Tc_0__Pat125
    Loss: NaN
  Processing patient: FDM_DPI-2024-7-KRN_Lu177_PSMA__SPECT_Tc_0__Pat127
    Loss: NaN
  Processing patient: FDM_DPI-2024-7-KRN_Lu177_PSMA__SPECT_Tc_0__Pat128
    Loss: 1.1000168e29
  Processing patient: FDM_DPI-2024-7-KRN_Lu177_PSMA__SPECT_Tc_0__Pat13
    Loss: NaN
  Processing patient: FDM_DPI-2024-7-KRN_Lu177_PSMA__SPECT_Tc_0__Pat139
    Loss: NaN
  Processing patient: FDM_DPI-2024-7-KRN_Lu177_PSMA__SPECT_Tc_0__Pat14
    Loss: NaN
  Processing patient: FDM_DPI-2024-7-KRN_Lu177_PSMA__SPECT_Tc_0__Pat142
    Loss: NaN
  Processing patient: FDM_DPI-2024-7-KRN_Lu177_PSMA__SPECT_Tc_0__Pat145
    Loss: NaN
  Processing patient: FDM_DPI-2024-7-KRN_Lu177_PSMA__SPECT_Tc_0__Pat15
    Loss: NaN
  Processing patient: FDM_DPI-2024-7-KRN_Lu177_PSMA__SPECT_Tc_0__Pat16
    Loss: NaN
  Processing patient: FDM_DPI-2024-7-KRN_Lu177_PSMA__SPECT_Tc_0__Pat17
    Loss: NaN
  Processing patient: FDM_DPI-2024-7-KRN_Lu177_PSMA__SPECT_Tc_0__Pat19
    Loss: NaN
  Processing patient: FDM_DPI-2024-7-KRN_Lu177_PSMA__SPECT_Tc_0__Pat2
    Loss: NaN
  Processing patient: FDM_DPI-2024-7-KRN_Lu177_PSMA__SPECT_Tc_0__Pat20
    Loss: NaN
  Processing patient: FDM_DPI-2024-7-KRN_Lu177_PSMA__SPECT_Tc_0__Pat21
    Loss: NaN
  Processing patient: FDM_DPI-2024-7-KRN_Lu177_PSMA__SPECT_Tc_0__Pat22
    Loss: NaN
  Processing patient: FDM_DPI-2024-7-KRN_Lu177_PSMA__SPECT_Tc_0__Pat24
    Loss: NaN
  Processing patient: FDM_DPI-2024-7-KRN_Lu177_PSMA__SPECT_Tc_0__Pat25
Missing files in test_data/dataset_Lu/FDM_DPI-2024-7-KRN_Lu177_PSMA__SPECT_Tc_0__Pat25
  Processing patient: FDM_DPI-2024-7-KRN_Lu177_PSMA__SPECT_Tc_0__Pat27
Missing files in test_data/dataset_Lu/FDM_DPI-2024-7-KRN_Lu177_PSMA__SPECT_Tc_0__Pat27
  Processing patient: FDM_DPI-2024-7-KRN_Lu177_PSMA__SPECT_Tc_0__Pat28
Missing files in test_data/dataset_Lu/FDM_DPI-2024-7-KRN_Lu177_PSMA__SPECT_Tc_0__Pat28
  Processing patient: FDM_DPI-2024-7-KRN_Lu177_PSMA__SPECT_Tc_0__Pat29
Missing files in test_data/dataset_Lu/FDM_DPI-2024-7-KRN_Lu177_PSMA__SPECT_Tc_0__Pat29
  Processing patient: FDM_DPI-2024-7-KRN_Lu177_PSMA__SPECT_Tc_0__Pat3
    Loss: 5.552253e27
  Processing patient: FDM_DPI-2024-7-KRN_Lu177_PSMA__SPECT_Tc_0__Pat30
    Loss: NaN
  Processing patient: FDM_DPI-2024-7-KRN_Lu177_PSMA__SPECT_Tc_0__Pat31
    Loss: NaN
  Processing patient: FDM_DPI-2024-7-KRN_Lu177_PSMA__SPECT_Tc_0__Pat32
    Loss: NaN
  Processing patient: FDM_DPI-2024-7-KRN_Lu177_PSMA__SPECT_Tc_0__Pat33
    Loss: NaN
  Processing patient: FDM_DPI-2024-7-KRN_Lu177_PSMA__SPECT_Tc_0__Pat34
    Loss: NaN
  Processing patient: FDM_DPI-2024-7-KRN_Lu177_PSMA__SPECT_Tc_0__Pat35
    Loss: NaN
  Processing patient: FDM_DPI-2024-7-KRN_Lu177_PSMA__SPECT_Tc_0__Pat4
    Loss: NaN
  Processing patient: FDM_DPI-2024-7-KRN_Lu177_PSMA__SPECT_Tc_0__Pat44
    Loss: NaN
  Processing patient: FDM_DPI-2024-7-KRN_Lu177_PSMA__SPECT_Tc_0__Pat45
    Loss: NaN
  Processing patient: FDM_DPI-2024-7-KRN_Lu177_PSMA__SPECT_Tc_0__Pat46
    Loss: NaN
  Processing patient: FDM_DPI-2024-7-KRN_Lu177_PSMA__SPECT_Tc_0__Pat47
    Loss: NaN
  Processing patient: FDM_DPI-2024-7-KRN_Lu177_PSMA__SPECT_Tc_0__Pat48
    Loss: 6.6793706e27
  Processing patient: FDM_DPI-2024-7-KRN_Lu177_PSMA__SPECT_Tc_0__Pat49
    Loss: NaN
  Processing patient: FDM_DPI-2024-7-KRN_Lu177_PSMA__SPECT_Tc_0__Pat5
    Loss: NaN
  Processing patient: FDM_DPI-2024-7-KRN_Lu177_PSMA__SPECT_Tc_0__Pat50
    Loss: NaN
  Processing patient: FDM_DPI-2024-7-KRN_Lu177_PSMA__SPECT_Tc_0__Pat51
    Loss: NaN
  Processing patient: FDM_DPI-2024-7-KRN_Lu177_PSMA__SPECT_Tc_0__Pat52
    Loss: NaN
  Processing patient: FDM_DPI-2024-7-KRN_Lu177_PSMA__SPECT_Tc_0__Pat53
    Loss: NaN
  Processing patient: FDM_DPI-2024-7-KRN_Lu177_PSMA__SPECT_Tc_0__Pat54
    Loss: NaN
  Processing patient: FDM_DPI-2024-7-KRN_Lu177_PSMA__SPECT_Tc_0__Pat55
    Loss: NaN
  Processing patient: FDM_DPI-2024-7-KRN_Lu177_PSMA__SPECT_Tc_0__Pat56
    Loss: NaN
  Processing patient: FDM_DPI-2024-7-KRN_Lu177_PSMA__SPECT_Tc_0__Pat58
    Loss: 5.581754e29
  Processing patient: FDM_DPI-2024-7-KRN_Lu177_PSMA__SPECT_Tc_0__Pat6
    Loss: NaN
  Processing patient: FDM_DPI-2024-7-KRN_Lu177_PSMA__SPECT_Tc_0__Pat60
    Loss: NaN
  Processing patient: FDM_DPI-2024-7-KRN_Lu177_PSMA__SPECT_Tc_0__Pat61
    Loss: NaN
  Processing patient: FDM_DPI-2024-7-KRN_Lu177_PSMA__SPECT_Tc_0__Pat64
    Loss: NaN
  Processing patient: FDM_DPI-2024-7-KRN_Lu177_PSMA__SPECT_Tc_0__Pat65
Missing files in test_data/dataset_Lu/FDM_DPI-2024-7-KRN_Lu177_PSMA__SPECT_Tc_0__Pat65
  Processing patient: FDM_DPI-2024-7-KRN_Lu177_PSMA__SPECT_Tc_0__Pat67
    Loss: NaN
  Processing patient: FDM_DPI-2024-7-KRN_Lu177_PSMA__SPECT_Tc_0__Pat68
    Loss: NaN
  Processing patient: FDM_DPI-2024-7-KRN_Lu177_PSMA__SPECT_Tc_0__Pat7
    Loss: NaN
  Processing patient: FDM_DPI-2024-7-KRN_Lu177_PSMA__SPECT_Tc_0__Pat74
    Loss: NaN
  Processing patient: FDM_DPI-2024-7-KRN_Lu177_PSMA__SPECT_Tc_0__Pat75
    Loss: NaN
  Processing patient: FDM_DPI-2024-7-KRN_Lu177_PSMA__SPECT_Tc_0__Pat76
    Loss: NaN
  Processing patient: FDM_DPI-2024-7-KRN_Lu177_PSMA__SPECT_Tc_0__Pat79
    Loss: NaN
  Processing patient: FDM_DPI-2024-7-KRN_Lu177_PSMA__SPECT_Tc_0__Pat8
    Loss: NaN
  Processing patient: FDM_DPI-2024-7-KRN_Lu177_PSMA__SPECT_Tc_0__Pat82
    Loss: NaN
  Processing patient: FDM_DPI-2024-7-KRN_Lu177_PSMA__SPECT_Tc_0__Pat83
    Loss: NaN
  Processing patient: FDM_DPI-2024-7-KRN_Lu177_PSMA__SPECT_Tc_0__Pat84
    Loss: NaN
  Processing patient: FDM_DPI-2024-7-KRN_Lu177_PSMA__SPECT_Tc_0__Pat86
    Loss: 3.0741329e29
  Processing patient: FDM_DPI-2024-7-KRN_Lu177_PSMA__SPECT_Tc_0__Pat87
    Loss: NaN
  Processing patient: FDM_DPI-2024-7-KRN_Lu177_PSMA__SPECT_Tc_0__Pat88
    Loss: NaN
  Processing patient: FDM_DPI-2024-7-KRN_Lu177_PSMA__SPECT_Tc_0__Pat89
    Loss: NaN
  Processing patient: FDM_DPI-2024-7-KRN_Lu177_PSMA__SPECT_Tc_0__Pat9
    Loss: NaN
  Processing patient: FDM_DPI-2024-7-KRN_Lu177_PSMA__SPECT_Tc_0__Pat90
    Loss: NaN
  Processing patient: FDM_DPI-2024-7-KRN_Lu177_PSMA__SPECT_Tc_0__Pat91
    Loss: NaN
  Processing patient: FDM_DPI-2024-7-KRN_Lu177_PSMA__SPECT_Tc_0__Pat93
    Loss: NaN
  Processing patient: FDM_DPI-2024-7-KRN_Lu177_PSMA__SPECT_Tc_0__Pat94
    Loss: NaN
  Processing patient: FDM_DPI-2024-7-KRN_Lu177_PSMA__SPECT_Tc_0__Pat96
    Loss: NaN
  Processing patient: FDM_DPI-2024-7-KRN_Lu177_PSMA__SPECT_Tc_0__Pat97
    Loss: NaN
  Processing patient: FDM_DPI-2024-7-KRN_Lu177_PSMA__SPECT_Tc_0__Pat98
    Loss: 4.2918954e28
  Processing patient: FDM_DPI-2024-7-KRN_Lu177_PSMA__SPECT_Tc_10__Pat2
Missing files in test_data/dataset_Lu/FDM_DPI-2024-7-KRN_Lu177_PSMA__SPECT_Tc_10__Pat2
  Processing patient: FDM_DPI-2024-7-KRN_Lu177_PSMA__SPECT_Tc_10__Pat25
    Loss: NaN
  Processing patient: FDM_DPI-2024-7-KRN_Lu177_PSMA__SPECT_Tc_11__Pat114
    Loss: NaN
  Processing patient: FDM_DPI-2024-7-KRN_Lu177_PSMA__SPECT_Tc_11__Pat25
    Loss: NaN
  Processing patient: FDM_DPI-2024-7-KRN_Lu177_PSMA__SPECT_Tc_12__Pat114
    Loss: NaN
  Processing patient: FDM_DPI-2024-7-KRN_Lu177_PSMA__SPECT_Tc_13__Pat114
    Loss: NaN
  Processing patient: FDM_DPI-2024-7-KRN_Lu177_PSMA__SPECT_Tc_1__Pat1
    Loss: NaN
  Processing patient: FDM_DPI-2024-7-KRN_Lu177_PSMA__SPECT_Tc_1__Pat10
    Loss: NaN
  Processing patient: FDM_DPI-2024-7-KRN_Lu177_PSMA__SPECT_Tc_1__Pat101
    Loss: 4.424424e27
  Processing patient: FDM_DPI-2024-7-KRN_Lu177_PSMA__SPECT_Tc_1__Pat102
    Loss: NaN
  Processing patient: FDM_DPI-2024-7-KRN_Lu177_PSMA__SPECT_Tc_1__Pat103
    Loss: NaN
  Processing patient: FDM_DPI-2024-7-KRN_Lu177_PSMA__SPECT_Tc_1__Pat104
    Loss: NaN
  Processing patient: FDM_DPI-2024-7-KRN_Lu177_PSMA__SPECT_Tc_1__Pat105
    Loss: NaN
  Processing patient: FDM_DPI-2024-7-KRN_Lu177_PSMA__SPECT_Tc_1__Pat106
    Loss: NaN
  Processing patient: FDM_DPI-2024-7-KRN_Lu177_PSMA__SPECT_Tc_1__Pat108
    Loss: NaN
  Processing patient: FDM_DPI-2024-7-KRN_Lu177_PSMA__SPECT_Tc_1__Pat109
    Loss: NaN
  Processing patient: FDM_DPI-2024-7-KRN_Lu177_PSMA__SPECT_Tc_1__Pat11
    Loss: NaN
  Processing patient: FDM_DPI-2024-7-KRN_Lu177_PSMA__SPECT_Tc_1__Pat110
    Loss: NaN
  Processing patient: FDM_DPI-2024-7-KRN_Lu177_PSMA__SPECT_Tc_1__Pat111
    Loss: NaN
  Processing patient: FDM_DPI-2024-7-KRN_Lu177_PSMA__SPECT_Tc_1__Pat112
    Loss: NaN
  Processing patient: FDM_DPI-2024-7-KRN_Lu177_PSMA__SPECT_Tc_1__Pat114
    Loss: NaN
  Processing patient: FDM_DPI-2024-7-KRN_Lu177_PSMA__SPECT_Tc_1__Pat115
    Loss: 2.430916e28
  Processing patient: FDM_DPI-2024-7-KRN_Lu177_PSMA__SPECT_Tc_1__Pat117
    Loss: NaN
  Processing patient: FDM_DPI-2024-7-KRN_Lu177_PSMA__SPECT_Tc_1__Pat118
    Loss: 4.5763216e28
  Processing patient: FDM_DPI-2024-7-KRN_Lu177_PSMA__SPECT_Tc_1__Pat119
    Loss: NaN
  Processing patient: FDM_DPI-2024-7-KRN_Lu177_PSMA__SPECT_Tc_1__Pat120
    Loss: NaN
  Processing patient: FDM_DPI-2024-7-KRN_Lu177_PSMA__SPECT_Tc_1__Pat121
    Loss: NaN
  Processing patient: FDM_DPI-2024-7-KRN_Lu177_PSMA__SPECT_Tc_1__Pat122
    Loss: NaN
  Processing patient: FDM_DPI-2024-7-KRN_Lu177_PSMA__SPECT_Tc_1__Pat123
    Loss: NaN
  Processing patient: FDM_DPI-2024-7-KRN_Lu177_PSMA__SPECT_Tc_1__Pat124
    Loss: NaN
  Processing patient: FDM_DPI-2024-7-KRN_Lu177_PSMA__SPECT_Tc_1__Pat125
    Loss: NaN
  Processing patient: FDM_DPI-2024-7-KRN_Lu177_PSMA__SPECT_Tc_1__Pat127
    Loss: NaN
  Processing patient: FDM_DPI-2024-7-KRN_Lu177_PSMA__SPECT_Tc_1__Pat128
    Loss: NaN
  Processing patient: FDM_DPI-2024-7-KRN_Lu177_PSMA__SPECT_Tc_1__Pat13
    Loss: NaN
  Processing patient: FDM_DPI-2024-7-KRN_Lu177_PSMA__SPECT_Tc_1__Pat131
    Loss: NaN
  Processing patient: FDM_DPI-2024-7-KRN_Lu177_PSMA__SPECT_Tc_1__Pat139
    Loss: NaN
  Processing patient: FDM_DPI-2024-7-KRN_Lu177_PSMA__SPECT_Tc_1__Pat14
    Loss: NaN
  Processing patient: FDM_DPI-2024-7-KRN_Lu177_PSMA__SPECT_Tc_1__Pat142
    Loss: NaN
  Processing patient: FDM_DPI-2024-7-KRN_Lu177_PSMA__SPECT_Tc_1__Pat15
    Loss: NaN
  Processing patient: FDM_DPI-2024-7-KRN_Lu177_PSMA__SPECT_Tc_1__Pat16
    Loss: NaN
  Processing patient: FDM_DPI-2024-7-KRN_Lu177_PSMA__SPECT_Tc_1__Pat17
    Loss: 7.2049537e28
  Processing patient: FDM_DPI-2024-7-KRN_Lu177_PSMA__SPECT_Tc_1__Pat19
    Loss: NaN
  Processing patient: FDM_DPI-2024-7-KRN_Lu177_PSMA__SPECT_Tc_1__Pat2
    Loss: NaN
  Processing patient: FDM_DPI-2024-7-KRN_Lu177_PSMA__SPECT_Tc_1__Pat20
    Loss: NaN
  Processing patient: FDM_DPI-2024-7-KRN_Lu177_PSMA__SPECT_Tc_1__Pat21
    Loss: NaN
  Processing patient: FDM_DPI-2024-7-KRN_Lu177_PSMA__SPECT_Tc_1__Pat22
    Loss: NaN
  Processing patient: FDM_DPI-2024-7-KRN_Lu177_PSMA__SPECT_Tc_1__Pat24
    Loss: NaN
  Processing patient: FDM_DPI-2024-7-KRN_Lu177_PSMA__SPECT_Tc_1__Pat25
    Loss: 4.03825e28
  Processing patient: FDM_DPI-2024-7-KRN_Lu177_PSMA__SPECT_Tc_1__Pat27
    Loss: NaN
  Processing patient: FDM_DPI-2024-7-KRN_Lu177_PSMA__SPECT_Tc_1__Pat28
    Loss: NaN
  Processing patient: FDM_DPI-2024-7-KRN_Lu177_PSMA__SPECT_Tc_1__Pat29
    Loss: NaN
  Processing patient: FDM_DPI-2024-7-KRN_Lu177_PSMA__SPECT_Tc_1__Pat3
    Loss: NaN
  Processing patient: FDM_DPI-2024-7-KRN_Lu177_PSMA__SPECT_Tc_1__Pat30
    Loss: NaN
  Processing patient: FDM_DPI-2024-7-KRN_Lu177_PSMA__SPECT_Tc_1__Pat31
    Loss: 1.6741121e26
  Processing patient: FDM_DPI-2024-7-KRN_Lu177_PSMA__SPECT_Tc_1__Pat32
    Loss: NaN
  Processing patient: FDM_DPI-2024-7-KRN_Lu177_PSMA__SPECT_Tc_1__Pat33
    Loss: NaN
  Processing patient: FDM_DPI-2024-7-KRN_Lu177_PSMA__SPECT_Tc_1__Pat34
    Loss: NaN
  Processing patient: FDM_DPI-2024-7-KRN_Lu177_PSMA__SPECT_Tc_1__Pat35
    Loss: 8.5021206e26
  Processing patient: FDM_DPI-2024-7-KRN_Lu177_PSMA__SPECT_Tc_1__Pat4
    Loss: NaN
  Processing patient: FDM_DPI-2024-7-KRN_Lu177_PSMA__SPECT_Tc_1__Pat44
    Loss: NaN
  Processing patient: FDM_DPI-2024-7-KRN_Lu177_PSMA__SPECT_Tc_1__Pat45
    Loss: NaN
  Processing patient: FDM_DPI-2024-7-KRN_Lu177_PSMA__SPECT_Tc_1__Pat46
    Loss: NaN
  Processing patient: FDM_DPI-2024-7-KRN_Lu177_PSMA__SPECT_Tc_1__Pat47
    Loss: NaN
  Processing patient: FDM_DPI-2024-7-KRN_Lu177_PSMA__SPECT_Tc_1__Pat48
    Loss: NaN
  Processing patient: FDM_DPI-2024-7-KRN_Lu177_PSMA__SPECT_Tc_1__Pat49
    Loss: NaN
  Processing patient: FDM_DPI-2024-7-KRN_Lu177_PSMA__SPECT_Tc_1__Pat5
    Loss: NaN
  Processing patient: FDM_DPI-2024-7-KRN_Lu177_PSMA__SPECT_Tc_1__Pat50
    Loss: NaN
  Processing patient: FDM_DPI-2024-7-KRN_Lu177_PSMA__SPECT_Tc_1__Pat51
    Loss: NaN
  Processing patient: FDM_DPI-2024-7-KRN_Lu177_PSMA__SPECT_Tc_1__Pat52
    Loss: NaN
  Processing patient: FDM_DPI-2024-7-KRN_Lu177_PSMA__SPECT_Tc_1__Pat53
    Loss: NaN
  Processing patient: FDM_DPI-2024-7-KRN_Lu177_PSMA__SPECT_Tc_1__Pat54
    Loss: NaN
  Processing patient: FDM_DPI-2024-7-KRN_Lu177_PSMA__SPECT_Tc_1__Pat55
    Loss: NaN
  Processing patient: FDM_DPI-2024-7-KRN_Lu177_PSMA__SPECT_Tc_1__Pat56
    Loss: NaN
  Processing patient: FDM_DPI-2024-7-KRN_Lu177_PSMA__SPECT_Tc_1__Pat58
    Loss: NaN
  Processing patient: FDM_DPI-2024-7-KRN_Lu177_PSMA__SPECT_Tc_1__Pat6
    Loss: NaN
  Processing patient: FDM_DPI-2024-7-KRN_Lu177_PSMA__SPECT_Tc_1__Pat60
    Loss: NaN
  Processing patient: FDM_DPI-2024-7-KRN_Lu177_PSMA__SPECT_Tc_1__Pat61
Missing files in test_data/dataset_Lu/FDM_DPI-2024-7-KRN_Lu177_PSMA__SPECT_Tc_1__Pat61
  Processing patient: FDM_DPI-2024-7-KRN_Lu177_PSMA__SPECT_Tc_1__Pat64
Missing files in test_data/dataset_Lu/FDM_DPI-2024-7-KRN_Lu177_PSMA__SPECT_Tc_1__Pat64
  Processing patient: FDM_DPI-2024-7-KRN_Lu177_PSMA__SPECT_Tc_1__Pat65
    Loss: NaN
  Processing patient: FDM_DPI-2024-7-KRN_Lu177_PSMA__SPECT_Tc_1__Pat67
    Loss: Inf
  Processing patient: FDM_DPI-2024-7-KRN_Lu177_PSMA__SPECT_Tc_1__Pat68
    Loss: NaN
  Processing patient: FDM_DPI-2024-7-KRN_Lu177_PSMA__SPECT_Tc_1__Pat7
    Loss: NaN
  Processing patient: FDM_DPI-2024-7-KRN_Lu177_PSMA__SPECT_Tc_1__Pat74
Missing files in test_data/dataset_Lu/FDM_DPI-2024-7-KRN_Lu177_PSMA__SPECT_Tc_1__Pat74
  Processing patient: FDM_DPI-2024-7-KRN_Lu177_PSMA__SPECT_Tc_1__Pat75
Missing files in test_data/dataset_Lu/FDM_DPI-2024-7-KRN_Lu177_PSMA__SPECT_Tc_1__Pat75
  Processing patient: FDM_DPI-2024-7-KRN_Lu177_PSMA__SPECT_Tc_1__Pat76
    Loss: NaN
  Processing patient: FDM_DPI-2024-7-KRN_Lu177_PSMA__SPECT_Tc_1__Pat79
    Loss: NaN
  Processing patient: FDM_DPI-2024-7-KRN_Lu177_PSMA__SPECT_Tc_1__Pat8
    Loss: NaN
  Processing patient: FDM_DPI-2024-7-KRN_Lu177_PSMA__SPECT_Tc_1__Pat82
    Loss: NaN
  Processing patient: FDM_DPI-2024-7-KRN_Lu177_PSMA__SPECT_Tc_1__Pat83
    Loss: NaN
  Processing patient: FDM_DPI-2024-7-KRN_Lu177_PSMA__SPECT_Tc_1__Pat84
    Loss: NaN
  Processing patient: FDM_DPI-2024-7-KRN_Lu177_PSMA__SPECT_Tc_1__Pat86
    Loss: NaN
  Processing patient: FDM_DPI-2024-7-KRN_Lu177_PSMA__SPECT_Tc_1__Pat87
    Loss: 1.214553e29
  Processing patient: FDM_DPI-2024-7-KRN_Lu177_PSMA__SPECT_Tc_1__Pat88
    Loss: NaN
  Processing patient: FDM_DPI-2024-7-KRN_Lu177_PSMA__SPECT_Tc_1__Pat89
    Loss: 1.1521866e27
  Processing patient: FDM_DPI-2024-7-KRN_Lu177_PSMA__SPECT_Tc_1__Pat9
    Loss: NaN
  Processing patient: FDM_DPI-2024-7-KRN_Lu177_PSMA__SPECT_Tc_1__Pat90
    Loss: NaN
  Processing patient: FDM_DPI-2024-7-KRN_Lu177_PSMA__SPECT_Tc_1__Pat91
    Loss: NaN
  Processing patient: FDM_DPI-2024-7-KRN_Lu177_PSMA__SPECT_Tc_1__Pat93
    Loss: NaN
  Processing patient: FDM_DPI-2024-7-KRN_Lu177_PSMA__SPECT_Tc_1__Pat94
    Loss: NaN
  Processing patient: FDM_DPI-2024-7-KRN_Lu177_PSMA__SPECT_Tc_1__Pat95
    Loss: 468.08005
  Processing patient: FDM_DPI-2024-7-KRN_Lu177_PSMA__SPECT_Tc_1__Pat96
    Loss: 7.706757e29
  Processing patient: FDM_DPI-2024-7-KRN_Lu177_PSMA__SPECT_Tc_1__Pat97
    Loss: NaN
  Processing patient: FDM_DPI-2024-7-KRN_Lu177_PSMA__SPECT_Tc_1__Pat98
Missing files in test_data/dataset_Lu/FDM_DPI-2024-7-KRN_Lu177_PSMA__SPECT_Tc_1__Pat98
  Processing patient: FDM_DPI-2024-7-KRN_Lu177_PSMA__SPECT_Tc_2__Pat1
    Loss: NaN
  Processing patient: FDM_DPI-2024-7-KRN_Lu177_PSMA__SPECT_Tc_2__Pat10
    Loss: NaN
  Processing patient: FDM_DPI-2024-7-KRN_Lu177_PSMA__SPECT_Tc_2__Pat103
    Loss: 1.01666045e30
  Processing patient: FDM_DPI-2024-7-KRN_Lu177_PSMA__SPECT_Tc_2__Pat104
    Loss: NaN
  Processing patient: FDM_DPI-2024-7-KRN_Lu177_PSMA__SPECT_Tc_2__Pat105
    Loss: NaN
  Processing patient: FDM_DPI-2024-7-KRN_Lu177_PSMA__SPECT_Tc_2__Pat108
    Loss: NaN
  Processing patient: FDM_DPI-2024-7-KRN_Lu177_PSMA__SPECT_Tc_2__Pat11
    Loss: NaN
  Processing patient: FDM_DPI-2024-7-KRN_Lu177_PSMA__SPECT_Tc_2__Pat111
    Loss: NaN
  Processing patient: FDM_DPI-2024-7-KRN_Lu177_PSMA__SPECT_Tc_2__Pat114
    Loss: NaN
  Processing patient: FDM_DPI-2024-7-KRN_Lu177_PSMA__SPECT_Tc_2__Pat118
    Loss: NaN
  Processing patient: FDM_DPI-2024-7-KRN_Lu177_PSMA__SPECT_Tc_2__Pat119
    Loss: NaN
  Processing patient: FDM_DPI-2024-7-KRN_Lu177_PSMA__SPECT_Tc_2__Pat121
    Loss: NaN
  Processing patient: FDM_DPI-2024-7-KRN_Lu177_PSMA__SPECT_Tc_2__Pat122
    Loss: NaN
  Processing patient: FDM_DPI-2024-7-KRN_Lu177_PSMA__SPECT_Tc_2__Pat124
    Loss: NaN
  Processing patient: FDM_DPI-2024-7-KRN_Lu177_PSMA__SPECT_Tc_2__Pat127
    Loss: NaN
  Processing patient: FDM_DPI-2024-7-KRN_Lu177_PSMA__SPECT_Tc_2__Pat128
    Loss: NaN
  Processing patient: FDM_DPI-2024-7-KRN_Lu177_PSMA__SPECT_Tc_2__Pat13
    Loss: NaN
  Processing patient: FDM_DPI-2024-7-KRN_Lu177_PSMA__SPECT_Tc_2__Pat14
    Loss: NaN
  Processing patient: FDM_DPI-2024-7-KRN_Lu177_PSMA__SPECT_Tc_2__Pat15
    Loss: NaN
  Processing patient: FDM_DPI-2024-7-KRN_Lu177_PSMA__SPECT_Tc_2__Pat16
    Loss: NaN
  Processing patient: FDM_DPI-2024-7-KRN_Lu177_PSMA__SPECT_Tc_2__Pat17
    Loss: NaN
  Processing patient: FDM_DPI-2024-7-KRN_Lu177_PSMA__SPECT_Tc_2__Pat2
    Loss: NaN
  Processing patient: FDM_DPI-2024-7-KRN_Lu177_PSMA__SPECT_Tc_2__Pat20
    Loss: NaN
  Processing patient: FDM_DPI-2024-7-KRN_Lu177_PSMA__SPECT_Tc_2__Pat21
    Loss: NaN
  Processing patient: FDM_DPI-2024-7-KRN_Lu177_PSMA__SPECT_Tc_2__Pat22
    Loss: NaN
  Processing patient: FDM_DPI-2024-7-KRN_Lu177_PSMA__SPECT_Tc_2__Pat25
    Loss: NaN
  Processing patient: FDM_DPI-2024-7-KRN_Lu177_PSMA__SPECT_Tc_2__Pat27
    Loss: NaN
  Processing patient: FDM_DPI-2024-7-KRN_Lu177_PSMA__SPECT_Tc_2__Pat28
    Loss: NaN
  Processing patient: FDM_DPI-2024-7-KRN_Lu177_PSMA__SPECT_Tc_2__Pat29
    Loss: NaN
  Processing patient: FDM_DPI-2024-7-KRN_Lu177_PSMA__SPECT_Tc_2__Pat3
    Loss: NaN
  Processing patient: FDM_DPI-2024-7-KRN_Lu177_PSMA__SPECT_Tc_2__Pat30
    Loss: NaN
  Processing patient: FDM_DPI-2024-7-KRN_Lu177_PSMA__SPECT_Tc_2__Pat31
    Loss: NaN
  Processing patient: FDM_DPI-2024-7-KRN_Lu177_PSMA__SPECT_Tc_2__Pat34
    Loss: 1.4776216e28
  Processing patient: FDM_DPI-2024-7-KRN_Lu177_PSMA__SPECT_Tc_2__Pat35
    Loss: NaN
  Processing patient: FDM_DPI-2024-7-KRN_Lu177_PSMA__SPECT_Tc_2__Pat45
    Loss: NaN
  Processing patient: FDM_DPI-2024-7-KRN_Lu177_PSMA__SPECT_Tc_2__Pat46
    Loss: NaN
  Processing patient: FDM_DPI-2024-7-KRN_Lu177_PSMA__SPECT_Tc_2__Pat47
    Loss: NaN
  Processing patient: FDM_DPI-2024-7-KRN_Lu177_PSMA__SPECT_Tc_2__Pat5
    Loss: NaN
  Processing patient: FDM_DPI-2024-7-KRN_Lu177_PSMA__SPECT_Tc_2__Pat51
    Loss: NaN
  Processing patient: FDM_DPI-2024-7-KRN_Lu177_PSMA__SPECT_Tc_2__Pat52
    Loss: NaN
  Processing patient: FDM_DPI-2024-7-KRN_Lu177_PSMA__SPECT_Tc_2__Pat54
    Loss: Inf
  Processing patient: FDM_DPI-2024-7-KRN_Lu177_PSMA__SPECT_Tc_2__Pat55
    Loss: NaN
  Processing patient: FDM_DPI-2024-7-KRN_Lu177_PSMA__SPECT_Tc_2__Pat6
    Loss: NaN
  Processing patient: FDM_DPI-2024-7-KRN_Lu177_PSMA__SPECT_Tc_2__Pat60
    Loss: NaN
  Processing patient: FDM_DPI-2024-7-KRN_Lu177_PSMA__SPECT_Tc_2__Pat61
    Loss: NaN
  Processing patient: FDM_DPI-2024-7-KRN_Lu177_PSMA__SPECT_Tc_2__Pat64
    Loss: NaN
  Processing patient: FDM_DPI-2024-7-KRN_Lu177_PSMA__SPECT_Tc_2__Pat67
Missing files in test_data/dataset_Lu/FDM_DPI-2024-7-KRN_Lu177_PSMA__SPECT_Tc_2__Pat67
  Processing patient: FDM_DPI-2024-7-KRN_Lu177_PSMA__SPECT_Tc_2__Pat68
Missing files in test_data/dataset_Lu/FDM_DPI-2024-7-KRN_Lu177_PSMA__SPECT_Tc_2__Pat68
  Processing patient: FDM_DPI-2024-7-KRN_Lu177_PSMA__SPECT_Tc_2__Pat75
    Loss: NaN
  Processing patient: FDM_DPI-2024-7-KRN_Lu177_PSMA__SPECT_Tc_2__Pat8
    Loss: NaN
  Processing patient: FDM_DPI-2024-7-KRN_Lu177_PSMA__SPECT_Tc_2__Pat82
    Loss: NaN
  Processing patient: FDM_DPI-2024-7-KRN_Lu177_PSMA__SPECT_Tc_2__Pat87
    Loss: NaN
  Processing patient: FDM_DPI-2024-7-KRN_Lu177_PSMA__SPECT_Tc_2__Pat9
    Loss: 3.704435e28
  Processing patient: FDM_DPI-2024-7-KRN_Lu177_PSMA__SPECT_Tc_2__Pat91
    Loss: NaN
  Processing patient: FDM_DPI-2024-7-KRN_Lu177_PSMA__SPECT_Tc_2__Pat93
    Loss: NaN
  Processing patient: FDM_DPI-2024-7-KRN_Lu177_PSMA__SPECT_Tc_2__Pat94
    Loss: NaN
  Processing patient: FDM_DPI-2024-7-KRN_Lu177_PSMA__SPECT_Tc_2__Pat95
    Loss: NaN
  Processing patient: FDM_DPI-2024-7-KRN_Lu177_PSMA__SPECT_Tc_3__Pat1
    Loss: NaN
  Processing patient: FDM_DPI-2024-7-KRN_Lu177_PSMA__SPECT_Tc_3__Pat10
    Loss: NaN
  Processing patient: FDM_DPI-2024-7-KRN_Lu177_PSMA__SPECT_Tc_3__Pat103
    Loss: NaN
  Processing patient: FDM_DPI-2024-7-KRN_Lu177_PSMA__SPECT_Tc_3__Pat105
    Loss: NaN
  Processing patient: FDM_DPI-2024-7-KRN_Lu177_PSMA__SPECT_Tc_3__Pat108
    Loss: NaN
  Processing patient: FDM_DPI-2024-7-KRN_Lu177_PSMA__SPECT_Tc_3__Pat11
    Loss: NaN
  Processing patient: FDM_DPI-2024-7-KRN_Lu177_PSMA__SPECT_Tc_3__Pat111
    Loss: NaN
  Processing patient: FDM_DPI-2024-7-KRN_Lu177_PSMA__SPECT_Tc_3__Pat114
    Loss: NaN
  Processing patient: FDM_DPI-2024-7-KRN_Lu177_PSMA__SPECT_Tc_3__Pat118
    Loss: NaN
  Processing patient: FDM_DPI-2024-7-KRN_Lu177_PSMA__SPECT_Tc_3__Pat119
    Loss: 2.8044858e29
  Processing patient: FDM_DPI-2024-7-KRN_Lu177_PSMA__SPECT_Tc_3__Pat121
    Loss: NaN
  Processing patient: FDM_DPI-2024-7-KRN_Lu177_PSMA__SPECT_Tc_3__Pat122
    Loss: NaN
  Processing patient: FDM_DPI-2024-7-KRN_Lu177_PSMA__SPECT_Tc_3__Pat124
    Loss: NaN
  Processing patient: FDM_DPI-2024-7-KRN_Lu177_PSMA__SPECT_Tc_3__Pat127
    Loss: 5.607849e26
  Processing patient: FDM_DPI-2024-7-KRN_Lu177_PSMA__SPECT_Tc_3__Pat128
    Loss: NaN
  Processing patient: FDM_DPI-2024-7-KRN_Lu177_PSMA__SPECT_Tc_3__Pat13
    Loss: NaN
  Processing patient: FDM_DPI-2024-7-KRN_Lu177_PSMA__SPECT_Tc_3__Pat14
    Loss: NaN
  Processing patient: FDM_DPI-2024-7-KRN_Lu177_PSMA__SPECT_Tc_3__Pat15
    Loss: NaN
  Processing patient: FDM_DPI-2024-7-KRN_Lu177_PSMA__SPECT_Tc_3__Pat16
    Loss: NaN
  Processing patient: FDM_DPI-2024-7-KRN_Lu177_PSMA__SPECT_Tc_3__Pat17
    Loss: NaN
  Processing patient: FDM_DPI-2024-7-KRN_Lu177_PSMA__SPECT_Tc_3__Pat2
    Loss: NaN
  Processing patient: FDM_DPI-2024-7-KRN_Lu177_PSMA__SPECT_Tc_3__Pat20
    Loss: NaN
  Processing patient: FDM_DPI-2024-7-KRN_Lu177_PSMA__SPECT_Tc_3__Pat21
    Loss: NaN
  Processing patient: FDM_DPI-2024-7-KRN_Lu177_PSMA__SPECT_Tc_3__Pat22
    Loss: NaN
  Processing patient: FDM_DPI-2024-7-KRN_Lu177_PSMA__SPECT_Tc_3__Pat25
    Loss: 1.7627618e28
  Processing patient: FDM_DPI-2024-7-KRN_Lu177_PSMA__SPECT_Tc_3__Pat27
    Loss: NaN
  Processing patient: FDM_DPI-2024-7-KRN_Lu177_PSMA__SPECT_Tc_3__Pat28
    Loss: NaN
  Processing patient: FDM_DPI-2024-7-KRN_Lu177_PSMA__SPECT_Tc_3__Pat29
    Loss: 2.4602309e27
  Processing patient: FDM_DPI-2024-7-KRN_Lu177_PSMA__SPECT_Tc_3__Pat3
    Loss: NaN
  Processing patient: FDM_DPI-2024-7-KRN_Lu177_PSMA__SPECT_Tc_3__Pat30
    Loss: NaN
  Processing patient: FDM_DPI-2024-7-KRN_Lu177_PSMA__SPECT_Tc_3__Pat31
    Loss: NaN
  Processing patient: FDM_DPI-2024-7-KRN_Lu177_PSMA__SPECT_Tc_3__Pat35
    Loss: NaN
  Processing patient: FDM_DPI-2024-7-KRN_Lu177_PSMA__SPECT_Tc_3__Pat45
    Loss: 2.9376274e29
  Processing patient: FDM_DPI-2024-7-KRN_Lu177_PSMA__SPECT_Tc_3__Pat46
    Loss: NaN
  Processing patient: FDM_DPI-2024-7-KRN_Lu177_PSMA__SPECT_Tc_3__Pat47
    Loss: NaN
  Processing patient: FDM_DPI-2024-7-KRN_Lu177_PSMA__SPECT_Tc_3__Pat5
    Loss: NaN
  Processing patient: FDM_DPI-2024-7-KRN_Lu177_PSMA__SPECT_Tc_3__Pat51
    Loss: NaN
  Processing patient: FDM_DPI-2024-7-KRN_Lu177_PSMA__SPECT_Tc_3__Pat52
Missing files in test_data/dataset_Lu/FDM_DPI-2024-7-KRN_Lu177_PSMA__SPECT_Tc_3__Pat52
  Processing patient: FDM_DPI-2024-7-KRN_Lu177_PSMA__SPECT_Tc_3__Pat54
    Loss: NaN
  Processing patient: FDM_DPI-2024-7-KRN_Lu177_PSMA__SPECT_Tc_3__Pat55
    Loss: NaN
  Processing patient: FDM_DPI-2024-7-KRN_Lu177_PSMA__SPECT_Tc_3__Pat6
    Loss: NaN
  Processing patient: FDM_DPI-2024-7-KRN_Lu177_PSMA__SPECT_Tc_3__Pat60
Missing files in test_data/dataset_Lu/FDM_DPI-2024-7-KRN_Lu177_PSMA__SPECT_Tc_3__Pat60
  Processing patient: FDM_DPI-2024-7-KRN_Lu177_PSMA__SPECT_Tc_3__Pat61
Missing files in test_data/dataset_Lu/FDM_DPI-2024-7-KRN_Lu177_PSMA__SPECT_Tc_3__Pat61
  Processing patient: FDM_DPI-2024-7-KRN_Lu177_PSMA__SPECT_Tc_3__Pat64
    Loss: NaN
  Processing patient: FDM_DPI-2024-7-KRN_Lu177_PSMA__SPECT_Tc_3__Pat67
    Loss: NaN
  Processing patient: FDM_DPI-2024-7-KRN_Lu177_PSMA__SPECT_Tc_3__Pat68
    Loss: NaN
  Processing patient: FDM_DPI-2024-7-KRN_Lu177_PSMA__SPECT_Tc_3__Pat75
    Loss: NaN
  Processing patient: FDM_DPI-2024-7-KRN_Lu177_PSMA__SPECT_Tc_3__Pat8
    Loss: NaN
  Processing patient: FDM_DPI-2024-7-KRN_Lu177_PSMA__SPECT_Tc_3__Pat82
    Loss: NaN
  Processing patient: FDM_DPI-2024-7-KRN_Lu177_PSMA__SPECT_Tc_3__Pat87
