  Activating project at `~/project_ssd/MedImages.jl`
┌ Warning: Verbosity toggle: dt_NaN 
│  Automatic dt set the starting dt as NaN, causing instability. Exiting.
└ @ OrdinaryDiffEqCore ~/.julia/packages/OrdinaryDiffEqCore/mNgXc/src/solve.jl:902
┌ Warning: Verbosity toggle: dt_NaN 
│  NaN dt detected. Likely a NaN value in the state, parameters, or derivative value caused this outcome.
└ @ SciMLBase ~/.julia/packages/SciMLBase/RJROr/src/integrator_interface.jl:671
┌ Warning: Verbosity toggle: init_NaN 
│  First function call produced NaNs. Exiting. Double check that none of the initial conditions, parameters, or timespan values are NaN.
└ @ OrdinaryDiffEqCore ~/.julia/packages/OrdinaryDiffEqCore/mNgXc/src/initdt.jl:166
┌ Warning: Verbosity toggle: dt_NaN 
│  Automatic dt set the starting dt as NaN, causing instability. Exiting.
└ @ OrdinaryDiffEqCore ~/.julia/packages/OrdinaryDiffEqCore/mNgXc/src/solve.jl:902
┌ Warning: Verbosity toggle: dt_NaN 
│  NaN dt detected. Likely a NaN value in the state, parameters, or derivative value caused this outcome.
└ @ SciMLBase ~/.julia/packages/SciMLBase/RJROr/src/integrator_interface.jl:671
┌ Warning: Verbosity toggle: init_NaN 
│  First function call produced NaNs. Exiting. Double check that none of the initial conditions, parameters, or timespan values are NaN.
└ @ OrdinaryDiffEqCore ~/.julia/packages/OrdinaryDiffEqCore/mNgXc/src/initdt.jl:331
┌ Warning: Verbosity toggle: dt_NaN 
│  Automatic dt set the starting dt as NaN, causing instability. Exiting.
└ @ OrdinaryDiffEqCore ~/.julia/packages/OrdinaryDiffEqCore/mNgXc/src/solve.jl:902
┌ Warning: Verbosity toggle: dt_NaN 
│  NaN dt detected. Likely a NaN value in the state, parameters, or derivative value caused this outcome.
└ @ SciMLBase ~/.julia/packages/SciMLBase/RJROr/src/integrator_interface.jl:671
┌ Warning: Verbosity toggle: init_NaN 
│  First function call produced NaNs. Exiting. Double check that none of the initial conditions, parameters, or timespan values are NaN.
└ @ OrdinaryDiffEqCore ~/.julia/packages/OrdinaryDiffEqCore/mNgXc/src/initdt.jl:166
┌ Warning: Verbosity toggle: dt_NaN 
│  Automatic dt set the starting dt as NaN, causing instability. Exiting.
└ @ OrdinaryDiffEqCore ~/.julia/packages/OrdinaryDiffEqCore/mNgXc/src/solve.jl:902
┌ Warning: Verbosity toggle: dt_NaN 
│  NaN dt detected. Likely a NaN value in the state, parameters, or derivative value caused this outcome.
└ @ SciMLBase ~/.julia/packages/SciMLBase/RJROr/src/integrator_interface.jl:671
┌ Warning: Verbosity toggle: init_NaN 
│  First function call produced NaNs. Exiting. Double check that none of the initial conditions, parameters, or timespan values are NaN.
└ @ OrdinaryDiffEqCore ~/.julia/packages/OrdinaryDiffEqCore/mNgXc/src/initdt.jl:166
┌ Warning: Verbosity toggle: dt_NaN 
│  Automatic dt set the starting dt as NaN, causing instability. Exiting.
└ @ OrdinaryDiffEqCore ~/.julia/packages/OrdinaryDiffEqCore/mNgXc/src/solve.jl:902
┌ Warning: Verbosity toggle: dt_NaN 
│  NaN dt detected. Likely a NaN value in the state, parameters, or derivative value caused this outcome.
└ @ SciMLBase ~/.julia/packages/SciMLBase/RJROr/src/integrator_interface.jl:671
┌ Warning: Verbosity toggle: init_NaN 
│  First function call produced NaNs. Exiting. Double check that none of the initial conditions, parameters, or timespan values are NaN.
└ @ OrdinaryDiffEqCore ~/.julia/packages/OrdinaryDiffEqCore/mNgXc/src/initdt.jl:331
┌ Warning: Verbosity toggle: dt_NaN 
│  Automatic dt set the starting dt as NaN, causing instability. Exiting.
└ @ OrdinaryDiffEqCore ~/.julia/packages/OrdinaryDiffEqCore/mNgXc/src/solve.jl:902
┌ Warning: Verbosity toggle: dt_NaN 
│  NaN dt detected. Likely a NaN value in the state, parameters, or derivative value caused this outcome.
└ @ SciMLBase ~/.julia/packages/SciMLBase/RJROr/src/integrator_interface.jl:671
┌ Warning: Verbosity toggle: init_NaN 
│  First function call produced NaNs. Exiting. Double check that none of the initial conditions, parameters, or timespan values are NaN.
└ @ OrdinaryDiffEqCore ~/.julia/packages/OrdinaryDiffEqCore/mNgXc/src/initdt.jl:166
┌ Warning: Verbosity toggle: dt_NaN 
│  Automatic dt set the starting dt as NaN, causing instability. Exiting.
└ @ OrdinaryDiffEqCore ~/.julia/packages/OrdinaryDiffEqCore/mNgXc/src/solve.jl:902
┌ Warning: Verbosity toggle: dt_NaN 
│  NaN dt detected. Likely a NaN value in the state, parameters, or derivative value caused this outcome.
└ @ SciMLBase ~/.julia/packages/SciMLBase/RJROr/src/integrator_interface.jl:671
┌ Warning: Verbosity toggle: init_NaN 
│  First function call produced NaNs. Exiting. Double check that none of the initial conditions, parameters, or timespan values are NaN.
└ @ OrdinaryDiffEqCore ~/.julia/packages/OrdinaryDiffEqCore/mNgXc/src/initdt.jl:166
┌ Warning: Verbosity toggle: dt_NaN 
│  Automatic dt set the starting dt as NaN, causing instability. Exiting.
└ @ OrdinaryDiffEqCore ~/.julia/packages/OrdinaryDiffEqCore/mNgXc/src/solve.jl:902
┌ Warning: Verbosity toggle: dt_NaN 
│  NaN dt detected. Likely a NaN value in the state, parameters, or derivative value caused this outcome.
└ @ SciMLBase ~/.julia/packages/SciMLBase/RJROr/src/integrator_interface.jl:671
┌ Warning: Verbosity toggle: init_NaN 
│  First function call produced NaNs. Exiting. Double check that none of the initial conditions, parameters, or timespan values are NaN.
└ @ OrdinaryDiffEqCore ~/.julia/packages/OrdinaryDiffEqCore/mNgXc/src/initdt.jl:166
┌ Warning: Verbosity toggle: dt_NaN 
│  Automatic dt set the starting dt as NaN, causing instability. Exiting.
└ @ OrdinaryDiffEqCore ~/.julia/packages/OrdinaryDiffEqCore/mNgXc/src/solve.jl:902
┌ Warning: Verbosity toggle: dt_NaN 
│  NaN dt detected. Likely a NaN value in the state, parameters, or derivative value caused this outcome.
└ @ SciMLBase ~/.julia/packages/SciMLBase/RJROr/src/integrator_interface.jl:671
┌ Warning: Verbosity toggle: init_NaN 
│  First function call produced NaNs. Exiting. Double check that none of the initial conditions, parameters, or timespan values are NaN.
└ @ OrdinaryDiffEqCore ~/.julia/packages/OrdinaryDiffEqCore/mNgXc/src/initdt.jl:166
┌ Warning: Verbosity toggle: init_NaN 
│  First function call produced NaNs. Exiting. Double check that none of the initial conditions, parameters, or timespan values are NaN.
└ @ OrdinaryDiffEqCore ~/.julia/packages/OrdinaryDiffEqCore/mNgXc/src/initdt.jl:331
┌ Warning: Verbosity toggle: dt_NaN 
│  Automatic dt set the starting dt as NaN, causing instability. Exiting.
└ @ OrdinaryDiffEqCore ~/.julia/packages/OrdinaryDiffEqCore/mNgXc/src/solve.jl:902
┌ Warning: Verbosity toggle: dt_NaN 
│  NaN dt detected. Likely a NaN value in the state, parameters, or derivative value caused this outcome.
└ @ SciMLBase ~/.julia/packages/SciMLBase/RJROr/src/integrator_interface.jl:671
┌ Warning: Verbosity toggle: init_NaN 
│  First function call produced NaNs. Exiting. Double check that none of the initial conditions, parameters, or timespan values are NaN.
└ @ OrdinaryDiffEqCore ~/.julia/packages/OrdinaryDiffEqCore/mNgXc/src/initdt.jl:166
┌ Warning: Verbosity toggle: dt_NaN 
│  Automatic dt set the starting dt as NaN, causing instability. Exiting.
└ @ OrdinaryDiffEqCore ~/.julia/packages/OrdinaryDiffEqCore/mNgXc/src/solve.jl:902
┌ Warning: Verbosity toggle: dt_NaN 
│  NaN dt detected. Likely a NaN value in the state, parameters, or derivative value caused this outcome.
└ @ SciMLBase ~/.julia/packages/SciMLBase/RJROr/src/integrator_interface.jl:671
┌ Warning: Verbosity toggle: init_NaN 
│  First function call produced NaNs. Exiting. Double check that none of the initial conditions, parameters, or timespan values are NaN.
└ @ OrdinaryDiffEqCore ~/.julia/packages/OrdinaryDiffEqCore/mNgXc/src/initdt.jl:166
┌ Warning: Verbosity toggle: init_NaN 
│  First function call produced NaNs. Exiting. Double check that none of the initial conditions, parameters, or timespan values are NaN.
└ @ OrdinaryDiffEqCore ~/.julia/packages/OrdinaryDiffEqCore/mNgXc/src/initdt.jl:331
┌ Warning: Verbosity toggle: dt_NaN 
│  Automatic dt set the starting dt as NaN, causing instability. Exiting.
└ @ OrdinaryDiffEqCore ~/.julia/packages/OrdinaryDiffEqCore/mNgXc/src/solve.jl:902
┌ Warning: Verbosity toggle: dt_NaN 
│  NaN dt detected. Likely a NaN value in the state, parameters, or derivative value caused this outcome.
└ @ SciMLBase ~/.julia/packages/SciMLBase/RJROr/src/integrator_interface.jl:671
┌ Warning: Verbosity toggle: init_NaN 
│  First function call produced NaNs. Exiting. Double check that none of the initial conditions, parameters, or timespan values are NaN.
└ @ OrdinaryDiffEqCore ~/.julia/packages/OrdinaryDiffEqCore/mNgXc/src/initdt.jl:166
┌ Warning: Verbosity toggle: init_NaN 
│  First function call produced NaNs. Exiting. Double check that none of the initial conditions, parameters, or timespan values are NaN.
└ @ OrdinaryDiffEqCore ~/.julia/packages/OrdinaryDiffEqCore/mNgXc/src/initdt.jl:331
┌ Warning: Verbosity toggle: dt_NaN 
│  Automatic dt set the starting dt as NaN, causing instability. Exiting.
└ @ OrdinaryDiffEqCore ~/.julia/packages/OrdinaryDiffEqCore/mNgXc/src/solve.jl:902
┌ Warning: Verbosity toggle: dt_NaN 
│  NaN dt detected. Likely a NaN value in the state, parameters, or derivative value caused this outcome.
└ @ SciMLBase ~/.julia/packages/SciMLBase/RJROr/src/integrator_interface.jl:671
┌ Warning: Verbosity toggle: init_NaN 
│  First function call produced NaNs. Exiting. Double check that none of the initial conditions, parameters, or timespan values are NaN.
└ @ OrdinaryDiffEqCore ~/.julia/packages/OrdinaryDiffEqCore/mNgXc/src/initdt.jl:166
┌ Warning: Verbosity toggle: init_NaN 
│  First function call produced NaNs. Exiting. Double check that none of the initial conditions, parameters, or timespan values are NaN.
└ @ OrdinaryDiffEqCore ~/.julia/packages/OrdinaryDiffEqCore/mNgXc/src/initdt.jl:331
┌ Warning: Verbosity toggle: dt_NaN 
│  Automatic dt set the starting dt as NaN, causing instability. Exiting.
└ @ OrdinaryDiffEqCore ~/.julia/packages/OrdinaryDiffEqCore/mNgXc/src/solve.jl:902
┌ Warning: Verbosity toggle: dt_NaN 
│  NaN dt detected. Likely a NaN value in the state, parameters, or derivative value caused this outcome.
└ @ SciMLBase ~/.julia/packages/SciMLBase/RJROr/src/integrator_interface.jl:671
┌ Warning: Verbosity toggle: init_NaN 
│  First function call produced NaNs. Exiting. Double check that none of the initial conditions, parameters, or timespan values are NaN.
└ @ OrdinaryDiffEqCore ~/.julia/packages/OrdinaryDiffEqCore/mNgXc/src/initdt.jl:166
┌ Warning: Verbosity toggle: init_NaN 
│  First function call produced NaNs. Exiting. Double check that none of the initial conditions, parameters, or timespan values are NaN.
└ @ OrdinaryDiffEqCore ~/.julia/packages/OrdinaryDiffEqCore/mNgXc/src/initdt.jl:331
┌ Warning: Verbosity toggle: dt_NaN 
│  Automatic dt set the starting dt as NaN, causing instability. Exiting.
└ @ OrdinaryDiffEqCore ~/.julia/packages/OrdinaryDiffEqCore/mNgXc/src/solve.jl:902
┌ Warning: Verbosity toggle: dt_NaN 
│  NaN dt detected. Likely a NaN value in the state, parameters, or derivative value caused this outcome.
└ @ SciMLBase ~/.julia/packages/SciMLBase/RJROr/src/integrator_interface.jl:671
┌ Warning: Verbosity toggle: init_NaN 
│  First function call produced NaNs. Exiting. Double check that none of the initial conditions, parameters, or timespan values are NaN.
└ @ OrdinaryDiffEqCore ~/.julia/packages/OrdinaryDiffEqCore/mNgXc/src/initdt.jl:166
┌ Warning: Verbosity toggle: init_NaN 
│  First function call produced NaNs. Exiting. Double check that none of the initial conditions, parameters, or timespan values are NaN.
└ @ OrdinaryDiffEqCore ~/.julia/packages/OrdinaryDiffEqCore/mNgXc/src/initdt.jl:331
┌ Warning: Verbosity toggle: dt_NaN 
│  Automatic dt set the starting dt as NaN, causing instability. Exiting.
└ @ OrdinaryDiffEqCore ~/.julia/packages/OrdinaryDiffEqCore/mNgXc/src/solve.jl:902
┌ Warning: Verbosity toggle: dt_NaN 
│  NaN dt detected. Likely a NaN value in the state, parameters, or derivative value caused this outcome.
└ @ SciMLBase ~/.julia/packages/SciMLBase/RJROr/src/integrator_interface.jl:671
┌ Warning: Verbosity toggle: init_NaN 
│  First function call produced NaNs. Exiting. Double check that none of the initial conditions, parameters, or timespan values are NaN.
└ @ OrdinaryDiffEqCore ~/.julia/packages/OrdinaryDiffEqCore/mNgXc/src/initdt.jl:166
┌ Warning: Verbosity toggle: dt_NaN 
│  Automatic dt set the starting dt as NaN, causing instability. Exiting.
└ @ OrdinaryDiffEqCore ~/.julia/packages/OrdinaryDiffEqCore/mNgXc/src/solve.jl:902
┌ Warning: Verbosity toggle: dt_NaN 
│  NaN dt detected. Likely a NaN value in the state, parameters, or derivative value caused this outcome.
└ @ SciMLBase ~/.julia/packages/SciMLBase/RJROr/src/integrator_interface.jl:671
┌ Warning: Verbosity toggle: init_NaN 
│  First function call produced NaNs. Exiting. Double check that none of the initial conditions, parameters, or timespan values are NaN.
└ @ OrdinaryDiffEqCore ~/.julia/packages/OrdinaryDiffEqCore/mNgXc/src/initdt.jl:166
┌ Warning: Verbosity toggle: init_NaN 
│  First function call produced NaNs. Exiting. Double check that none of the initial conditions, parameters, or timespan values are NaN.
└ @ OrdinaryDiffEqCore ~/.julia/packages/OrdinaryDiffEqCore/mNgXc/src/initdt.jl:331
┌ Warning: Verbosity toggle: dt_NaN 
│  Automatic dt set the starting dt as NaN, causing instability. Exiting.
└ @ OrdinaryDiffEqCore ~/.julia/packages/OrdinaryDiffEqCore/mNgXc/src/solve.jl:902
┌ Warning: Verbosity toggle: dt_NaN 
│  NaN dt detected. Likely a NaN value in the state, parameters, or derivative value caused this outcome.
└ @ SciMLBase ~/.julia/packages/SciMLBase/RJROr/src/integrator_interface.jl:671
┌ Warning: Verbosity toggle: init_NaN 
│  First function call produced NaNs. Exiting. Double check that none of the initial conditions, parameters, or timespan values are NaN.
└ @ OrdinaryDiffEqCore ~/.julia/packages/OrdinaryDiffEqCore/mNgXc/src/initdt.jl:166
┌ Warning: Verbosity toggle: dt_NaN 
│  Automatic dt set the starting dt as NaN, causing instability. Exiting.
└ @ OrdinaryDiffEqCore ~/.julia/packages/OrdinaryDiffEqCore/mNgXc/src/solve.jl:902
┌ Warning: Verbosity toggle: dt_NaN 
│  NaN dt detected. Likely a NaN value in the state, parameters, or derivative value caused this outcome.
└ @ SciMLBase ~/.julia/packages/SciMLBase/RJROr/src/integrator_interface.jl:671
┌ Warning: Verbosity toggle: init_NaN 
│  First function call produced NaNs. Exiting. Double check that none of the initial conditions, parameters, or timespan values are NaN.
└ @ OrdinaryDiffEqCore ~/.julia/packages/OrdinaryDiffEqCore/mNgXc/src/initdt.jl:166
┌ Warning: Verbosity toggle: init_NaN 
│  First function call produced NaNs. Exiting. Double check that none of the initial conditions, parameters, or timespan values are NaN.
└ @ OrdinaryDiffEqCore ~/.julia/packages/OrdinaryDiffEqCore/mNgXc/src/initdt.jl:331
┌ Warning: Verbosity toggle: dt_NaN 
│  Automatic dt set the starting dt as NaN, causing instability. Exiting.
└ @ OrdinaryDiffEqCore ~/.julia/packages/OrdinaryDiffEqCore/mNgXc/src/solve.jl:902
┌ Warning: Verbosity toggle: dt_NaN 
│  NaN dt detected. Likely a NaN value in the state, parameters, or derivative value caused this outcome.
└ @ SciMLBase ~/.julia/packages/SciMLBase/RJROr/src/integrator_interface.jl:671
┌ Warning: Verbosity toggle: init_NaN 
│  First function call produced NaNs. Exiting. Double check that none of the initial conditions, parameters, or timespan values are NaN.
└ @ OrdinaryDiffEqCore ~/.julia/packages/OrdinaryDiffEqCore/mNgXc/src/initdt.jl:166
┌ Warning: Verbosity toggle: init_NaN 
│  First function call produced NaNs. Exiting. Double check that none of the initial conditions, parameters, or timespan values are NaN.
└ @ OrdinaryDiffEqCore ~/.julia/packages/OrdinaryDiffEqCore/mNgXc/src/initdt.jl:331
┌ Warning: Verbosity toggle: dt_NaN 
│  Automatic dt set the starting dt as NaN, causing instability. Exiting.
└ @ OrdinaryDiffEqCore ~/.julia/packages/OrdinaryDiffEqCore/mNgXc/src/solve.jl:902
┌ Warning: Verbosity toggle: dt_NaN 
│  NaN dt detected. Likely a NaN value in the state, parameters, or derivative value caused this outcome.
└ @ SciMLBase ~/.julia/packages/SciMLBase/RJROr/src/integrator_interface.jl:671
┌ Warning: Verbosity toggle: init_NaN 
│  First function call produced NaNs. Exiting. Double check that none of the initial conditions, parameters, or timespan values are NaN.
└ @ OrdinaryDiffEqCore ~/.julia/packages/OrdinaryDiffEqCore/mNgXc/src/initdt.jl:166
┌ Warning: Verbosity toggle: dt_NaN 
│  Automatic dt set the starting dt as NaN, causing instability. Exiting.
└ @ OrdinaryDiffEqCore ~/.julia/packages/OrdinaryDiffEqCore/mNgXc/src/solve.jl:902
┌ Warning: Verbosity toggle: dt_NaN 
│  NaN dt detected. Likely a NaN value in the state, parameters, or derivative value caused this outcome.
└ @ SciMLBase ~/.julia/packages/SciMLBase/RJROr/src/integrator_interface.jl:671
┌ Warning: Verbosity toggle: init_NaN 
│  First function call produced NaNs. Exiting. Double check that none of the initial conditions, parameters, or timespan values are NaN.
└ @ OrdinaryDiffEqCore ~/.julia/packages/OrdinaryDiffEqCore/mNgXc/src/initdt.jl:166
┌ Warning: Verbosity toggle: dt_NaN 
│  Automatic dt set the starting dt as NaN, causing instability. Exiting.
└ @ OrdinaryDiffEqCore ~/.julia/packages/OrdinaryDiffEqCore/mNgXc/src/solve.jl:902
┌ Warning: Verbosity toggle: dt_NaN 
│  NaN dt detected. Likely a NaN value in the state, parameters, or derivative value caused this outcome.
└ @ SciMLBase ~/.julia/packages/SciMLBase/RJROr/src/integrator_interface.jl:671
┌ Warning: Verbosity toggle: init_NaN 
│  First function call produced NaNs. Exiting. Double check that none of the initial conditions, parameters, or timespan values are NaN.
└ @ OrdinaryDiffEqCore ~/.julia/packages/OrdinaryDiffEqCore/mNgXc/src/initdt.jl:166
┌ Warning: Verbosity toggle: init_NaN 
│  First function call produced NaNs. Exiting. Double check that none of the initial conditions, parameters, or timespan values are NaN.
└ @ OrdinaryDiffEqCore ~/.julia/packages/OrdinaryDiffEqCore/mNgXc/src/initdt.jl:331
┌ Warning: Verbosity toggle: dt_NaN 
│  Automatic dt set the starting dt as NaN, causing instability. Exiting.
└ @ OrdinaryDiffEqCore ~/.julia/packages/OrdinaryDiffEqCore/mNgXc/src/solve.jl:902
┌ Warning: Verbosity toggle: dt_NaN 
│  NaN dt detected. Likely a NaN value in the state, parameters, or derivative value caused this outcome.
└ @ SciMLBase ~/.julia/packages/SciMLBase/RJROr/src/integrator_interface.jl:671
┌ Warning: Verbosity toggle: init_NaN 
│  First function call produced NaNs. Exiting. Double check that none of the initial conditions, parameters, or timespan values are NaN.
└ @ OrdinaryDiffEqCore ~/.julia/packages/OrdinaryDiffEqCore/mNgXc/src/initdt.jl:166
┌ Warning: Verbosity toggle: init_NaN 
│  First function call produced NaNs. Exiting. Double check that none of the initial conditions, parameters, or timespan values are NaN.
└ @ OrdinaryDiffEqCore ~/.julia/packages/OrdinaryDiffEqCore/mNgXc/src/initdt.jl:331
┌ Warning: Verbosity toggle: dt_NaN 
│  Automatic dt set the starting dt as NaN, causing instability. Exiting.
└ @ OrdinaryDiffEqCore ~/.julia/packages/OrdinaryDiffEqCore/mNgXc/src/solve.jl:902
┌ Warning: Verbosity toggle: dt_NaN 
│  NaN dt detected. Likely a NaN value in the state, parameters, or derivative value caused this outcome.
└ @ SciMLBase ~/.julia/packages/SciMLBase/RJROr/src/integrator_interface.jl:671
┌ Warning: Verbosity toggle: init_NaN 
│  First function call produced NaNs. Exiting. Double check that none of the initial conditions, parameters, or timespan values are NaN.
└ @ OrdinaryDiffEqCore ~/.julia/packages/OrdinaryDiffEqCore/mNgXc/src/initdt.jl:166
┌ Warning: Verbosity toggle: dt_NaN 
│  Automatic dt set the starting dt as NaN, causing instability. Exiting.
└ @ OrdinaryDiffEqCore ~/.julia/packages/OrdinaryDiffEqCore/mNgXc/src/solve.jl:902
┌ Warning: Verbosity toggle: dt_NaN 
│  NaN dt detected. Likely a NaN value in the state, parameters, or derivative value caused this outcome.
└ @ SciMLBase ~/.julia/packages/SciMLBase/RJROr/src/integrator_interface.jl:671
┌ Warning: Verbosity toggle: init_NaN 
│  First function call produced NaNs. Exiting. Double check that none of the initial conditions, parameters, or timespan values are NaN.
└ @ OrdinaryDiffEqCore ~/.julia/packages/OrdinaryDiffEqCore/mNgXc/src/initdt.jl:166
┌ Warning: Verbosity toggle: dt_NaN 
│  Automatic dt set the starting dt as NaN, causing instability. Exiting.
└ @ OrdinaryDiffEqCore ~/.julia/packages/OrdinaryDiffEqCore/mNgXc/src/solve.jl:902
┌ Warning: Verbosity toggle: dt_NaN 
│  NaN dt detected. Likely a NaN value in the state, parameters, or derivative value caused this outcome.
└ @ SciMLBase ~/.julia/packages/SciMLBase/RJROr/src/integrator_interface.jl:671
┌ Warning: Verbosity toggle: init_NaN 
│  First function call produced NaNs. Exiting. Double check that none of the initial conditions, parameters, or timespan values are NaN.
└ @ OrdinaryDiffEqCore ~/.julia/packages/OrdinaryDiffEqCore/mNgXc/src/initdt.jl:166
┌ Warning: Verbosity toggle: init_NaN 
│  First function call produced NaNs. Exiting. Double check that none of the initial conditions, parameters, or timespan values are NaN.
└ @ OrdinaryDiffEqCore ~/.julia/packages/OrdinaryDiffEqCore/mNgXc/src/initdt.jl:331
┌ Warning: Verbosity toggle: dt_NaN 
│  Automatic dt set the starting dt as NaN, causing instability. Exiting.
└ @ OrdinaryDiffEqCore ~/.julia/packages/OrdinaryDiffEqCore/mNgXc/src/solve.jl:902
┌ Warning: Verbosity toggle: dt_NaN 
│  NaN dt detected. Likely a NaN value in the state, parameters, or derivative value caused this outcome.
└ @ SciMLBase ~/.julia/packages/SciMLBase/RJROr/src/integrator_interface.jl:671
┌ Warning: Verbosity toggle: init_NaN 
│  First function call produced NaNs. Exiting. Double check that none of the initial conditions, parameters, or timespan values are NaN.
└ @ OrdinaryDiffEqCore ~/.julia/packages/OrdinaryDiffEqCore/mNgXc/src/initdt.jl:166
┌ Warning: Verbosity toggle: dt_NaN 
│  Automatic dt set the starting dt as NaN, causing instability. Exiting.
└ @ OrdinaryDiffEqCore ~/.julia/packages/OrdinaryDiffEqCore/mNgXc/src/solve.jl:902
┌ Warning: Verbosity toggle: dt_NaN 
│  NaN dt detected. Likely a NaN value in the state, parameters, or derivative value caused this outcome.
└ @ SciMLBase ~/.julia/packages/SciMLBase/RJROr/src/integrator_interface.jl:671
┌ Warning: Verbosity toggle: init_NaN 
│  First function call produced NaNs. Exiting. Double check that none of the initial conditions, parameters, or timespan values are NaN.
└ @ OrdinaryDiffEqCore ~/.julia/packages/OrdinaryDiffEqCore/mNgXc/src/initdt.jl:166
┌ Warning: Verbosity toggle: dt_NaN 
│  Automatic dt set the starting dt as NaN, causing instability. Exiting.
└ @ OrdinaryDiffEqCore ~/.julia/packages/OrdinaryDiffEqCore/mNgXc/src/solve.jl:902
┌ Warning: Verbosity toggle: dt_NaN 
│  NaN dt detected. Likely a NaN value in the state, parameters, or derivative value caused this outcome.
└ @ SciMLBase ~/.julia/packages/SciMLBase/RJROr/src/integrator_interface.jl:671
┌ Warning: Verbosity toggle: init_NaN 
│  First function call produced NaNs. Exiting. Double check that none of the initial conditions, parameters, or timespan values are NaN.
└ @ OrdinaryDiffEqCore ~/.julia/packages/OrdinaryDiffEqCore/mNgXc/src/initdt.jl:166
┌ Warning: Verbosity toggle: dt_NaN 
│  Automatic dt set the starting dt as NaN, causing instability. Exiting.
└ @ OrdinaryDiffEqCore ~/.julia/packages/OrdinaryDiffEqCore/mNgXc/src/solve.jl:902
┌ Warning: Verbosity toggle: dt_NaN 
│  NaN dt detected. Likely a NaN value in the state, parameters, or derivative value caused this outcome.
└ @ SciMLBase ~/.julia/packages/SciMLBase/RJROr/src/integrator_interface.jl:671
┌ Warning: Verbosity toggle: init_NaN 
│  First function call produced NaNs. Exiting. Double check that none of the initial conditions, parameters, or timespan values are NaN.
└ @ OrdinaryDiffEqCore ~/.julia/packages/OrdinaryDiffEqCore/mNgXc/src/initdt.jl:166
┌ Warning: Verbosity toggle: dt_NaN 
│  Automatic dt set the starting dt as NaN, causing instability. Exiting.
└ @ OrdinaryDiffEqCore ~/.julia/packages/OrdinaryDiffEqCore/mNgXc/src/solve.jl:902
┌ Warning: Verbosity toggle: dt_NaN 
│  NaN dt detected. Likely a NaN value in the state, parameters, or derivative value caused this outcome.
└ @ SciMLBase ~/.julia/packages/SciMLBase/RJROr/src/integrator_interface.jl:671
┌ Warning: Verbosity toggle: init_NaN 
│  First function call produced NaNs. Exiting. Double check that none of the initial conditions, parameters, or timespan values are NaN.
└ @ OrdinaryDiffEqCore ~/.julia/packages/OrdinaryDiffEqCore/mNgXc/src/initdt.jl:166
┌ Warning: Verbosity toggle: init_NaN 
│  First function call produced NaNs. Exiting. Double check that none of the initial conditions, parameters, or timespan values are NaN.
└ @ OrdinaryDiffEqCore ~/.julia/packages/OrdinaryDiffEqCore/mNgXc/src/initdt.jl:331
┌ Warning: Verbosity toggle: dt_NaN 
│  Automatic dt set the starting dt as NaN, causing instability. Exiting.
└ @ OrdinaryDiffEqCore ~/.julia/packages/OrdinaryDiffEqCore/mNgXc/src/solve.jl:902
┌ Warning: Verbosity toggle: dt_NaN 
│  NaN dt detected. Likely a NaN value in the state, parameters, or derivative value caused this outcome.
└ @ SciMLBase ~/.julia/packages/SciMLBase/RJROr/src/integrator_interface.jl:671
┌ Warning: Verbosity toggle: init_NaN 
│  First function call produced NaNs. Exiting. Double check that none of the initial conditions, parameters, or timespan values are NaN.
└ @ OrdinaryDiffEqCore ~/.julia/packages/OrdinaryDiffEqCore/mNgXc/src/initdt.jl:166
┌ Warning: Verbosity toggle: init_NaN 
│  First function call produced NaNs. Exiting. Double check that none of the initial conditions, parameters, or timespan values are NaN.
└ @ OrdinaryDiffEqCore ~/.julia/packages/OrdinaryDiffEqCore/mNgXc/src/initdt.jl:331
┌ Warning: Verbosity toggle: dt_NaN 
│  Automatic dt set the starting dt as NaN, causing instability. Exiting.
└ @ OrdinaryDiffEqCore ~/.julia/packages/OrdinaryDiffEqCore/mNgXc/src/solve.jl:902
┌ Warning: Verbosity toggle: dt_NaN 
│  NaN dt detected. Likely a NaN value in the state, parameters, or derivative value caused this outcome.
└ @ SciMLBase ~/.julia/packages/SciMLBase/RJROr/src/integrator_interface.jl:671
┌ Warning: Verbosity toggle: init_NaN 
│  First function call produced NaNs. Exiting. Double check that none of the initial conditions, parameters, or timespan values are NaN.
└ @ OrdinaryDiffEqCore ~/.julia/packages/OrdinaryDiffEqCore/mNgXc/src/initdt.jl:166
┌ Warning: Verbosity toggle: init_NaN 
│  First function call produced NaNs. Exiting. Double check that none of the initial conditions, parameters, or timespan values are NaN.
└ @ OrdinaryDiffEqCore ~/.julia/packages/OrdinaryDiffEqCore/mNgXc/src/initdt.jl:331
┌ Warning: Verbosity toggle: dt_NaN 
│  Automatic dt set the starting dt as NaN, causing instability. Exiting.
└ @ OrdinaryDiffEqCore ~/.julia/packages/OrdinaryDiffEqCore/mNgXc/src/solve.jl:902
┌ Warning: Verbosity toggle: dt_NaN 
│  NaN dt detected. Likely a NaN value in the state, parameters, or derivative value caused this outcome.
└ @ SciMLBase ~/.julia/packages/SciMLBase/RJROr/src/integrator_interface.jl:671
┌ Warning: Verbosity toggle: init_NaN 
│  First function call produced NaNs. Exiting. Double check that none of the initial conditions, parameters, or timespan values are NaN.
└ @ OrdinaryDiffEqCore ~/.julia/packages/OrdinaryDiffEqCore/mNgXc/src/initdt.jl:166
┌ Warning: Verbosity toggle: dt_NaN 
│  Automatic dt set the starting dt as NaN, causing instability. Exiting.
└ @ OrdinaryDiffEqCore ~/.julia/packages/OrdinaryDiffEqCore/mNgXc/src/solve.jl:902
┌ Warning: Verbosity toggle: dt_NaN 
│  NaN dt detected. Likely a NaN value in the state, parameters, or derivative value caused this outcome.
└ @ SciMLBase ~/.julia/packages/SciMLBase/RJROr/src/integrator_interface.jl:671
┌ Warning: Verbosity toggle: init_NaN 
│  First function call produced NaNs. Exiting. Double check that none of the initial conditions, parameters, or timespan values are NaN.
└ @ OrdinaryDiffEqCore ~/.julia/packages/OrdinaryDiffEqCore/mNgXc/src/initdt.jl:331
┌ Warning: Verbosity toggle: dt_NaN 
│  Automatic dt set the starting dt as NaN, causing instability. Exiting.
└ @ OrdinaryDiffEqCore ~/.julia/packages/OrdinaryDiffEqCore/mNgXc/src/solve.jl:902
┌ Warning: Verbosity toggle: dt_NaN 
│  NaN dt detected. Likely a NaN value in the state, parameters, or derivative value caused this outcome.
└ @ SciMLBase ~/.julia/packages/SciMLBase/RJROr/src/integrator_interface.jl:671
┌ Warning: Verbosity toggle: init_NaN 
│  First function call produced NaNs. Exiting. Double check that none of the initial conditions, parameters, or timespan values are NaN.
└ @ OrdinaryDiffEqCore ~/.julia/packages/OrdinaryDiffEqCore/mNgXc/src/initdt.jl:166
┌ Warning: Verbosity toggle: init_NaN 
│  First function call produced NaNs. Exiting. Double check that none of the initial conditions, parameters, or timespan values are NaN.
└ @ OrdinaryDiffEqCore ~/.julia/packages/OrdinaryDiffEqCore/mNgXc/src/initdt.jl:331
┌ Warning: Verbosity toggle: dt_NaN 
│  Automatic dt set the starting dt as NaN, causing instability. Exiting.
└ @ OrdinaryDiffEqCore ~/.julia/packages/OrdinaryDiffEqCore/mNgXc/src/solve.jl:902
┌ Warning: Verbosity toggle: dt_NaN 
│  NaN dt detected. Likely a NaN value in the state, parameters, or derivative value caused this outcome.
└ @ SciMLBase ~/.julia/packages/SciMLBase/RJROr/src/integrator_interface.jl:671
┌ Warning: Verbosity toggle: init_NaN 
│  First function call produced NaNs. Exiting. Double check that none of the initial conditions, parameters, or timespan values are NaN.
└ @ OrdinaryDiffEqCore ~/.julia/packages/OrdinaryDiffEqCore/mNgXc/src/initdt.jl:166
┌ Warning: Verbosity toggle: dt_NaN 
│  Automatic dt set the starting dt as NaN, causing instability. Exiting.
└ @ OrdinaryDiffEqCore ~/.julia/packages/OrdinaryDiffEqCore/mNgXc/src/solve.jl:902
┌ Warning: Verbosity toggle: dt_NaN 
│  NaN dt detected. Likely a NaN value in the state, parameters, or derivative value caused this outcome.
└ @ SciMLBase ~/.julia/packages/SciMLBase/RJROr/src/integrator_interface.jl:671
┌ Warning: Verbosity toggle: init_NaN 
│  First function call produced NaNs. Exiting. Double check that none of the initial conditions, parameters, or timespan values are NaN.
└ @ OrdinaryDiffEqCore ~/.julia/packages/OrdinaryDiffEqCore/mNgXc/src/initdt.jl:166
┌ Warning: Verbosity toggle: dt_NaN 
│  Automatic dt set the starting dt as NaN, causing instability. Exiting.
└ @ OrdinaryDiffEqCore ~/.julia/packages/OrdinaryDiffEqCore/mNgXc/src/solve.jl:902
┌ Warning: Verbosity toggle: dt_NaN 
│  NaN dt detected. Likely a NaN value in the state, parameters, or derivative value caused this outcome.
└ @ SciMLBase ~/.julia/packages/SciMLBase/RJROr/src/integrator_interface.jl:671
┌ Warning: Verbosity toggle: init_NaN 
│  First function call produced NaNs. Exiting. Double check that none of the initial conditions, parameters, or timespan values are NaN.
└ @ OrdinaryDiffEqCore ~/.julia/packages/OrdinaryDiffEqCore/mNgXc/src/initdt.jl:166
┌ Warning: Verbosity toggle: init_NaN 
│  First function call produced NaNs. Exiting. Double check that none of the initial conditions, parameters, or timespan values are NaN.
└ @ OrdinaryDiffEqCore ~/.julia/packages/OrdinaryDiffEqCore/mNgXc/src/initdt.jl:331
┌ Warning: Verbosity toggle: dt_NaN 
│  Automatic dt set the starting dt as NaN, causing instability. Exiting.
└ @ OrdinaryDiffEqCore ~/.julia/packages/OrdinaryDiffEqCore/mNgXc/src/solve.jl:902

[1707201] signal (2): Interrupt
in expression starting at /home/jm/project_ssd/MedImages.jl/elsarticle/dosimetry/train_ude.jl:275
unknown function (ip: 0x7cf4764ac770)
unknown function (ip: 0x7cf4764a00ab)
unknown function (ip: 0x7cf4764a0806)
pthread_cond_wait at /lib/x86_64-linux-gnu/libc.so.6 (unknown line)
uv_cond_wait at /workspace/srcdir/libuv/src/unix/thread.c:883
ijl_task_get_next at /cache/build/builder-amdci5-7/julialang/julia-release-1-dot-10/src/partr.c:517
poptask at ./task.jl:999
wait at ./task.jl:1008
#wait#647 at ./condition.jl:130
wait at ./condition.jl:125 [inlined]
take! at /home/jm/.julia/packages/CUDA/724Sm/lib/cudadrv/synchronization.jl:53
synchronization_worker at /home/jm/.julia/packages/CUDA/724Sm/lib/cudadrv/synchronization.jl:119
unknown function (ip: 0x7cf359f955e8)
_jl_invoke at /cache/build/builder-amdci5-7/julialang/julia-release-1-dot-10/src/gf.c:2895 [inlined]
ijl_apply_generic at /cache/build/builder-amdci5-7/julialang/julia-release-1-dot-10/src/gf.c:3077
jlcapi_synchronization_worker_16445 at /home/jm/.julia/compiled/v1.10/CUDA/oWw5k_ICQXi.so (unknown line)
unknown function (ip: 0x7cf4764a3d63)
unknown function (ip: 0x7cf4765373fb)
unknown function (ip: (nil))
unknown function (ip: 0x7cf4764ac770)
unknown function (ip: 0x7cf4764a00ab)
unknown function (ip: 0x7cf4764a0806)
pthread_cond_wait at /lib/x86_64-linux-gnu/libc.so.6 (unknown line)
uv_cond_wait at /workspace/srcdir/libuv/src/unix/thread.c:883
ijl_task_get_next at /cache/build/builder-amdci5-7/julialang/julia-release-1-dot-10/src/partr.c:517
poptask at ./task.jl:999
wait at ./task.jl:1008
#wait#647 at ./condition.jl:130
wait at ./condition.jl:125 [inlined]
take! at /home/jm/.julia/packages/CUDA/724Sm/lib/cudadrv/synchronization.jl:53
synchronization_worker at /home/jm/.julia/packages/CUDA/724Sm/lib/cudadrv/synchronization.jl:119
unknown function (ip: 0x7cf359f955e8)
_jl_invoke at /cache/build/builder-amdci5-7/julialang/julia-release-1-dot-10/src/gf.c:2895 [inlined]
ijl_apply_generic at /cache/build/builder-amdci5-7/julialang/julia-release-1-dot-10/src/gf.c:3077
jlcapi_synchronization_worker_16445 at /home/jm/.julia/compiled/v1.10/CUDA/oWw5k_ICQXi.so (unknown line)
unknown function (ip: 0x7cf4764a3d63)
unknown function (ip: 0x7cf4765373fb)
unknown function (ip: (nil))
unknown function (ip: 0x7cf4764ac770)
unknown function (ip: 0x7cf4764a00ab)
unknown function (ip: 0x7cf4764a0806)
pthread_cond_wait at /lib/x86_64-linux-gnu/libc.so.6 (unknown line)
uv_cond_wait at /workspace/srcdir/libuv/src/unix/thread.c:883
ijl_task_get_next at /cache/build/builder-amdci5-7/julialang/julia-release-1-dot-10/src/partr.c:517
poptask at ./task.jl:999
wait at ./task.jl:1008
#wait#647 at ./condition.jl:130
wait at ./condition.jl:125 [inlined]
take! at /home/jm/.julia/packages/CUDA/724Sm/lib/cudadrv/synchronization.jl:53
synchronization_worker at /home/jm/.julia/packages/CUDA/724Sm/lib/cudadrv/synchronization.jl:119
unknown function (ip: 0x7cf359f955e8)
_jl_invoke at /cache/build/builder-amdci5-7/julialang/julia-release-1-dot-10/src/gf.c:2895 [inlined]
ijl_apply_generic at /cache/build/builder-amdci5-7/julialang/julia-release-1-dot-10/src/gf.c:3077
jlcapi_synchronization_worker_16445 at /home/jm/.julia/compiled/v1.10/CUDA/oWw5k_ICQXi.so (unknown line)
unknown function (ip: 0x7cf4764a3d63)
unknown function (ip: 0x7cf4765373fb)
unknown function (ip: (nil))
unknown function (ip: 0x7cf4764ac770)
unknown function (ip: 0x7cf4764a00ab)
unknown function (ip: 0x7cf4764a0806)
pthread_cond_wait at /lib/x86_64-linux-gnu/libc.so.6 (unknown line)
uv_cond_wait at /workspace/srcdir/libuv/src/unix/thread.c:883
ijl_task_get_next at /cache/build/builder-amdci5-7/julialang/julia-release-1-dot-10/src/partr.c:517
poptask at ./task.jl:999
wait at ./task.jl:1008
#wait#647 at ./condition.jl:130
wait at ./condition.jl:125 [inlined]
take! at /home/jm/.julia/packages/CUDA/724Sm/lib/cudadrv/synchronization.jl:53
synchronization_worker at /home/jm/.julia/packages/CUDA/724Sm/lib/cudadrv/synchronization.jl:119
unknown function (ip: 0x7cf359f955e8)
_jl_invoke at /cache/build/builder-amdci5-7/julialang/julia-release-1-dot-10/src/gf.c:2895 [inlined]
ijl_apply_generic at /cache/build/builder-amdci5-7/julialang/julia-release-1-dot-10/src/gf.c:3077
jlcapi_synchronization_worker_16445 at /home/jm/.julia/compiled/v1.10/CUDA/oWw5k_ICQXi.so (unknown line)
unknown function (ip: 0x7cf4764a3d63)
unknown function (ip: 0x7cf4765373fb)
unknown function (ip: (nil))
unknown function (ip: 0x7cf476598f17)
memmove at ./cmem.jl:26 [inlined]
unsafe_copyto! at ./array.jl:337 [inlined]
_copyto_impl! at ./array.jl:376
copyto! at ./array.jl:368 [inlined]
copyto! at ./array.jl:388 [inlined]
copyto_axcheck! at ./abstractarray.jl:1176 [inlined]
Array at ./array.jl:673 [inlined]
Array at ./boot.jl:498 [inlined]
make_carray_args at /home/jm/.julia/packages/ComponentArrays/wtXLb/src/componentarray.jl:211 [inlined]
make_carray_args at /home/jm/.julia/packages/ComponentArrays/wtXLb/src/componentarray.jl:203 [inlined]
ComponentArray at /home/jm/.julia/packages/ComponentArrays/wtXLb/src/componentarray.jl:97
ComponentArray at /home/jm/.julia/packages/ComponentArrays/wtXLb/ext/ComponentArraysGPUArraysExt.jl:109
#ComponentArray#21 at /home/jm/.julia/packages/ComponentArrays/wtXLb/src/componentarray.jl:101 [inlined]
ComponentArray at /home/jm/.julia/packages/ComponentArrays/wtXLb/src/componentarray.jl:101 [inlined]
ude_func at /home/jm/project_ssd/MedImages.jl/elsarticle/dosimetry/train_ude.jl:172
ODEFunction at /home/jm/.julia/packages/SciMLBase/RJROr/src/scimlfunctions.jl:2670
unknown function (ip: 0x7cf359ff3c44)
_jl_invoke at /cache/build/builder-amdci5-7/julialang/julia-release-1-dot-10/src/gf.c:2895 [inlined]
ijl_apply_generic at /cache/build/builder-amdci5-7/julialang/julia-release-1-dot-10/src/gf.c:3077
perform_step! at /home/jm/.julia/packages/OrdinaryDiffEqTsit5/7fE34/src/tsit_perform_step.jl:148
perform_step! at /home/jm/.julia/packages/OrdinaryDiffEqTsit5/7fE34/src/tsit_perform_step.jl:141 [inlined]
solve! at /home/jm/.julia/packages/OrdinaryDiffEqCore/mNgXc/src/solve.jl:843
#__solve#69 at /home/jm/.julia/packages/OrdinaryDiffEqCore/mNgXc/src/solve.jl:10 [inlined]
__solve at /home/jm/.julia/packages/OrdinaryDiffEqCore/mNgXc/src/solve.jl:1 [inlined]
#solve_call#32 at /home/jm/.julia/packages/DiffEqBase/4RFWW/src/solve.jl:172
solve_call at /home/jm/.julia/packages/DiffEqBase/4RFWW/src/solve.jl:137 [inlined]
#solve_up#38 at /home/jm/.julia/packages/DiffEqBase/4RFWW/src/solve.jl:630 [inlined]
solve_up at /home/jm/.julia/packages/DiffEqBase/4RFWW/src/solve.jl:603 [inlined]
#solve#37 at /home/jm/.julia/packages/DiffEqBase/4RFWW/src/solve.jl:587 [inlined]
solve at /home/jm/.julia/packages/DiffEqBase/4RFWW/src/solve.jl:575
unknown function (ip: 0x7cf359f92897)
_jl_invoke at /cache/build/builder-amdci5-7/julialang/julia-release-1-dot-10/src/gf.c:2895 [inlined]
ijl_apply_generic at /cache/build/builder-amdci5-7/julialang/julia-release-1-dot-10/src/gf.c:3077
#_concrete_solve_adjoint#319 at /home/jm/.julia/packages/SciMLSensitivity/XiGYZ/src/concrete_solve.jl:619
_concrete_solve_adjoint at /home/jm/.julia/packages/SciMLSensitivity/XiGYZ/src/concrete_solve.jl:466 [inlined]
#_solve_adjoint#51 at /home/jm/.julia/packages/DiffEqBase/4RFWW/src/solve.jl:1088 [inlined]
_solve_adjoint at /home/jm/.julia/packages/DiffEqBase/4RFWW/src/solve.jl:1065 [inlined]
#rrule#2 at /home/jm/.julia/packages/DiffEqBase/4RFWW/ext/DiffEqBaseChainRulesCoreExt.jl:28 [inlined]
rrule at /home/jm/.julia/packages/DiffEqBase/4RFWW/ext/DiffEqBaseChainRulesCoreExt.jl:22 [inlined]
rrule at /home/jm/.julia/packages/ChainRulesCore/Vsbj9/src/rules.jl:144 [inlined]
chain_rrule_kw at /home/jm/.julia/packages/Zygote/55SqB/src/compiler/chainrules.jl:246 [inlined]
macro expansion at /home/jm/.julia/packages/Zygote/55SqB/src/compiler/interface2.jl:0 [inlined]
_pullback at /home/jm/.julia/packages/Zygote/55SqB/src/compiler/interface2.jl:81
unknown function (ip: 0x7cf359f3e34d)
_jl_invoke at /cache/build/builder-amdci5-7/julialang/julia-release-1-dot-10/src/gf.c:2895 [inlined]
ijl_apply_generic at /cache/build/builder-amdci5-7/julialang/julia-release-1-dot-10/src/gf.c:3077
jl_apply at /cache/build/builder-amdci5-7/julialang/julia-release-1-dot-10/src/julia.h:1982 [inlined]
do_apply at /cache/build/builder-amdci5-7/julialang/julia-release-1-dot-10/src/builtins.c:768
_jl_invoke at /cache/build/builder-amdci5-7/julialang/julia-release-1-dot-10/src/gf.c:2895 [inlined]
ijl_apply_generic at /cache/build/builder-amdci5-7/julialang/julia-release-1-dot-10/src/gf.c:3077
jl_apply at /cache/build/builder-amdci5-7/julialang/julia-release-1-dot-10/src/julia.h:1982 [inlined]
do_apply at /cache/build/builder-amdci5-7/julialang/julia-release-1-dot-10/src/builtins.c:768
_apply at ./boot.jl:838
adjoint at /home/jm/.julia/packages/Zygote/55SqB/src/lib/lib.jl:211 [inlined]
_pullback at /home/jm/.julia/packages/ZygoteRules/CkVIK/src/adjoint.jl:67 [inlined]
#solve#37 at /home/jm/.julia/packages/DiffEqBase/4RFWW/src/solve.jl:587 [inlined]
_pullback at /home/jm/.julia/packages/Zygote/55SqB/src/compiler/interface2.jl:0
unknown function (ip: 0x7cf359f344f5)
_jl_invoke at /cache/build/builder-amdci5-7/julialang/julia-release-1-dot-10/src/gf.c:2895 [inlined]
ijl_apply_generic at /cache/build/builder-amdci5-7/julialang/julia-release-1-dot-10/src/gf.c:3077
jl_apply at /cache/build/builder-amdci5-7/julialang/julia-release-1-dot-10/src/julia.h:1982 [inlined]
do_apply at /cache/build/builder-amdci5-7/julialang/julia-release-1-dot-10/src/builtins.c:768
_jl_invoke at /cache/build/builder-amdci5-7/julialang/julia-release-1-dot-10/src/gf.c:2895 [inlined]
ijl_apply_generic at /cache/build/builder-amdci5-7/julialang/julia-release-1-dot-10/src/gf.c:3077
jl_apply at /cache/build/builder-amdci5-7/julialang/julia-release-1-dot-10/src/julia.h:1982 [inlined]
do_apply at /cache/build/builder-amdci5-7/julialang/julia-release-1-dot-10/src/builtins.c:768
_apply at ./boot.jl:838
adjoint at /home/jm/.julia/packages/Zygote/55SqB/src/lib/lib.jl:211 [inlined]
_pullback at /home/jm/.julia/packages/ZygoteRules/CkVIK/src/adjoint.jl:67 [inlined]
solve at /home/jm/.julia/packages/DiffEqBase/4RFWW/src/solve.jl:575 [inlined]
_pullback at /home/jm/.julia/packages/Zygote/55SqB/src/compiler/interface2.jl:0
unknown function (ip: 0x7cf359f331d0)
_jl_invoke at /cache/build/builder-amdci5-7/julialang/julia-release-1-dot-10/src/gf.c:2895 [inlined]
ijl_apply_generic at /cache/build/builder-amdci5-7/julialang/julia-release-1-dot-10/src/gf.c:3077
predict_dosemap at /home/jm/project_ssd/MedImages.jl/elsarticle/dosimetry/train_ude.jl:179 [inlined]
_pullback at /home/jm/.julia/packages/Zygote/55SqB/src/compiler/interface2.jl:0
loss_function at /home/jm/project_ssd/MedImages.jl/elsarticle/dosimetry/train_ude.jl:188 [inlined]
_pullback at /home/jm/.julia/packages/Zygote/55SqB/src/compiler/interface2.jl:0
#3 at /home/jm/project_ssd/MedImages.jl/elsarticle/dosimetry/train_ude.jl:254 [inlined]
_pullback at /home/jm/.julia/packages/Zygote/55SqB/src/compiler/interface2.jl:0
unknown function (ip: 0x7cf36bd101d0)
_jl_invoke at /cache/build/builder-amdci5-7/julialang/julia-release-1-dot-10/src/gf.c:2895 [inlined]
ijl_apply_generic at /cache/build/builder-amdci5-7/julialang/julia-release-1-dot-10/src/gf.c:3077
pullback at /home/jm/.julia/packages/Zygote/55SqB/src/compiler/interface.jl:96
pullback at /home/jm/.julia/packages/Zygote/55SqB/src/compiler/interface.jl:94 [inlined]
withgradient at /home/jm/.julia/packages/Zygote/55SqB/src/compiler/interface.jl:211
unknown function (ip: 0x7cf3c7d91429)
_jl_invoke at /cache/build/builder-amdci5-7/julialang/julia-release-1-dot-10/src/gf.c:2895 [inlined]
ijl_apply_generic at /cache/build/builder-amdci5-7/julialang/julia-release-1-dot-10/src/gf.c:3077
train_on_dataset at /home/jm/project_ssd/MedImages.jl/elsarticle/dosimetry/train_ude.jl:254
unknown function (ip: 0x7cf3c7d78e5c)
_jl_invoke at /cache/build/builder-amdci5-7/julialang/julia-release-1-dot-10/src/gf.c:2895 [inlined]
ijl_apply_generic at /cache/build/builder-amdci5-7/julialang/julia-release-1-dot-10/src/gf.c:3077
jl_apply at /cache/build/builder-amdci5-7/julialang/julia-release-1-dot-10/src/julia.h:1982 [inlined]
do_call at /cache/build/builder-amdci5-7/julialang/julia-release-1-dot-10/src/interpreter.c:126
eval_value at /cache/build/builder-amdci5-7/julialang/julia-release-1-dot-10/src/interpreter.c:223
eval_stmt_value at /cache/build/builder-amdci5-7/julialang/julia-release-1-dot-10/src/interpreter.c:174 [inlined]
eval_body at /cache/build/builder-amdci5-7/julialang/julia-release-1-dot-10/src/interpreter.c:617
jl_interpret_toplevel_thunk at /cache/build/builder-amdci5-7/julialang/julia-release-1-dot-10/src/interpreter.c:775
jl_toplevel_eval_flex at /cache/build/builder-amdci5-7/julialang/julia-release-1-dot-10/src/toplevel.c:934
jl_toplevel_eval_flex at /cache/build/builder-amdci5-7/julialang/julia-release-1-dot-10/src/toplevel.c:877
ijl_toplevel_eval_in at /cache/build/builder-amdci5-7/julialang/julia-release-1-dot-10/src/toplevel.c:985
eval at ./boot.jl:385 [inlined]
include_string at ./loading.jl:2146
_jl_invoke at /cache/build/builder-amdci5-7/julialang/julia-release-1-dot-10/src/gf.c:2895 [inlined]
ijl_apply_generic at /cache/build/builder-amdci5-7/julialang/julia-release-1-dot-10/src/gf.c:3077
_include at ./loading.jl:2206
include at ./Base.jl:495
jfptr_include_46653.1 at /home/jm/.julia/juliaup/julia-1.10.10+0.x64.linux.gnu/lib/julia/sys.so (unknown line)
_jl_invoke at /cache/build/builder-amdci5-7/julialang/julia-release-1-dot-10/src/gf.c:2895 [inlined]
ijl_apply_generic at /cache/build/builder-amdci5-7/julialang/julia-release-1-dot-10/src/gf.c:3077
exec_options at ./client.jl:323
_start at ./client.jl:557
jfptr__start_83114.1 at /home/jm/.julia/juliaup/julia-1.10.10+0.x64.linux.gnu/lib/julia/sys.so (unknown line)
_jl_invoke at /cache/build/builder-amdci5-7/julialang/julia-release-1-dot-10/src/gf.c:2895 [inlined]
ijl_apply_generic at /cache/build/builder-amdci5-7/julialang/julia-release-1-dot-10/src/gf.c:3077
jl_apply at /cache/build/builder-amdci5-7/julialang/julia-release-1-dot-10/src/julia.h:1982 [inlined]
true_main at /cache/build/builder-amdci5-7/julialang/julia-release-1-dot-10/src/jlapi.c:582
jl_repl_entrypoint at /cache/build/builder-amdci5-7/julialang/julia-release-1-dot-10/src/jlapi.c:731
main at /cache/build/builder-amdci5-7/julialang/julia-release-1-dot-10/cli/loader_exe.c:58
unknown function (ip: 0x7cf47642a574)
__libc_start_main at /lib/x86_64-linux-gnu/libc.so.6 (unknown line)
unknown function (ip: 0x4010b8)
unknown function (ip: (nil))
Allocations: 402060137 (Pool: 401564821; Big: 495316); GC: 16164
┌ Warning: Verbosity toggle: dt_NaN 
│  NaN dt detected. Likely a NaN value in the state, parameters, or derivative value caused this outcome.
└ @ SciMLBase ~/.julia/packages/SciMLBase/RJROr/src/integrator_interface.jl:671
┌ Warning: Verbosity toggle: init_NaN 
│  First function call produced NaNs. Exiting. Double check that none of the initial conditions, parameters, or timespan values are NaN.
└ @ OrdinaryDiffEqCore ~/.julia/packages/OrdinaryDiffEqCore/mNgXc/src/initdt.jl:166
┌ Warning: Verbosity toggle: init_NaN 
│  First function call produced NaNs. Exiting. Double check that none of the initial conditions, parameters, or timespan values are NaN.
└ @ OrdinaryDiffEqCore ~/.julia/packages/OrdinaryDiffEqCore/mNgXc/src/initdt.jl:331
┌ Warning: Verbosity toggle: dt_NaN 
│  Automatic dt set the starting dt as NaN, causing instability. Exiting.
└ @ OrdinaryDiffEqCore ~/.julia/packages/OrdinaryDiffEqCore/mNgXc/src/solve.jl:902
┌ Warning: Verbosity toggle: dt_NaN 
│  NaN dt detected. Likely a NaN value in the state, parameters, or derivative value caused this outcome.
└ @ SciMLBase ~/.julia/packages/SciMLBase/RJROr/src/integrator_interface.jl:671
┌ Warning: Verbosity toggle: init_NaN 
│  First function call produced NaNs. Exiting. Double check that none of the initial conditions, parameters, or timespan values are NaN.
└ @ OrdinaryDiffEqCore ~/.julia/packages/OrdinaryDiffEqCore/mNgXc/src/initdt.jl:166
┌ Warning: Verbosity toggle: init_NaN 
│  First function call produced NaNs. Exiting. Double check that none of the initial conditions, parameters, or timespan values are NaN.
└ @ OrdinaryDiffEqCore ~/.julia/packages/OrdinaryDiffEqCore/mNgXc/src/initdt.jl:331
┌ Warning: Verbosity toggle: dt_NaN 
│  Automatic dt set the starting dt as NaN, causing instability. Exiting.
└ @ OrdinaryDiffEqCore ~/.julia/packages/OrdinaryDiffEqCore/mNgXc/src/solve.jl:902
┌ Warning: Verbosity toggle: dt_NaN 
│  NaN dt detected. Likely a NaN value in the state, parameters, or derivative value caused this outcome.
└ @ SciMLBase ~/.julia/packages/SciMLBase/RJROr/src/integrator_interface.jl:671
┌ Warning: Verbosity toggle: init_NaN 
│  First function call produced NaNs. Exiting. Double check that none of the initial conditions, parameters, or timespan values are NaN.
└ @ OrdinaryDiffEqCore ~/.julia/packages/OrdinaryDiffEqCore/mNgXc/src/initdt.jl:166
┌ Warning: Verbosity toggle: init_NaN 
│  First function call produced NaNs. Exiting. Double check that none of the initial conditions, parameters, or timespan values are NaN.
└ @ OrdinaryDiffEqCore ~/.julia/packages/OrdinaryDiffEqCore/mNgXc/src/initdt.jl:331
┌ Warning: Verbosity toggle: dt_NaN 
│  Automatic dt set the starting dt as NaN, causing instability. Exiting.
└ @ OrdinaryDiffEqCore ~/.julia/packages/OrdinaryDiffEqCore/mNgXc/src/solve.jl:902
┌ Warning: Verbosity toggle: dt_NaN 
│  NaN dt detected. Likely a NaN value in the state, parameters, or derivative value caused this outcome.
└ @ SciMLBase ~/.julia/packages/SciMLBase/RJROr/src/integrator_interface.jl:671
┌ Warning: Verbosity toggle: init_NaN 
│  First function call produced NaNs. Exiting. Double check that none of the initial conditions, parameters, or timespan values are NaN.
└ @ OrdinaryDiffEqCore ~/.julia/packages/OrdinaryDiffEqCore/mNgXc/src/initdt.jl:166
Initializing dataset training over: test_data/dataset_Lu
Using device: CUDADevice{Nothing, Missing}(nothing)
=== Epoch 1 ===
  Processing patient: FDM_DPI-2024-7-KRN_Lu177_PSMA__SPECT_Iodine_0__Pat116
    Loss: 4.012665e7
  Processing patient: FDM_DPI-2024-7-KRN_Lu177_PSMA__SPECT_Iodine_2__Pat49
    Loss: 5.1822305e6
  Processing patient: FDM_DPI-2024-7-KRN_Lu177_PSMA__SPECT_Iodine_3__Pat49
    Loss: Inf
  Processing patient: FDM_DPI-2024-7-KRN_Lu177_PSMA__SPECT_Tc_0__Pat10
    Loss: 5.0729135e6
  Processing patient: FDM_DPI-2024-7-KRN_Lu177_PSMA__SPECT_Tc_0__Pat101
    Loss: 365161.72
  Processing patient: FDM_DPI-2024-7-KRN_Lu177_PSMA__SPECT_Tc_0__Pat102
    Loss: 1.0102517e9
  Processing patient: FDM_DPI-2024-7-KRN_Lu177_PSMA__SPECT_Tc_0__Pat103
    Loss: 7.3527605e6
  Processing patient: FDM_DPI-2024-7-KRN_Lu177_PSMA__SPECT_Tc_0__Pat104
    Loss: 6.229004e6
  Processing patient: FDM_DPI-2024-7-KRN_Lu177_PSMA__SPECT_Tc_0__Pat105
    Loss: 8.3406095e6
  Processing patient: FDM_DPI-2024-7-KRN_Lu177_PSMA__SPECT_Tc_0__Pat106
    Loss: 7.4419546e8
  Processing patient: FDM_DPI-2024-7-KRN_Lu177_PSMA__SPECT_Tc_0__Pat108
    Loss: 7.4758515e6
  Processing patient: FDM_DPI-2024-7-KRN_Lu177_PSMA__SPECT_Tc_0__Pat109
    Loss: 2.1543818e8
  Processing patient: FDM_DPI-2024-7-KRN_Lu177_PSMA__SPECT_Tc_0__Pat11
    Loss: 2.347309e16
  Processing patient: FDM_DPI-2024-7-KRN_Lu177_PSMA__SPECT_Tc_0__Pat110
    Loss: 3.3513066e14
  Processing patient: FDM_DPI-2024-7-KRN_Lu177_PSMA__SPECT_Tc_0__Pat111
    Loss: 1.1926089e10
  Processing patient: FDM_DPI-2024-7-KRN_Lu177_PSMA__SPECT_Tc_0__Pat112
    Loss: 1.5266634e10
  Processing patient: FDM_DPI-2024-7-KRN_Lu177_PSMA__SPECT_Tc_0__Pat114
    Loss: 8.561167e6
  Processing patient: FDM_DPI-2024-7-KRN_Lu177_PSMA__SPECT_Tc_0__Pat115
    Loss: 4.2128197e9
  Processing patient: FDM_DPI-2024-7-KRN_Lu177_PSMA__SPECT_Tc_0__Pat117
    Loss: 2.3634092e7
  Processing patient: FDM_DPI-2024-7-KRN_Lu177_PSMA__SPECT_Tc_0__Pat118
    Loss: Inf
  Processing patient: FDM_DPI-2024-7-KRN_Lu177_PSMA__SPECT_Tc_0__Pat119
    Loss: 7.043198e8
  Processing patient: FDM_DPI-2024-7-KRN_Lu177_PSMA__SPECT_Tc_0__Pat120
    Loss: 5.7658925e6
  Processing patient: FDM_DPI-2024-7-KRN_Lu177_PSMA__SPECT_Tc_0__Pat121
    Loss: 4.814709e7
  Processing patient: FDM_DPI-2024-7-KRN_Lu177_PSMA__SPECT_Tc_0__Pat122
    Loss: 2.40641e12
  Processing patient: FDM_DPI-2024-7-KRN_Lu177_PSMA__SPECT_Tc_0__Pat123
    Loss: 6.0473247e9
  Processing patient: FDM_DPI-2024-7-KRN_Lu177_PSMA__SPECT_Tc_0__Pat124
    Loss: 3.2149072e6
  Processing patient: FDM_DPI-2024-7-KRN_Lu177_PSMA__SPECT_Tc_0__Pat125
    Loss: 4.4559495e6
  Processing patient: FDM_DPI-2024-7-KRN_Lu177_PSMA__SPECT_Tc_0__Pat127
    Loss: 1.4491829e15
  Processing patient: FDM_DPI-2024-7-KRN_Lu177_PSMA__SPECT_Tc_0__Pat128
    Loss: 7.552458e6
  Processing patient: FDM_DPI-2024-7-KRN_Lu177_PSMA__SPECT_Tc_0__Pat13
    Loss: 6.088373e6
  Processing patient: FDM_DPI-2024-7-KRN_Lu177_PSMA__SPECT_Tc_0__Pat139
    Loss: 1.9679981e6
  Processing patient: FDM_DPI-2024-7-KRN_Lu177_PSMA__SPECT_Tc_0__Pat14
    Loss: 2.2760278e6
  Processing patient: FDM_DPI-2024-7-KRN_Lu177_PSMA__SPECT_Tc_0__Pat142
    Loss: Inf
  Processing patient: FDM_DPI-2024-7-KRN_Lu177_PSMA__SPECT_Tc_0__Pat145
    Loss: 1.508468e15
  Processing patient: FDM_DPI-2024-7-KRN_Lu177_PSMA__SPECT_Tc_0__Pat15
    Loss: 3.6475855e10
  Processing patient: FDM_DPI-2024-7-KRN_Lu177_PSMA__SPECT_Tc_0__Pat16
    Loss: 9.298504e6
  Processing patient: FDM_DPI-2024-7-KRN_Lu177_PSMA__SPECT_Tc_0__Pat17
    Loss: Inf
  Processing patient: FDM_DPI-2024-7-KRN_Lu177_PSMA__SPECT_Tc_0__Pat19
    Loss: 4.692481e9
  Processing patient: FDM_DPI-2024-7-KRN_Lu177_PSMA__SPECT_Tc_0__Pat2
    Loss: 8.197049e6
  Processing patient: FDM_DPI-2024-7-KRN_Lu177_PSMA__SPECT_Tc_0__Pat20
    Loss: 1.4747628e7
  Processing patient: FDM_DPI-2024-7-KRN_Lu177_PSMA__SPECT_Tc_0__Pat21
    Loss: 1.0641959e8
  Processing patient: FDM_DPI-2024-7-KRN_Lu177_PSMA__SPECT_Tc_0__Pat22
    Loss: 1.0629208e8
  Processing patient: FDM_DPI-2024-7-KRN_Lu177_PSMA__SPECT_Tc_0__Pat24
    Loss: 1.9080782e8
  Processing patient: FDM_DPI-2024-7-KRN_Lu177_PSMA__SPECT_Tc_0__Pat25
Missing files in test_data/dataset_Lu/FDM_DPI-2024-7-KRN_Lu177_PSMA__SPECT_Tc_0__Pat25
  Processing patient: FDM_DPI-2024-7-KRN_Lu177_PSMA__SPECT_Tc_0__Pat27
Missing files in test_data/dataset_Lu/FDM_DPI-2024-7-KRN_Lu177_PSMA__SPECT_Tc_0__Pat27
  Processing patient: FDM_DPI-2024-7-KRN_Lu177_PSMA__SPECT_Tc_0__Pat28
Missing files in test_data/dataset_Lu/FDM_DPI-2024-7-KRN_Lu177_PSMA__SPECT_Tc_0__Pat28
  Processing patient: FDM_DPI-2024-7-KRN_Lu177_PSMA__SPECT_Tc_0__Pat29
Missing files in test_data/dataset_Lu/FDM_DPI-2024-7-KRN_Lu177_PSMA__SPECT_Tc_0__Pat29
  Processing patient: FDM_DPI-2024-7-KRN_Lu177_PSMA__SPECT_Tc_0__Pat3
    Loss: 1.6871496e6
  Processing patient: FDM_DPI-2024-7-KRN_Lu177_PSMA__SPECT_Tc_0__Pat30
