  Activating project at `~/project_ssd/MedImages.jl`
ERROR: LoadError: BoundsError: attempt to access 256×256×150 NIVolume{Float32, 3, Array{Int16, 3}} at index [225:288, 225:288, 118:181]
Stacktrace:
 [1] throw_boundserror(A::NIVolume{Float32, 3, Array{Int16, 3}}, I::Tuple{UnitRange{Int64}, UnitRange{Int64}, UnitRange{Int64}})
   @ Base ./abstractarray.jl:737
 [2] checkbounds
   @ ./abstractarray.jl:702 [inlined]
 [3] _getindex
   @ ./multidimensional.jl:888 [inlined]
 [4] getindex(::NIVolume{Float32, 3, Array{Int16, 3}}, ::UnitRange{Int64}, ::UnitRange{Int64}, ::UnitRange{Int64})
   @ Base ./abstractarray.jl:1290
 [5] train_on_dataset(dataset_dir::String, epochs::Int64)
   @ Main ~/project_ssd/MedImages.jl/elsarticle/dosimetry/train_ude.jl:235
 [6] top-level scope
   @ ~/project_ssd/MedImages.jl/elsarticle/dosimetry/train_ude.jl:279
in expression starting at /home/jm/project_ssd/MedImages.jl/elsarticle/dosimetry/train_ude.jl:278
Initializing dataset training over: test_data/dataset_Lu
Using device: CUDADevice{Nothing, Missing}(nothing)
=== Epoch 1 ===
  Processing patient: FDM_DPI-2024-7-KRN_Lu177_PSMA__SPECT_Iodine_0__Pat116
