
[1143166] signal (2): Interrupt
in expression starting at /home/jm/project_ssd/MedImages.jl/elsarticle/dosimetry/train_ude.jl:294
* at ./int.jl:88 [inlined]
nextL at ./abstractarray.jl:2994 [inlined]
_sub2ind_recurse at ./abstractarray.jl:2990 [inlined]
_sub2ind_recurse at ./abstractarray.jl:2990 [inlined]
_sub2ind_recurse at ./abstractarray.jl:2990 [inlined]
_sub2ind at ./abstractarray.jl:2974 [inlined]
_sub2ind at ./abstractarray.jl:2958 [inlined]
_to_linear_index at ./abstractarray.jl:1329 [inlined]
_memory_offset at ./abstractarray.jl:1243 [inlined]
unsafe_convert at ./subarray.jl:473 [inlined]
pointer at ./abstractarray.jl:1239 [inlined]
#∇conv_filter_im2col!#642 at /home/jm/.julia/packages/NNlib/srXYX/src/impl/conv_im2col.jl:116
∇conv_filter_im2col! at /home/jm/.julia/packages/NNlib/srXYX/src/impl/conv_im2col.jl:82 [inlined]
∇conv_filter_group at /home/jm/.julia/packages/NNlib/srXYX/src/conv.jl:315
#∇conv_filter!#336 at /home/jm/.julia/packages/NNlib/srXYX/src/conv.jl:324
∇conv_filter! at /home/jm/.julia/packages/NNlib/srXYX/src/conv.jl:289 [inlined]
#∇conv_filter#244 at /home/jm/.julia/packages/NNlib/srXYX/src/conv.jl:112 [inlined]
∇conv_filter at /home/jm/.julia/packages/NNlib/srXYX/src/conv.jl:107 [inlined]
∇conv_filter at /home/jm/.julia/packages/LuxLib/ZJ3gh/src/impl/conv.jl:135 [inlined]
∇conv_bias at /home/jm/.julia/packages/LuxLib/ZJ3gh/src/impl/conv.jl:274
∇conv_bias at /home/jm/.julia/packages/LuxLib/ZJ3gh/src/impl/conv.jl:271 [inlined]
∇fused_conv at /home/jm/.julia/packages/LuxLib/ZJ3gh/src/impl/conv.jl:265
#115 at /home/jm/.julia/packages/LuxLib/ZJ3gh/src/impl/conv.jl:220 [inlined]
ZBack at /home/jm/.julia/packages/Zygote/55SqB/src/compiler/chainrules.jl:222 [inlined]
fused_conv at /home/jm/.julia/packages/LuxLib/ZJ3gh/src/impl/conv.jl:177 [inlined]
fused_conv_bias_activation at /home/jm/.julia/packages/LuxLib/ZJ3gh/src/api/conv.jl:37 [inlined]
##c::Convinternal#340 at /home/jm/.julia/packages/Lux/GCC0y/src/layers/conv.jl:259 [inlined]
Pullback at /home/jm/.julia/packages/Zygote/55SqB/src/compiler/interface2.jl:0
unknown function (ip: 0x799419bb1fb5)
_jl_invoke at /cache/build/builder-amdci5-7/julialang/julia-release-1-dot-10/src/gf.c:2895 [inlined]
ijl_apply_generic at /cache/build/builder-amdci5-7/julialang/julia-release-1-dot-10/src/gf.c:3077
Conv at /home/jm/.julia/packages/ReactantCore/SEqVX/src/ReactantCore.jl:286 [inlined]
Pullback at /home/jm/.julia/packages/Zygote/55SqB/src/compiler/interface2.jl:0
apply at /home/jm/.julia/packages/LuxCore/kQC9S/src/LuxCore.jl:155 [inlined]
applychain at /home/jm/.julia/packages/Lux/GCC0y/src/layers/containers.jl:0 [inlined]
Pullback at /home/jm/.julia/packages/Zygote/55SqB/src/compiler/interface2.jl:0
Chain at /home/jm/.julia/packages/Lux/GCC0y/src/layers/containers.jl:575 [inlined]
Pullback at /home/jm/.julia/packages/Zygote/55SqB/src/compiler/interface2.jl:0
apply at /home/jm/.julia/packages/LuxCore/kQC9S/src/LuxCore.jl:155 [inlined]
Pullback at /home/jm/.julia/packages/Zygote/55SqB/src/compiler/interface2.jl:0
unknown function (ip: 0x799419b992f5)
_jl_invoke at /cache/build/builder-amdci5-7/julialang/julia-release-1-dot-10/src/gf.c:2895 [inlined]
ijl_apply_generic at /cache/build/builder-amdci5-7/julialang/julia-release-1-dot-10/src/gf.c:3077
ude_func at /home/jm/project_ssd/MedImages.jl/elsarticle/dosimetry/train_ude.jl:144 [inlined]
Pullback at /home/jm/.julia/packages/Zygote/55SqB/src/compiler/interface2.jl:0
unknown function (ip: 0x799419b84855)
_jl_invoke at /cache/build/builder-amdci5-7/julialang/julia-release-1-dot-10/src/gf.c:2895 [inlined]
ijl_apply_generic at /cache/build/builder-amdci5-7/julialang/julia-release-1-dot-10/src/gf.c:3077
ODEFunction at /home/jm/.julia/packages/SciMLBase/RJROr/src/scimlfunctions.jl:2670 [inlined]
Pullback at /home/jm/.julia/packages/Zygote/55SqB/src/compiler/interface2.jl:0
unknown function (ip: 0x799419b7d8f5)
_jl_invoke at /cache/build/builder-amdci5-7/julialang/julia-release-1-dot-10/src/gf.c:2895 [inlined]
ijl_apply_generic at /cache/build/builder-amdci5-7/julialang/julia-release-1-dot-10/src/gf.c:3077
#44 at /home/jm/.julia/packages/SciMLSensitivity/XiGYZ/src/derivative_wrappers.jl:846 [inlined]
Pullback at /home/jm/.julia/packages/Zygote/55SqB/src/compiler/interface2.jl:0
#88 at /home/jm/.julia/packages/Zygote/55SqB/src/compiler/interface.jl:97
_vecjacobian! at /home/jm/.julia/packages/SciMLSensitivity/XiGYZ/src/derivative_wrappers.jl:857
#vecjacobian!#24 at /home/jm/.julia/packages/SciMLSensitivity/XiGYZ/src/derivative_wrappers.jl:264 [inlined]
vecjacobian! at /home/jm/.julia/packages/SciMLSensitivity/XiGYZ/src/derivative_wrappers.jl:256 [inlined]
ODEInterpolatingAdjointSensitivityFunction at /home/jm/.julia/packages/SciMLSensitivity/XiGYZ/src/interpolating_adjoint.jl:153
ODEFunction at /home/jm/.julia/packages/SciMLBase/RJROr/src/scimlfunctions.jl:2662 [inlined]
perform_step! at /home/jm/.julia/packages/OrdinaryDiffEqTsit5/7fE34/src/tsit_perform_step.jl:228
perform_step! at /home/jm/.julia/packages/OrdinaryDiffEqTsit5/7fE34/src/tsit_perform_step.jl:203 [inlined]
solve! at /home/jm/.julia/packages/OrdinaryDiffEqCore/mNgXc/src/solve.jl:843
unknown function (ip: 0x799411933c36)
_jl_invoke at /cache/build/builder-amdci5-7/julialang/julia-release-1-dot-10/src/gf.c:2895 [inlined]
ijl_apply_generic at /cache/build/builder-amdci5-7/julialang/julia-release-1-dot-10/src/gf.c:3077
#__solve#69 at /home/jm/.julia/packages/OrdinaryDiffEqCore/mNgXc/src/solve.jl:10
__solve at /home/jm/.julia/packages/OrdinaryDiffEqCore/mNgXc/src/solve.jl:1 [inlined]
#solve_call#32 at /home/jm/.julia/packages/DiffEqBase/4RFWW/src/solve.jl:172
solve_call at /home/jm/.julia/packages/DiffEqBase/4RFWW/src/solve.jl:137 [inlined]
#solve_up#38 at /home/jm/.julia/packages/DiffEqBase/4RFWW/src/solve.jl:630 [inlined]
solve_up at /home/jm/.julia/packages/DiffEqBase/4RFWW/src/solve.jl:603 [inlined]
#solve#37 at /home/jm/.julia/packages/DiffEqBase/4RFWW/src/solve.jl:587 [inlined]
solve at /home/jm/.julia/packages/DiffEqBase/4RFWW/src/solve.jl:575
unknown function (ip: 0x799419af745d)
_jl_invoke at /cache/build/builder-amdci5-7/julialang/julia-release-1-dot-10/src/gf.c:2895 [inlined]
ijl_apply_generic at /cache/build/builder-amdci5-7/julialang/julia-release-1-dot-10/src/gf.c:3077
#_adjoint_sensitivities#70 at /home/jm/.julia/packages/SciMLSensitivity/XiGYZ/src/sensitivity_interface.jl:477
_adjoint_sensitivities at /home/jm/.julia/packages/SciMLSensitivity/XiGYZ/src/sensitivity_interface.jl:424 [inlined]
#adjoint_sensitivities#69 at /home/jm/.julia/packages/SciMLSensitivity/XiGYZ/src/sensitivity_interface.jl:420 [inlined]
adjoint_sensitivities at /home/jm/.julia/packages/SciMLSensitivity/XiGYZ/src/sensitivity_interface.jl:373
unknown function (ip: 0x799419ad6849)
_jl_invoke at /cache/build/builder-amdci5-7/julialang/julia-release-1-dot-10/src/gf.c:2895 [inlined]
ijl_apply_generic at /cache/build/builder-amdci5-7/julialang/julia-release-1-dot-10/src/gf.c:3077
adjoint_sensitivity_backpass at /home/jm/.julia/packages/SciMLSensitivity/XiGYZ/src/concrete_solve.jl:879
ZBack at /home/jm/.julia/packages/Zygote/55SqB/src/compiler/chainrules.jl:222 [inlined]
kw_zpullback at /home/jm/.julia/packages/Zygote/55SqB/src/compiler/chainrules.jl:248
#305 at /home/jm/.julia/packages/Zygote/55SqB/src/lib/lib.jl:214 [inlined]
#2189#back at /home/jm/.julia/packages/ZygoteRules/CkVIK/src/adjoint.jl:72
unknown function (ip: 0x799419ad4f65)
_jl_invoke at /cache/build/builder-amdci5-7/julialang/julia-release-1-dot-10/src/gf.c:2895 [inlined]
ijl_apply_generic at /cache/build/builder-amdci5-7/julialang/julia-release-1-dot-10/src/gf.c:3077
#solve#37 at /home/jm/.julia/packages/DiffEqBase/4RFWW/src/solve.jl:587 [inlined]
Pullback at /home/jm/.julia/packages/Zygote/55SqB/src/compiler/interface2.jl:0
#305 at /home/jm/.julia/packages/Zygote/55SqB/src/lib/lib.jl:214 [inlined]
#2189#back at /home/jm/.julia/packages/ZygoteRules/CkVIK/src/adjoint.jl:72
unknown function (ip: 0x799419cd0cc5)
_jl_invoke at /cache/build/builder-amdci5-7/julialang/julia-release-1-dot-10/src/gf.c:2895 [inlined]
ijl_apply_generic at /cache/build/builder-amdci5-7/julialang/julia-release-1-dot-10/src/gf.c:3077
solve at /home/jm/.julia/packages/DiffEqBase/4RFWW/src/solve.jl:575 [inlined]
Pullback at /home/jm/.julia/packages/Zygote/55SqB/src/compiler/interface2.jl:0
unknown function (ip: 0x799419ccdf15)
_jl_invoke at /cache/build/builder-amdci5-7/julialang/julia-release-1-dot-10/src/gf.c:2895 [inlined]
ijl_apply_generic at /cache/build/builder-amdci5-7/julialang/julia-release-1-dot-10/src/gf.c:3077
predict_dosemap at /home/jm/project_ssd/MedImages.jl/elsarticle/dosimetry/train_ude.jl:159 [inlined]
Pullback at /home/jm/.julia/packages/Zygote/55SqB/src/compiler/interface2.jl:0
loss_function at /home/jm/project_ssd/MedImages.jl/elsarticle/dosimetry/train_ude.jl:168 [inlined]
Pullback at /home/jm/.julia/packages/Zygote/55SqB/src/compiler/interface2.jl:0
#2 at /home/jm/project_ssd/MedImages.jl/elsarticle/dosimetry/train_ude.jl:268 [inlined]
Pullback at /home/jm/.julia/packages/Zygote/55SqB/src/compiler/interface2.jl:0
#88 at /home/jm/.julia/packages/Zygote/55SqB/src/compiler/interface.jl:97
unknown function (ip: 0x799419cc9d69)
_jl_invoke at /cache/build/builder-amdci5-7/julialang/julia-release-1-dot-10/src/gf.c:2895 [inlined]
ijl_apply_generic at /cache/build/builder-amdci5-7/julialang/julia-release-1-dot-10/src/gf.c:3077
withgradient at /home/jm/.julia/packages/Zygote/55SqB/src/compiler/interface.jl:219
value_and_gradient at /home/jm/.julia/packages/DifferentiationInterface/afUhd/ext/DifferentiationInterfaceZygoteExt/DifferentiationInterfaceZygoteExt.jl:115 [inlined]
value_and_gradient! at /home/jm/.julia/packages/DifferentiationInterface/afUhd/ext/DifferentiationInterfaceZygoteExt/DifferentiationInterfaceZygoteExt.jl:131
unknown function (ip: 0x7994327ecc85)
_jl_invoke at /cache/build/builder-amdci5-7/julialang/julia-release-1-dot-10/src/gf.c:2895 [inlined]
ijl_apply_generic at /cache/build/builder-amdci5-7/julialang/julia-release-1-dot-10/src/gf.c:3077
fg! at /home/jm/.julia/packages/OptimizationBase/y7Tug/ext/OptimizationZygoteExt.jl:57
unknown function (ip: 0x7994327ebedc)
_jl_invoke at /cache/build/builder-amdci5-7/julialang/julia-release-1-dot-10/src/gf.c:2895 [inlined]
ijl_apply_generic at /cache/build/builder-amdci5-7/julialang/julia-release-1-dot-10/src/gf.c:3077
__solve at /home/jm/.julia/packages/OptimizationOptimisers/duyYv/src/OptimizationOptimisers.jl:88
solve! at /home/jm/.julia/packages/OptimizationBase/y7Tug/src/solve.jl:236
unknown function (ip: 0x799432786c25)
_jl_invoke at /cache/build/builder-amdci5-7/julialang/julia-release-1-dot-10/src/gf.c:2895 [inlined]
ijl_apply_generic at /cache/build/builder-amdci5-7/julialang/julia-release-1-dot-10/src/gf.c:3077
#solve_call#9 at /home/jm/.julia/packages/OptimizationBase/y7Tug/src/solve.jl:282
solve_call at /home/jm/.julia/packages/OptimizationBase/y7Tug/src/solve.jl:269 [inlined]
#solve_up#8 at /home/jm/.julia/packages/OptimizationBase/y7Tug/src/solve.jl:265 [inlined]
solve_up at /home/jm/.julia/packages/OptimizationBase/y7Tug/src/solve.jl:256 [inlined]
#solve#2 at /home/jm/.julia/packages/OptimizationBase/y7Tug/src/solve.jl:104
solve at /home/jm/.julia/packages/OptimizationBase/y7Tug/src/solve.jl:93
unknown function (ip: 0x79943277ca60)
_jl_invoke at /cache/build/builder-amdci5-7/julialang/julia-release-1-dot-10/src/gf.c:2895 [inlined]
ijl_apply_generic at /cache/build/builder-amdci5-7/julialang/julia-release-1-dot-10/src/gf.c:3077
train_on_patient at /home/jm/project_ssd/MedImages.jl/elsarticle/dosimetry/train_ude.jl:285
unknown function (ip: 0x79943276ef25)
_jl_invoke at /cache/build/builder-amdci5-7/julialang/julia-release-1-dot-10/src/gf.c:2895 [inlined]
ijl_apply_generic at /cache/build/builder-amdci5-7/julialang/julia-release-1-dot-10/src/gf.c:3077
jl_apply at /cache/build/builder-amdci5-7/julialang/julia-release-1-dot-10/src/julia.h:1982 [inlined]
do_call at /cache/build/builder-amdci5-7/julialang/julia-release-1-dot-10/src/interpreter.c:126
eval_value at /cache/build/builder-amdci5-7/julialang/julia-release-1-dot-10/src/interpreter.c:223
eval_stmt_value at /cache/build/builder-amdci5-7/julialang/julia-release-1-dot-10/src/interpreter.c:174 [inlined]
eval_body at /cache/build/builder-amdci5-7/julialang/julia-release-1-dot-10/src/interpreter.c:617
jl_interpret_toplevel_thunk at /cache/build/builder-amdci5-7/julialang/julia-release-1-dot-10/src/interpreter.c:775
jl_toplevel_eval_flex at /cache/build/builder-amdci5-7/julialang/julia-release-1-dot-10/src/toplevel.c:934
jl_toplevel_eval_flex at /cache/build/builder-amdci5-7/julialang/julia-release-1-dot-10/src/toplevel.c:877
ijl_toplevel_eval_in at /cache/build/builder-amdci5-7/julialang/julia-release-1-dot-10/src/toplevel.c:985
eval at ./boot.jl:385 [inlined]
include_string at ./loading.jl:2146
_jl_invoke at /cache/build/builder-amdci5-7/julialang/julia-release-1-dot-10/src/gf.c:2895 [inlined]
ijl_apply_generic at /cache/build/builder-amdci5-7/julialang/julia-release-1-dot-10/src/gf.c:3077
_include at ./loading.jl:2206
include at ./Base.jl:495
jfptr_include_46653.1 at /home/jm/.julia/juliaup/julia-1.10.10+0.x64.linux.gnu/lib/julia/sys.so (unknown line)
_jl_invoke at /cache/build/builder-amdci5-7/julialang/julia-release-1-dot-10/src/gf.c:2895 [inlined]
ijl_apply_generic at /cache/build/builder-amdci5-7/julialang/julia-release-1-dot-10/src/gf.c:3077
exec_options at ./client.jl:323
_start at ./client.jl:557
jfptr__start_83114.1 at /home/jm/.julia/juliaup/julia-1.10.10+0.x64.linux.gnu/lib/julia/sys.so (unknown line)
_jl_invoke at /cache/build/builder-amdci5-7/julialang/julia-release-1-dot-10/src/gf.c:2895 [inlined]
ijl_apply_generic at /cache/build/builder-amdci5-7/julialang/julia-release-1-dot-10/src/gf.c:3077
jl_apply at /cache/build/builder-amdci5-7/julialang/julia-release-1-dot-10/src/julia.h:1982 [inlined]
true_main at /cache/build/builder-amdci5-7/julialang/julia-release-1-dot-10/src/jlapi.c:582
jl_repl_entrypoint at /cache/build/builder-amdci5-7/julialang/julia-release-1-dot-10/src/jlapi.c:731
main at /cache/build/builder-amdci5-7/julialang/julia-release-1-dot-10/cli/loader_exe.c:58
unknown function (ip: 0x7994e102a574)
__libc_start_main at /lib/x86_64-linux-gnu/libc.so.6 (unknown line)
unknown function (ip: 0x4010b8)
unknown function (ip: (nil))
Allocations: 151425316 (Pool: 150838969; Big: 586347); GC: 3852
  Activating project at `~/project_ssd/MedImages.jl`
┌ Warning: Slow fallback implementation invoked for conv!  You probably don't want this; check your datatypes.
│   yT = Float64
│   T1 = Float64
│   T2 = Float32
└ @ NNlib ~/.julia/packages/NNlib/srXYX/src/conv.jl:192
┌ Warning: Slow fallback implementation invoked for ∇conv_data!  You probably don't want this; check your datatypes.
│   yT = Float64
│   T1 = Float64
│   T2 = Float32
└ @ NNlib ~/.julia/packages/NNlib/srXYX/src/conv.jl:243
Processing patient: test_data/dataset_Lu/FDM_DPI-2024-7-KRN_Lu177_PSMA__SPECT_Tc_0__Pat10
Building Optimization Problem via Optimization.jl and Zygote...
