  Activating project at `~/project_ssd/MedImages.jl`
ERROR: LoadError: BoundsError: attempt to access 512×512×300×1×3 NIVolume{Float32, 5, Array{UInt8, 5}} at index [249:264, 249:264, 143:158]
Stacktrace:
 [1] throw_boundserror(A::NIVolume{Float32, 5, Array{UInt8, 5}}, I::Tuple{UnitRange{Int64}, UnitRange{Int64}, UnitRange{Int64}})
   @ Base ./abstractarray.jl:737
 [2] checkbounds
   @ ./abstractarray.jl:702 [inlined]
 [3] _getindex
   @ ./multidimensional.jl:888 [inlined]
 [4] getindex(::NIVolume{Float32, 5, Array{UInt8, 5}}, ::UnitRange{Int64}, ::UnitRange{Int64}, ::UnitRange{Int64})
   @ Base ./abstractarray.jl:1290
 [5] train_on_dataset(dataset_dir::String, epochs::Int64)
   @ Main ~/project_ssd/MedImages.jl/elsarticle/dosimetry/train_ude.jl:219
 [6] top-level scope
   @ ~/project_ssd/MedImages.jl/elsarticle/dosimetry/train_ude.jl:273
in expression starting at /home/jm/project_ssd/MedImages.jl/elsarticle/dosimetry/train_ude.jl:272
Initializing dataset training over: test_data/dataset_Lu
=== Epoch 1 ===
  Processing patient: FDM_DPI-2024-7-KRN_Lu177_PSMA__SPECT_Iodine_0__Pat116
    Loss: 2.903226e23
  Processing patient: FDM_DPI-2024-7-KRN_Lu177_PSMA__SPECT_Iodine_2__Pat49
    Loss: 8.522463e25
  Processing patient: FDM_DPI-2024-7-KRN_Lu177_PSMA__SPECT_Iodine_3__Pat49
    Loss: 2.924992e29
  Processing patient: FDM_DPI-2024-7-KRN_Lu177_PSMA__SPECT_Tc_0__Pat10
    Loss: 5.4864177e26
  Processing patient: FDM_DPI-2024-7-KRN_Lu177_PSMA__SPECT_Tc_0__Pat101
    Loss: 7.222662e26
  Processing patient: FDM_DPI-2024-7-KRN_Lu177_PSMA__SPECT_Tc_0__Pat102
    Loss: NaN
  Processing patient: FDM_DPI-2024-7-KRN_Lu177_PSMA__SPECT_Tc_0__Pat103
    Loss: NaN
  Processing patient: FDM_DPI-2024-7-KRN_Lu177_PSMA__SPECT_Tc_0__Pat104
    Loss: 5.343789e27
  Processing patient: FDM_DPI-2024-7-KRN_Lu177_PSMA__SPECT_Tc_0__Pat105
    Loss: NaN
  Processing patient: FDM_DPI-2024-7-KRN_Lu177_PSMA__SPECT_Tc_0__Pat106
    Loss: 6.446795e24
  Processing patient: FDM_DPI-2024-7-KRN_Lu177_PSMA__SPECT_Tc_0__Pat108
    Loss: 3.4591855e26
  Processing patient: FDM_DPI-2024-7-KRN_Lu177_PSMA__SPECT_Tc_0__Pat109
    Loss: NaN
  Processing patient: FDM_DPI-2024-7-KRN_Lu177_PSMA__SPECT_Tc_0__Pat11
    Loss: 4.1653283e25
  Processing patient: FDM_DPI-2024-7-KRN_Lu177_PSMA__SPECT_Tc_0__Pat110
    Loss: NaN
  Processing patient: FDM_DPI-2024-7-KRN_Lu177_PSMA__SPECT_Tc_0__Pat111
    Loss: NaN
  Processing patient: FDM_DPI-2024-7-KRN_Lu177_PSMA__SPECT_Tc_0__Pat112
    Loss: NaN
  Processing patient: FDM_DPI-2024-7-KRN_Lu177_PSMA__SPECT_Tc_0__Pat114
    Loss: 5.177063e29
  Processing patient: FDM_DPI-2024-7-KRN_Lu177_PSMA__SPECT_Tc_0__Pat115
    Loss: 1.6353422e27
  Processing patient: FDM_DPI-2024-7-KRN_Lu177_PSMA__SPECT_Tc_0__Pat117
    Loss: 1.270571e30
  Processing patient: FDM_DPI-2024-7-KRN_Lu177_PSMA__SPECT_Tc_0__Pat118
    Loss: 2.5330498e28
  Processing patient: FDM_DPI-2024-7-KRN_Lu177_PSMA__SPECT_Tc_0__Pat119
    Loss: 4.9286347e28
  Processing patient: FDM_DPI-2024-7-KRN_Lu177_PSMA__SPECT_Tc_0__Pat120
    Loss: 2.5774542e26
  Processing patient: FDM_DPI-2024-7-KRN_Lu177_PSMA__SPECT_Tc_0__Pat121
    Loss: 1.04572575e23
  Processing patient: FDM_DPI-2024-7-KRN_Lu177_PSMA__SPECT_Tc_0__Pat122
    Loss: NaN
  Processing patient: FDM_DPI-2024-7-KRN_Lu177_PSMA__SPECT_Tc_0__Pat123
    Loss: NaN
  Processing patient: FDM_DPI-2024-7-KRN_Lu177_PSMA__SPECT_Tc_0__Pat124
    Loss: 4.6997245e25
  Processing patient: FDM_DPI-2024-7-KRN_Lu177_PSMA__SPECT_Tc_0__Pat125
    Loss: NaN
  Processing patient: FDM_DPI-2024-7-KRN_Lu177_PSMA__SPECT_Tc_0__Pat127
    Loss: 2.0233535e29
  Processing patient: FDM_DPI-2024-7-KRN_Lu177_PSMA__SPECT_Tc_0__Pat128
    Loss: 1.4454155e29
  Processing patient: FDM_DPI-2024-7-KRN_Lu177_PSMA__SPECT_Tc_0__Pat13
    Loss: 5.6437707e25
  Processing patient: FDM_DPI-2024-7-KRN_Lu177_PSMA__SPECT_Tc_0__Pat139
    Loss: 2.7452561e28
  Processing patient: FDM_DPI-2024-7-KRN_Lu177_PSMA__SPECT_Tc_0__Pat14
    Loss: 5.141384e27
  Processing patient: FDM_DPI-2024-7-KRN_Lu177_PSMA__SPECT_Tc_0__Pat142
    Loss: 1.4762419e28
  Processing patient: FDM_DPI-2024-7-KRN_Lu177_PSMA__SPECT_Tc_0__Pat145
    Loss: 2.592718e29
  Processing patient: FDM_DPI-2024-7-KRN_Lu177_PSMA__SPECT_Tc_0__Pat15
    Loss: NaN
  Processing patient: FDM_DPI-2024-7-KRN_Lu177_PSMA__SPECT_Tc_0__Pat16
    Loss: 4.258543e26
  Processing patient: FDM_DPI-2024-7-KRN_Lu177_PSMA__SPECT_Tc_0__Pat17
    Loss: Inf
  Processing patient: FDM_DPI-2024-7-KRN_Lu177_PSMA__SPECT_Tc_0__Pat19
    Loss: 1.3833326e26
  Processing patient: FDM_DPI-2024-7-KRN_Lu177_PSMA__SPECT_Tc_0__Pat2
    Loss: 2.4088565e25
  Processing patient: FDM_DPI-2024-7-KRN_Lu177_PSMA__SPECT_Tc_0__Pat20
    Loss: 7.4434203e24
  Processing patient: FDM_DPI-2024-7-KRN_Lu177_PSMA__SPECT_Tc_0__Pat21
    Loss: NaN
  Processing patient: FDM_DPI-2024-7-KRN_Lu177_PSMA__SPECT_Tc_0__Pat22
    Loss: NaN
  Processing patient: FDM_DPI-2024-7-KRN_Lu177_PSMA__SPECT_Tc_0__Pat24
    Loss: NaN
  Processing patient: FDM_DPI-2024-7-KRN_Lu177_PSMA__SPECT_Tc_0__Pat25
Missing files in test_data/dataset_Lu/FDM_DPI-2024-7-KRN_Lu177_PSMA__SPECT_Tc_0__Pat25
  Processing patient: FDM_DPI-2024-7-KRN_Lu177_PSMA__SPECT_Tc_0__Pat27
Missing files in test_data/dataset_Lu/FDM_DPI-2024-7-KRN_Lu177_PSMA__SPECT_Tc_0__Pat27
  Processing patient: FDM_DPI-2024-7-KRN_Lu177_PSMA__SPECT_Tc_0__Pat28
Missing files in test_data/dataset_Lu/FDM_DPI-2024-7-KRN_Lu177_PSMA__SPECT_Tc_0__Pat28
  Processing patient: FDM_DPI-2024-7-KRN_Lu177_PSMA__SPECT_Tc_0__Pat29
Missing files in test_data/dataset_Lu/FDM_DPI-2024-7-KRN_Lu177_PSMA__SPECT_Tc_0__Pat29
  Processing patient: FDM_DPI-2024-7-KRN_Lu177_PSMA__SPECT_Tc_0__Pat3
    Loss: 2.4938721e26
  Processing patient: FDM_DPI-2024-7-KRN_Lu177_PSMA__SPECT_Tc_0__Pat30
    Loss: NaN
  Processing patient: FDM_DPI-2024-7-KRN_Lu177_PSMA__SPECT_Tc_0__Pat31
    Loss: NaN
  Processing patient: FDM_DPI-2024-7-KRN_Lu177_PSMA__SPECT_Tc_0__Pat32
    Loss: NaN
  Processing patient: FDM_DPI-2024-7-KRN_Lu177_PSMA__SPECT_Tc_0__Pat33
    Loss: 4.8617763e27
  Processing patient: FDM_DPI-2024-7-KRN_Lu177_PSMA__SPECT_Tc_0__Pat34
    Loss: 2.9749784e25
  Processing patient: FDM_DPI-2024-7-KRN_Lu177_PSMA__SPECT_Tc_0__Pat35
    Loss: 1.3876984e23
  Processing patient: FDM_DPI-2024-7-KRN_Lu177_PSMA__SPECT_Tc_0__Pat4
    Loss: 3.9917016e27
  Processing patient: FDM_DPI-2024-7-KRN_Lu177_PSMA__SPECT_Tc_0__Pat44
    Loss: 1.0910741e27
  Processing patient: FDM_DPI-2024-7-KRN_Lu177_PSMA__SPECT_Tc_0__Pat45
    Loss: 9.496356e25
  Processing patient: FDM_DPI-2024-7-KRN_Lu177_PSMA__SPECT_Tc_0__Pat46
    Loss: 3.4568165e26
  Processing patient: FDM_DPI-2024-7-KRN_Lu177_PSMA__SPECT_Tc_0__Pat47
    Loss: 5.2969504e27
  Processing patient: FDM_DPI-2024-7-KRN_Lu177_PSMA__SPECT_Tc_0__Pat48
    Loss: 5.2048477e26
  Processing patient: FDM_DPI-2024-7-KRN_Lu177_PSMA__SPECT_Tc_0__Pat49
    Loss: 4.299965e24
  Processing patient: FDM_DPI-2024-7-KRN_Lu177_PSMA__SPECT_Tc_0__Pat5
    Loss: 2.4249149e26
  Processing patient: FDM_DPI-2024-7-KRN_Lu177_PSMA__SPECT_Tc_0__Pat50
    Loss: 1.4782279e25
  Processing patient: FDM_DPI-2024-7-KRN_Lu177_PSMA__SPECT_Tc_0__Pat51
    Loss: 1.14164945e23
  Processing patient: FDM_DPI-2024-7-KRN_Lu177_PSMA__SPECT_Tc_0__Pat52
    Loss: 6.88051e25
  Processing patient: FDM_DPI-2024-7-KRN_Lu177_PSMA__SPECT_Tc_0__Pat53
    Loss: 6.0002417e28
  Processing patient: FDM_DPI-2024-7-KRN_Lu177_PSMA__SPECT_Tc_0__Pat54
