--- Unified Training v2 (Enhanced) ---
Rank: 0 / 1
Labels: 116
Train: 659 | Val: 165
Epoch 1 | 10/659 | UNC_FDM_DPI-2024-7-KRN_Lu177_PSMA__PETPSMA_0__Pat131 | Loss = 96.4234
Epoch 1 | 20/659 | UNC_FDM_DPI-2024-7-KRN_Lu177_PSMA__PETPSMA_1__Pat84 | Loss = 79.9526
Epoch 1 | 30/659 | FDM_DPI-2024-7-KRN_Lu177_PSMA__SPECT_Tc_0__Pat88 | Loss = 68.2048
Epoch 1 | 40/659 | UNC_FDM_DPI-2024-7-KRN_Lu177_PSMA__PETPSMA_0__Pat95 | Loss = 56.7997
Epoch 1 | 50/659 | FDM_DPI-2024-7-KRN_Lu177_PSMA__SPECT_Tc_6__Pat114 | Loss = 32.2042
Epoch 1 | 60/659 | FDM_DPI-2024-7-KRN_Lu177_PSMA__SPECT_Tc_5__Pat14 | Loss = 15.3467
Epoch 1 | 70/659 | UNC_FDM_DPI-2024-7-KRN_Lu177_PSMA__PETPSMA_1__Pat55 | Loss = 22.0070
Epoch 1 | 80/659 | UNC_FDM_DPI-2024-7-KRN_Lu177_PSMA__PETPSMA_1__Pat101 | Loss = 36.2739
Epoch 1 | 90/659 | FDM_DPI-2024-7-KRN_Lu177_PSMA__SPECT_Tc_1__Pat44 | Loss = 5.8976
Epoch 1 | 100/659 | FDM_DPI-2024-7-KRN_Lu177_PSMA__SPECT_Tc_3__Pat111 | Loss = 3.3403
Epoch 1 | 110/659 | UNC_FDM_DPI-2024-7-KRN_Lu177_PSMA__PETPSMA_0__Pat13 | Loss = 37.8199
Epoch 1 | 120/659 | FDM_DPI-2024-7-KRN_Lu177_PSMA__SPECT_Tc_1__Pat97 | Loss = 15.0577
Epoch 1 | 130/659 | FDM_DPI-2024-7-KRN_Lu177_PSMA__SPECT_Tc_1__Pat51 | Loss = 11.0229
Epoch 1 | 140/659 | UNC_FDM_DPI-2024-7-KRN_Lu177_PSMA__PETPSMA_2__Pat91 | Loss = 3.6185
Epoch 1 | 160/659 | FDM_DPI-2024-7-KRN_Lu177_PSMA__SPECT_Tc_3__Pat82 | Loss = 15.4854
Epoch 1 | 170/659 | FDM_DPI-2024-7-KRN_Lu177_PSMA__SPECT_Tc_0__Pat51 | Loss = 3.5647
Epoch 1 | 180/659 | UNC_FDM_DPI-2024-7-KRN_Lu177_PSMA__PETPSMA_0__Pat45 | Loss = 11.4528
Epoch 1 | 190/659 | FDM_DPI-2024-7-KRN_Lu177_PSMA__SPECT_Tc_0__Pat54 | Loss = 32.6031
Epoch 1 | 200/659 | UNC_FDM_DPI-2024-7-KRN_Lu177_PSMA__PETPSMA_0__Pat84 | Loss = 4.6965
Epoch 1 | 210/659 | UNC_FDM_DPI-2024-7-KRN_Lu177_PSMA__PETPSMA_1__Pat67 | Loss = 26.2293
Epoch 1 | 220/659 | FDM_DPI-2024-7-KRN_Lu177_PSMA__SPECT_Tc_7__Pat20 | Loss = 5.7991
Epoch 1 | 230/659 | FDM_DPI-2024-7-KRN_Lu177_PSMA__SPECT_Tc_3__Pat114 | Loss = 45.4125
Epoch 1 | 240/659 | FDM_DPI-2024-7-KRN_Lu177_PSMA__SPECT_Tc_3__Pat47 | Loss = 12.6529
Epoch 1 | 260/659 | FDM_DPI-2024-7-KRN_Lu177_PSMA__SPECT_Tc_2__Pat128 | Loss = 4.0660
Epoch 1 | 270/659 | FDM_DPI-2024-7-KRN_Lu177_PSMA__SPECT_Tc_1__Pat29 | Loss = 2.7690
Epoch 1 | 300/659 | FDM_DPI-2024-7-KRN_Lu177_PSMA__SPECT_Tc_1__Pat22 | Loss = 13.1400
Epoch 1 | 310/659 | UNC_FDM_DPI-2024-7-KRN_Lu177_PSMA__PETPSMA_0__Pat54 | Loss = 28.5088
Epoch 1 | 320/659 | UNC_FDM_DPI-2024-7-KRN_Lu177_PSMA__PETPSMA_0__Pat125 | Loss = 10.3953
Epoch 1 | 330/659 | UNC_FDM_DPI-2024-7-KRN_Lu177_PSMA__PETPSMA_1__Pat111 | Loss = 14.2125
Epoch 1 | 360/659 | FDM_DPI-2024-7-KRN_Lu177_PSMA__SPECT_Tc_5__Pat103 | Loss = 8.1346
Epoch 1 | 370/659 | UNC_FDM_DPI-2024-7-KRN_Lu177_PSMA__PETPSMA_1__Pat47 | Loss = 26.2420
Epoch 1 | 380/659 | FDM_DPI-2024-7-KRN_Lu177_PSMA__SPECT_Tc_2__Pat124 | Loss = 5.5558
Epoch 1 | 390/659 | UNC_FDM_DPI-2024-7-KRN_Lu177_PSMA__PETPSMA_2__Pat51 | Loss = 30.9278
Epoch 1 | 400/659 | FDM_DPI-2024-7-KRN_Lu177_PSMA__SPECT_Tc_0__Pat117 | Loss = 7.7544
Epoch 1 | 410/659 | UNC_FDM_DPI-2024-7-KRN_Lu177_PSMA__PETPSMA_2__Pat105 | Loss = 7.5562
Epoch 1 | 420/659 | FDM_DPI-2024-7-KRN_Lu177_PSMA__SPECT_Tc_3__Pat94 | Loss = 13.5048
Epoch 1 | 430/659 | FDM_DPI-2024-7-KRN_Lu177_PSMA__SPECT_Tc_2__Pat34 | Loss = 3.9144
Epoch 1 | 440/659 | FDM_DPI-2024-7-KRN_Lu177_PSMA__SPECT_Tc_0__Pat24 | Loss = 1.9223
Epoch 1 | 450/659 | UNC_FDM_DPI-2024-7-KRN_Lu177_PSMA__PETPSMA_1__Pat44 | Loss = 7.3195
Epoch 1 | 460/659 | FDM_DPI-2024-7-KRN_Lu177_PSMA__SPECT_Tc_0__Pat55 | Loss = 57.6263
Epoch 1 | 470/659 | UNC_FDM_DPI-2024-7-KRN_Lu177_PSMA__PETPSMA_0__Pat82 | Loss = 16.6275
Epoch 1 | 480/659 | FDM_DPI-2024-7-KRN_Lu177_PSMA__SPECT_Tc_5__Pat1 | Loss = 3.0296
Epoch 1 | 490/659 | UNC_FDM_DPI-2024-7-KRN_Lu177_PSMA__PETPSMA_0__Pat35 | Loss = 7.0214
Epoch 1 | 500/659 | FDM_DPI-2024-7-KRN_Lu177_PSMA__SPECT_Tc_2__Pat27 | Loss = 2.3363
Epoch 1 | 510/659 | FDM_DPI-2024-7-KRN_Lu177_PSMA__SPECT_Tc_1__Pat115 | Loss = 3.4328
Epoch 1 | 520/659 | FDM_DPI-2024-7-KRN_Lu177_PSMA__SPECT_Tc_0__Pat9 | Loss = 32.9999
Epoch 1 | 540/659 | FDM_DPI-2024-7-KRN_Lu177_PSMA__SPECT_Tc_1__Pat67 | Loss = 9.2029
Epoch 1 | 560/659 | FDM_DPI-2024-7-KRN_Lu177_PSMA__SPECT_Tc_2__Pat45 | Loss = 26.1752
Epoch 1 | 570/659 | FDM_DPI-2024-7-KRN_Lu177_PSMA__SPECT_Tc_1__Pat53 | Loss = 12.3146
Epoch 1 | 600/659 | FDM_DPI-2024-7-KRN_Lu177_PSMA__SPECT_Tc_1__Pat110 | Loss = 7.5575
Epoch 1 | 610/659 | UNC_FDM_DPI-2024-7-KRN_Lu177_PSMA__PETPSMA_1__Pat119 | Loss = 18.8404
Epoch 1 | 620/659 | UNC_FDM_DPI-2024-7-KRN_Lu177_PSMA__PETPSMA_2__Pat61 | Loss = 8.6542
Epoch 1 | 630/659 | FDM_DPI-2024-7-KRN_Lu177_PSMA__SPECT_Tc_1__Pat15 | Loss = 3.4862
Epoch 1 | 640/659 | FDM_DPI-2024-7-KRN_Lu177_PSMA__SPECT_Tc_1__Pat33 | Loss = 7.9016
Epoch 1 | 650/659 | UNC_FDM_DPI-2024-7-KRN_Lu177_PSMA__PETPSMA_2__Pat64 | Loss = 5.8356
Epoch 1 | 659/659 | FDM_DPI-2024-7-KRN_Lu177_PSMA__SPECT_Tc_4__Pat91 | Loss = 5.3723
Epoch 1 COMPLETE | Avg Train Loss = 22.1267 | Val Loss = 11.9786
Saved best checkpoint to checkpoint_best.jld
Epoch 2 | 10/659 | FDM_DPI-2024-7-KRN_Lu177_PSMA__SPECT_Tc_0__Pat104 | Loss = 8.7183
Epoch 2 | 30/659 | UNC_FDM_DPI-2024-7-KRN_Lu177_PSMA__PETPSMA_2__Pat67 | Loss = 3.3954
Epoch 2 | 40/659 | UNC_FDM_DPI-2024-7-KRN_Lu177_PSMA__PETPSMA_2__Pat46 | Loss = 13.0349
Epoch 2 | 60/659 | UNC_FDM_DPI-2024-7-KRN_Lu177_PSMA__PETPSMA_1__Pat68 | Loss = 4.8225
Epoch 2 | 70/659 | FDM_DPI-2024-7-KRN_Lu177_PSMA__SPECT_Tc_5__Pat75 | Loss = 4.0796
Epoch 2 | 90/659 | FDM_DPI-2024-7-KRN_Lu177_PSMA__SPECT_Tc_3__Pat114 | Loss = 36.3133
Epoch 2 | 100/659 | UNC_FDM_DPI-2024-7-KRN_Lu177_PSMA__PETPSMA_1__Pat86 | Loss = 5.9203
Epoch 2 | 110/659 | FDM_DPI-2024-7-KRN_Lu177_PSMA__SPECT_Tc_0__Pat32 | Loss = 4.0896
Epoch 2 | 120/659 | UNC_FDM_DPI-2024-7-KRN_Lu177_PSMA__PETPSMA_2__Pat6 | Loss = 5.2496
Epoch 2 | 130/659 | FDM_DPI-2024-7-KRN_Lu177_PSMA__SPECT_Tc_4__Pat1 | Loss = 2.3409
Epoch 2 | 140/659 | FDM_DPI-2024-7-KRN_Lu177_PSMA__SPECT_Tc_6__Pat46 | Loss = 2.8924
Epoch 2 | 160/659 | FDM_DPI-2024-7-KRN_Lu177_PSMA__SPECT_Tc_3__Pat46 | Loss = 28.2985
Epoch 2 | 170/659 | UNC_FDM_DPI-2024-7-KRN_Lu177_PSMA__PETPSMA_0__Pat20 | Loss = 7.0432
Epoch 2 | 180/659 | UNC_FDM_DPI-2024-7-KRN_Lu177_PSMA__PETPSMA_0__Pat61 | Loss = 17.5951
Epoch 2 | 200/659 | FDM_DPI-2024-7-KRN_Lu177_PSMA__SPECT_Tc_2__Pat54 | Loss = 4.3783
Epoch 2 | 210/659 | UNC_FDM_DPI-2024-7-KRN_Lu177_PSMA__PETPSMA_0__Pat124 | Loss = 13.9119
Epoch 2 | 220/659 | UNC_FDM_DPI-2024-7-KRN_Lu177_PSMA__PETPSMA_2__Pat105 | Loss = 2.9861
Epoch 2 | 240/659 | FDM_DPI-2024-7-KRN_Lu177_PSMA__SPECT_Tc_4__Pat28 | Loss = 1.9206
Epoch 2 | 250/659 | FDM_DPI-2024-7-KRN_Lu177_PSMA__SPECT_Tc_4__Pat47 | Loss = 3.9091
Epoch 2 | 260/659 | FDM_DPI-2024-7-KRN_Lu177_PSMA__SPECT_Tc_0__Pat79 | Loss = 3.9585
Epoch 2 | 270/659 | FDM_DPI-2024-7-KRN_Lu177_PSMA__SPECT_Tc_1__Pat65 | Loss = 2.4924
Epoch 2 | 280/659 | UNC_FDM_DPI-2024-7-KRN_Lu177_PSMA__PETPSMA_1__Pat109 | Loss = 5.0146
Epoch 2 | 290/659 | FDM_DPI-2024-7-KRN_Lu177_PSMA__SPECT_Tc_2__Pat121 | Loss = 3.9409
Epoch 2 | 300/659 | UNC_FDM_DPI-2024-7-KRN_Lu177_PSMA__PETPSMA_1__Pat136 | Loss = 4.4988
Epoch 2 | 310/659 | UNC_FDM_DPI-2024-7-KRN_Lu177_PSMA__PETPSMA_2__Pat1 | Loss = 6.3044
Epoch 2 | 330/659 | FDM_DPI-2024-7-KRN_Lu177_PSMA__SPECT_Tc_1__Pat82 | Loss = 5.4682
Epoch 2 | 340/659 | FDM_DPI-2024-7-KRN_Lu177_PSMA__SPECT_Tc_0__Pat98 | Loss = 1.6158
Epoch 2 | 350/659 | UNC_FDM_DPI-2024-7-KRN_Lu177_PSMA__PETPSMA_0__Pat87 | Loss = 25.1288
Epoch 2 | 360/659 | FDM_DPI-2024-7-KRN_Lu177_PSMA__SPECT_Tc_0__Pat56 | Loss = 4.2363
Epoch 2 | 380/659 | FDM_DPI-2024-7-KRN_Lu177_PSMA__SPECT_Tc_0__Pat19 | Loss = 27.5596
Epoch 2 | 390/659 | FDM_DPI-2024-7-KRN_Lu177_PSMA__SPECT_Tc_1__Pat25 | Loss = 1.6247
Epoch 2 | 400/659 | UNC_FDM_DPI-2024-7-KRN_Lu177_PSMA__PETPSMA_2__Pat8 | Loss = 2.6451
Epoch 2 | 410/659 | UNC_FDM_DPI-2024-7-KRN_Lu177_PSMA__PETPSMA_1__Pat53 | Loss = 4.8035
Epoch 2 | 420/659 | UNC_FDM_DPI-2024-7-KRN_Lu177_PSMA__PETPSMA_0__Pat4 | Loss = 13.5612
Epoch 2 | 440/659 | FDM_DPI-2024-7-KRN_Lu177_PSMA__SPECT_Tc_0__Pat124 | Loss = 43.7959
Epoch 2 | 460/659 | FDM_DPI-2024-7-KRN_Lu177_PSMA__SPECT_Tc_1__Pat101 | Loss = 4.9527
Epoch 2 | 470/659 | FDM_DPI-2024-7-KRN_Lu177_PSMA__SPECT_Tc_8__Pat14 | Loss = 8.7615
Epoch 2 | 480/659 | UNC_FDM_DPI-2024-7-KRN_Lu177_PSMA__PETPSMA_0__Pat19 | Loss = 3.1938
Epoch 2 | 490/659 | UNC_FDM_DPI-2024-7-KRN_Lu177_PSMA__PETPSMA_0__Pat10 | Loss = 6.3980
Epoch 2 | 500/659 | FDM_DPI-2024-7-KRN_Lu177_PSMA__SPECT_Tc_2__Pat119 | Loss = 6.7870
Epoch 2 | 510/659 | FDM_DPI-2024-7-KRN_Lu177_PSMA__SPECT_Tc_1__Pat35 | Loss = 5.7396
Epoch 2 | 520/659 | FDM_DPI-2024-7-KRN_Lu177_PSMA__SPECT_Tc_1__Pat120 | Loss = 42.1932
Epoch 2 | 530/659 | FDM_DPI-2024-7-KRN_Lu177_PSMA__SPECT_Tc_7__Pat108 | Loss = 34.9853
Epoch 2 | 540/659 | FDM_DPI-2024-7-KRN_Lu177_PSMA__SPECT_Tc_0__Pat49 | Loss = 5.7511
Epoch 2 | 550/659 | UNC_FDM_DPI-2024-7-KRN_Lu177_PSMA__PETPSMA_0__Pat84 | Loss = 5.8725
Epoch 2 | 560/659 | UNC_FDM_DPI-2024-7-KRN_Lu177_PSMA__PETPSMA_0__Pat110 | Loss = 5.6382
Epoch 2 | 570/659 | UNC_FDM_DPI-2024-7-KRN_Lu177_PSMA__PETPSMA_0__Pat90 | Loss = 3.6571
Epoch 2 | 580/659 | FDM_DPI-2024-7-KRN_Lu177_PSMA__SPECT_Tc_9__Pat25 | Loss = 5.8951
Epoch 2 | 590/659 | FDM_DPI-2024-7-KRN_Lu177_PSMA__SPECT_Tc_0__Pat22 | Loss = 2.3622
Epoch 2 | 600/659 | FDM_DPI-2024-7-KRN_Lu177_PSMA__SPECT_Tc_3__Pat94 | Loss = 2.1544
Epoch 2 | 610/659 | FDM_DPI-2024-7-KRN_Lu177_PSMA__SPECT_Tc_2__Pat11 | Loss = 25.7128
Epoch 2 | 620/659 | FDM_DPI-2024-7-KRN_Lu177_PSMA__SPECT_Tc_1__Pat28 | Loss = 2.2143
Epoch 2 | 650/659 | UNC_FDM_DPI-2024-7-KRN_Lu177_PSMA__PETPSMA_2__Pat95 | Loss = 6.3749
Epoch 2 | 659/659 | FDM_DPI-2024-7-KRN_Lu177_PSMA__SPECT_Tc_4__Pat31 | Loss = 30.7934
Epoch 2 COMPLETE | Avg Train Loss = 10.0506 | Val Loss = 10.0613
Saved best checkpoint to checkpoint_best.jld
Epoch 3 | 10/659 | FDM_DPI-2024-7-KRN_Lu177_PSMA__SPECT_Tc_1__Pat25 | Loss = 2.1668
Epoch 3 | 20/659 | UNC_FDM_DPI-2024-7-KRN_Lu177_PSMA__PETPSMA_1__Pat65 | Loss = 5.2062
Epoch 3 | 30/659 | FDM_DPI-2024-7-KRN_Lu177_PSMA__SPECT_Tc_0__Pat128 | Loss = 3.2802
Epoch 3 | 40/659 | UNC_FDM_DPI-2024-7-KRN_Lu177_PSMA__PETPSMA_1__Pat109 | Loss = 2.6590
Epoch 3 | 50/659 | FDM_DPI-2024-7-KRN_Lu177_PSMA__SPECT_Tc_4__Pat10 | Loss = 3.5891
Epoch 3 | 60/659 | UNC_FDM_DPI-2024-7-KRN_Lu177_PSMA__PETPSMA_1__Pat86 | Loss = 2.9465
Epoch 3 | 70/659 | FDM_DPI-2024-7-KRN_Lu177_PSMA__SPECT_Tc_3__Pat30 | Loss = 5.0446
Epoch 3 | 80/659 | FDM_DPI-2024-7-KRN_Lu177_PSMA__SPECT_Tc_2__Pat104 | Loss = 3.3072
Epoch 3 | 90/659 | FDM_DPI-2024-7-KRN_Lu177_PSMA__SPECT_Tc_7__Pat20 | Loss = 2.1757
Epoch 3 | 100/659 | UNC_FDM_DPI-2024-7-KRN_Lu177_PSMA__PETPSMA_0__Pat127 | Loss = 2.9871
Epoch 3 | 120/659 | FDM_DPI-2024-7-KRN_Lu177_PSMA__SPECT_Tc_4__Pat31 | Loss = 34.7114
Epoch 3 | 130/659 | FDM_DPI-2024-7-KRN_Lu177_PSMA__SPECT_Tc_3__Pat21 | Loss = 3.2439
Epoch 3 | 140/659 | UNC_FDM_DPI-2024-7-KRN_Lu177_PSMA__PETPSMA_2__Pat91 | Loss = 5.7849
Epoch 3 | 160/659 | UNC_FDM_DPI-2024-7-KRN_Lu177_PSMA__PETPSMA_2__Pat118 | Loss = 2.7505
Epoch 3 | 170/659 | UNC_FDM_DPI-2024-7-KRN_Lu177_PSMA__PETPSMA_0__Pat29 | Loss = 3.3172
Epoch 3 | 180/659 | FDM_DPI-2024-7-KRN_Lu177_PSMA__SPECT_Tc_4__Pat28 | Loss = 4.2416
Epoch 3 | 190/659 | FDM_DPI-2024-7-KRN_Lu177_PSMA__SPECT_Tc_1__Pat121 | Loss = 4.4115
Epoch 3 | 200/659 | FDM_DPI-2024-7-KRN_Lu177_PSMA__SPECT_Tc_7__Pat114 | Loss = 2.1996
Epoch 3 | 210/659 | FDM_DPI-2024-7-KRN_Lu177_PSMA__SPECT_Tc_1__Pat30 | Loss = 30.8603
Epoch 3 | 230/659 | FDM_DPI-2024-7-KRN_Lu177_PSMA__SPECT_Tc_3__Pat35 | Loss = 25.6550
Epoch 3 | 240/659 | FDM_DPI-2024-7-KRN_Lu177_PSMA__SPECT_Tc_3__Pat46 | Loss = 28.2884
Epoch 3 | 250/659 | FDM_DPI-2024-7-KRN_Lu177_PSMA__SPECT_Tc_2__Pat47 | Loss = 4.0343
Epoch 3 | 260/659 | UNC_FDM_DPI-2024-7-KRN_Lu177_PSMA__PETPSMA_1__Pat101 | Loss = 4.9936
Epoch 3 | 280/659 | FDM_DPI-2024-7-KRN_Lu177_PSMA__SPECT_Tc_3__Pat10 | Loss = 1.5683
Epoch 3 | 290/659 | UNC_FDM_DPI-2024-7-KRN_Lu177_PSMA__PETPSMA_2__Pat45 | Loss = 12.5685
Epoch 3 | 300/659 | FDM_DPI-2024-7-KRN_Lu177_PSMA__SPECT_Tc_4__Pat25 | Loss = 5.1922
Epoch 3 | 310/659 | FDM_DPI-2024-7-KRN_Lu177_PSMA__SPECT_Tc_1__Pat90 | Loss = 6.6630
Epoch 3 | 320/659 | UNC_FDM_DPI-2024-7-KRN_Lu177_PSMA__PETPSMA_1__Pat54 | Loss = 5.9035
Epoch 3 | 330/659 | UNC_FDM_DPI-2024-7-KRN_Lu177_PSMA__PETPSMA_2__Pat30 | Loss = 5.8818
Epoch 3 | 340/659 | FDM_DPI-2024-7-KRN_Lu177_PSMA__SPECT_Tc_3__Pat51 | Loss = 3.0592
Epoch 3 | 350/659 | FDM_DPI-2024-7-KRN_Lu177_PSMA__SPECT_Tc_1__Pat15 | Loss = 3.3881
Epoch 3 | 370/659 | FDM_DPI-2024-7-KRN_Lu177_PSMA__SPECT_Tc_2__Pat11 | Loss = 33.4239
Epoch 3 | 380/659 | UNC_FDM_DPI-2024-7-KRN_Lu177_PSMA__PETPSMA_1__Pat124 | Loss = 3.1752
Epoch 3 | 390/659 | UNC_FDM_DPI-2024-7-KRN_Lu177_PSMA__PETPSMA_0__Pat27 | Loss = 19.5050
Epoch 3 | 400/659 | FDM_DPI-2024-7-KRN_Lu177_PSMA__SPECT_Tc_0__Pat20 | Loss = 2.4269
Epoch 3 | 420/659 | UNC_FDM_DPI-2024-7-KRN_Lu177_PSMA__PETPSMA_0__Pat56 | Loss = 2.2618
Epoch 3 | 440/659 | FDM_DPI-2024-7-KRN_Lu177_PSMA__SPECT_Tc_4__Pat15 | Loss = 2.9738
Epoch 3 | 460/659 | UNC_FDM_DPI-2024-7-KRN_Lu177_PSMA__PETPSMA_2__Pat20 | Loss = 3.5423
Epoch 3 | 470/659 | FDM_DPI-2024-7-KRN_Lu177_PSMA__SPECT_Tc_0__Pat9 | Loss = 37.9604
Epoch 3 | 480/659 | FDM_DPI-2024-7-KRN_Lu177_PSMA__SPECT_Tc_2__Pat87 | Loss = 25.7469
Epoch 3 | 490/659 | FDM_DPI-2024-7-KRN_Lu177_PSMA__SPECT_Tc_7__Pat17 | Loss = 7.2836
Epoch 3 | 500/659 | UNC_FDM_DPI-2024-7-KRN_Lu177_PSMA__PETPSMA_1__Pat75 | Loss = 3.5523
Epoch 3 | 510/659 | FDM_DPI-2024-7-KRN_Lu177_PSMA__SPECT_Tc_9__Pat31 | Loss = 5.7603
Epoch 3 | 520/659 | UNC_FDM_DPI-2024-7-KRN_Lu177_PSMA__PETPSMA_0__Pat98 | Loss = 2.7688
Epoch 3 | 530/659 | FDM_DPI-2024-7-KRN_Lu177_PSMA__SPECT_Tc_3__Pat25 | Loss = 2.9177
Epoch 3 | 540/659 | FDM_DPI-2024-7-KRN_Lu177_PSMA__SPECT_Tc_1__Pat34 | Loss = 5.9842
Epoch 3 | 550/659 | UNC_FDM_DPI-2024-7-KRN_Lu177_PSMA__PETPSMA_0__Pat124 | Loss = 4.7065
Epoch 3 | 560/659 | FDM_DPI-2024-7-KRN_Lu177_PSMA__SPECT_Tc_0__Pat109 | Loss = 8.3885
Epoch 3 | 590/659 | FDM_DPI-2024-7-KRN_Lu177_PSMA__SPECT_Iodine_0__Pat116 | Loss = 3.4479
Epoch 3 | 600/659 | FDM_DPI-2024-7-KRN_Lu177_PSMA__SPECT_Tc_0__Pat106 | Loss = 28.4714
Epoch 3 | 610/659 | FDM_DPI-2024-7-KRN_Lu177_PSMA__SPECT_Tc_0__Pat118 | Loss = 9.4783
Epoch 3 | 620/659 | FDM_DPI-2024-7-KRN_Lu177_PSMA__SPECT_Tc_4__Pat91 | Loss = 2.5483
Epoch 3 | 640/659 | UNC_FDM_DPI-2024-7-KRN_Lu177_PSMA__PETPSMA_0__Pat95 | Loss = 7.0188
Epoch 3 | 650/659 | FDM_DPI-2024-7-KRN_Lu177_PSMA__SPECT_Tc_1__Pat8 | Loss = 3.0830
Epoch 3 | 659/659 | UNC_FDM_DPI-2024-7-KRN_Lu177_PSMA__PETPSMA_1__Pat18 | Loss = 5.1296
Epoch 3 COMPLETE | Avg Train Loss = 9.3698 | Val Loss = 9.7731
Saved best checkpoint to checkpoint_best.jld
Epoch 4 | 10/659 | FDM_DPI-2024-7-KRN_Lu177_PSMA__SPECT_Tc_1__Pat3 | Loss = 4.4057
Epoch 4 | 20/659 | FDM_DPI-2024-7-KRN_Lu177_PSMA__SPECT_Tc_4__Pat9 | Loss = 3.1757
Epoch 4 | 30/659 | FDM_DPI-2024-7-KRN_Lu177_PSMA__SPECT_Tc_2__Pat15 | Loss = 4.4063
Epoch 4 | 40/659 | UNC_FDM_DPI-2024-7-KRN_Lu177_PSMA__PETPSMA_1__Pat10 | Loss = 3.1908
Epoch 4 | 50/659 | UNC_FDM_DPI-2024-7-KRN_Lu177_PSMA__PETPSMA_1__Pat7 | Loss = 3.5858
Epoch 4 | 60/659 | FDM_DPI-2024-7-KRN_Lu177_PSMA__SPECT_Tc_4__Pat103 | Loss = 2.7454
Epoch 4 | 80/659 | UNC_FDM_DPI-2024-7-KRN_Lu177_PSMA__PETPSMA_2__Pat9 | Loss = 8.5290
Epoch 4 | 90/659 | FDM_DPI-2024-7-KRN_Lu177_PSMA__SPECT_Tc_1__Pat90 | Loss = 2.0202
Epoch 4 | 100/659 | FDM_DPI-2024-7-KRN_Lu177_PSMA__SPECT_Tc_4__Pat15 | Loss = 3.6854
Epoch 4 | 110/659 | FDM_DPI-2024-7-KRN_Lu177_PSMA__SPECT_Tc_3__Pat55 | Loss = 2.9771
Epoch 4 | 120/659 | FDM_DPI-2024-7-KRN_Lu177_PSMA__SPECT_Tc_0__Pat145 | Loss = 1.9935
Epoch 4 | 130/659 | FDM_DPI-2024-7-KRN_Lu177_PSMA__SPECT_Tc_4__Pat3 | Loss = 3.1613
Epoch 4 | 140/659 | FDM_DPI-2024-7-KRN_Lu177_PSMA__SPECT_Tc_0__Pat30 | Loss = 28.3936
Epoch 4 | 150/659 | UNC_FDM_DPI-2024-7-KRN_Lu177_PSMA__PETPSMA_1__Pat128 | Loss = 2.6712
Epoch 4 | 170/659 | FDM_DPI-2024-7-KRN_Lu177_PSMA__SPECT_Tc_7__Pat31 | Loss = 2.4591
Epoch 4 | 180/659 | FDM_DPI-2024-7-KRN_Lu177_PSMA__SPECT_Tc_1__Pat44 | Loss = 5.2994
Epoch 4 | 190/659 | FDM_DPI-2024-7-KRN_Lu177_PSMA__SPECT_Tc_1__Pat54 | Loss = 33.9658
Epoch 4 | 200/659 | UNC_FDM_DPI-2024-7-KRN_Lu177_PSMA__PETPSMA_2__Pat87 | Loss = 5.7326
Epoch 4 | 210/659 | FDM_DPI-2024-7-KRN_Lu177_PSMA__SPECT_Tc_8__Pat20 | Loss = 1.9845
Epoch 4 | 230/659 | FDM_DPI-2024-7-KRN_Lu177_PSMA__SPECT_Tc_0__Pat124 | Loss = 30.9806
Epoch 4 | 270/659 | FDM_DPI-2024-7-KRN_Lu177_PSMA__SPECT_Tc_1__Pat127 | Loss = 2.6286
Epoch 4 | 280/659 | UNC_FDM_DPI-2024-7-KRN_Lu177_PSMA__PETPSMA_1__Pat27 | Loss = 3.1185
Epoch 4 | 290/659 | FDM_DPI-2024-7-KRN_Lu177_PSMA__SPECT_Tc_0__Pat17 | Loss = 27.4660
Epoch 4 | 300/659 | UNC_FDM_DPI-2024-7-KRN_Lu177_PSMA__PETPSMA_0__Pat28 | Loss = 3.9096
Epoch 4 | 320/659 | UNC_FDM_DPI-2024-7-KRN_Lu177_PSMA__PETPSMA_1__Pat112 | Loss = 5.4264
Epoch 4 | 340/659 | UNC_FDM_DPI-2024-7-KRN_Lu177_PSMA__PETPSMA_1__Pat108 | Loss = 10.3114
Epoch 4 | 350/659 | FDM_DPI-2024-7-KRN_Lu177_PSMA__SPECT_Tc_2__Pat118 | Loss = 1.3818
Epoch 4 | 360/659 | UNC_FDM_DPI-2024-7-KRN_Lu177_PSMA__PETPSMA_0__Pat97 | Loss = 6.7820
Epoch 4 | 370/659 | FDM_DPI-2024-7-KRN_Lu177_PSMA__SPECT_Tc_0__Pat125 | Loss = 1.4080
Epoch 4 | 380/659 | UNC_FDM_DPI-2024-7-KRN_Lu177_PSMA__PETPSMA_0__Pat104 | Loss = 4.1296
Epoch 4 | 400/659 | FDM_DPI-2024-7-KRN_Lu177_PSMA__SPECT_Tc_0__Pat123 | Loss = 3.0062
Epoch 4 | 410/659 | UNC_FDM_DPI-2024-7-KRN_Lu177_PSMA__PETPSMA_2__Pat67 | Loss = 3.7136
Epoch 4 | 420/659 | UNC_FDM_DPI-2024-7-KRN_Lu177_PSMA__PETPSMA_1__Pat61 | Loss = 17.0243
Epoch 4 | 430/659 | FDM_DPI-2024-7-KRN_Lu177_PSMA__SPECT_Tc_0__Pat15 | Loss = 2.8926
Epoch 4 | 440/659 | FDM_DPI-2024-7-KRN_Lu177_PSMA__SPECT_Tc_1__Pat121 | Loss = 3.7397
Epoch 4 | 450/659 | FDM_DPI-2024-7-KRN_Lu177_PSMA__SPECT_Tc_1__Pat53 | Loss = 14.6881
Epoch 4 | 460/659 | UNC_FDM_DPI-2024-7-KRN_Lu177_PSMA__PETPSMA_2__Pat29 | Loss = 2.7155
Epoch 4 | 470/659 | FDM_DPI-2024-7-KRN_Lu177_PSMA__SPECT_Tc_0__Pat117 | Loss = 6.1000
Epoch 4 | 490/659 | UNC_FDM_DPI-2024-7-KRN_Lu177_PSMA__PETPSMA_0__Pat65 | Loss = 3.9977
Epoch 4 | 500/659 | UNC_FDM_DPI-2024-7-KRN_Lu177_PSMA__PETPSMA_1__Pat90 | Loss = 17.7676
Epoch 4 | 510/659 | FDM_DPI-2024-7-KRN_Lu177_PSMA__SPECT_Tc_1__Pat139 | Loss = 6.5471
Epoch 4 | 520/659 | UNC_FDM_DPI-2024-7-KRN_Lu177_PSMA__PETPSMA_1__Pat58 | Loss = 3.6772
Epoch 4 | 530/659 | FDM_DPI-2024-7-KRN_Lu177_PSMA__SPECT_Tc_1__Pat109 | Loss = 2.0169
Epoch 4 | 540/659 | UNC_FDM_DPI-2024-7-KRN_Lu177_PSMA__PETPSMA_0__Pat27 | Loss = 16.4222
Epoch 4 | 560/659 | FDM_DPI-2024-7-KRN_Lu177_PSMA__SPECT_Tc_1__Pat10 | Loss = 3.9461
Epoch 4 | 570/659 | UNC_FDM_DPI-2024-7-KRN_Lu177_PSMA__PETPSMA_1__Pat54 | Loss = 5.4450
Epoch 4 | 600/659 | FDM_DPI-2024-7-KRN_Lu177_PSMA__SPECT_Tc_0__Pat50 | Loss = 3.2017
Epoch 4 | 610/659 | FDM_DPI-2024-7-KRN_Lu177_PSMA__SPECT_Tc_4__Pat17 | Loss = 3.6582
Epoch 4 | 620/659 | FDM_DPI-2024-7-KRN_Lu177_PSMA__SPECT_Tc_1__Pat56 | Loss = 1.2880
Epoch 4 | 630/659 | FDM_DPI-2024-7-KRN_Lu177_PSMA__SPECT_Tc_0__Pat93 | Loss = 30.6372
Epoch 4 | 640/659 | UNC_FDM_DPI-2024-7-KRN_Lu177_PSMA__PETPSMA_1__Pat32 | Loss = 3.0424
Epoch 4 | 650/659 | FDM_DPI-2024-7-KRN_Lu177_PSMA__SPECT_Tc_5__Pat3 | Loss = 5.0783
Epoch 4 | 659/659 | FDM_DPI-2024-7-KRN_Lu177_PSMA__SPECT_Tc_6__Pat14 | Loss = 2.2263
Epoch 4 COMPLETE | Avg Train Loss = 8.7835 | Val Loss = 10.3083
Epoch 5 | 10/659 | FDM_DPI-2024-7-KRN_Lu177_PSMA__SPECT_Tc_3__Pat3 | Loss = 3.0824
Epoch 5 | 20/659 | FDM_DPI-2024-7-KRN_Lu177_PSMA__SPECT_Tc_0__Pat4 | Loss = 3.8115
Epoch 5 | 30/659 | UNC_FDM_DPI-2024-7-KRN_Lu177_PSMA__PETPSMA_1__Pat92 | Loss = 6.0550
Epoch 5 | 40/659 | UNC_FDM_DPI-2024-7-KRN_Lu177_PSMA__PETPSMA_0__Pat116 | Loss = 3.0578
Epoch 5 | 50/659 | UNC_FDM_DPI-2024-7-KRN_Lu177_PSMA__PETPSMA_2__Pat21 | Loss = 4.2583
Epoch 5 | 60/659 | UNC_FDM_DPI-2024-7-KRN_Lu177_PSMA__PETPSMA_1__Pat24 | Loss = 2.6725
Epoch 5 | 70/659 | UNC_FDM_DPI-2024-7-KRN_Lu177_PSMA__PETPSMA_1__Pat64 | Loss = 4.0528
Epoch 5 | 80/659 | UNC_FDM_DPI-2024-7-KRN_Lu177_PSMA__PETPSMA_3__Pat3 | Loss = 1.8783
Epoch 5 | 90/659 | FDM_DPI-2024-7-KRN_Lu177_PSMA__SPECT_Tc_4__Pat127 | Loss = 1.6421
Epoch 5 | 100/659 | UNC_FDM_DPI-2024-7-KRN_Lu177_PSMA__PETPSMA_1__Pat18 | Loss = 3.4479
Epoch 5 | 110/659 | FDM_DPI-2024-7-KRN_Lu177_PSMA__SPECT_Tc_0__Pat90 | Loss = 20.9359
Epoch 5 | 120/659 | FDM_DPI-2024-7-KRN_Lu177_PSMA__SPECT_Tc_0__Pat75 | Loss = 2.1620
Epoch 5 | 130/659 | UNC_FDM_DPI-2024-7-KRN_Lu177_PSMA__PETPSMA_1__Pat76 | Loss = 3.4524
Epoch 5 | 140/659 | FDM_DPI-2024-7-KRN_Lu177_PSMA__SPECT_Iodine_2__Pat49 | Loss = 2.3628
Epoch 5 | 150/659 | FDM_DPI-2024-7-KRN_Lu177_PSMA__SPECT_Tc_3__Pat122 | Loss = 2.4785
Epoch 5 | 160/659 | UNC_FDM_DPI-2024-7-KRN_Lu177_PSMA__PETPSMA_2__Pat51 | Loss = 2.7847
Epoch 5 | 170/659 | FDM_DPI-2024-7-KRN_Lu177_PSMA__SPECT_Tc_0__Pat20 | Loss = 2.8003
Epoch 5 | 180/659 | FDM_DPI-2024-7-KRN_Lu177_PSMA__SPECT_Tc_1__Pat22 | Loss = 2.2086
Epoch 5 | 190/659 | UNC_FDM_DPI-2024-7-KRN_Lu177_PSMA__PETPSMA_0__Pat3 | Loss = 3.6298
Epoch 5 | 200/659 | FDM_DPI-2024-7-KRN_Lu177_PSMA__SPECT_Tc_2__Pat95 | Loss = 12.5413
Epoch 5 | 210/659 | UNC_FDM_DPI-2024-7-KRN_Lu177_PSMA__PETPSMA_1__Pat28 | Loss = 3.4043
Epoch 5 | 220/659 | FDM_DPI-2024-7-KRN_Lu177_PSMA__SPECT_Tc_7__Pat2 | Loss = 2.8416
Epoch 5 | 230/659 | UNC_FDM_DPI-2024-7-KRN_Lu177_PSMA__PETPSMA_0__Pat98 | Loss = 5.3635
Epoch 5 | 240/659 | FDM_DPI-2024-7-KRN_Lu177_PSMA__SPECT_Tc_7__Pat108 | Loss = 32.6668
Epoch 5 | 250/659 | FDM_DPI-2024-7-KRN_Lu177_PSMA__SPECT_Tc_1__Pat3 | Loss = 2.0970
Epoch 5 | 260/659 | FDM_DPI-2024-7-KRN_Lu177_PSMA__SPECT_Tc_4__Pat25 | Loss = 2.7419
Epoch 5 | 280/659 | FDM_DPI-2024-7-KRN_Lu177_PSMA__SPECT_Tc_0__Pat98 | Loss = 1.5202
Epoch 5 | 290/659 | UNC_FDM_DPI-2024-7-KRN_Lu177_PSMA__PETPSMA_1__Pat102 | Loss = 2.0646
Epoch 5 | 300/659 | FDM_DPI-2024-7-KRN_Lu177_PSMA__SPECT_Tc_2__Pat119 | Loss = 5.7927
Epoch 5 | 310/659 | FDM_DPI-2024-7-KRN_Lu177_PSMA__SPECT_Tc_0__Pat2 | Loss = 5.3567
Epoch 5 | 330/659 | FDM_DPI-2024-7-KRN_Lu177_PSMA__SPECT_Tc_1__Pat125 | Loss = 3.4854
Epoch 5 | 340/659 | FDM_DPI-2024-7-KRN_Lu177_PSMA__SPECT_Tc_1__Pat86 | Loss = 13.6313
Epoch 5 | 350/659 | PET_sub-003 | Loss = 108.8140
Epoch 5 | 360/659 | UNC_FDM_DPI-2024-7-KRN_Lu177_PSMA__PETPSMA_2__Pat31 | Loss = 7.5073
Epoch 5 | 370/659 | FDM_DPI-2024-7-KRN_Lu177_PSMA__SPECT_Tc_1__Pat131 | Loss = 3.1150
Epoch 5 | 380/659 | FDM_DPI-2024-7-KRN_Lu177_PSMA__SPECT_Tc_3__Pat16 | Loss = 4.4923
Epoch 5 | 400/659 | UNC_FDM_DPI-2024-7-KRN_Lu177_PSMA__PETPSMA_1__Pat16 | Loss = 3.7933
Epoch 5 | 410/659 | FDM_DPI-2024-7-KRN_Lu177_PSMA__SPECT_Tc_3__Pat1 | Loss = 1.5016
Epoch 5 | 420/659 | UNC_FDM_DPI-2024-7-KRN_Lu177_PSMA__PETPSMA_3__Pat16 | Loss = 2.6936
Epoch 5 | 450/659 | FDM_DPI-2024-7-KRN_Lu177_PSMA__SPECT_Tc_0__Pat47 | Loss = 2.3415
Epoch 5 | 460/659 | FDM_DPI-2024-7-KRN_Lu177_PSMA__SPECT_Tc_5__Pat91 | Loss = 1.6099
Epoch 5 | 470/659 | UNC_FDM_DPI-2024-7-KRN_Lu177_PSMA__PETPSMA_0__Pat125 | Loss = 3.4683
Epoch 5 | 490/659 | FDM_DPI-2024-7-KRN_Lu177_PSMA__SPECT_Tc_3__Pat105 | Loss = 1.4156
Epoch 5 | 500/659 | UNC_FDM_DPI-2024-7-KRN_Lu177_PSMA__PETPSMA_1__Pat30 | Loss = 2.8882
Epoch 5 | 510/659 | FDM_DPI-2024-7-KRN_Lu177_PSMA__SPECT_Tc_4__Pat114 | Loss = 2.9505
Epoch 5 | 520/659 | FDM_DPI-2024-7-KRN_Lu177_PSMA__SPECT_Tc_7__Pat114 | Loss = 2.5737
Epoch 5 | 530/659 | FDM_DPI-2024-7-KRN_Lu177_PSMA__SPECT_Tc_0__Pat3 | Loss = 1.9764
Epoch 5 | 540/659 | FDM_DPI-2024-7-KRN_Lu177_PSMA__SPECT_Tc_1__Pat60 | Loss = 3.2586
Epoch 5 | 550/659 | FDM_DPI-2024-7-KRN_Lu177_PSMA__SPECT_Tc_2__Pat28 | Loss = 3.6681
Epoch 5 | 560/659 | FDM_DPI-2024-7-KRN_Lu177_PSMA__SPECT_Tc_0__Pat22 | Loss = 2.4483
Epoch 5 | 570/659 | UNC_FDM_DPI-2024-7-KRN_Lu177_PSMA__PETPSMA_1__Pat79 | Loss = 3.5537
Epoch 5 | 580/659 | FDM_DPI-2024-7-KRN_Lu177_PSMA__SPECT_Tc_0__Pat52 | Loss = 26.6774
Epoch 5 | 590/659 | UNC_FDM_DPI-2024-7-KRN_Lu177_PSMA__PETPSMA_0__Pat9 | Loss = 2.7655
Epoch 5 | 600/659 | FDM_DPI-2024-7-KRN_Lu177_PSMA__SPECT_Tc_3__Pat75 | Loss = 1.3743
Epoch 5 | 610/659 | FDM_DPI-2024-7-KRN_Lu177_PSMA__SPECT_Tc_2__Pat47 | Loss = 1.7846
Epoch 5 | 620/659 | UNC_FDM_DPI-2024-7-KRN_Lu177_PSMA__PETPSMA_2__Pat5 | Loss = 4.4542
Epoch 5 | 630/659 | FDM_DPI-2024-7-KRN_Lu177_PSMA__SPECT_Tc_0__Pat111 | Loss = 17.6391
Epoch 5 | 650/659 | FDM_DPI-2024-7-KRN_Lu177_PSMA__SPECT_Tc_2__Pat30 | Loss = 3.4742
Epoch 5 | 659/659 | UNC_FDM_DPI-2024-7-KRN_Lu177_PSMA__PETPSMA_0__Pat75 | Loss = 2.4090
Epoch 5 COMPLETE | Avg Train Loss = 8.6243 | Val Loss = 8.3280
Saved best checkpoint to checkpoint_best.jld
Epoch 6 | 10/659 | UNC_FDM_DPI-2024-7-KRN_Lu177_PSMA__PETPSMA_1__Pat114 | Loss = 10.6913
Epoch 6 | 20/659 | UNC_FDM_DPI-2024-7-KRN_Lu177_PSMA__PETPSMA_2__Pat20 | Loss = 5.5968
Epoch 6 | 30/659 | FDM_DPI-2024-7-KRN_Lu177_PSMA__SPECT_Tc_0__Pat16 | Loss = 3.8399
Epoch 6 | 60/659 | FDM_DPI-2024-7-KRN_Lu177_PSMA__SPECT_Tc_2__Pat51 | Loss = 5.3597
Epoch 6 | 70/659 | FDM_DPI-2024-7-KRN_Lu177_PSMA__SPECT_Tc_5__Pat127 | Loss = 3.4868
Epoch 6 | 80/659 | UNC_FDM_DPI-2024-7-KRN_Lu177_PSMA__PETPSMA_3__Pat14 | Loss = 3.5364
Epoch 6 | 90/659 | UNC_FDM_DPI-2024-7-KRN_Lu177_PSMA__PETPSMA_0__Pat52 | Loss = 2.1696
Epoch 6 | 100/659 | FDM_DPI-2024-7-KRN_Lu177_PSMA__SPECT_Tc_6__Pat103 | Loss = 1.6721
Epoch 6 | 120/659 | FDM_DPI-2024-7-KRN_Lu177_PSMA__SPECT_Tc_6__Pat25 | Loss = 19.4099
Epoch 6 | 140/659 | UNC_FDM_DPI-2024-7-KRN_Lu177_PSMA__PETPSMA_2__Pat3 | Loss = 2.7598
Epoch 6 | 150/659 | FDM_DPI-2024-7-KRN_Lu177_PSMA__SPECT_Tc_1__Pat109 | Loss = 2.0311
Epoch 6 | 160/659 | FDM_DPI-2024-7-KRN_Lu177_PSMA__SPECT_Tc_0__Pat30 | Loss = 27.4705
Epoch 6 | 170/659 | FDM_DPI-2024-7-KRN_Lu177_PSMA__SPECT_Tc_4__Pat2 | Loss = 1.2763
Epoch 6 | 180/659 | FDM_DPI-2024-7-KRN_Lu177_PSMA__SPECT_Tc_1__Pat33 | Loss = 1.9978
Epoch 6 | 190/659 | FDM_DPI-2024-7-KRN_Lu177_PSMA__SPECT_Tc_5__Pat6 | Loss = 2.4423
Epoch 6 | 200/659 | UNC_FDM_DPI-2024-7-KRN_Lu177_PSMA__PETPSMA_2__Pat67 | Loss = 2.5986
Epoch 6 | 210/659 | FDM_DPI-2024-7-KRN_Lu177_PSMA__SPECT_Tc_1__Pat103 | Loss = 3.0539
Epoch 6 | 220/659 | UNC_FDM_DPI-2024-7-KRN_Lu177_PSMA__PETPSMA_0__Pat64 | Loss = 2.6827
Epoch 6 | 230/659 | FDM_DPI-2024-7-KRN_Lu177_PSMA__SPECT_Tc_6__Pat20 | Loss = 1.5054
Epoch 6 | 240/659 | FDM_DPI-2024-7-KRN_Lu177_PSMA__SPECT_Tc_1__Pat83 | Loss = 28.9660
Epoch 6 | 250/659 | FDM_DPI-2024-7-KRN_Lu177_PSMA__SPECT_Tc_3__Pat51 | Loss = 2.7657
Epoch 6 | 260/659 | UNC_FDM_DPI-2024-7-KRN_Lu177_PSMA__PETPSMA_0__Pat35 | Loss = 3.0784
Epoch 6 | 290/659 | UNC_FDM_DPI-2024-7-KRN_Lu177_PSMA__PETPSMA_0__Pat98 | Loss = 2.5749
Epoch 6 | 300/659 | FDM_DPI-2024-7-KRN_Lu177_PSMA__SPECT_Tc_1__Pat111 | Loss = 5.7948
Epoch 6 | 320/659 | FDM_DPI-2024-7-KRN_Lu177_PSMA__SPECT_Tc_2__Pat3 | Loss = 3.4051
Epoch 6 | 330/659 | FDM_DPI-2024-7-KRN_Lu177_PSMA__SPECT_Tc_0__Pat123 | Loss = 4.1640
Epoch 6 | 340/659 | UNC_FDM_DPI-2024-7-KRN_Lu177_PSMA__PETPSMA_0__Pat125 | Loss = 2.9157
Epoch 6 | 370/659 | FDM_DPI-2024-7-KRN_Lu177_PSMA__SPECT_Tc_0__Pat15 | Loss = 1.8676
Epoch 6 | 380/659 | FDM_DPI-2024-7-KRN_Lu177_PSMA__SPECT_Tc_3__Pat103 | Loss = 4.5001
Epoch 6 | 390/659 | UNC_FDM_DPI-2024-7-KRN_Lu177_PSMA__PETPSMA_1__Pat84 | Loss = 1.8780
Epoch 6 | 410/659 | UNC_FDM_DPI-2024-7-KRN_Lu177_PSMA__PETPSMA_1__Pat124 | Loss = 2.3935
Epoch 6 | 420/659 | UNC_FDM_DPI-2024-7-KRN_Lu177_PSMA__PETPSMA_0__Pat102 | Loss = 4.6894
Epoch 6 | 430/659 | UNC_FDM_DPI-2024-7-KRN_Lu177_PSMA__PETPSMA_0__Pat8 | Loss = 1.9499
Epoch 6 | 440/659 | FDM_DPI-2024-7-KRN_Lu177_PSMA__SPECT_Tc_2__Pat21 | Loss = 3.0195
Epoch 6 | 460/659 | UNC_FDM_DPI-2024-7-KRN_Lu177_PSMA__PETPSMA_3__Pat2 | Loss = 5.1041
Epoch 6 | 470/659 | FDM_DPI-2024-7-KRN_Lu177_PSMA__SPECT_Tc_4__Pat51 | Loss = 1.3080
Epoch 6 | 480/659 | FDM_DPI-2024-7-KRN_Lu177_PSMA__SPECT_Tc_7__Pat52 | Loss = 2.3384
Epoch 6 | 490/659 | UNC_FDM_DPI-2024-7-KRN_Lu177_PSMA__PETPSMA_1__Pat102 | Loss = 2.4328
Epoch 6 | 500/659 | FDM_DPI-2024-7-KRN_Lu177_PSMA__SPECT_Tc_0__Pat34 | Loss = 1.2048
Epoch 6 | 510/659 | UNC_FDM_DPI-2024-7-KRN_Lu177_PSMA__PETPSMA_2__Pat47 | Loss = 3.6072
Epoch 6 | 530/659 | UNC_FDM_DPI-2024-7-KRN_Lu177_PSMA__PETPSMA_1__Pat15 | Loss = 3.3211
Epoch 6 | 540/659 | PET_sub-009 | Loss = 100.7372
Epoch 6 | 560/659 | FDM_DPI-2024-7-KRN_Lu177_PSMA__SPECT_Tc_1__Pat22 | Loss = 4.1261
Epoch 6 | 580/659 | UNC_FDM_DPI-2024-7-KRN_Lu177_PSMA__PETPSMA_2__Pat16 | Loss = 2.9711
Epoch 6 | 590/659 | FDM_DPI-2024-7-KRN_Lu177_PSMA__SPECT_Tc_2__Pat75 | Loss = 1.0796
Epoch 6 | 600/659 | FDM_DPI-2024-7-KRN_Lu177_PSMA__SPECT_Tc_3__Pat46 | Loss = 28.0728
Epoch 6 | 610/659 | UNC_FDM_DPI-2024-7-KRN_Lu177_PSMA__PETPSMA_1__Pat49 | Loss = 3.0320
Epoch 6 | 620/659 | FDM_DPI-2024-7-KRN_Lu177_PSMA__SPECT_Tc_1__Pat110 | Loss = 4.1597
Epoch 6 | 630/659 | FDM_DPI-2024-7-KRN_Lu177_PSMA__SPECT_Tc_6__Pat1 | Loss = 4.6446
Epoch 6 | 640/659 | FDM_DPI-2024-7-KRN_Lu177_PSMA__SPECT_Tc_0__Pat48 | Loss = 22.6760
Epoch 6 | 650/659 | UNC_FDM_DPI-2024-7-KRN_Lu177_PSMA__PETPSMA_0__Pat83 | Loss = 2.9243
Epoch 6 | 659/659 | FDM_DPI-2024-7-KRN_Lu177_PSMA__SPECT_Tc_1__Pat49 | Loss = 3.7469
Epoch 6 COMPLETE | Avg Train Loss = 8.3296 | Val Loss = 11.1622
Epoch 7 | 10/659 | FDM_DPI-2024-7-KRN_Lu177_PSMA__SPECT_Tc_0__Pat86 | Loss = 2.1447
Epoch 7 | 20/659 | FDM_DPI-2024-7-KRN_Lu177_PSMA__SPECT_Tc_1__Pat76 | Loss = 4.1212
Epoch 7 | 30/659 | UNC_FDM_DPI-2024-7-KRN_Lu177_PSMA__PETPSMA_2__Pat91 | Loss = 2.9301
Epoch 7 | 40/659 | UNC_FDM_DPI-2024-7-KRN_Lu177_PSMA__PETPSMA_1__Pat28 | Loss = 3.4379
Epoch 7 | 50/659 | FDM_DPI-2024-7-KRN_Lu177_PSMA__SPECT_Tc_5__Pat5 | Loss = 2.3749
Epoch 7 | 70/659 | FDM_DPI-2024-7-KRN_Lu177_PSMA__SPECT_Tc_3__Pat82 | Loss = 1.9864
Epoch 7 | 80/659 | FDM_DPI-2024-7-KRN_Lu177_PSMA__SPECT_Tc_1__Pat53 | Loss = 11.3715
Epoch 7 | 90/659 | FDM_DPI-2024-7-KRN_Lu177_PSMA__SPECT_Tc_4__Pat3 | Loss = 4.5544
Epoch 7 | 100/659 | FDM_DPI-2024-7-KRN_Lu177_PSMA__SPECT_Tc_0__Pat120 | Loss = 24.8222
Epoch 7 | 110/659 | FDM_DPI-2024-7-KRN_Lu177_PSMA__SPECT_Tc_5__Pat103 | Loss = 3.5012
Epoch 7 | 120/659 | UNC_FDM_DPI-2024-7-KRN_Lu177_PSMA__PETPSMA_0__Pat112 | Loss = 3.3884
Epoch 7 | 130/659 | UNC_FDM_DPI-2024-7-KRN_Lu177_PSMA__PETPSMA_1__Pat9 | Loss = 3.1688
Epoch 7 | 140/659 | FDM_DPI-2024-7-KRN_Lu177_PSMA__SPECT_Tc_1__Pat142 | Loss = 5.6269
Epoch 7 | 150/659 | UNC_FDM_DPI-2024-7-KRN_Lu177_PSMA__PETPSMA_1__Pat55 | Loss = 4.9614
Epoch 7 | 160/659 | FDM_DPI-2024-7-KRN_Lu177_PSMA__SPECT_Tc_3__Pat114 | Loss = 29.3212
Epoch 7 | 170/659 | UNC_FDM_DPI-2024-7-KRN_Lu177_PSMA__PETPSMA_0__Pat64 | Loss = 2.6142
Epoch 7 | 180/659 | FDM_DPI-2024-7-KRN_Lu177_PSMA__SPECT_Tc_0__Pat119 | Loss = 4.5242
Epoch 7 | 190/659 | FDM_DPI-2024-7-KRN_Lu177_PSMA__SPECT_Tc_3__Pat16 | Loss = 3.2006
Epoch 7 | 200/659 | UNC_FDM_DPI-2024-7-KRN_Lu177_PSMA__PETPSMA_1__Pat2 | Loss = 1.8515
Epoch 7 | 230/659 | UNC_FDM_DPI-2024-7-KRN_Lu177_PSMA__PETPSMA_0__Pat84 | Loss = 2.4385
Epoch 7 | 240/659 | FDM_DPI-2024-7-KRN_Lu177_PSMA__SPECT_Tc_1__Pat60 | Loss = 3.0472
Epoch 7 | 250/659 | UNC_FDM_DPI-2024-7-KRN_Lu177_PSMA__PETPSMA_0__Pat82 | Loss = 2.4451
Epoch 7 | 260/659 | FDM_DPI-2024-7-KRN_Lu177_PSMA__SPECT_Tc_0__Pat105 | Loss = 4.9232
Epoch 7 | 270/659 | UNC_FDM_DPI-2024-7-KRN_Lu177_PSMA__PETPSMA_1__Pat58 | Loss = 3.5409
Epoch 7 | 280/659 | UNC_FDM_DPI-2024-7-KRN_Lu177_PSMA__PETPSMA_2__Pat20 | Loss = 3.1746
Epoch 7 | 290/659 | FDM_DPI-2024-7-KRN_Lu177_PSMA__SPECT_Tc_1__Pat117 | Loss = 1.3851
Epoch 7 | 310/659 | PET_sub-009 | Loss = 106.9606
Epoch 7 | 320/659 | FDM_DPI-2024-7-KRN_Lu177_PSMA__SPECT_Tc_3__Pat3 | Loss = 3.1028
Epoch 7 | 330/659 | PET_sub-002 | Loss = 102.5163
Epoch 7 | 340/659 | FDM_DPI-2024-7-KRN_Lu177_PSMA__SPECT_Tc_0__Pat34 | Loss = 3.6510
Epoch 7 | 350/659 | UNC_FDM_DPI-2024-7-KRN_Lu177_PSMA__PETPSMA_0__Pat119 | Loss = 18.3372
Epoch 7 | 360/659 | FDM_DPI-2024-7-KRN_Lu177_PSMA__SPECT_Tc_0__Pat128 | Loss = 1.9287
Epoch 7 | 370/659 | FDM_DPI-2024-7-KRN_Lu177_PSMA__SPECT_Tc_3__Pat128 | Loss = 3.8816
Epoch 7 | 380/659 | UNC_FDM_DPI-2024-7-KRN_Lu177_PSMA__PETPSMA_2__Pat68 | Loss = 2.5941
Epoch 7 | 390/659 | FDM_DPI-2024-7-KRN_Lu177_PSMA__SPECT_Tc_1__Pat21 | Loss = 2.3441
Epoch 7 | 400/659 | FDM_DPI-2024-7-KRN_Lu177_PSMA__SPECT_Tc_1__Pat119 | Loss = 5.0843
Epoch 7 | 410/659 | FDM_DPI-2024-7-KRN_Lu177_PSMA__SPECT_Tc_2__Pat29 | Loss = 3.8047
Epoch 7 | 420/659 | FDM_DPI-2024-7-KRN_Lu177_PSMA__SPECT_Tc_1__Pat102 | Loss = 3.9867
Epoch 7 | 430/659 | FDM_DPI-2024-7-KRN_Lu177_PSMA__SPECT_Tc_1__Pat103 | Loss = 2.7966
Epoch 7 | 440/659 | UNC_FDM_DPI-2024-7-KRN_Lu177_PSMA__PETPSMA_2__Pat27 | Loss = 3.5500
Epoch 7 | 450/659 | UNC_FDM_DPI-2024-7-KRN_Lu177_PSMA__PETPSMA_1__Pat16 | Loss = 3.1976
Epoch 7 | 460/659 | UNC_FDM_DPI-2024-7-KRN_Lu177_PSMA__PETPSMA_1__Pat48 | Loss = 2.8510
Epoch 7 | 470/659 | UNC_FDM_DPI-2024-7-KRN_Lu177_PSMA__PETPSMA_2__Pat30 | Loss = 3.0807
Epoch 7 | 480/659 | UNC_FDM_DPI-2024-7-KRN_Lu177_PSMA__PETPSMA_2__Pat95 | Loss = 3.1723
Epoch 7 | 490/659 | FDM_DPI-2024-7-KRN_Lu177_PSMA__SPECT_Tc_4__Pat2 | Loss = 1.2274
Epoch 7 | 500/659 | UNC_FDM_DPI-2024-7-KRN_Lu177_PSMA__PETPSMA_0__Pat127 | Loss = 1.9770
Epoch 7 | 510/659 | FDM_DPI-2024-7-KRN_Lu177_PSMA__SPECT_Tc_7__Pat17 | Loss = 4.5998
Epoch 7 | 520/659 | UNC_FDM_DPI-2024-7-KRN_Lu177_PSMA__PETPSMA_0__Pat61 | Loss = 15.2677
Epoch 7 | 540/659 | FDM_DPI-2024-7-KRN_Lu177_PSMA__SPECT_Tc_0__Pat13 | Loss = 32.3118
Epoch 7 | 550/659 | UNC_FDM_DPI-2024-7-KRN_Lu177_PSMA__PETPSMA_2__Pat64 | Loss = 3.4462
Epoch 7 | 560/659 | FDM_DPI-2024-7-KRN_Lu177_PSMA__SPECT_Tc_1__Pat1 | Loss = 1.2142
Epoch 7 | 570/659 | FDM_DPI-2024-7-KRN_Lu177_PSMA__SPECT_Tc_1__Pat97 | Loss = 2.8221
Epoch 7 | 580/659 | FDM_DPI-2024-7-KRN_Lu177_PSMA__SPECT_Tc_1__Pat88 | Loss = 4.0608
Epoch 7 | 590/659 | FDM_DPI-2024-7-KRN_Lu177_PSMA__SPECT_Tc_4__Pat10 | Loss = 2.6568
Epoch 7 | 600/659 | UNC_FDM_DPI-2024-7-KRN_Lu177_PSMA__PETPSMA_0__Pat31 | Loss = 4.0190
Epoch 7 | 610/659 | FDM_DPI-2024-7-KRN_Lu177_PSMA__SPECT_Tc_1__Pat4 | Loss = 1.2983
Epoch 7 | 620/659 | FDM_DPI-2024-7-KRN_Lu177_PSMA__SPECT_Tc_4__Pat108 | Loss = 35.2806
Epoch 7 | 630/659 | PET_sub-010 | Loss = 99.5461
Epoch 7 | 640/659 | FDM_DPI-2024-7-KRN_Lu177_PSMA__SPECT_Tc_4__Pat5 | Loss = 41.5218
Epoch 7 | 650/659 | FDM_DPI-2024-7-KRN_Lu177_PSMA__SPECT_Tc_1__Pat131 | Loss = 4.4789
Epoch 7 | 659/659 | FDM_DPI-2024-7-KRN_Lu177_PSMA__SPECT_Tc_8__Pat25 | Loss = 95.5651
Epoch 7 COMPLETE | Avg Train Loss = 8.1396 | Val Loss = 9.6703
Epoch 8 | 10/659 | FDM_DPI-2024-7-KRN_Lu177_PSMA__SPECT_Tc_0__Pat75 | Loss = 6.9749
Epoch 8 | 20/659 | FDM_DPI-2024-7-KRN_Lu177_PSMA__SPECT_Tc_4__Pat75 | Loss = 1.7592
Epoch 8 | 30/659 | UNC_FDM_DPI-2024-7-KRN_Lu177_PSMA__PETPSMA_0__Pat68 | Loss = 6.8143
Epoch 8 | 50/659 | FDM_DPI-2024-7-KRN_Lu177_PSMA__SPECT_Tc_5__Pat5 | Loss = 2.2231
Epoch 8 | 80/659 | UNC_FDM_DPI-2024-7-KRN_Lu177_PSMA__PETPSMA_1__Pat121 | Loss = 3.3768
Epoch 8 | 90/659 | UNC_FDM_DPI-2024-7-KRN_Lu177_PSMA__PETPSMA_0__Pat47 | Loss = 6.9111
Epoch 8 | 100/659 | UNC_FDM_DPI-2024-7-KRN_Lu177_PSMA__PETPSMA_0__Pat79 | Loss = 2.3941
Epoch 8 | 110/659 | UNC_FDM_DPI-2024-7-KRN_Lu177_PSMA__PETPSMA_0__Pat87 | Loss = 21.3387
Epoch 8 | 120/659 | UNC_FDM_DPI-2024-7-KRN_Lu177_PSMA__PETPSMA_0__Pat88 | Loss = 2.2859
Epoch 8 | 130/659 | UNC_FDM_DPI-2024-7-KRN_Lu177_PSMA__PETPSMA_1__Pat124 | Loss = 2.9249
Epoch 8 | 140/659 | FDM_DPI-2024-7-KRN_Lu177_PSMA__SPECT_Tc_0__Pat3 | Loss = 3.0373
Epoch 8 | 150/659 | UNC_FDM_DPI-2024-7-KRN_Lu177_PSMA__PETPSMA_0__Pat52 | Loss = 2.8060
Epoch 8 | 160/659 | UNC_FDM_DPI-2024-7-KRN_Lu177_PSMA__PETPSMA_0__Pat27 | Loss = 15.1290
Epoch 8 | 170/659 | FDM_DPI-2024-7-KRN_Lu177_PSMA__SPECT_Tc_5__Pat47 | Loss = 2.6778
Epoch 8 | 180/659 | UNC_FDM_DPI-2024-7-KRN_Lu177_PSMA__PETPSMA_3__Pat3 | Loss = 1.8445
Epoch 8 | 190/659 | PET_sub-002 | Loss = 103.5265
Epoch 8 | 200/659 | FDM_DPI-2024-7-KRN_Lu177_PSMA__SPECT_Tc_0__Pat15 | Loss = 2.0313
Epoch 8 | 210/659 | UNC_FDM_DPI-2024-7-KRN_Lu177_PSMA__PETPSMA_1__Pat35 | Loss = 9.2394
Epoch 8 | 220/659 | UNC_FDM_DPI-2024-7-KRN_Lu177_PSMA__PETPSMA_1__Pat84 | Loss = 1.6299
Epoch 8 | 230/659 | UNC_FDM_DPI-2024-7-KRN_Lu177_PSMA__PETPSMA_1__Pat47 | Loss = 2.3113
Epoch 8 | 240/659 | UNC_FDM_DPI-2024-7-KRN_Lu177_PSMA__PETPSMA_0__Pat19 | Loss = 2.4552
Epoch 8 | 250/659 | UNC_FDM_DPI-2024-7-KRN_Lu177_PSMA__PETPSMA_0__Pat90 | Loss = 3.0658
Epoch 8 | 260/659 | UNC_FDM_DPI-2024-7-KRN_Lu177_PSMA__PETPSMA_0__Pat122 | Loss = 3.0969
Epoch 8 | 270/659 | FDM_DPI-2024-7-KRN_Lu177_PSMA__SPECT_Tc_0__Pat64 | Loss = 25.0788
Epoch 8 | 280/659 | FDM_DPI-2024-7-KRN_Lu177_PSMA__SPECT_Tc_2__Pat119 | Loss = 7.3474
Epoch 8 | 290/659 | FDM_DPI-2024-7-KRN_Lu177_PSMA__SPECT_Tc_0__Pat45 | Loss = 18.3254
Epoch 8 | 310/659 | FDM_DPI-2024-7-KRN_Lu177_PSMA__SPECT_Tc_0__Pat32 | Loss = 6.8201
Epoch 8 | 320/659 | FDM_DPI-2024-7-KRN_Lu177_PSMA__SPECT_Tc_6__Pat47 | Loss = 2.0378
Epoch 8 | 340/659 | FDM_DPI-2024-7-KRN_Lu177_PSMA__SPECT_Tc_0__Pat125 | Loss = 2.0274
Epoch 8 | 350/659 | FDM_DPI-2024-7-KRN_Lu177_PSMA__SPECT_Tc_1__Pat142 | Loss = 4.5428
Epoch 8 | 380/659 | FDM_DPI-2024-7-KRN_Lu177_PSMA__SPECT_Tc_5__Pat68 | Loss = 3.6394
Epoch 8 | 390/659 | FDM_DPI-2024-7-KRN_Lu177_PSMA__SPECT_Tc_9__Pat2 | Loss = 1.1828
Epoch 8 | 410/659 | FDM_DPI-2024-7-KRN_Lu177_PSMA__SPECT_Tc_2__Pat15 | Loss = 3.8393
Epoch 8 | 420/659 | FDM_DPI-2024-7-KRN_Lu177_PSMA__SPECT_Tc_0__Pat2 | Loss = 1.5062
Epoch 8 | 430/659 | UNC_FDM_DPI-2024-7-KRN_Lu177_PSMA__PETPSMA_1__Pat111 | Loss = 2.2878
Epoch 8 | 440/659 | FDM_DPI-2024-7-KRN_Lu177_PSMA__SPECT_Tc_1__Pat117 | Loss = 2.6604
Epoch 8 | 460/659 | UNC_FDM_DPI-2024-7-KRN_Lu177_PSMA__PETPSMA_1__Pat112 | Loss = 2.3360
Epoch 8 | 470/659 | UNC_FDM_DPI-2024-7-KRN_Lu177_PSMA__PETPSMA_0__Pat95 | Loss = 1.9835
Epoch 8 | 490/659 | FDM_DPI-2024-7-KRN_Lu177_PSMA__SPECT_Tc_0__Pat10 | Loss = 3.5896
Epoch 8 | 500/659 | FDM_DPI-2024-7-KRN_Lu177_PSMA__SPECT_Tc_1__Pat33 | Loss = 3.1218
Epoch 8 | 520/659 | FDM_DPI-2024-7-KRN_Lu177_PSMA__SPECT_Tc_1__Pat58 | Loss = 8.4970
Epoch 8 | 530/659 | FDM_DPI-2024-7-KRN_Lu177_PSMA__SPECT_Tc_2__Pat105 | Loss = 1.1149
Epoch 8 | 540/659 | FDM_DPI-2024-7-KRN_Lu177_PSMA__SPECT_Tc_1__Pat3 | Loss = 3.3597
Epoch 8 | 560/659 | FDM_DPI-2024-7-KRN_Lu177_PSMA__SPECT_Tc_0__Pat52 | Loss = 29.6776
Epoch 8 | 570/659 | FDM_DPI-2024-7-KRN_Lu177_PSMA__SPECT_Tc_5__Pat31 | Loss = 2.0437
Epoch 8 | 580/659 | FDM_DPI-2024-7-KRN_Lu177_PSMA__SPECT_Tc_3__Pat47 | Loss = 2.4070
Epoch 8 | 590/659 | FDM_DPI-2024-7-KRN_Lu177_PSMA__SPECT_Tc_7__Pat1 | Loss = 1.5074
Epoch 8 | 600/659 | UNC_FDM_DPI-2024-7-KRN_Lu177_PSMA__PETPSMA_2__Pat49 | Loss = 2.3118
Epoch 8 | 610/659 | UNC_FDM_DPI-2024-7-KRN_Lu177_PSMA__PETPSMA_0__Pat125 | Loss = 2.5844
Epoch 8 | 620/659 | FDM_DPI-2024-7-KRN_Lu177_PSMA__SPECT_Tc_0__Pat111 | Loss = 18.3638
Epoch 8 | 630/659 | UNC_FDM_DPI-2024-7-KRN_Lu177_PSMA__PETPSMA_0__Pat56 | Loss = 2.2389
Epoch 8 | 640/659 | UNC_FDM_DPI-2024-7-KRN_Lu177_PSMA__PETPSMA_2__Pat55 | Loss = 2.1871
Epoch 8 | 650/659 | FDM_DPI-2024-7-KRN_Lu177_PSMA__SPECT_Tc_3__Pat119 | Loss = 5.4243
Epoch 8 | 659/659 | UNC_FDM_DPI-2024-7-KRN_Lu177_PSMA__PETPSMA_2__Pat67 | Loss = 2.5118
Epoch 8 COMPLETE | Avg Train Loss = 8.0622 | Val Loss = 7.9840
Saved best checkpoint to checkpoint_best.jld
Epoch 9 | 10/659 | FDM_DPI-2024-7-KRN_Lu177_PSMA__SPECT_Tc_0__Pat47 | Loss = 1.2137
Epoch 9 | 20/659 | UNC_FDM_DPI-2024-7-KRN_Lu177_PSMA__PETPSMA_3__Pat108 | Loss = 2.9669
Epoch 9 | 30/659 | FDM_DPI-2024-7-KRN_Lu177_PSMA__SPECT_Tc_7__Pat49 | Loss = 1.2715
Epoch 9 | 40/659 | FDM_DPI-2024-7-KRN_Lu177_PSMA__SPECT_Tc_4__Pat68 | Loss = 3.3619
Epoch 9 | 50/659 | UNC_FDM_DPI-2024-7-KRN_Lu177_PSMA__PETPSMA_1__Pat76 | Loss = 2.6989
Epoch 9 | 60/659 | FDM_DPI-2024-7-KRN_Lu177_PSMA__SPECT_Tc_4__Pat108 | Loss = 37.5226
Epoch 9 | 70/659 | UNC_FDM_DPI-2024-7-KRN_Lu177_PSMA__PETPSMA_2__Pat1 | Loss = 2.2163
Epoch 9 | 80/659 | UNC_FDM_DPI-2024-7-KRN_Lu177_PSMA__PETPSMA_0__Pat10 | Loss = 2.1952
Epoch 9 | 90/659 | UNC_FDM_DPI-2024-7-KRN_Lu177_PSMA__PETPSMA_2__Pat61 | Loss = 2.5381
Epoch 9 | 100/659 | FDM_DPI-2024-7-KRN_Lu177_PSMA__SPECT_Tc_5__Pat15 | Loss = 2.4687
Epoch 9 | 110/659 | FDM_DPI-2024-7-KRN_Lu177_PSMA__SPECT_Tc_3__Pat11 | Loss = 2.5102
Epoch 9 | 120/659 | UNC_FDM_DPI-2024-7-KRN_Lu177_PSMA__PETPSMA_0__Pat5 | Loss = 2.1579
Epoch 9 | 130/659 | FDM_DPI-2024-7-KRN_Lu177_PSMA__SPECT_Tc_2__Pat54 | Loss = 4.2899
Epoch 9 | 150/659 | FDM_DPI-2024-7-KRN_Lu177_PSMA__SPECT_Tc_0__Pat120 | Loss = 25.0992
Epoch 9 | 160/659 | FDM_DPI-2024-7-KRN_Lu177_PSMA__SPECT_Tc_3__Pat94 | Loss = 1.5856
Epoch 9 | 180/659 | UNC_FDM_DPI-2024-7-KRN_Lu177_PSMA__PETPSMA_1__Pat29 | Loss = 1.9347
Epoch 9 | 190/659 | FDM_DPI-2024-7-KRN_Lu177_PSMA__SPECT_Tc_2__Pat27 | Loss = 1.9998
Epoch 9 | 200/659 | FDM_DPI-2024-7-KRN_Lu177_PSMA__SPECT_Tc_2__Pat108 | Loss = 5.6688
Epoch 9 | 210/659 | UNC_FDM_DPI-2024-7-KRN_Lu177_PSMA__PETPSMA_2__Pat111 | Loss = 1.8524
Epoch 9 | 220/659 | UNC_FDM_DPI-2024-7-KRN_Lu177_PSMA__PETPSMA_1__Pat58 | Loss = 2.5438
Epoch 9 | 240/659 | UNC_FDM_DPI-2024-7-KRN_Lu177_PSMA__PETPSMA_3__Pat18 | Loss = 2.7094
Epoch 9 | 260/659 | FDM_DPI-2024-7-KRN_Lu177_PSMA__SPECT_Tc_2__Pat45 | Loss = 21.5397
Epoch 9 | 270/659 | FDM_DPI-2024-7-KRN_Lu177_PSMA__SPECT_Tc_0__Pat64 | Loss = 28.0520
Epoch 9 | 280/659 | FDM_DPI-2024-7-KRN_Lu177_PSMA__SPECT_Tc_1__Pat49 | Loss = 2.8725
Epoch 9 | 290/659 | FDM_DPI-2024-7-KRN_Lu177_PSMA__SPECT_Tc_7__Pat20 | Loss = 1.2385
Epoch 9 | 300/659 | FDM_DPI-2024-7-KRN_Lu177_PSMA__SPECT_Tc_2__Pat103 | Loss = 2.1508
Epoch 9 | 310/659 | FDM_DPI-2024-7-KRN_Lu177_PSMA__SPECT_Tc_0__Pat119 | Loss = 4.5883
Epoch 9 | 320/659 | FDM_DPI-2024-7-KRN_Lu177_PSMA__SPECT_Tc_7__Pat2 | Loss = 2.6956
Epoch 9 | 330/659 | FDM_DPI-2024-7-KRN_Lu177_PSMA__SPECT_Tc_0__Pat52 | Loss = 31.2351
Epoch 9 | 340/659 | FDM_DPI-2024-7-KRN_Lu177_PSMA__SPECT_Tc_2__Pat29 | Loss = 2.7868
Epoch 9 | 350/659 | FDM_DPI-2024-7-KRN_Lu177_PSMA__SPECT_Tc_6__Pat31 | Loss = 1.2038
Epoch 9 | 360/659 | UNC_FDM_DPI-2024-7-KRN_Lu177_PSMA__PETPSMA_0__Pat31 | Loss = 4.9305
Epoch 9 | 370/659 | UNC_FDM_DPI-2024-7-KRN_Lu177_PSMA__PETPSMA_1__Pat65 | Loss = 3.0868
Epoch 9 | 380/659 | FDM_DPI-2024-7-KRN_Lu177_PSMA__SPECT_Tc_1__Pat30 | Loss = 28.0358
Epoch 9 | 390/659 | UNC_FDM_DPI-2024-7-KRN_Lu177_PSMA__PETPSMA_1__Pat119 | Loss = 7.7254
Epoch 9 | 400/659 | FDM_DPI-2024-7-KRN_Lu177_PSMA__SPECT_Tc_4__Pat82 | Loss = 2.0689
Epoch 9 | 410/659 | UNC_FDM_DPI-2024-7-KRN_Lu177_PSMA__PETPSMA_2__Pat18 | Loss = 2.3253
Epoch 9 | 420/659 | FDM_DPI-2024-7-KRN_Lu177_PSMA__SPECT_Tc_2__Pat35 | Loss = 5.4802
Epoch 9 | 440/659 | UNC_FDM_DPI-2024-7-KRN_Lu177_PSMA__PETPSMA_0__Pat20 | Loss = 3.3288
Epoch 9 | 450/659 | UNC_FDM_DPI-2024-7-KRN_Lu177_PSMA__PETPSMA_1__Pat105 | Loss = 2.7003
Epoch 9 | 460/659 | FDM_DPI-2024-7-KRN_Lu177_PSMA__SPECT_Tc_1__Pat108 | Loss = 3.6140
Epoch 9 | 470/659 | FDM_DPI-2024-7-KRN_Lu177_PSMA__SPECT_Tc_2__Pat95 | Loss = 13.2706
Epoch 9 | 500/659 | FDM_DPI-2024-7-KRN_Lu177_PSMA__SPECT_Tc_4__Pat9 | Loss = 3.3173
Epoch 9 | 510/659 | FDM_DPI-2024-7-KRN_Lu177_PSMA__SPECT_Tc_2__Pat31 | Loss = 2.2434
Epoch 9 | 520/659 | PET_sub-006 | Loss = 100.5827
Epoch 9 | 530/659 | UNC_FDM_DPI-2024-7-KRN_Lu177_PSMA__PETPSMA_0__Pat17 | Loss = 2.1557
Epoch 9 | 540/659 | UNC_FDM_DPI-2024-7-KRN_Lu177_PSMA__PETPSMA_1__Pat30 | Loss = 3.0507
Epoch 9 | 550/659 | UNC_FDM_DPI-2024-7-KRN_Lu177_PSMA__PETPSMA_0__Pat24 | Loss = 2.3730
Epoch 9 | 560/659 | FDM_DPI-2024-7-KRN_Lu177_PSMA__SPECT_Tc_3__Pat119 | Loss = 5.7725
Epoch 9 | 570/659 | FDM_DPI-2024-7-KRN_Lu177_PSMA__SPECT_Tc_0__Pat51 | Loss = 3.5627
Epoch 9 | 580/659 | FDM_DPI-2024-7-KRN_Lu177_PSMA__SPECT_Tc_1__Pat142 | Loss = 4.0624
Epoch 9 | 610/659 | UNC_FDM_DPI-2024-7-KRN_Lu177_PSMA__PETPSMA_1__Pat56 | Loss = 6.8379
Epoch 9 | 620/659 | FDM_DPI-2024-7-KRN_Lu177_PSMA__SPECT_Tc_1__Pat33 | Loss = 2.5818
Epoch 9 | 630/659 | UNC_FDM_DPI-2024-7-KRN_Lu177_PSMA__PETPSMA_1__Pat51 | Loss = 2.3202
Epoch 9 | 640/659 | FDM_DPI-2024-7-KRN_Lu177_PSMA__SPECT_Tc_1__Pat19 | Loss = 1.5389
Epoch 9 | 650/659 | UNC_FDM_DPI-2024-7-KRN_Lu177_PSMA__PETPSMA_0__Pat75 | Loss = 3.3710
Epoch 9 | 659/659 | FDM_DPI-2024-7-KRN_Lu177_PSMA__SPECT_Tc_0__Pat93 | Loss = 29.8416
Epoch 9 COMPLETE | Avg Train Loss = 7.9454 | Val Loss = 8.7556
Epoch 10 | 20/659 | FDM_DPI-2024-7-KRN_Lu177_PSMA__SPECT_Tc_4__Pat17 | Loss = 4.2509
Epoch 10 | 30/659 | UNC_FDM_DPI-2024-7-KRN_Lu177_PSMA__PETPSMA_0__Pat109 | Loss = 2.6257
Epoch 10 | 40/659 | FDM_DPI-2024-7-KRN_Lu177_PSMA__SPECT_Tc_9__Pat31 | Loss = 3.1705
Epoch 10 | 50/659 | FDM_DPI-2024-7-KRN_Lu177_PSMA__SPECT_Tc_4__Pat52 | Loss = 3.2011
Epoch 10 | 60/659 | FDM_DPI-2024-7-KRN_Lu177_PSMA__SPECT_Tc_6__Pat25 | Loss = 18.4941
Epoch 10 | 80/659 | FDM_DPI-2024-7-KRN_Lu177_PSMA__SPECT_Tc_0__Pat90 | Loss = 20.0382
Epoch 10 | 90/659 | FDM_DPI-2024-7-KRN_Lu177_PSMA__SPECT_Tc_3__Pat105 | Loss = 1.0604
Epoch 10 | 100/659 | FDM_DPI-2024-7-KRN_Lu177_PSMA__SPECT_Tc_1__Pat1 | Loss = 0.8458
Epoch 10 | 110/659 | FDM_DPI-2024-7-KRN_Lu177_PSMA__SPECT_Tc_1__Pat105 | Loss = 1.0135
Epoch 10 | 120/659 | FDM_DPI-2024-7-KRN_Lu177_PSMA__SPECT_Tc_6__Pat16 | Loss = 3.9282
Epoch 10 | 130/659 | UNC_FDM_DPI-2024-7-KRN_Lu177_PSMA__PETPSMA_0__Pat22 | Loss = 1.8709
Epoch 10 | 150/659 | UNC_FDM_DPI-2024-7-KRN_Lu177_PSMA__PETPSMA_1__Pat108 | Loss = 9.2604
Epoch 10 | 160/659 | FDM_DPI-2024-7-KRN_Lu177_PSMA__SPECT_Tc_3__Pat111 | Loss = 3.4804
Epoch 10 | 200/659 | PET_sub-002 | Loss = 100.3837
Epoch 10 | 210/659 | FDM_DPI-2024-7-KRN_Lu177_PSMA__SPECT_Tc_3__Pat29 | Loss = 1.8234
Epoch 10 | 220/659 | UNC_FDM_DPI-2024-7-KRN_Lu177_PSMA__PETPSMA_1__Pat119 | Loss = 7.4090
Epoch 10 | 230/659 | FDM_DPI-2024-7-KRN_Lu177_PSMA__SPECT_Tc_4__Pat75 | Loss = 1.9995
Epoch 10 | 270/659 | UNC_FDM_DPI-2024-7-KRN_Lu177_PSMA__PETPSMA_1__Pat90 | Loss = 18.7724
Epoch 10 | 280/659 | UNC_FDM_DPI-2024-7-KRN_Lu177_PSMA__PETPSMA_0__Pat27 | Loss = 14.2523
Epoch 10 | 300/659 | FDM_DPI-2024-7-KRN_Lu177_PSMA__SPECT_Tc_2__Pat16 | Loss = 2.4735
Epoch 10 | 310/659 | FDM_DPI-2024-7-KRN_Lu177_PSMA__SPECT_Tc_1__Pat96 | Loss = 3.1478
Epoch 10 | 320/659 | UNC_FDM_DPI-2024-7-KRN_Lu177_PSMA__PETPSMA_1__Pat88 | Loss = 2.9402
Epoch 10 | 330/659 | FDM_DPI-2024-7-KRN_Lu177_PSMA__SPECT_Tc_7__Pat17 | Loss = 3.7673
Epoch 10 | 360/659 | UNC_FDM_DPI-2024-7-KRN_Lu177_PSMA__PETPSMA_1__Pat55 | Loss = 5.9069
Epoch 10 | 380/659 | UNC_FDM_DPI-2024-7-KRN_Lu177_PSMA__PETPSMA_1__Pat6 | Loss = 2.9343
Epoch 10 | 390/659 | FDM_DPI-2024-7-KRN_Lu177_PSMA__SPECT_Tc_7__Pat14 | Loss = 3.0687
Epoch 10 | 410/659 | UNC_FDM_DPI-2024-7-KRN_Lu177_PSMA__PETPSMA_2__Pat3 | Loss = 2.4027
Epoch 10 | 420/659 | FDM_DPI-2024-7-KRN_Lu177_PSMA__SPECT_Tc_7__Pat52 | Loss = 2.8880
Epoch 10 | 430/659 | FDM_DPI-2024-7-KRN_Lu177_PSMA__SPECT_Tc_0__Pat16 | Loss = 2.8895
Epoch 10 | 440/659 | UNC_FDM_DPI-2024-7-KRN_Lu177_PSMA__PETPSMA_1__Pat49 | Loss = 2.0790
Epoch 10 | 450/659 | FDM_DPI-2024-7-KRN_Lu177_PSMA__SPECT_Tc_4__Pat20 | Loss = 1.3586
Epoch 10 | 460/659 | UNC_FDM_DPI-2024-7-KRN_Lu177_PSMA__PETPSMA_1__Pat121 | Loss = 2.7289
Epoch 10 | 480/659 | FDM_DPI-2024-7-KRN_Lu177_PSMA__SPECT_Tc_10__Pat25 | Loss = 0.9007
Epoch 10 | 490/659 | UNC_FDM_DPI-2024-7-KRN_Lu177_PSMA__PETPSMA_0__Pat95 | Loss = 3.8246
Epoch 10 | 510/659 | FDM_DPI-2024-7-KRN_Lu177_PSMA__SPECT_Tc_1__Pat49 | Loss = 3.6464
Epoch 10 | 520/659 | UNC_FDM_DPI-2024-7-KRN_Lu177_PSMA__PETPSMA_2__Pat95 | Loss = 2.7079
Epoch 10 | 530/659 | FDM_DPI-2024-7-KRN_Lu177_PSMA__SPECT_Tc_3__Pat5 | Loss = 32.4106
Epoch 10 | 540/659 | FDM_DPI-2024-7-KRN_Lu177_PSMA__SPECT_Tc_3__Pat54 | Loss = 6.3601
Epoch 10 | 550/659 | UNC_FDM_DPI-2024-7-KRN_Lu177_PSMA__PETPSMA_2__Pat52 | Loss = 2.2462
Epoch 10 | 560/659 | FDM_DPI-2024-7-KRN_Lu177_PSMA__SPECT_Tc_0__Pat17 | Loss = 25.3146
Epoch 10 | 570/659 | FDM_DPI-2024-7-KRN_Lu177_PSMA__SPECT_Tc_9__Pat2 | Loss = 1.3889
Epoch 10 | 580/659 | UNC_FDM_DPI-2024-7-KRN_Lu177_PSMA__PETPSMA_1__Pat3 | Loss = 3.0867
Epoch 10 | 600/659 | UNC_FDM_DPI-2024-7-KRN_Lu177_PSMA__PETPSMA_0__Pat125 | Loss = 2.3058
Epoch 10 | 610/659 | UNC_FDM_DPI-2024-7-KRN_Lu177_PSMA__PETPSMA_1__Pat8 | Loss = 1.8688
Epoch 10 | 620/659 | FDM_DPI-2024-7-KRN_Lu177_PSMA__SPECT_Tc_5__Pat2 | Loss = 2.2033
Epoch 10 | 630/659 | FDM_DPI-2024-7-KRN_Lu177_PSMA__SPECT_Tc_1__Pat111 | Loss = 3.6716
Epoch 10 | 640/659 | UNC_FDM_DPI-2024-7-KRN_Lu177_PSMA__PETPSMA_1__Pat7 | Loss = 4.3625
Epoch 10 | 650/659 | UNC_FDM_DPI-2024-7-KRN_Lu177_PSMA__PETPSMA_3__Pat25 | Loss = 2.4062
Epoch 10 | 659/659 | FDM_DPI-2024-7-KRN_Lu177_PSMA__SPECT_Tc_3__Pat122 | Loss = 2.8102
Epoch 10 COMPLETE | Avg Train Loss = 7.9246 | Val Loss = 8.9615
Epoch 11 | 10/659 | UNC_FDM_DPI-2024-7-KRN_Lu177_PSMA__PETPSMA_1__Pat53 | Loss = 1.9304
Epoch 11 | 20/659 | FDM_DPI-2024-7-KRN_Lu177_PSMA__SPECT_Tc_1__Pat16 | Loss = 3.0037
Epoch 11 | 30/659 | FDM_DPI-2024-7-KRN_Lu177_PSMA__SPECT_Tc_1__Pat35 | Loss = 3.3610
Epoch 11 | 40/659 | FDM_DPI-2024-7-KRN_Lu177_PSMA__SPECT_Tc_2__Pat82 | Loss = 2.7962
Epoch 11 | 50/659 | FDM_DPI-2024-7-KRN_Lu177_PSMA__SPECT_Tc_2__Pat22 | Loss = 2.8974
Epoch 11 | 60/659 | UNC_FDM_DPI-2024-7-KRN_Lu177_PSMA__PETPSMA_0__Pat30 | Loss = 3.4040
Epoch 11 | 70/659 | FDM_DPI-2024-7-KRN_Lu177_PSMA__SPECT_Tc_5__Pat20 | Loss = 1.3691
Epoch 11 | 90/659 | FDM_DPI-2024-7-KRN_Lu177_PSMA__SPECT_Tc_5__Pat49 | Loss = 1.2754
Epoch 11 | 110/659 | FDM_DPI-2024-7-KRN_Lu177_PSMA__SPECT_Tc_1__Pat139 | Loss = 7.3617
Epoch 11 | 120/659 | FDM_DPI-2024-7-KRN_Lu177_PSMA__SPECT_Tc_1__Pat53 | Loss = 11.7365
Epoch 11 | 130/659 | UNC_FDM_DPI-2024-7-KRN_Lu177_PSMA__PETPSMA_1__Pat18 | Loss = 1.7728
Epoch 11 | 140/659 | FDM_DPI-2024-7-KRN_Lu177_PSMA__SPECT_Tc_7__Pat20 | Loss = 1.0897
Epoch 11 | 150/659 | FDM_DPI-2024-7-KRN_Lu177_PSMA__SPECT_Tc_6__Pat1 | Loss = 5.3589
Epoch 11 | 160/659 | FDM_DPI-2024-7-KRN_Lu177_PSMA__SPECT_Tc_1__Pat79 | Loss = 1.4475
Epoch 11 | 170/659 | FDM_DPI-2024-7-KRN_Lu177_PSMA__SPECT_Tc_4__Pat51 | Loss = 0.9686
Epoch 11 | 180/659 | UNC_FDM_DPI-2024-7-KRN_Lu177_PSMA__PETPSMA_0__Pat64 | Loss = 3.4581
Epoch 11 | 190/659 | UNC_FDM_DPI-2024-7-KRN_Lu177_PSMA__PETPSMA_0__Pat83 | Loss = 1.7243
Epoch 11 | 200/659 | FDM_DPI-2024-7-KRN_Lu177_PSMA__SPECT_Tc_5__Pat9 | Loss = 4.3601
Epoch 11 | 210/659 | FDM_DPI-2024-7-KRN_Lu177_PSMA__SPECT_Tc_1__Pat15 | Loss = 1.7721
Epoch 11 | 220/659 | FDM_DPI-2024-7-KRN_Lu177_PSMA__SPECT_Tc_1__Pat96 | Loss = 2.9752
Epoch 11 | 230/659 | FDM_DPI-2024-7-KRN_Lu177_PSMA__SPECT_Tc_0__Pat96 | Loss = 1.0335
Epoch 11 | 240/659 | UNC_FDM_DPI-2024-7-KRN_Lu177_PSMA__PETPSMA_1__Pat79 | Loss = 3.0044
Epoch 11 | 250/659 | UNC_FDM_DPI-2024-7-KRN_Lu177_PSMA__PETPSMA_0__Pat136 | Loss = 2.7702
Epoch 11 | 260/659 | FDM_DPI-2024-7-KRN_Lu177_PSMA__SPECT_Tc_2__Pat127 | Loss = 2.6579
Epoch 11 | 280/659 | FDM_DPI-2024-7-KRN_Lu177_PSMA__SPECT_Tc_2__Pat124 | Loss = 1.3147
Epoch 11 | 310/659 | UNC_FDM_DPI-2024-7-KRN_Lu177_PSMA__PETPSMA_0__Pat27 | Loss = 17.8177
Epoch 11 | 320/659 | UNC_FDM_DPI-2024-7-KRN_Lu177_PSMA__PETPSMA_1__Pat35 | Loss = 13.8841
Epoch 11 | 340/659 | FDM_DPI-2024-7-KRN_Lu177_PSMA__SPECT_Tc_2__Pat13 | Loss = 39.8670
Epoch 11 | 350/659 | UNC_FDM_DPI-2024-7-KRN_Lu177_PSMA__PETPSMA_1__Pat75 | Loss = 1.6977
Epoch 11 | 360/659 | FDM_DPI-2024-7-KRN_Lu177_PSMA__SPECT_Tc_2__Pat47 | Loss = 1.7842
Epoch 11 | 380/659 | FDM_DPI-2024-7-KRN_Lu177_PSMA__SPECT_Tc_0__Pat106 | Loss = 23.5516
Epoch 11 | 390/659 | PET_sub-005 | Loss = 30.9151
Epoch 11 | 400/659 | FDM_DPI-2024-7-KRN_Lu177_PSMA__SPECT_Tc_1__Pat104 | Loss = 4.9511
Epoch 11 | 410/659 | FDM_DPI-2024-7-KRN_Lu177_PSMA__SPECT_Tc_2__Pat118 | Loss = 1.4204
Epoch 11 | 420/659 | FDM_DPI-2024-7-KRN_Lu177_PSMA__SPECT_Tc_1__Pat30 | Loss = 29.4173
Epoch 11 | 430/659 | FDM_DPI-2024-7-KRN_Lu177_PSMA__SPECT_Tc_1__Pat93 | Loss = 30.0734
Epoch 11 | 440/659 | FDM_DPI-2024-7-KRN_Lu177_PSMA__SPECT_Tc_2__Pat51 | Loss = 3.9721
Epoch 11 | 450/659 | FDM_DPI-2024-7-KRN_Lu177_PSMA__SPECT_Tc_8__Pat15 | Loss = 1.7522
Epoch 11 | 460/659 | FDM_DPI-2024-7-KRN_Lu177_PSMA__SPECT_Tc_5__Pat47 | Loss = 2.5877
Epoch 11 | 480/659 | FDM_DPI-2024-7-KRN_Lu177_PSMA__SPECT_Tc_11__Pat25 | Loss = 0.9636
Epoch 11 | 490/659 | FDM_DPI-2024-7-KRN_Lu177_PSMA__SPECT_Tc_0__Pat44 | Loss = 21.3517
Epoch 11 | 500/659 | UNC_FDM_DPI-2024-7-KRN_Lu177_PSMA__PETPSMA_1__Pat7 | Loss = 3.2961
Epoch 11 | 510/659 | UNC_FDM_DPI-2024-7-KRN_Lu177_PSMA__PETPSMA_0__Pat10 | Loss = 3.5181
Epoch 11 | 520/659 | FDM_DPI-2024-7-KRN_Lu177_PSMA__SPECT_Tc_0__Pat4 | Loss = 3.2426
Epoch 11 | 530/659 | FDM_DPI-2024-7-KRN_Lu177_PSMA__SPECT_Tc_9__Pat114 | Loss = 3.7908
Epoch 11 | 540/659 | FDM_DPI-2024-7-KRN_Lu177_PSMA__SPECT_Tc_6__Pat16 | Loss = 4.6388
Epoch 11 | 550/659 | UNC_FDM_DPI-2024-7-KRN_Lu177_PSMA__PETPSMA_2__Pat35 | Loss = 1.9055
Epoch 11 | 560/659 | UNC_FDM_DPI-2024-7-KRN_Lu177_PSMA__PETPSMA_0__Pat132 | Loss = 3.3259
Epoch 11 | 580/659 | FDM_DPI-2024-7-KRN_Lu177_PSMA__SPECT_Tc_0__Pat83 | Loss = 32.8305
Epoch 11 | 590/659 | FDM_DPI-2024-7-KRN_Lu177_PSMA__SPECT_Tc_3__Pat75 | Loss = 2.0509
Epoch 11 | 600/659 | FDM_DPI-2024-7-KRN_Lu177_PSMA__SPECT_Tc_4__Pat25 | Loss = 3.3630
Epoch 11 | 610/659 | FDM_DPI-2024-7-KRN_Lu177_PSMA__SPECT_Tc_0__Pat105 | Loss = 2.8589
Epoch 11 | 620/659 | UNC_FDM_DPI-2024-7-KRN_Lu177_PSMA__PETPSMA_0__Pat84 | Loss = 2.4909
Epoch 11 | 630/659 | UNC_FDM_DPI-2024-7-KRN_Lu177_PSMA__PETPSMA_0__Pat19 | Loss = 2.4728
Epoch 11 | 640/659 | FDM_DPI-2024-7-KRN_Lu177_PSMA__SPECT_Tc_2__Pat30 | Loss = 3.8642
Epoch 11 | 650/659 | FDM_DPI-2024-7-KRN_Lu177_PSMA__SPECT_Tc_0__Pat74 | Loss = 3.0239
Epoch 11 | 659/659 | UNC_FDM_DPI-2024-7-KRN_Lu177_PSMA__PETPSMA_2__Pat94 | Loss = 2.3708
Epoch 11 COMPLETE | Avg Train Loss = 7.2109 | Val Loss = 8.8430
Epoch 12 | 10/659 | UNC_FDM_DPI-2024-7-KRN_Lu177_PSMA__PETPSMA_0__Pat83 | Loss = 1.4546
Epoch 12 | 20/659 | FDM_DPI-2024-7-KRN_Lu177_PSMA__SPECT_Tc_0__Pat104 | Loss = 8.8493
Epoch 12 | 40/659 | UNC_FDM_DPI-2024-7-KRN_Lu177_PSMA__PETPSMA_1__Pat118 | Loss = 1.4397
Epoch 12 | 50/659 | FDM_DPI-2024-7-KRN_Lu177_PSMA__SPECT_Tc_0__Pat16 | Loss = 3.1635
Epoch 12 | 70/659 | FDM_DPI-2024-7-KRN_Lu177_PSMA__SPECT_Tc_0__Pat19 | Loss = 21.2712
Epoch 12 | 80/659 | UNC_FDM_DPI-2024-7-KRN_Lu177_PSMA__PETPSMA_1__Pat60 | Loss = 1.2826
Epoch 12 | 90/659 | FDM_DPI-2024-7-KRN_Lu177_PSMA__SPECT_Tc_1__Pat127 | Loss = 2.2172
Epoch 12 | 100/659 | UNC_FDM_DPI-2024-7-KRN_Lu177_PSMA__PETPSMA_2__Pat2 | Loss = 2.0347
Epoch 12 | 110/659 | FDM_DPI-2024-7-KRN_Lu177_PSMA__SPECT_Tc_2__Pat60 | Loss = 2.0961
Epoch 12 | 120/659 | UNC_FDM_DPI-2024-7-KRN_Lu177_PSMA__PETPSMA_2__Pat55 | Loss = 1.4422
Epoch 12 | 130/659 | FDM_DPI-2024-7-KRN_Lu177_PSMA__SPECT_Tc_0__Pat35 | Loss = 5.0749
Epoch 12 | 140/659 | FDM_DPI-2024-7-KRN_Lu177_PSMA__SPECT_Tc_1__Pat51 | Loss = 5.9972
Epoch 12 | 170/659 | FDM_DPI-2024-7-KRN_Lu177_PSMA__SPECT_Tc_4__Pat75 | Loss = 1.2163
Epoch 12 | 180/659 | UNC_FDM_DPI-2024-7-KRN_Lu177_PSMA__PETPSMA_0__Pat15 | Loss = 2.9446
Epoch 12 | 190/659 | FDM_DPI-2024-7-KRN_Lu177_PSMA__SPECT_Tc_6__Pat1 | Loss = 3.2481
Epoch 12 | 210/659 | FDM_DPI-2024-7-KRN_Lu177_PSMA__SPECT_Tc_1__Pat119 | Loss = 3.5088
Epoch 12 | 220/659 | FDM_DPI-2024-7-KRN_Lu177_PSMA__SPECT_Tc_0__Pat24 | Loss = 0.9930
Epoch 12 | 230/659 | FDM_DPI-2024-7-KRN_Lu177_PSMA__SPECT_Tc_1__Pat14 | Loss = 29.1033
Epoch 12 | 240/659 | FDM_DPI-2024-7-KRN_Lu177_PSMA__SPECT_Tc_2__Pat34 | Loss = 1.6746
Epoch 12 | 250/659 | FDM_DPI-2024-7-KRN_Lu177_PSMA__SPECT_Tc_2__Pat27 | Loss = 1.0188
Epoch 12 | 270/659 | FDM_DPI-2024-7-KRN_Lu177_PSMA__SPECT_Tc_3__Pat111 | Loss = 4.9400
Epoch 12 | 280/659 | FDM_DPI-2024-7-KRN_Lu177_PSMA__SPECT_Tc_1__Pat4 | Loss = 0.9836
Epoch 12 | 290/659 | UNC_FDM_DPI-2024-7-KRN_Lu177_PSMA__PETPSMA_0__Pat97 | Loss = 4.9617
Epoch 12 | 300/659 | FDM_DPI-2024-7-KRN_Lu177_PSMA__SPECT_Tc_4__Pat1 | Loss = 1.0039
Epoch 12 | 310/659 | FDM_DPI-2024-7-KRN_Lu177_PSMA__SPECT_Tc_3__Pat15 | Loss = 3.9702
Epoch 12 | 320/659 | FDM_DPI-2024-7-KRN_Lu177_PSMA__SPECT_Tc_4__Pat127 | Loss = 2.0449
Epoch 12 | 330/659 | UNC_FDM_DPI-2024-7-KRN_Lu177_PSMA__PETPSMA_1__Pat101 | Loss = 5.2786
Epoch 12 | 340/659 | FDM_DPI-2024-7-KRN_Lu177_PSMA__SPECT_Tc_5__Pat47 | Loss = 1.6919
Epoch 12 | 350/659 | FDM_DPI-2024-7-KRN_Lu177_PSMA__SPECT_Tc_0__Pat83 | Loss = 32.6615
Epoch 12 | 360/659 | UNC_FDM_DPI-2024-7-KRN_Lu177_PSMA__PETPSMA_3__Pat16 | Loss = 2.0795
Epoch 12 | 370/659 | UNC_FDM_DPI-2024-7-KRN_Lu177_PSMA__PETPSMA_0__Pat82 | Loss = 3.6360
Epoch 12 | 380/659 | FDM_DPI-2024-7-KRN_Lu177_PSMA__SPECT_Tc_1__Pat15 | Loss = 2.0132
Epoch 12 | 390/659 | FDM_DPI-2024-7-KRN_Lu177_PSMA__SPECT_Tc_4__Pat52 | Loss = 1.2699
Epoch 12 | 410/659 | UNC_FDM_DPI-2024-7-KRN_Lu177_PSMA__PETPSMA_1__Pat27 | Loss = 2.1279
Epoch 12 | 420/659 | UNC_FDM_DPI-2024-7-KRN_Lu177_PSMA__PETPSMA_0__Pat92 | Loss = 15.6538
Epoch 12 | 430/659 | FDM_DPI-2024-7-KRN_Lu177_PSMA__SPECT_Tc_1__Pat93 | Loss = 28.6914
Epoch 12 | 440/659 | FDM_DPI-2024-7-KRN_Lu177_PSMA__SPECT_Tc_3__Pat1 | Loss = 1.1927
Epoch 12 | 450/659 | FDM_DPI-2024-7-KRN_Lu177_PSMA__SPECT_Tc_0__Pat76 | Loss = 1.1708
Epoch 12 | 460/659 | FDM_DPI-2024-7-KRN_Lu177_PSMA__SPECT_Tc_0__Pat106 | Loss = 25.5177
Epoch 12 | 470/659 | FDM_DPI-2024-7-KRN_Lu177_PSMA__SPECT_Tc_3__Pat9 | Loss = 4.3754
Epoch 12 | 480/659 | UNC_FDM_DPI-2024-7-KRN_Lu177_PSMA__PETPSMA_0__Pat104 | Loss = 1.7175
Epoch 12 | 490/659 | UNC_FDM_DPI-2024-7-KRN_Lu177_PSMA__PETPSMA_2__Pat10 | Loss = 16.4695
Epoch 12 | 520/659 | UNC_FDM_DPI-2024-7-KRN_Lu177_PSMA__PETPSMA_0__Pat5 | Loss = 2.0852
Epoch 12 | 540/659 | UNC_FDM_DPI-2024-7-KRN_Lu177_PSMA__PETPSMA_1__Pat18 | Loss = 1.8072
Epoch 12 | 550/659 | FDM_DPI-2024-7-KRN_Lu177_PSMA__SPECT_Tc_1__Pat90 | Loss = 2.2545
Epoch 12 | 560/659 | UNC_FDM_DPI-2024-7-KRN_Lu177_PSMA__PETPSMA_1__Pat91 | Loss = 106.4780
Epoch 12 | 570/659 | FDM_DPI-2024-7-KRN_Lu177_PSMA__SPECT_Tc_0__Pat54 | Loss = 27.6376
Epoch 12 | 590/659 | FDM_DPI-2024-7-KRN_Lu177_PSMA__SPECT_Tc_0__Pat11 | Loss = 2.9438
Epoch 12 | 600/659 | FDM_DPI-2024-7-KRN_Lu177_PSMA__SPECT_Tc_0__Pat4 | Loss = 3.0864
Epoch 12 | 610/659 | UNC_FDM_DPI-2024-7-KRN_Lu177_PSMA__PETPSMA_0__Pat64 | Loss = 3.8243
Epoch 12 | 620/659 | FDM_DPI-2024-7-KRN_Lu177_PSMA__SPECT_Tc_0__Pat74 | Loss = 3.4791
Epoch 12 | 630/659 | UNC_FDM_DPI-2024-7-KRN_Lu177_PSMA__PETPSMA_2__Pat68 | Loss = 1.2415
Epoch 12 | 640/659 | UNC_FDM_DPI-2024-7-KRN_Lu177_PSMA__PETPSMA_0__Pat31 | Loss = 3.2857
Epoch 12 | 650/659 | UNC_FDM_DPI-2024-7-KRN_Lu177_PSMA__PETPSMA_2__Pat91 | Loss = 1.1240
Epoch 12 | 659/659 | UNC_FDM_DPI-2024-7-KRN_Lu177_PSMA__PETPSMA_1__Pat64 | Loss = 2.3413
Epoch 12 COMPLETE | Avg Train Loss = 6.7992 | Val Loss = 9.5388
Epoch 13 | 10/659 | FDM_DPI-2024-7-KRN_Lu177_PSMA__SPECT_Tc_2__Pat34 | Loss = 1.7085
Epoch 13 | 20/659 | FDM_DPI-2024-7-KRN_Lu177_PSMA__SPECT_Tc_4__Pat82 | Loss = 1.9021
Epoch 13 | 30/659 | FDM_DPI-2024-7-KRN_Lu177_PSMA__SPECT_Tc_5__Pat30 | Loss = 6.6990
Epoch 13 | 40/659 | UNC_FDM_DPI-2024-7-KRN_Lu177_PSMA__PETPSMA_2__Pat20 | Loss = 1.6319
Epoch 13 | 50/659 | UNC_FDM_DPI-2024-7-KRN_Lu177_PSMA__PETPSMA_2__Pat118 | Loss = 1.4721
Epoch 13 | 60/659 | UNC_FDM_DPI-2024-7-KRN_Lu177_PSMA__PETPSMA_0__Pat92 | Loss = 16.0296
Epoch 13 | 70/659 | FDM_DPI-2024-7-KRN_Lu177_PSMA__SPECT_Tc_9__Pat31 | Loss = 4.7109
Epoch 13 | 80/659 | UNC_FDM_DPI-2024-7-KRN_Lu177_PSMA__PETPSMA_0__Pat19 | Loss = 2.6088
Epoch 13 | 90/659 | FDM_DPI-2024-7-KRN_Lu177_PSMA__SPECT_Tc_0__Pat24 | Loss = 0.9209
Epoch 13 | 100/659 | UNC_FDM_DPI-2024-7-KRN_Lu177_PSMA__PETPSMA_0__Pat84 | Loss = 2.7247
Epoch 13 | 110/659 | UNC_FDM_DPI-2024-7-KRN_Lu177_PSMA__PETPSMA_1__Pat87 | Loss = 11.4356
Epoch 13 | 120/659 | FDM_DPI-2024-7-KRN_Lu177_PSMA__SPECT_Tc_1__Pat88 | Loss = 4.6756
Epoch 13 | 130/659 | FDM_DPI-2024-7-KRN_Lu177_PSMA__SPECT_Tc_3__Pat105 | Loss = 1.2846
Epoch 13 | 140/659 | FDM_DPI-2024-7-KRN_Lu177_PSMA__SPECT_Tc_0__Pat74 | Loss = 2.9991
Epoch 13 | 160/659 | FDM_DPI-2024-7-KRN_Lu177_PSMA__SPECT_Tc_4__Pat25 | Loss = 3.2587
Epoch 13 | 170/659 | UNC_FDM_DPI-2024-7-KRN_Lu177_PSMA__PETPSMA_0__Pat13 | Loss = 1.7030
Epoch 13 | 180/659 | FDM_DPI-2024-7-KRN_Lu177_PSMA__SPECT_Tc_0__Pat79 | Loss = 1.1413
Epoch 13 | 190/659 | FDM_DPI-2024-7-KRN_Lu177_PSMA__SPECT_Tc_2__Pat35 | Loss = 4.7027
Epoch 13 | 200/659 | UNC_FDM_DPI-2024-7-KRN_Lu177_PSMA__PETPSMA_0__Pat68 | Loss = 8.7678
Epoch 13 | 210/659 | FDM_DPI-2024-7-KRN_Lu177_PSMA__SPECT_Tc_2__Pat128 | Loss = 3.3508
Epoch 13 | 220/659 | PET_sub-007 | Loss = 52.5501
Epoch 13 | 230/659 | UNC_FDM_DPI-2024-7-KRN_Lu177_PSMA__PETPSMA_1__Pat101 | Loss = 5.1959
Epoch 13 | 240/659 | FDM_DPI-2024-7-KRN_Lu177_PSMA__SPECT_Tc_6__Pat25 | Loss = 19.4973
Epoch 13 | 250/659 | FDM_DPI-2024-7-KRN_Lu177_PSMA__SPECT_Tc_1__Pat54 | Loss = 29.8168
Epoch 13 | 270/659 | UNC_FDM_DPI-2024-7-KRN_Lu177_PSMA__PETPSMA_1__Pat46 | Loss = 1.4430
Epoch 13 | 280/659 | FDM_DPI-2024-7-KRN_Lu177_PSMA__SPECT_Tc_0__Pat34 | Loss = 0.8880
Epoch 13 | 290/659 | FDM_DPI-2024-7-KRN_Lu177_PSMA__SPECT_Tc_1__Pat68 | Loss = 3.3575
Epoch 13 | 310/659 | UNC_FDM_DPI-2024-7-KRN_Lu177_PSMA__PETPSMA_1__Pat27 | Loss = 1.9578
Epoch 13 | 320/659 | FDM_DPI-2024-7-KRN_Lu177_PSMA__SPECT_Tc_3__Pat25 | Loss = 1.4897
Epoch 13 | 330/659 | UNC_FDM_DPI-2024-7-KRN_Lu177_PSMA__PETPSMA_2__Pat28 | Loss = 1.3192
Epoch 13 | 350/659 | FDM_DPI-2024-7-KRN_Lu177_PSMA__SPECT_Tc_1__Pat97 | Loss = 2.6813
Epoch 13 | 360/659 | UNC_FDM_DPI-2024-7-KRN_Lu177_PSMA__PETPSMA_2__Pat16 | Loss = 1.3427
Epoch 13 | 370/659 | FDM_DPI-2024-7-KRN_Lu177_PSMA__SPECT_Tc_0__Pat104 | Loss = 9.6975
Epoch 13 | 390/659 | UNC_FDM_DPI-2024-7-KRN_Lu177_PSMA__PETPSMA_0__Pat25 | Loss = 2.9115
Epoch 13 | 400/659 | UNC_FDM_DPI-2024-7-KRN_Lu177_PSMA__PETPSMA_0__Pat35 | Loss = 3.0673
Epoch 13 | 410/659 | FDM_DPI-2024-7-KRN_Lu177_PSMA__SPECT_Iodine_2__Pat49 | Loss = 2.4496
Epoch 13 | 430/659 | FDM_DPI-2024-7-KRN_Lu177_PSMA__SPECT_Tc_5__Pat3 | Loss = 5.6874
Epoch 13 | 450/659 | UNC_FDM_DPI-2024-7-KRN_Lu177_PSMA__PETPSMA_2__Pat3 | Loss = 0.9537
Epoch 13 | 460/659 | FDM_DPI-2024-7-KRN_Lu177_PSMA__SPECT_Tc_2__Pat30 | Loss = 3.2463
Epoch 13 | 470/659 | FDM_DPI-2024-7-KRN_Lu177_PSMA__SPECT_Tc_0__Pat118 | Loss = 9.0507
Epoch 13 | 480/659 | UNC_FDM_DPI-2024-7-KRN_Lu177_PSMA__PETPSMA_1__Pat49 | Loss = 0.9442
Epoch 13 | 490/659 | UNC_FDM_DPI-2024-7-KRN_Lu177_PSMA__PETPSMA_3__Pat28 | Loss = 0.9005
Epoch 13 | 500/659 | UNC_FDM_DPI-2024-7-KRN_Lu177_PSMA__PETPSMA_1__Pat53 | Loss = 1.4927
Epoch 13 | 510/659 | FDM_DPI-2024-7-KRN_Lu177_PSMA__SPECT_Tc_8__Pat25 | Loss = 107.3200
Epoch 13 | 520/659 | FDM_DPI-2024-7-KRN_Lu177_PSMA__SPECT_Tc_2__Pat21 | Loss = 3.2399
Epoch 13 | 540/659 | FDM_DPI-2024-7-KRN_Lu177_PSMA__SPECT_Tc_7__Pat25 | Loss = 2.7411
Epoch 13 | 550/659 | UNC_FDM_DPI-2024-7-KRN_Lu177_PSMA__PETPSMA_2__Pat105 | Loss = 1.8749
Epoch 13 | 560/659 | FDM_DPI-2024-7-KRN_Lu177_PSMA__SPECT_Tc_1__Pat98 | Loss = 1.1078
Epoch 13 | 570/659 | FDM_DPI-2024-7-KRN_Lu177_PSMA__SPECT_Tc_5__Pat28 | Loss = 3.7430
Epoch 13 | 580/659 | FDM_DPI-2024-7-KRN_Lu177_PSMA__SPECT_Tc_5__Pat1 | Loss = 0.8709
Epoch 13 | 590/659 | FDM_DPI-2024-7-KRN_Lu177_PSMA__SPECT_Tc_5__Pat95 | Loss = 2.0645
Epoch 13 | 610/659 | FDM_DPI-2024-7-KRN_Lu177_PSMA__SPECT_Tc_1__Pat19 | Loss = 1.6475
Epoch 13 | 620/659 | UNC_FDM_DPI-2024-7-KRN_Lu177_PSMA__PETPSMA_1__Pat5 | Loss = 1.7235
Epoch 13 | 630/659 | UNC_FDM_DPI-2024-7-KRN_Lu177_PSMA__PETPSMA_3__Pat1 | Loss = 2.5242
Epoch 13 | 640/659 | UNC_FDM_DPI-2024-7-KRN_Lu177_PSMA__PETPSMA_3__Pat30 | Loss = 1.8649
Epoch 13 | 650/659 | UNC_FDM_DPI-2024-7-KRN_Lu177_PSMA__PETPSMA_2__Pat55 | Loss = 1.1131
Epoch 13 | 659/659 | FDM_DPI-2024-7-KRN_Lu177_PSMA__SPECT_Tc_2__Pat8 | Loss = 2.8428
Epoch 13 COMPLETE | Avg Train Loss = 7.0616 | Val Loss = 10.0304
Epoch 14 | 10/659 | FDM_DPI-2024-7-KRN_Lu177_PSMA__SPECT_Tc_0__Pat52 | Loss = 29.7786
Epoch 14 | 20/659 | FDM_DPI-2024-7-KRN_Lu177_PSMA__SPECT_Tc_0__Pat5 | Loss = 29.2844
Epoch 14 | 30/659 | FDM_DPI-2024-7-KRN_Lu177_PSMA__SPECT_Tc_1__Pat124 | Loss = 2.8984
Epoch 14 | 40/659 | FDM_DPI-2024-7-KRN_Lu177_PSMA__SPECT_Tc_1__Pat115 | Loss = 2.0477
Epoch 14 | 50/659 | UNC_FDM_DPI-2024-7-KRN_Lu177_PSMA__PETPSMA_0__Pat28 | Loss = 1.0530
Epoch 14 | 60/659 | UNC_FDM_DPI-2024-7-KRN_Lu177_PSMA__PETPSMA_2__Pat67 | Loss = 1.3124
Epoch 14 | 80/659 | UNC_FDM_DPI-2024-7-KRN_Lu177_PSMA__PETPSMA_2__Pat111 | Loss = 1.2385
Epoch 14 | 90/659 | UNC_FDM_DPI-2024-7-KRN_Lu177_PSMA__PETPSMA_0__Pat123 | Loss = 2.1654
Epoch 14 | 100/659 | FDM_DPI-2024-7-KRN_Lu177_PSMA__SPECT_Tc_0__Pat111 | Loss = 18.2020
Epoch 14 | 140/659 | FDM_DPI-2024-7-KRN_Lu177_PSMA__SPECT_Tc_0__Pat64 | Loss = 27.0385
Epoch 14 | 150/659 | UNC_FDM_DPI-2024-7-KRN_Lu177_PSMA__PETPSMA_0__Pat96 | Loss = 11.5584
Epoch 14 | 170/659 | FDM_DPI-2024-7-KRN_Lu177_PSMA__SPECT_Tc_0__Pat56 | Loss = 4.9736
Epoch 14 | 190/659 | FDM_DPI-2024-7-KRN_Lu177_PSMA__SPECT_Tc_9__Pat31 | Loss = 3.8442
Epoch 14 | 200/659 | FDM_DPI-2024-7-KRN_Lu177_PSMA__SPECT_Tc_1__Pat98 | Loss = 1.2347
Epoch 14 | 210/659 | FDM_DPI-2024-7-KRN_Lu177_PSMA__SPECT_Tc_7__Pat17 | Loss = 3.5151
Epoch 14 | 220/659 | UNC_FDM_DPI-2024-7-KRN_Lu177_PSMA__PETPSMA_1__Pat75 | Loss = 1.1130
Epoch 14 | 230/659 | UNC_FDM_DPI-2024-7-KRN_Lu177_PSMA__PETPSMA_2__Pat16 | Loss = 1.2020
Epoch 14 | 250/659 | FDM_DPI-2024-7-KRN_Lu177_PSMA__SPECT_Tc_1__Pat95 | Loss = 4.2866
Epoch 14 | 260/659 | FDM_DPI-2024-7-KRN_Lu177_PSMA__SPECT_Tc_4__Pat3 | Loss = 3.2092
Epoch 14 | 270/659 | FDM_DPI-2024-7-KRN_Lu177_PSMA__SPECT_Tc_2__Pat16 | Loss = 3.4663
Epoch 14 | 280/659 | UNC_FDM_DPI-2024-7-KRN_Lu177_PSMA__PETPSMA_0__Pat67 | Loss = 1.3198
Epoch 14 | 290/659 | UNC_FDM_DPI-2024-7-KRN_Lu177_PSMA__PETPSMA_0__Pat49 | Loss = 1.4150
Epoch 14 | 300/659 | UNC_FDM_DPI-2024-7-KRN_Lu177_PSMA__PETPSMA_1__Pat125 | Loss = 3.6356
Epoch 14 | 320/659 | FDM_DPI-2024-7-KRN_Lu177_PSMA__SPECT_Tc_7__Pat108 | Loss = 28.8817
Epoch 14 | 330/659 | FDM_DPI-2024-7-KRN_Lu177_PSMA__SPECT_Tc_0__Pat104 | Loss = 9.3770
Epoch 14 | 340/659 | FDM_DPI-2024-7-KRN_Lu177_PSMA__SPECT_Tc_1__Pat24 | Loss = 2.2583
Epoch 14 | 350/659 | FDM_DPI-2024-7-KRN_Lu177_PSMA__SPECT_Tc_4__Pat11 | Loss = 4.3226
Epoch 14 | 360/659 | FDM_DPI-2024-7-KRN_Lu177_PSMA__SPECT_Tc_2__Pat54 | Loss = 4.7281
Epoch 14 | 370/659 | UNC_FDM_DPI-2024-7-KRN_Lu177_PSMA__PETPSMA_2__Pat114 | Loss = 2.9312
Epoch 14 | 380/659 | UNC_FDM_DPI-2024-7-KRN_Lu177_PSMA__PETPSMA_1__Pat10 | Loss = 2.0253
Epoch 14 | 390/659 | FDM_DPI-2024-7-KRN_Lu177_PSMA__SPECT_Tc_0__Pat54 | Loss = 27.5496
Epoch 14 | 400/659 | FDM_DPI-2024-7-KRN_Lu177_PSMA__SPECT_Tc_1__Pat1 | Loss = 0.8033
Epoch 14 | 410/659 | FDM_DPI-2024-7-KRN_Lu177_PSMA__SPECT_Tc_2__Pat124 | Loss = 1.0953
Epoch 14 | 420/659 | UNC_FDM_DPI-2024-7-KRN_Lu177_PSMA__PETPSMA_3__Pat127 | Loss = 2.5096
Epoch 14 | 440/659 | FDM_DPI-2024-7-KRN_Lu177_PSMA__SPECT_Tc_6__Pat103 | Loss = 1.0308
Epoch 14 | 460/659 | UNC_FDM_DPI-2024-7-KRN_Lu177_PSMA__PETPSMA_0__Pat53 | Loss = 18.5459
Epoch 14 | 470/659 | FDM_DPI-2024-7-KRN_Lu177_PSMA__SPECT_Tc_3__Pat82 | Loss = 1.7400
Epoch 14 | 490/659 | UNC_FDM_DPI-2024-7-KRN_Lu177_PSMA__PETPSMA_1__Pat95 | Loss = 24.5977
Epoch 14 | 500/659 | UNC_FDM_DPI-2024-7-KRN_Lu177_PSMA__PETPSMA_2__Pat60 | Loss = 2.4956
Epoch 14 | 510/659 | FDM_DPI-2024-7-KRN_Lu177_PSMA__SPECT_Tc_0__Pat74 | Loss = 3.3765
Epoch 14 | 520/659 | UNC_FDM_DPI-2024-7-KRN_Lu177_PSMA__PETPSMA_2__Pat28 | Loss = 2.1382
Epoch 14 | 530/659 | FDM_DPI-2024-7-KRN_Lu177_PSMA__SPECT_Tc_0__Pat55 | Loss = 49.1653
Epoch 14 | 540/659 | FDM_DPI-2024-7-KRN_Lu177_PSMA__SPECT_Tc_2__Pat87 | Loss = 25.5353
Epoch 14 | 560/659 | UNC_FDM_DPI-2024-7-KRN_Lu177_PSMA__PETPSMA_2__Pat21 | Loss = 2.6124
Epoch 14 | 570/659 | UNC_FDM_DPI-2024-7-KRN_Lu177_PSMA__PETPSMA_1__Pat68 | Loss = 2.0140
Epoch 14 | 580/659 | UNC_FDM_DPI-2024-7-KRN_Lu177_PSMA__PETPSMA_0__Pat95 | Loss = 3.6597
Epoch 14 | 590/659 | FDM_DPI-2024-7-KRN_Lu177_PSMA__SPECT_Tc_0__Pat106 | Loss = 25.0902
Epoch 14 | 600/659 | FDM_DPI-2024-7-KRN_Lu177_PSMA__SPECT_Tc_5__Pat28 | Loss = 2.7876
Epoch 14 | 610/659 | FDM_DPI-2024-7-KRN_Lu177_PSMA__SPECT_Tc_0__Pat14 | Loss = 26.2268
Epoch 14 | 620/659 | FDM_DPI-2024-7-KRN_Lu177_PSMA__SPECT_Tc_1__Pat21 | Loss = 2.5132
Epoch 14 | 630/659 | FDM_DPI-2024-7-KRN_Lu177_PSMA__SPECT_Tc_2__Pat13 | Loss = 37.6524
Epoch 14 | 650/659 | UNC_FDM_DPI-2024-7-KRN_Lu177_PSMA__PETPSMA_1__Pat119 | Loss = 10.4392
Epoch 14 | 659/659 | FDM_DPI-2024-7-KRN_Lu177_PSMA__SPECT_Tc_2__Pat75 | Loss = 1.1119
Epoch 14 COMPLETE | Avg Train Loss = 6.4766 | Val Loss = 9.3779
Epoch 15 | 20/659 | FDM_DPI-2024-7-KRN_Lu177_PSMA__SPECT_Tc_1__Pat8 | Loss = 2.2818
Epoch 15 | 30/659 | UNC_FDM_DPI-2024-7-KRN_Lu177_PSMA__PETPSMA_2__Pat28 | Loss = 1.0925
Epoch 15 | 40/659 | FDM_DPI-2024-7-KRN_Lu177_PSMA__SPECT_Tc_4__Pat103 | Loss = 1.2634
Epoch 15 | 50/659 | FDM_DPI-2024-7-KRN_Lu177_PSMA__SPECT_Tc_0__Pat48 | Loss = 24.7646
Epoch 15 | 60/659 | UNC_FDM_DPI-2024-7-KRN_Lu177_PSMA__PETPSMA_3__Pat1 | Loss = 2.9518
Epoch 15 | 70/659 | UNC_FDM_DPI-2024-7-KRN_Lu177_PSMA__PETPSMA_1__Pat8 | Loss = 0.9715
Epoch 15 | 80/659 | UNC_FDM_DPI-2024-7-KRN_Lu177_PSMA__PETPSMA_0__Pat35 | Loss = 1.1111
Epoch 15 | 90/659 | UNC_FDM_DPI-2024-7-KRN_Lu177_PSMA__PETPSMA_3__Pat28 | Loss = 1.3118
Epoch 15 | 100/659 | FDM_DPI-2024-7-KRN_Lu177_PSMA__SPECT_Tc_1__Pat96 | Loss = 3.0658
Epoch 15 | 110/659 | FDM_DPI-2024-7-KRN_Lu177_PSMA__SPECT_Tc_2__Pat124 | Loss = 1.2253
Epoch 15 | 130/659 | FDM_DPI-2024-7-KRN_Lu177_PSMA__SPECT_Tc_2__Pat54 | Loss = 5.7374
Epoch 15 | 140/659 | UNC_FDM_DPI-2024-7-KRN_Lu177_PSMA__PETPSMA_1__Pat16 | Loss = 1.9003
Epoch 15 | 160/659 | UNC_FDM_DPI-2024-7-KRN_Lu177_PSMA__PETPSMA_1__Pat82 | Loss = 4.1417
Epoch 15 | 170/659 | UNC_FDM_DPI-2024-7-KRN_Lu177_PSMA__PETPSMA_2__Pat31 | Loss = 4.2178
Epoch 15 | 180/659 | FDM_DPI-2024-7-KRN_Lu177_PSMA__SPECT_Tc_3__Pat3 | Loss = 2.4669
Epoch 15 | 200/659 | FDM_DPI-2024-7-KRN_Lu177_PSMA__SPECT_Tc_4__Pat11 | Loss = 4.0587
Epoch 15 | 210/659 | UNC_FDM_DPI-2024-7-KRN_Lu177_PSMA__PETPSMA_3__Pat18 | Loss = 1.9592
Epoch 15 | 220/659 | UNC_FDM_DPI-2024-7-KRN_Lu177_PSMA__PETPSMA_3__Pat16 | Loss = 2.0256
Epoch 15 | 230/659 | FDM_DPI-2024-7-KRN_Lu177_PSMA__SPECT_Tc_0__Pat22 | Loss = 1.6321
Epoch 15 | 240/659 | FDM_DPI-2024-7-KRN_Lu177_PSMA__SPECT_Tc_2__Pat3 | Loss = 2.9832
Epoch 15 | 250/659 | FDM_DPI-2024-7-KRN_Lu177_PSMA__SPECT_Tc_0__Pat9 | Loss = 35.8941
Epoch 15 | 260/659 | FDM_DPI-2024-7-KRN_Lu177_PSMA__SPECT_Tc_0__Pat54 | Loss = 28.1482
Epoch 15 | 280/659 | FDM_DPI-2024-7-KRN_Lu177_PSMA__SPECT_Tc_1__Pat44 | Loss = 4.4796
Epoch 15 | 290/659 | UNC_FDM_DPI-2024-7-KRN_Lu177_PSMA__PETPSMA_1__Pat136 | Loss = 1.1870
Epoch 15 | 300/659 | FDM_DPI-2024-7-KRN_Lu177_PSMA__SPECT_Tc_4__Pat20 | Loss = 1.2799
Epoch 15 | 310/659 | FDM_DPI-2024-7-KRN_Lu177_PSMA__SPECT_Tc_0__Pat2 | Loss = 1.7309
Epoch 15 | 320/659 | FDM_DPI-2024-7-KRN_Lu177_PSMA__SPECT_Tc_3__Pat1 | Loss = 1.1138
Epoch 15 | 330/659 | PET_sub-006 | Loss = 67.9043
Epoch 15 | 340/659 | FDM_DPI-2024-7-KRN_Lu177_PSMA__SPECT_Tc_0__Pat47 | Loss = 1.6397
Epoch 15 | 350/659 | UNC_FDM_DPI-2024-7-KRN_Lu177_PSMA__PETPSMA_0__Pat123 | Loss = 1.4843
Epoch 15 | 360/659 | FDM_DPI-2024-7-KRN_Lu177_PSMA__SPECT_Tc_3__Pat68 | Loss = 5.8755
Epoch 15 | 370/659 | FDM_DPI-2024-7-KRN_Lu177_PSMA__SPECT_Tc_0__Pat93 | Loss = 27.2203
Epoch 15 | 380/659 | FDM_DPI-2024-7-KRN_Lu177_PSMA__SPECT_Tc_1__Pat123 | Loss = 4.4174
Epoch 15 | 390/659 | UNC_FDM_DPI-2024-7-KRN_Lu177_PSMA__PETPSMA_1__Pat28 | Loss = 1.0825
Epoch 15 | 400/659 | UNC_FDM_DPI-2024-7-KRN_Lu177_PSMA__PETPSMA_0__Pat132 | Loss = 2.0714
Epoch 15 | 410/659 | FDM_DPI-2024-7-KRN_Lu177_PSMA__SPECT_Tc_2__Pat5 | Loss = 3.7436
Epoch 15 | 420/659 | UNC_FDM_DPI-2024-7-KRN_Lu177_PSMA__PETPSMA_1__Pat25 | Loss = 3.3462
Epoch 15 | 430/659 | UNC_FDM_DPI-2024-7-KRN_Lu177_PSMA__PETPSMA_0__Pat33 | Loss = 1.5696
Epoch 15 | 440/659 | FDM_DPI-2024-7-KRN_Lu177_PSMA__SPECT_Tc_2__Pat87 | Loss = 26.6336
Epoch 15 | 450/659 | FDM_DPI-2024-7-KRN_Lu177_PSMA__SPECT_Tc_1__Pat112 | Loss = 34.8781
Epoch 15 | 460/659 | FDM_DPI-2024-7-KRN_Lu177_PSMA__SPECT_Tc_1__Pat2 | Loss = 2.6926
Epoch 15 | 480/659 | FDM_DPI-2024-7-KRN_Lu177_PSMA__SPECT_Tc_2__Pat14 | Loss = 31.8758
Epoch 15 | 490/659 | FDM_DPI-2024-7-KRN_Lu177_PSMA__SPECT_Tc_1__Pat56 | Loss = 1.7370
Epoch 15 | 500/659 | FDM_DPI-2024-7-KRN_Lu177_PSMA__SPECT_Tc_2__Pat15 | Loss = 3.9968
Epoch 15 | 510/659 | FDM_DPI-2024-7-KRN_Lu177_PSMA__SPECT_Tc_11__Pat114 | Loss = 1.8228
Epoch 15 | 520/659 | UNC_FDM_DPI-2024-7-KRN_Lu177_PSMA__PETPSMA_1__Pat97 | Loss = 4.6345
Epoch 15 | 530/659 | UNC_FDM_DPI-2024-7-KRN_Lu177_PSMA__PETPSMA_1__Pat10 | Loss = 1.6780
Epoch 15 | 540/659 | FDM_DPI-2024-7-KRN_Lu177_PSMA__SPECT_Tc_1__Pat22 | Loss = 2.0483
Epoch 15 | 550/659 | FDM_DPI-2024-7-KRN_Lu177_PSMA__SPECT_Tc_0__Pat145 | Loss = 1.4542
Epoch 15 | 560/659 | UNC_FDM_DPI-2024-7-KRN_Lu177_PSMA__PETPSMA_2__Pat114 | Loss = 3.6874
Epoch 15 | 570/659 | PET_sub-010 | Loss = 4.3892
Epoch 15 | 580/659 | UNC_FDM_DPI-2024-7-KRN_Lu177_PSMA__PETPSMA_0__Pat21 | Loss = 3.6563
Epoch 15 | 590/659 | FDM_DPI-2024-7-KRN_Lu177_PSMA__SPECT_Tc_0__Pat76 | Loss = 1.1482
Epoch 15 | 600/659 | UNC_FDM_DPI-2024-7-KRN_Lu177_PSMA__PETPSMA_2__Pat21 | Loss = 2.4028
Epoch 15 | 610/659 | FDM_DPI-2024-7-KRN_Lu177_PSMA__SPECT_Tc_0__Pat128 | Loss = 2.5808
Epoch 15 | 620/659 | UNC_FDM_DPI-2024-7-KRN_Lu177_PSMA__PETPSMA_2__Pat9 | Loss = 3.1896
Epoch 15 | 630/659 | UNC_FDM_DPI-2024-7-KRN_Lu177_PSMA__PETPSMA_0__Pat97 | Loss = 6.3945
Epoch 15 | 640/659 | UNC_FDM_DPI-2024-7-KRN_Lu177_PSMA__PETPSMA_0__Pat88 | Loss = 1.0211
Epoch 15 | 650/659 | FDM_DPI-2024-7-KRN_Lu177_PSMA__SPECT_Tc_1__Pat14 | Loss = 28.8322
Epoch 15 | 659/659 | UNC_FDM_DPI-2024-7-KRN_Lu177_PSMA__PETPSMA_0__Pat75 | Loss = 1.9999
Epoch 15 COMPLETE | Avg Train Loss = 6.5554 | Val Loss = 8.5757
Epoch 16 | 10/659 | FDM_DPI-2024-7-KRN_Lu177_PSMA__SPECT_Tc_0__Pat88 | Loss = 2.5531
Epoch 16 | 30/659 | FDM_DPI-2024-7-KRN_Lu177_PSMA__SPECT_Tc_1__Pat96 | Loss = 3.2391
Epoch 16 | 50/659 | UNC_FDM_DPI-2024-7-KRN_Lu177_PSMA__PETPSMA_0__Pat2 | Loss = 1.6917
Epoch 16 | 60/659 | FDM_DPI-2024-7-KRN_Lu177_PSMA__SPECT_Tc_0__Pat24 | Loss = 1.0058
Epoch 16 | 70/659 | FDM_DPI-2024-7-KRN_Lu177_PSMA__SPECT_Tc_0__Pat22 | Loss = 2.2527
Epoch 16 | 90/659 | UNC_FDM_DPI-2024-7-KRN_Lu177_PSMA__PETPSMA_0__Pat65 | Loss = 2.5192
Epoch 16 | 100/659 | FDM_DPI-2024-7-KRN_Lu177_PSMA__SPECT_Tc_0__Pat14 | Loss = 27.9351
Epoch 16 | 110/659 | UNC_FDM_DPI-2024-7-KRN_Lu177_PSMA__PETPSMA_0__Pat56 | Loss = 3.4709
Epoch 16 | 130/659 | UNC_FDM_DPI-2024-7-KRN_Lu177_PSMA__PETPSMA_2__Pat94 | Loss = 2.6334
Epoch 16 | 140/659 | UNC_FDM_DPI-2024-7-KRN_Lu177_PSMA__PETPSMA_0__Pat125 | Loss = 1.4542
Epoch 16 | 150/659 | FDM_DPI-2024-7-KRN_Lu177_PSMA__SPECT_Tc_5__Pat1 | Loss = 1.1771
Epoch 16 | 160/659 | UNC_FDM_DPI-2024-7-KRN_Lu177_PSMA__PETPSMA_1__Pat82 | Loss = 3.9838
Epoch 16 | 170/659 | UNC_FDM_DPI-2024-7-KRN_Lu177_PSMA__PETPSMA_1__Pat45 | Loss = 1.2470
Epoch 16 | 180/659 | FDM_DPI-2024-7-KRN_Lu177_PSMA__SPECT_Tc_2__Pat52 | Loss = 27.9480
Epoch 16 | 200/659 | UNC_FDM_DPI-2024-7-KRN_Lu177_PSMA__PETPSMA_3__Pat1 | Loss = 2.7793
Epoch 16 | 210/659 | FDM_DPI-2024-7-KRN_Lu177_PSMA__SPECT_Tc_1__Pat87 | Loss = 2.7415
Epoch 16 | 220/659 | UNC_FDM_DPI-2024-7-KRN_Lu177_PSMA__PETPSMA_0__Pat88 | Loss = 0.9513
Epoch 16 | 230/659 | UNC_FDM_DPI-2024-7-KRN_Lu177_PSMA__PETPSMA_1__Pat48 | Loss = 1.1408
Epoch 16 | 240/659 | UNC_FDM_DPI-2024-7-KRN_Lu177_PSMA__PETPSMA_0__Pat123 | Loss = 0.8938
Epoch 16 | 250/659 | FDM_DPI-2024-7-KRN_Lu177_PSMA__SPECT_Tc_8__Pat14 | Loss = 5.8937
Epoch 16 | 260/659 | FDM_DPI-2024-7-KRN_Lu177_PSMA__SPECT_Tc_1__Pat49 | Loss = 3.0291
Epoch 16 | 270/659 | FDM_DPI-2024-7-KRN_Lu177_PSMA__SPECT_Tc_1__Pat58 | Loss = 7.5792
Epoch 16 | 280/659 | FDM_DPI-2024-7-KRN_Lu177_PSMA__SPECT_Tc_4__Pat17 | Loss = 3.8598
Epoch 16 | 290/659 | UNC_FDM_DPI-2024-7-KRN_Lu177_PSMA__PETPSMA_2__Pat1 | Loss = 3.7654
Epoch 16 | 300/659 | FDM_DPI-2024-7-KRN_Lu177_PSMA__SPECT_Tc_1__Pat14 | Loss = 27.6606
Epoch 16 | 310/659 | UNC_FDM_DPI-2024-7-KRN_Lu177_PSMA__PETPSMA_0__Pat76 | Loss = 2.1189
Epoch 16 | 330/659 | UNC_FDM_DPI-2024-7-KRN_Lu177_PSMA__PETPSMA_1__Pat15 | Loss = 3.0994
Epoch 16 | 340/659 | FDM_DPI-2024-7-KRN_Lu177_PSMA__SPECT_Tc_2__Pat28 | Loss = 1.7643
Epoch 16 | 350/659 | FDM_DPI-2024-7-KRN_Lu177_PSMA__SPECT_Tc_4__Pat5 | Loss = 40.0617
Epoch 16 | 360/659 | FDM_DPI-2024-7-KRN_Lu177_PSMA__SPECT_Tc_0__Pat125 | Loss = 1.2581
Epoch 16 | 370/659 | FDM_DPI-2024-7-KRN_Lu177_PSMA__SPECT_Tc_2__Pat1 | Loss = 0.8510
Epoch 16 | 380/659 | FDM_DPI-2024-7-KRN_Lu177_PSMA__SPECT_Tc_5__Pat30 | Loss = 5.9467
Epoch 16 | 390/659 | FDM_DPI-2024-7-KRN_Lu177_PSMA__SPECT_Tc_5__Pat28 | Loss = 3.3538
Epoch 16 | 400/659 | FDM_DPI-2024-7-KRN_Lu177_PSMA__SPECT_Tc_3__Pat8 | Loss = 26.3619
Epoch 16 | 410/659 | FDM_DPI-2024-7-KRN_Lu177_PSMA__SPECT_Tc_2__Pat17 | Loss = 22.6063
Epoch 16 | 420/659 | UNC_FDM_DPI-2024-7-KRN_Lu177_PSMA__PETPSMA_0__Pat28 | Loss = 1.0421
Epoch 16 | 440/659 | UNC_FDM_DPI-2024-7-KRN_Lu177_PSMA__PETPSMA_0__Pat3 | Loss = 4.6682
Epoch 16 | 460/659 | FDM_DPI-2024-7-KRN_Lu177_PSMA__SPECT_Tc_7__Pat1 | Loss = 1.9510
Epoch 16 | 470/659 | UNC_FDM_DPI-2024-7-KRN_Lu177_PSMA__PETPSMA_0__Pat82 | Loss = 4.5910
Epoch 16 | 480/659 | FDM_DPI-2024-7-KRN_Lu177_PSMA__SPECT_Tc_13__Pat114 | Loss = 2.4325
Epoch 16 | 490/659 | FDM_DPI-2024-7-KRN_Lu177_PSMA__SPECT_Tc_4__Pat82 | Loss = 1.9469
Epoch 16 | 500/659 | FDM_DPI-2024-7-KRN_Lu177_PSMA__SPECT_Tc_0__Pat45 | Loss = 18.7443
Epoch 16 | 510/659 | UNC_FDM_DPI-2024-7-KRN_Lu177_PSMA__PETPSMA_2__Pat3 | Loss = 1.1717
Epoch 16 | 520/659 | PET_sub-005 | Loss = 3.5268
Epoch 16 | 530/659 | FDM_DPI-2024-7-KRN_Lu177_PSMA__SPECT_Tc_7__Pat17 | Loss = 4.4824
Epoch 16 | 540/659 | FDM_DPI-2024-7-KRN_Lu177_PSMA__SPECT_Tc_1__Pat15 | Loss = 1.7192
Epoch 16 | 550/659 | UNC_FDM_DPI-2024-7-KRN_Lu177_PSMA__PETPSMA_0__Pat132 | Loss = 1.9951
Epoch 16 | 570/659 | FDM_DPI-2024-7-KRN_Lu177_PSMA__SPECT_Tc_2__Pat35 | Loss = 5.6209
Epoch 16 | 580/659 | FDM_DPI-2024-7-KRN_Lu177_PSMA__SPECT_Tc_4__Pat51 | Loss = 0.9014
Epoch 16 | 590/659 | FDM_DPI-2024-7-KRN_Lu177_PSMA__SPECT_Tc_4__Pat25 | Loss = 2.5709
Epoch 16 | 610/659 | FDM_DPI-2024-7-KRN_Lu177_PSMA__SPECT_Tc_1__Pat53 | Loss = 15.0893
Epoch 16 | 620/659 | FDM_DPI-2024-7-KRN_Lu177_PSMA__SPECT_Tc_1__Pat131 | Loss = 2.6128
Epoch 16 | 630/659 | UNC_FDM_DPI-2024-7-KRN_Lu177_PSMA__PETPSMA_3__Pat18 | Loss = 1.6471
Epoch 16 | 650/659 | UNC_FDM_DPI-2024-7-KRN_Lu177_PSMA__PETPSMA_0__Pat16 | Loss = 1.1416
Epoch 16 | 659/659 | FDM_DPI-2024-7-KRN_Lu177_PSMA__SPECT_Tc_0__Pat47 | Loss = 1.1911
Epoch 16 COMPLETE | Avg Train Loss = 6.2596 | Val Loss = 8.6642
Epoch 17 | 10/659 | UNC_FDM_DPI-2024-7-KRN_Lu177_PSMA__PETPSMA_0__Pat132 | Loss = 3.4574
Epoch 17 | 20/659 | FDM_DPI-2024-7-KRN_Lu177_PSMA__SPECT_Tc_4__Pat68 | Loss = 3.1072
Epoch 17 | 30/659 | UNC_FDM_DPI-2024-7-KRN_Lu177_PSMA__PETPSMA_2__Pat105 | Loss = 1.8749
Epoch 17 | 40/659 | FDM_DPI-2024-7-KRN_Lu177_PSMA__SPECT_Tc_1__Pat79 | Loss = 1.4418
Epoch 17 | 50/659 | UNC_FDM_DPI-2024-7-KRN_Lu177_PSMA__PETPSMA_1__Pat55 | Loss = 7.0189
Epoch 17 | 60/659 | UNC_FDM_DPI-2024-7-KRN_Lu177_PSMA__PETPSMA_2__Pat30 | Loss = 3.8846
Epoch 17 | 80/659 | FDM_DPI-2024-7-KRN_Lu177_PSMA__SPECT_Tc_3__Pat105 | Loss = 1.0317
Epoch 17 | 90/659 | UNC_FDM_DPI-2024-7-KRN_Lu177_PSMA__PETPSMA_2__Pat91 | Loss = 1.1749
Epoch 17 | 100/659 | FDM_DPI-2024-7-KRN_Lu177_PSMA__SPECT_Tc_2__Pat16 | Loss = 2.8893
Epoch 17 | 110/659 | FDM_DPI-2024-7-KRN_Lu177_PSMA__SPECT_Tc_3__Pat93 | Loss = 25.3102
Epoch 17 | 120/659 | FDM_DPI-2024-7-KRN_Lu177_PSMA__SPECT_Tc_3__Pat15 | Loss = 3.7539
Epoch 17 | 130/659 | FDM_DPI-2024-7-KRN_Lu177_PSMA__SPECT_Tc_5__Pat127 | Loss = 2.0565
Epoch 17 | 140/659 | PET_sub-008 | Loss = 8.2950
Epoch 17 | 150/659 | FDM_DPI-2024-7-KRN_Lu177_PSMA__SPECT_Tc_0__Pat86 | Loss = 1.8404
Epoch 17 | 170/659 | UNC_FDM_DPI-2024-7-KRN_Lu177_PSMA__PETPSMA_0__Pat136 | Loss = 2.0425
Epoch 17 | 180/659 | FDM_DPI-2024-7-KRN_Lu177_PSMA__SPECT_Tc_2__Pat9 | Loss = 2.2093
Epoch 17 | 190/659 | FDM_DPI-2024-7-KRN_Lu177_PSMA__SPECT_Tc_0__Pat46 | Loss = 31.9729
Epoch 17 | 200/659 | UNC_FDM_DPI-2024-7-KRN_Lu177_PSMA__PETPSMA_1__Pat31 | Loss = 1.3765
Epoch 17 | 210/659 | UNC_FDM_DPI-2024-7-KRN_Lu177_PSMA__PETPSMA_1__Pat60 | Loss = 0.9622
Epoch 17 | 220/659 | FDM_DPI-2024-7-KRN_Lu177_PSMA__SPECT_Tc_4__Pat17 | Loss = 3.7819
Epoch 17 | 230/659 | UNC_FDM_DPI-2024-7-KRN_Lu177_PSMA__PETPSMA_1__Pat97 | Loss = 3.5538
Epoch 17 | 240/659 | FDM_DPI-2024-7-KRN_Lu177_PSMA__SPECT_Tc_0__Pat128 | Loss = 2.5238
Epoch 17 | 250/659 | UNC_FDM_DPI-2024-7-KRN_Lu177_PSMA__PETPSMA_0__Pat122 | Loss = 1.0619
Epoch 17 | 260/659 | UNC_FDM_DPI-2024-7-KRN_Lu177_PSMA__PETPSMA_2__Pat5 | Loss = 2.2708
Epoch 17 | 270/659 | FDM_DPI-2024-7-KRN_Lu177_PSMA__SPECT_Tc_4__Pat5 | Loss = 38.8434
Epoch 17 | 280/659 | FDM_DPI-2024-7-KRN_Lu177_PSMA__SPECT_Tc_0__Pat90 | Loss = 20.7817
Epoch 17 | 290/659 | FDM_DPI-2024-7-KRN_Lu177_PSMA__SPECT_Tc_0__Pat87 | Loss = 20.0274
Epoch 17 | 300/659 | FDM_DPI-2024-7-KRN_Lu177_PSMA__SPECT_Tc_1__Pat121 | Loss = 1.9548
Epoch 17 | 310/659 | FDM_DPI-2024-7-KRN_Lu177_PSMA__SPECT_Tc_2__Pat51 | Loss = 5.5985
Epoch 17 | 320/659 | FDM_DPI-2024-7-KRN_Lu177_PSMA__SPECT_Tc_6__Pat16 | Loss = 5.1178
Epoch 17 | 330/659 | FDM_DPI-2024-7-KRN_Lu177_PSMA__SPECT_Tc_13__Pat114 | Loss = 4.4458
Epoch 17 | 360/659 | UNC_FDM_DPI-2024-7-KRN_Lu177_PSMA__PETPSMA_0__Pat131 | Loss = 1.5697
Epoch 17 | 370/659 | FDM_DPI-2024-7-KRN_Lu177_PSMA__SPECT_Tc_2__Pat75 | Loss = 1.0332
Epoch 17 | 380/659 | FDM_DPI-2024-7-KRN_Lu177_PSMA__SPECT_Tc_0__Pat33 | Loss = 0.8754
Epoch 17 | 390/659 | FDM_DPI-2024-7-KRN_Lu177_PSMA__SPECT_Tc_1__Pat122 | Loss = 2.8989
Epoch 17 | 420/659 | FDM_DPI-2024-7-KRN_Lu177_PSMA__SPECT_Tc_7__Pat17 | Loss = 4.1843
Epoch 17 | 430/659 | FDM_DPI-2024-7-KRN_Lu177_PSMA__SPECT_Tc_2__Pat2 | Loss = 1.1579
Epoch 17 | 440/659 | UNC_FDM_DPI-2024-7-KRN_Lu177_PSMA__PETPSMA_1__Pat74 | Loss = 3.3436
Epoch 17 | 450/659 | FDM_DPI-2024-7-KRN_Lu177_PSMA__SPECT_Tc_2__Pat28 | Loss = 2.9332
Epoch 17 | 460/659 | UNC_FDM_DPI-2024-7-KRN_Lu177_PSMA__PETPSMA_0__Pat2 | Loss = 1.4935
Epoch 17 | 470/659 | FDM_DPI-2024-7-KRN_Lu177_PSMA__SPECT_Tc_1__Pat30 | Loss = 29.1435
Epoch 17 | 480/659 | FDM_DPI-2024-7-KRN_Lu177_PSMA__SPECT_Tc_1__Pat120 | Loss = 36.9669
Epoch 17 | 490/659 | UNC_FDM_DPI-2024-7-KRN_Lu177_PSMA__PETPSMA_0__Pat15 | Loss = 3.0660
Epoch 17 | 500/659 | FDM_DPI-2024-7-KRN_Lu177_PSMA__SPECT_Tc_1__Pat104 | Loss = 3.6365
Epoch 17 | 510/659 | FDM_DPI-2024-7-KRN_Lu177_PSMA__SPECT_Tc_2__Pat25 | Loss = 2.8633
Epoch 17 | 520/659 | FDM_DPI-2024-7-KRN_Lu177_PSMA__SPECT_Tc_5__Pat14 | Loss = 2.6034
Epoch 17 | 530/659 | FDM_DPI-2024-7-KRN_Lu177_PSMA__SPECT_Tc_3__Pat67 | Loss = 1.1823
Epoch 17 | 540/659 | FDM_DPI-2024-7-KRN_Lu177_PSMA__SPECT_Tc_1__Pat22 | Loss = 1.8194
Epoch 17 | 560/659 | UNC_FDM_DPI-2024-7-KRN_Lu177_PSMA__PETPSMA_3__Pat103 | Loss = 3.7197
Epoch 17 | 570/659 | UNC_FDM_DPI-2024-7-KRN_Lu177_PSMA__PETPSMA_2__Pat29 | Loss = 1.2290
Epoch 17 | 590/659 | FDM_DPI-2024-7-KRN_Lu177_PSMA__SPECT_Tc_2__Pat61 | Loss = 13.3878
Epoch 17 | 610/659 | UNC_FDM_DPI-2024-7-KRN_Lu177_PSMA__PETPSMA_3__Pat20 | Loss = 1.7673
Epoch 17 | 620/659 | FDM_DPI-2024-7-KRN_Lu177_PSMA__SPECT_Tc_4__Pat47 | Loss = 3.3731
Epoch 17 | 630/659 | FDM_DPI-2024-7-KRN_Lu177_PSMA__SPECT_Tc_0__Pat125 | Loss = 0.9339
Epoch 17 | 640/659 | UNC_FDM_DPI-2024-7-KRN_Lu177_PSMA__PETPSMA_1__Pat111 | Loss = 1.2758
Epoch 17 | 650/659 | UNC_FDM_DPI-2024-7-KRN_Lu177_PSMA__PETPSMA_2__Pat49 | Loss = 1.4830
Epoch 17 | 659/659 | FDM_DPI-2024-7-KRN_Lu177_PSMA__SPECT_Tc_2__Pat29 | Loss = 4.1138
Epoch 17 COMPLETE | Avg Train Loss = 6.3405 | Val Loss = 9.5270
Epoch 18 | 10/659 | FDM_DPI-2024-7-KRN_Lu177_PSMA__SPECT_Tc_6__Pat31 | Loss = 0.9332
Epoch 18 | 30/659 | FDM_DPI-2024-7-KRN_Lu177_PSMA__SPECT_Tc_1__Pat120 | Loss = 35.8835
Epoch 18 | 40/659 | FDM_DPI-2024-7-KRN_Lu177_PSMA__SPECT_Tc_2__Pat124 | Loss = 1.3618
Epoch 18 | 60/659 | FDM_DPI-2024-7-KRN_Lu177_PSMA__SPECT_Tc_0__Pat84 | Loss = 1.3088
Epoch 18 | 70/659 | FDM_DPI-2024-7-KRN_Lu177_PSMA__SPECT_Tc_0__Pat119 | Loss = 3.7369
Epoch 18 | 80/659 | UNC_FDM_DPI-2024-7-KRN_Lu177_PSMA__PETPSMA_2__Pat91 | Loss = 0.8630
Epoch 18 | 90/659 | FDM_DPI-2024-7-KRN_Lu177_PSMA__SPECT_Tc_5__Pat91 | Loss = 1.2557
Epoch 18 | 100/659 | UNC_FDM_DPI-2024-7-KRN_Lu177_PSMA__PETPSMA_0__Pat16 | Loss = 1.3685
Epoch 18 | 110/659 | FDM_DPI-2024-7-KRN_Lu177_PSMA__SPECT_Tc_4__Pat47 | Loss = 2.0217
Epoch 18 | 120/659 | FDM_DPI-2024-7-KRN_Lu177_PSMA__SPECT_Tc_3__Pat1 | Loss = 1.1176
Epoch 18 | 130/659 | FDM_DPI-2024-7-KRN_Lu177_PSMA__SPECT_Tc_1__Pat93 | Loss = 28.4244
Epoch 18 | 140/659 | UNC_FDM_DPI-2024-7-KRN_Lu177_PSMA__PETPSMA_3__Pat103 | Loss = 2.7063
Epoch 18 | 150/659 | FDM_DPI-2024-7-KRN_Lu177_PSMA__SPECT_Tc_0__Pat98 | Loss = 1.8392
Epoch 18 | 160/659 | FDM_DPI-2024-7-KRN_Lu177_PSMA__SPECT_Tc_0__Pat86 | Loss = 2.3676
Epoch 18 | 170/659 | FDM_DPI-2024-7-KRN_Lu177_PSMA__SPECT_Tc_2__Pat47 | Loss = 2.4895
Epoch 18 | 180/659 | FDM_DPI-2024-7-KRN_Lu177_PSMA__SPECT_Tc_5__Pat52 | Loss = 2.1553
Epoch 18 | 190/659 | UNC_FDM_DPI-2024-7-KRN_Lu177_PSMA__PETPSMA_0__Pat95 | Loss = 4.3761
Epoch 18 | 200/659 | UNC_FDM_DPI-2024-7-KRN_Lu177_PSMA__PETPSMA_2__Pat94 | Loss = 3.3995
Epoch 18 | 210/659 | UNC_FDM_DPI-2024-7-KRN_Lu177_PSMA__PETPSMA_0__Pat35 | Loss = 1.6254
Epoch 18 | 220/659 | UNC_FDM_DPI-2024-7-KRN_Lu177_PSMA__PETPSMA_1__Pat136 | Loss = 0.9196
Epoch 18 | 230/659 | FDM_DPI-2024-7-KRN_Lu177_PSMA__SPECT_Tc_1__Pat22 | Loss = 1.9260
Epoch 18 | 250/659 | UNC_FDM_DPI-2024-7-KRN_Lu177_PSMA__PETPSMA_1__Pat82 | Loss = 4.1500
Epoch 18 | 270/659 | UNC_FDM_DPI-2024-7-KRN_Lu177_PSMA__PETPSMA_1__Pat45 | Loss = 1.0118
Epoch 18 | 280/659 | FDM_DPI-2024-7-KRN_Lu177_PSMA__SPECT_Tc_2__Pat82 | Loss = 2.4602
Epoch 18 | 290/659 | UNC_FDM_DPI-2024-7-KRN_Lu177_PSMA__PETPSMA_0__Pat76 | Loss = 1.6762
Epoch 18 | 310/659 | UNC_FDM_DPI-2024-7-KRN_Lu177_PSMA__PETPSMA_1__Pat84 | Loss = 3.0387
Epoch 18 | 320/659 | FDM_DPI-2024-7-KRN_Lu177_PSMA__SPECT_Tc_4__Pat2 | Loss = 1.0438
Epoch 18 | 330/659 | UNC_FDM_DPI-2024-7-KRN_Lu177_PSMA__PETPSMA_0__Pat109 | Loss = 4.1732
Epoch 18 | 370/659 | UNC_FDM_DPI-2024-7-KRN_Lu177_PSMA__PETPSMA_0__Pat111 | Loss = 2.2298
Epoch 18 | 380/659 | UNC_FDM_DPI-2024-7-KRN_Lu177_PSMA__PETPSMA_2__Pat30 | Loss = 4.0434
Epoch 18 | 390/659 | FDM_DPI-2024-7-KRN_Lu177_PSMA__SPECT_Tc_3__Pat20 | Loss = 0.9131
Epoch 18 | 400/659 | UNC_FDM_DPI-2024-7-KRN_Lu177_PSMA__PETPSMA_2__Pat61 | Loss = 1.7271
Epoch 18 | 410/659 | UNC_FDM_DPI-2024-7-KRN_Lu177_PSMA__PETPSMA_2__Pat47 | Loss = 2.6472
Epoch 18 | 420/659 | FDM_DPI-2024-7-KRN_Lu177_PSMA__SPECT_Tc_2__Pat15 | Loss = 4.0950
Epoch 18 | 430/659 | FDM_DPI-2024-7-KRN_Lu177_PSMA__SPECT_Tc_2__Pat104 | Loss = 3.6295
Epoch 18 | 440/659 | FDM_DPI-2024-7-KRN_Lu177_PSMA__SPECT_Tc_3__Pat75 | Loss = 1.5651
Epoch 18 | 450/659 | UNC_FDM_DPI-2024-7-KRN_Lu177_PSMA__PETPSMA_1__Pat4 | Loss = 1.6311
Epoch 18 | 460/659 | FDM_DPI-2024-7-KRN_Lu177_PSMA__SPECT_Tc_1__Pat103 | Loss = 1.6619
Epoch 18 | 470/659 | UNC_FDM_DPI-2024-7-KRN_Lu177_PSMA__PETPSMA_0__Pat127 | Loss = 2.6899
Epoch 18 | 480/659 | UNC_FDM_DPI-2024-7-KRN_Lu177_PSMA__PETPSMA_1__Pat74 | Loss = 4.0510
Epoch 18 | 490/659 | FDM_DPI-2024-7-KRN_Lu177_PSMA__SPECT_Tc_3__Pat47 | Loss = 1.8802
Epoch 18 | 500/659 | FDM_DPI-2024-7-KRN_Lu177_PSMA__SPECT_Tc_2__Pat13 | Loss = 37.6188
Epoch 18 | 520/659 | FDM_DPI-2024-7-KRN_Lu177_PSMA__SPECT_Tc_5__Pat68 | Loss = 4.1762
Epoch 18 | 530/659 | UNC_FDM_DPI-2024-7-KRN_Lu177_PSMA__PETPSMA_1__Pat124 | Loss = 3.3865
Epoch 18 | 540/659 | UNC_FDM_DPI-2024-7-KRN_Lu177_PSMA__PETPSMA_0__Pat92 | Loss = 15.6720
Epoch 18 | 550/659 | FDM_DPI-2024-7-KRN_Lu177_PSMA__SPECT_Tc_1__Pat30 | Loss = 27.1693
Epoch 18 | 570/659 | UNC_FDM_DPI-2024-7-KRN_Lu177_PSMA__PETPSMA_0__Pat31 | Loss = 2.7831
Epoch 18 | 580/659 | FDM_DPI-2024-7-KRN_Lu177_PSMA__SPECT_Tc_7__Pat31 | Loss = 2.9189
Epoch 18 | 610/659 | FDM_DPI-2024-7-KRN_Lu177_PSMA__SPECT_Tc_2__Pat27 | Loss = 1.2925
Epoch 18 | 620/659 | FDM_DPI-2024-7-KRN_Lu177_PSMA__SPECT_Tc_1__Pat4 | Loss = 1.2002
Epoch 18 | 630/659 | FDM_DPI-2024-7-KRN_Lu177_PSMA__SPECT_Tc_8__Pat25 | Loss = 106.9326
Epoch 18 | 640/659 | UNC_FDM_DPI-2024-7-KRN_Lu177_PSMA__PETPSMA_0__Pat90 | Loss = 0.7754
Epoch 18 | 650/659 | UNC_FDM_DPI-2024-7-KRN_Lu177_PSMA__PETPSMA_1__Pat53 | Loss = 1.3553
Epoch 18 | 659/659 | UNC_FDM_DPI-2024-7-KRN_Lu177_PSMA__PETPSMA_2__Pat118 | Loss = 1.0395

[532076] signal (15): Terminated
in expression starting at /home/jm/project_ssd/MedImages.jl/experiments/organ_affine_registration/train_unified_v2_enhanced.jl:219
unknown function (ip: 0x7c928aaac770)
unknown function (ip: 0x7c928aaa00ab)
unknown function (ip: 0x7c928aaa0806)
pthread_cond_wait at /lib/x86_64-linux-gnu/libc.so.6 (unknown line)
uv_cond_wait at /workspace/srcdir/libuv/src/unix/thread.c:883
ijl_task_get_next at /cache/build/builder-amdci5-7/julialang/julia-release-1-dot-10/src/partr.c:517
poptask at ./task.jl:999
wait at ./task.jl:1008
#wait#647 at ./condition.jl:130
wait at ./condition.jl:125 [inlined]
take! at /home/jm/.julia/packages/CUDA/FJf6p/lib/cudadrv/synchronization.jl:53
synchronization_worker at /home/jm/.julia/packages/CUDA/FJf6p/lib/cudadrv/synchronization.jl:119
unknown function (ip: 0x7c916adef758)
_jl_invoke at /cache/build/builder-amdci5-7/julialang/julia-release-1-dot-10/src/gf.c:2895 [inlined]
ijl_apply_generic at /cache/build/builder-amdci5-7/julialang/julia-release-1-dot-10/src/gf.c:3077
jlcapi_synchronization_worker_12766 at /home/jm/.julia/compiled/v1.10/CUDA/oWw5k_ICQXi.so (unknown line)
unknown function (ip: 0x7c928aaa3d63)
unknown function (ip: 0x7c928ab373fb)
unknown function (ip: (nil))
unknown function (ip: 0x7c928aaac770)
unknown function (ip: 0x7c928aaa00ab)
unknown function (ip: 0x7c928aaa0806)
pthread_cond_wait at /lib/x86_64-linux-gnu/libc.so.6 (unknown line)
uv_cond_wait at /workspace/srcdir/libuv/src/unix/thread.c:883
ijl_task_get_next at /cache/build/builder-amdci5-7/julialang/julia-release-1-dot-10/src/partr.c:517
poptask at ./task.jl:999
wait at ./task.jl:1008
#wait#647 at ./condition.jl:130
wait at ./condition.jl:125 [inlined]
take! at /home/jm/.julia/packages/CUDA/FJf6p/lib/cudadrv/synchronization.jl:53
synchronization_worker at /home/jm/.julia/packages/CUDA/FJf6p/lib/cudadrv/synchronization.jl:119
unknown function (ip: 0x7c916adef758)
_jl_invoke at /cache/build/builder-amdci5-7/julialang/julia-release-1-dot-10/src/gf.c:2895 [inlined]
ijl_apply_generic at /cache/build/builder-amdci5-7/julialang/julia-release-1-dot-10/src/gf.c:3077
jlcapi_synchronization_worker_12766 at /home/jm/.julia/compiled/v1.10/CUDA/oWw5k_ICQXi.so (unknown line)
unknown function (ip: 0x7c928aaa3d63)
unknown function (ip: 0x7c928ab373fb)
unknown function (ip: (nil))
unknown function (ip: 0x7c928aaac770)
unknown function (ip: 0x7c928aaa00ab)
unknown function (ip: 0x7c928aaa0806)
pthread_cond_wait at /lib/x86_64-linux-gnu/libc.so.6 (unknown line)
uv_cond_wait at /workspace/srcdir/libuv/src/unix/thread.c:883
ijl_task_get_next at /cache/build/builder-amdci5-7/julialang/julia-release-1-dot-10/src/partr.c:517
poptask at ./task.jl:999
wait at ./task.jl:1008
#wait#647 at ./condition.jl:130
wait at ./condition.jl:125 [inlined]
take! at /home/jm/.julia/packages/CUDA/FJf6p/lib/cudadrv/synchronization.jl:53
synchronization_worker at /home/jm/.julia/packages/CUDA/FJf6p/lib/cudadrv/synchronization.jl:119
unknown function (ip: 0x7c916adef758)
_jl_invoke at /cache/build/builder-amdci5-7/julialang/julia-release-1-dot-10/src/gf.c:2895 [inlined]
ijl_apply_generic at /cache/build/builder-amdci5-7/julialang/julia-release-1-dot-10/src/gf.c:3077
jlcapi_synchronization_worker_12766 at /home/jm/.julia/compiled/v1.10/CUDA/oWw5k_ICQXi.so (unknown line)
unknown function (ip: 0x7c928aaa3d63)
unknown function (ip: 0x7c928ab373fb)
unknown function (ip: (nil))
unknown function (ip: 0x7c928aaac770)
unknown function (ip: 0x7c928aaa00ab)
unknown function (ip: 0x7c928aaa0806)
pthread_cond_wait at /lib/x86_64-linux-gnu/libc.so.6 (unknown line)
uv_cond_wait at /workspace/srcdir/libuv/src/unix/thread.c:883
ijl_task_get_next at /cache/build/builder-amdci5-7/julialang/julia-release-1-dot-10/src/partr.c:517
poptask at ./task.jl:999
wait at ./task.jl:1008
#wait#647 at ./condition.jl:130
wait at ./condition.jl:125 [inlined]
take! at /home/jm/.julia/packages/CUDA/FJf6p/lib/cudadrv/synchronization.jl:53
synchronization_worker at /home/jm/.julia/packages/CUDA/FJf6p/lib/cudadrv/synchronization.jl:119
unknown function (ip: 0x7c916adef758)
_jl_invoke at /cache/build/builder-amdci5-7/julialang/julia-release-1-dot-10/src/gf.c:2895 [inlined]
ijl_apply_generic at /cache/build/builder-amdci5-7/julialang/julia-release-1-dot-10/src/gf.c:3077
jlcapi_synchronization_worker_12766 at /home/jm/.julia/compiled/v1.10/CUDA/oWw5k_ICQXi.so (unknown line)
unknown function (ip: 0x7c928aaa3d63)
unknown function (ip: 0x7c928ab373fb)
unknown function (ip: (nil))
unknown function (ip: 0x7c928aaac772)
unknown function (ip: 0x7c928aaa013b)
pread64 at /lib/x86_64-linux-gnu/libc.so.6 (unknown line)
H5FD__sec2_read at /home/jm/.julia/artifacts/3f844d84068534dcd6606936ab5f28e1120a9bb0/lib/libhdf5.so (unknown line)
H5FD_read at /home/jm/.julia/artifacts/3f844d84068534dcd6606936ab5f28e1120a9bb0/lib/libhdf5.so (unknown line)
H5F__accum_read at /home/jm/.julia/artifacts/3f844d84068534dcd6606936ab5f28e1120a9bb0/lib/libhdf5.so (unknown line)
H5PB_read at /home/jm/.julia/artifacts/3f844d84068534dcd6606936ab5f28e1120a9bb0/lib/libhdf5.so (unknown line)
H5F_shared_block_read at /home/jm/.julia/artifacts/3f844d84068534dcd6606936ab5f28e1120a9bb0/lib/libhdf5.so (unknown line)
H5D__contig_readvv_sieve_cb at /home/jm/.julia/artifacts/3f844d84068534dcd6606936ab5f28e1120a9bb0/lib/libhdf5.so (unknown line)
H5VM_opvv at /home/jm/.julia/artifacts/3f844d84068534dcd6606936ab5f28e1120a9bb0/lib/libhdf5.so (unknown line)
H5D__contig_readvv at /home/jm/.julia/artifacts/3f844d84068534dcd6606936ab5f28e1120a9bb0/lib/libhdf5.so (unknown line)
H5D__select_io at /home/jm/.julia/artifacts/3f844d84068534dcd6606936ab5f28e1120a9bb0/lib/libhdf5.so (unknown line)
H5D__select_read at /home/jm/.julia/artifacts/3f844d84068534dcd6606936ab5f28e1120a9bb0/lib/libhdf5.so (unknown line)
H5D__contig_read at /home/jm/.julia/artifacts/3f844d84068534dcd6606936ab5f28e1120a9bb0/lib/libhdf5.so (unknown line)
H5D__read at /home/jm/.julia/artifacts/3f844d84068534dcd6606936ab5f28e1120a9bb0/lib/libhdf5.so (unknown line)
H5VL__native_dataset_read at /home/jm/.julia/artifacts/3f844d84068534dcd6606936ab5f28e1120a9bb0/lib/libhdf5.so (unknown line)
H5VL_dataset_read_direct at /home/jm/.julia/artifacts/3f844d84068534dcd6606936ab5f28e1120a9bb0/lib/libhdf5.so (unknown line)
H5D__read_api_common.constprop.2 at /home/jm/.julia/artifacts/3f844d84068534dcd6606936ab5f28e1120a9bb0/lib/libhdf5.so (unknown line)
H5Dread at /home/jm/.julia/artifacts/3f844d84068534dcd6606936ab5f28e1120a9bb0/lib/libhdf5.so (unknown line)
h5d_read at /home/jm/.julia/packages/HDF5/Z859u/src/api/functions.jl:796
_jl_invoke at /cache/build/builder-amdci5-7/julialang/julia-release-1-dot-10/src/gf.c:2895 [inlined]
ijl_apply_generic at /cache/build/builder-amdci5-7/julialang/julia-release-1-dot-10/src/gf.c:3077
_generic_read at /home/jm/.julia/packages/HDF5/Z859u/src/readwrite.jl:180
generic_read at /home/jm/.julia/packages/HDF5/Z859u/src/readwrite.jl:146
_jl_invoke at /cache/build/builder-amdci5-7/julialang/julia-release-1-dot-10/src/gf.c:2895 [inlined]
ijl_apply_generic at /cache/build/builder-amdci5-7/julialang/julia-release-1-dot-10/src/gf.c:3077
read at /home/jm/.julia/packages/HDF5/Z859u/src/readwrite.jl:51
unknown function (ip: 0x7c916ad08535)
_jl_invoke at /cache/build/builder-amdci5-7/julialang/julia-release-1-dot-10/src/gf.c:2895 [inlined]
ijl_apply_generic at /cache/build/builder-amdci5-7/julialang/julia-release-1-dot-10/src/gf.c:3077
validate at /home/jm/project_ssd/MedImages.jl/experiments/organ_affine_registration/train_unified_v2_enhanced.jl:41
unknown function (ip: 0x7c915c937615)
_jl_invoke at /cache/build/builder-amdci5-7/julialang/julia-release-1-dot-10/src/gf.c:2895 [inlined]
ijl_apply_generic at /cache/build/builder-amdci5-7/julialang/julia-release-1-dot-10/src/gf.c:3077
run_training_v2 at /home/jm/project_ssd/MedImages.jl/experiments/organ_affine_registration/train_unified_v2_enhanced.jl:202
unknown function (ip: 0x7c916ad11c62)
_jl_invoke at /cache/build/builder-amdci5-7/julialang/julia-release-1-dot-10/src/gf.c:2895 [inlined]
ijl_apply_generic at /cache/build/builder-amdci5-7/julialang/julia-release-1-dot-10/src/gf.c:3077
jl_apply at /cache/build/builder-amdci5-7/julialang/julia-release-1-dot-10/src/julia.h:1982 [inlined]
do_call at /cache/build/builder-amdci5-7/julialang/julia-release-1-dot-10/src/interpreter.c:126
eval_value at /cache/build/builder-amdci5-7/julialang/julia-release-1-dot-10/src/interpreter.c:223
eval_stmt_value at /cache/build/builder-amdci5-7/julialang/julia-release-1-dot-10/src/interpreter.c:174 [inlined]
eval_body at /cache/build/builder-amdci5-7/julialang/julia-release-1-dot-10/src/interpreter.c:617
jl_interpret_toplevel_thunk at /cache/build/builder-amdci5-7/julialang/julia-release-1-dot-10/src/interpreter.c:775
jl_toplevel_eval_flex at /cache/build/builder-amdci5-7/julialang/julia-release-1-dot-10/src/toplevel.c:934
jl_toplevel_eval_flex at /cache/build/builder-amdci5-7/julialang/julia-release-1-dot-10/src/toplevel.c:877
ijl_toplevel_eval_in at /cache/build/builder-amdci5-7/julialang/julia-release-1-dot-10/src/toplevel.c:985
eval at ./boot.jl:385 [inlined]
include_string at ./loading.jl:2146
_jl_invoke at /cache/build/builder-amdci5-7/julialang/julia-release-1-dot-10/src/gf.c:2895 [inlined]
ijl_apply_generic at /cache/build/builder-amdci5-7/julialang/julia-release-1-dot-10/src/gf.c:3077
_include at ./loading.jl:2206
include at ./Base.jl:495
jfptr_include_46653.1 at /home/jm/.julia/juliaup/julia-1.10.10+0.x64.linux.gnu/lib/julia/sys.so (unknown line)
_jl_invoke at /cache/build/builder-amdci5-7/julialang/julia-release-1-dot-10/src/gf.c:2895 [inlined]
ijl_apply_generic at /cache/build/builder-amdci5-7/julialang/julia-release-1-dot-10/src/gf.c:3077
exec_options at ./client.jl:323
_start at ./client.jl:557
jfptr__start_83114.1 at /home/jm/.julia/juliaup/julia-1.10.10+0.x64.linux.gnu/lib/julia/sys.so (unknown line)
_jl_invoke at /cache/build/builder-amdci5-7/julialang/julia-release-1-dot-10/src/gf.c:2895 [inlined]
ijl_apply_generic at /cache/build/builder-amdci5-7/julialang/julia-release-1-dot-10/src/gf.c:3077
jl_apply at /cache/build/builder-amdci5-7/julialang/julia-release-1-dot-10/src/julia.h:1982 [inlined]
true_main at /cache/build/builder-amdci5-7/julialang/julia-release-1-dot-10/src/jlapi.c:582
jl_repl_entrypoint at /cache/build/builder-amdci5-7/julialang/julia-release-1-dot-10/src/jlapi.c:731
main at /cache/build/builder-amdci5-7/julialang/julia-release-1-dot-10/cli/loader_exe.c:58
unknown function (ip: 0x7c928aa2a574)
__libc_start_main at /lib/x86_64-linux-gnu/libc.so.6 (unknown line)
unknown function (ip: 0x4010b8)
unknown function (ip: (nil))
Allocations: 467360220 (Pool: 466986459; Big: 373761); GC: 12539
