--- Unified Training v2 ---
Rank: 0 / 1
Labels: 116
Train: 659 | Val: 165
Epoch 1 | FDM_DPI-2024-7-KRN_Lu177_PSMA__SPECT_Tc_2__Pat1 | Loss = 193.4971
Epoch 1 | FDM_DPI-2024-7-KRN_Lu177_PSMA__SPECT_Tc_5__Pat20 | Loss = 104.5945
Epoch 1 | UNC_FDM_DPI-2024-7-KRN_Lu177_PSMA__PETPSMA_1__Pat118 | Loss = 562.8179
Epoch 1 | FDM_DPI-2024-7-KRN_Lu177_PSMA__SPECT_Tc_3__Pat29 | Loss = 86.3017
Epoch 1 | FDM_DPI-2024-7-KRN_Lu177_PSMA__SPECT_Tc_4__Pat82 | Loss = 90.0029
Epoch 1 | UNC_FDM_DPI-2024-7-KRN_Lu177_PSMA__PETPSMA_1__Pat74 | Loss = 445.9021
Epoch 1 | UNC_FDM_DPI-2024-7-KRN_Lu177_PSMA__PETPSMA_0__Pat65 | Loss = 397.9850
Epoch 1 | UNC_FDM_DPI-2024-7-KRN_Lu177_PSMA__PETPSMA_2__Pat122 | Loss = 105.8830
Epoch 1 | UNC_FDM_DPI-2024-7-KRN_Lu177_PSMA__PETPSMA_0__Pat131 | Loss = 96.4234
Epoch 1 | FDM_DPI-2024-7-KRN_Lu177_PSMA__SPECT_Tc_1__Pat101 | Loss = 82.5385
Epoch 1 | FDM_DPI-2024-7-KRN_Lu177_PSMA__SPECT_Tc_4__Pat25 | Loss = 93.7892
Epoch 1 | UNC_FDM_DPI-2024-7-KRN_Lu177_PSMA__PETPSMA_1__Pat97 | Loss = 96.0924
Epoch 1 | UNC_FDM_DPI-2024-7-KRN_Lu177_PSMA__PETPSMA_1__Pat79 | Loss = 89.7078
Epoch 1 | FDM_DPI-2024-7-KRN_Lu177_PSMA__SPECT_Tc_7__Pat2 | Loss = 85.3639
Epoch 1 | UNC_FDM_DPI-2024-7-KRN_Lu177_PSMA__PETPSMA_2__Pat132 | Loss = 85.3999
Epoch 1 | FDM_DPI-2024-7-KRN_Lu177_PSMA__SPECT_Tc_2__Pat60 | Loss = 80.4560
Epoch 1 | FDM_DPI-2024-7-KRN_Lu177_PSMA__SPECT_Tc_1__Pat103 | Loss = 87.5451
Epoch 1 | UNC_FDM_DPI-2024-7-KRN_Lu177_PSMA__PETPSMA_1__Pat84 | Loss = 79.9526
Epoch 1 | FDM_DPI-2024-7-KRN_Lu177_PSMA__SPECT_Tc_3__Pat9 | Loss = 78.1060
Epoch 1 | FDM_DPI-2024-7-KRN_Lu177_PSMA__SPECT_Tc_1__Pat111 | Loss = 76.8125
Epoch 1 | FDM_DPI-2024-7-KRN_Lu177_PSMA__SPECT_Tc_1__Pat88 | Loss = 80.8521
Epoch 1 | FDM_DPI-2024-7-KRN_Lu177_PSMA__SPECT_Tc_2__Pat22 | Loss = 75.0688
Epoch 1 | FDM_DPI-2024-7-KRN_Lu177_PSMA__SPECT_Tc_3__Pat15 | Loss = 67.4688
Epoch 1 | FDM_DPI-2024-7-KRN_Lu177_PSMA__SPECT_Tc_5__Pat5 | Loss = 62.8727
Epoch 1 | FDM_DPI-2024-7-KRN_Lu177_PSMA__SPECT_Tc_6__Pat14 | Loss = 60.7818
Epoch 1 | UNC_FDM_DPI-2024-7-KRN_Lu177_PSMA__PETPSMA_2__Pat15 | Loss = 224.0859
Epoch 1 | FDM_DPI-2024-7-KRN_Lu177_PSMA__SPECT_Tc_0__Pat88 | Loss = 68.2048
Epoch 1 | UNC_FDM_DPI-2024-7-KRN_Lu177_PSMA__PETPSMA_2__Pat30 | Loss = 60.4130
Epoch 1 | FDM_DPI-2024-7-KRN_Lu177_PSMA__SPECT_Tc_5__Pat46 | Loss = 66.4244
Epoch 1 | UNC_FDM_DPI-2024-7-KRN_Lu177_PSMA__PETPSMA_1__Pat56 | Loss = 69.7066
Epoch 1 | FDM_DPI-2024-7-KRN_Lu177_PSMA__SPECT_Tc_3__Pat64 | Loss = 58.5762
Epoch 1 | UNC_FDM_DPI-2024-7-KRN_Lu177_PSMA__PETPSMA_3__Pat25 | Loss = 64.9975
Epoch 1 | FDM_DPI-2024-7-KRN_Lu177_PSMA__SPECT_Tc_1__Pat86 | Loss = 60.0033
Epoch 1 | UNC_FDM_DPI-2024-7-KRN_Lu177_PSMA__PETPSMA_0__Pat95 | Loss = 56.7997
Epoch 1 | FDM_DPI-2024-7-KRN_Lu177_PSMA__SPECT_Tc_4__Pat51 | Loss = 54.2838
Epoch 1 | FDM_DPI-2024-7-KRN_Lu177_PSMA__SPECT_Tc_6__Pat103 | Loss = 47.8755
Epoch 1 | UNC_FDM_DPI-2024-7-KRN_Lu177_PSMA__PETPSMA_1__Pat54 | Loss = 60.0657
Epoch 1 | FDM_DPI-2024-7-KRN_Lu177_PSMA__SPECT_Tc_1__Pat90 | Loss = 43.2915
Epoch 1 | FDM_DPI-2024-7-KRN_Lu177_PSMA__SPECT_Tc_5__Pat91 | Loss = 65.7979
Epoch 1 | FDM_DPI-2024-7-KRN_Lu177_PSMA__SPECT_Tc_1__Pat131 | Loss = 28.9454
Epoch 1 | FDM_DPI-2024-7-KRN_Lu177_PSMA__SPECT_Tc_3__Pat17 | Loss = 47.5771
Epoch 1 | FDM_DPI-2024-7-KRN_Lu177_PSMA__SPECT_Tc_0__Pat33 | Loss = 30.5632
Epoch 1 | FDM_DPI-2024-7-KRN_Lu177_PSMA__SPECT_Tc_6__Pat114 | Loss = 32.2042
Epoch 1 | FDM_DPI-2024-7-KRN_Lu177_PSMA__SPECT_Tc_0__Pat35 | Loss = 25.9968
Epoch 1 | FDM_DPI-2024-7-KRN_Lu177_PSMA__SPECT_Tc_4__Pat3 | Loss = 38.5983
Epoch 1 | FDM_DPI-2024-7-KRN_Lu177_PSMA__SPECT_Tc_1__Pat87 | Loss = 28.5089
Epoch 1 | FDM_DPI-2024-7-KRN_Lu177_PSMA__SPECT_Tc_3__Pat68 | Loss = 19.1894
Epoch 1 | UNC_FDM_DPI-2024-7-KRN_Lu177_PSMA__PETPSMA_1__Pat87 | Loss = 34.4175
Epoch 1 | UNC_FDM_DPI-2024-7-KRN_Lu177_PSMA__PETPSMA_0__Pat67 | Loss = 61.4971
Epoch 1 | FDM_DPI-2024-7-KRN_Lu177_PSMA__SPECT_Tc_5__Pat14 | Loss = 15.3467
Epoch 1 | UNC_FDM_DPI-2024-7-KRN_Lu177_PSMA__PETPSMA_1__Pat98 | Loss = 28.1113
Epoch 1 | UNC_FDM_DPI-2024-7-KRN_Lu177_PSMA__PETPSMA_0__Pat29 | Loss = 16.7333
Epoch 1 | UNC_FDM_DPI-2024-7-KRN_Lu177_PSMA__PETPSMA_0__Pat8 | Loss = 17.5379
Epoch 1 | UNC_FDM_DPI-2024-7-KRN_Lu177_PSMA__PETPSMA_1__Pat24 | Loss = 21.1079
Epoch 1 | UNC_FDM_DPI-2024-7-KRN_Lu177_PSMA__PETPSMA_0__Pat2 | Loss = 11.9150
Epoch 1 | UNC_FDM_DPI-2024-7-KRN_Lu177_PSMA__PETPSMA_1__Pat34 | Loss = 17.0399
Epoch 1 | UNC_FDM_DPI-2024-7-KRN_Lu177_PSMA__PETPSMA_0__Pat75 | Loss = 12.0932
Epoch 1 | UNC_FDM_DPI-2024-7-KRN_Lu177_PSMA__PETPSMA_0__Pat56 | Loss = 11.7225
Epoch 1 | UNC_FDM_DPI-2024-7-KRN_Lu177_PSMA__PETPSMA_1__Pat55 | Loss = 22.0075
Epoch 1 | FDM_DPI-2024-7-KRN_Lu177_PSMA__SPECT_Tc_9__Pat20 | Loss = 16.4007
Epoch 1 | UNC_FDM_DPI-2024-7-KRN_Lu177_PSMA__PETPSMA_0__Pat111 | Loss = 13.1396
Epoch 1 | FDM_DPI-2024-7-KRN_Lu177_PSMA__SPECT_Tc_2__Pat15 | Loss = 8.5901
Epoch 1 | FDM_DPI-2024-7-KRN_Lu177_PSMA__SPECT_Tc_2__Pat87 | Loss = 38.9105
Epoch 1 | FDM_DPI-2024-7-KRN_Lu177_PSMA__SPECT_Tc_1__Pat104 | Loss = 16.4000
Epoch 1 | FDM_DPI-2024-7-KRN_Lu177_PSMA__SPECT_Tc_1__Pat96 | Loss = 16.9038
Epoch 1 | UNC_FDM_DPI-2024-7-KRN_Lu177_PSMA__PETPSMA_1__Pat19 | Loss = 23.3495
Epoch 1 | FDM_DPI-2024-7-KRN_Lu177_PSMA__SPECT_Tc_0__Pat50 | Loss = 6.6575
Epoch 1 | UNC_FDM_DPI-2024-7-KRN_Lu177_PSMA__PETPSMA_1__Pat101 | Loss = 36.2736
Epoch 1 | FDM_DPI-2024-7-KRN_Lu177_PSMA__SPECT_Tc_2__Pat21 | Loss = 5.6305
Epoch 1 | UNC_FDM_DPI-2024-7-KRN_Lu177_PSMA__PETPSMA_0__Pat92 | Loss = 33.8416
Epoch 1 | UNC_FDM_DPI-2024-7-KRN_Lu177_PSMA__PETPSMA_3__Pat18 | Loss = 43.9019
Epoch 1 | FDM_DPI-2024-7-KRN_Lu177_PSMA__SPECT_Tc_1__Pat2 | Loss = 9.7752
Epoch 1 | FDM_DPI-2024-7-KRN_Lu177_PSMA__SPECT_Tc_1__Pat95 | Loss = 25.2888
Epoch 1 | FDM_DPI-2024-7-KRN_Lu177_PSMA__SPECT_Tc_4__Pat10 | Loss = 10.7523
Epoch 1 | FDM_DPI-2024-7-KRN_Lu177_PSMA__SPECT_Tc_2__Pat105 | Loss = 14.6741
Epoch 1 | UNC_FDM_DPI-2024-7-KRN_Lu177_PSMA__PETPSMA_0__Pat27 | Loss = 141.2412
Epoch 1 | FDM_DPI-2024-7-KRN_Lu177_PSMA__SPECT_Tc_1__Pat44 | Loss = 5.8967
Epoch 1 | UNC_FDM_DPI-2024-7-KRN_Lu177_PSMA__PETPSMA_2__Pat95 | Loss = 31.9527
Epoch 1 | FDM_DPI-2024-7-KRN_Lu177_PSMA__SPECT_Tc_4__Pat6 | Loss = 6.1001
Epoch 1 | FDM_DPI-2024-7-KRN_Lu177_PSMA__SPECT_Tc_3__Pat127 | Loss = 9.4874
Epoch 1 | FDM_DPI-2024-7-KRN_Lu177_PSMA__SPECT_Tc_1__Pat4 | Loss = 18.2826
Epoch 1 | FDM_DPI-2024-7-KRN_Lu177_PSMA__SPECT_Tc_2__Pat82 | Loss = 7.7268
Epoch 1 | FDM_DPI-2024-7-KRN_Lu177_PSMA__SPECT_Tc_2__Pat118 | Loss = 22.1081
Epoch 1 | FDM_DPI-2024-7-KRN_Lu177_PSMA__SPECT_Tc_3__Pat28 | Loss = 3.4462
Epoch 1 | FDM_DPI-2024-7-KRN_Lu177_PSMA__SPECT_Tc_2__Pat30 | Loss = 4.5548
Epoch 1 | FDM_DPI-2024-7-KRN_Lu177_PSMA__SPECT_Tc_3__Pat111 | Loss = 3.3397
Epoch 1 | FDM_DPI-2024-7-KRN_Lu177_PSMA__SPECT_Tc_1__Pat102 | Loss = 16.8737
Epoch 1 | FDM_DPI-2024-7-KRN_Lu177_PSMA__SPECT_Tc_2__Pat55 | Loss = 53.2264
Epoch 1 | FDM_DPI-2024-7-KRN_Lu177_PSMA__SPECT_Tc_1__Pat76 | Loss = 15.6263
Epoch 1 | FDM_DPI-2024-7-KRN_Lu177_PSMA__SPECT_Tc_0__Pat118 | Loss = 13.7908
Epoch 1 | FDM_DPI-2024-7-KRN_Lu177_PSMA__SPECT_Tc_1__Pat124 | Loss = 8.4171
Epoch 1 | UNC_FDM_DPI-2024-7-KRN_Lu177_PSMA__PETPSMA_2__Pat114 | Loss = 54.0217
Epoch 1 | FDM_DPI-2024-7-KRN_Lu177_PSMA__SPECT_Tc_13__Pat114 | Loss = 4.3239
Epoch 1 | FDM_DPI-2024-7-KRN_Lu177_PSMA__SPECT_Tc_0__Pat6 | Loss = 4.6472
Epoch 1 | UNC_FDM_DPI-2024-7-KRN_Lu177_PSMA__PETPSMA_0__Pat13 | Loss = 37.8612
Epoch 1 | FDM_DPI-2024-7-KRN_Lu177_PSMA__SPECT_Tc_4__Pat2 | Loss = 4.6096
Epoch 1 | FDM_DPI-2024-7-KRN_Lu177_PSMA__SPECT_Tc_5__Pat68 | Loss = 8.4406
Epoch 1 | UNC_FDM_DPI-2024-7-KRN_Lu177_PSMA__PETPSMA_3__Pat1 | Loss = 34.8320
Epoch 1 | PET_sub-008 | Loss = 178.5415
Epoch 1 | FDM_DPI-2024-7-KRN_Lu177_PSMA__SPECT_Iodine_2__Pat49 | Loss = 3.0407
Epoch 1 | UNC_FDM_DPI-2024-7-KRN_Lu177_PSMA__PETPSMA_1__Pat60 | Loss = 40.2167
Epoch 1 | FDM_DPI-2024-7-KRN_Lu177_PSMA__SPECT_Tc_11__Pat114 | Loss = 2.7393
Epoch 1 | UNC_FDM_DPI-2024-7-KRN_Lu177_PSMA__PETPSMA_2__Pat67 | Loss = 39.8417
Epoch 1 | FDM_DPI-2024-7-KRN_Lu177_PSMA__SPECT_Tc_1__Pat97 | Loss = 15.2754
Epoch 1 | UNC_FDM_DPI-2024-7-KRN_Lu177_PSMA__PETPSMA_0__Pat118 | Loss = 30.6052
Epoch 1 | UNC_FDM_DPI-2024-7-KRN_Lu177_PSMA__PETPSMA_0__Pat97 | Loss = 28.4907
Epoch 1 | FDM_DPI-2024-7-KRN_Lu177_PSMA__SPECT_Tc_0__Pat97 | Loss = 5.2221
Epoch 1 | UNC_FDM_DPI-2024-7-KRN_Lu177_PSMA__PETPSMA_1__Pat5 | Loss = 9.7820
Epoch 1 | FDM_DPI-2024-7-KRN_Lu177_PSMA__SPECT_Tc_7__Pat16 | Loss = 38.3829
Epoch 1 | FDM_DPI-2024-7-KRN_Lu177_PSMA__SPECT_Tc_1__Pat82 | Loss = 5.3448
Epoch 1 | UNC_FDM_DPI-2024-7-KRN_Lu177_PSMA__PETPSMA_0__Pat105 | Loss = 5.4417
Epoch 1 | FDM_DPI-2024-7-KRN_Lu177_PSMA__SPECT_Tc_1__Pat51 | Loss = 11.0967
Epoch 1 | UNC_FDM_DPI-2024-7-KRN_Lu177_PSMA__PETPSMA_2__Pat111 | Loss = 13.9153
Epoch 1 | FDM_DPI-2024-7-KRN_Lu177_PSMA__SPECT_Tc_4__Pat114 | Loss = 4.8873
Epoch 1 | FDM_DPI-2024-7-KRN_Lu177_PSMA__SPECT_Tc_3__Pat103 | Loss = 4.1438
Epoch 1 | FDM_DPI-2024-7-KRN_Lu177_PSMA__SPECT_Tc_2__Pat104 | Loss = 12.0840
Epoch 1 | UNC_FDM_DPI-2024-7-KRN_Lu177_PSMA__PETPSMA_0__Pat112 | Loss = 7.2264
Epoch 1 | UNC_FDM_DPI-2024-7-KRN_Lu177_PSMA__PETPSMA_2__Pat20 | Loss = 12.0576
Epoch 1 | UNC_FDM_DPI-2024-7-KRN_Lu177_PSMA__PETPSMA_2__Pat91 | Loss = 3.5365
Epoch 1 | FDM_DPI-2024-7-KRN_Lu177_PSMA__SPECT_Tc_0__Pat84 | Loss = 10.0858
Epoch 1 | FDM_DPI-2024-7-KRN_Lu177_PSMA__SPECT_Tc_6__Pat47 | Loss = 8.5874
Epoch 1 | FDM_DPI-2024-7-KRN_Lu177_PSMA__SPECT_Tc_1__Pat108 | Loss = 12.0144
Epoch 1 | FDM_DPI-2024-7-KRN_Lu177_PSMA__SPECT_Tc_1__Pat60 | Loss = 19.3924
Epoch 1 | UNC_FDM_DPI-2024-7-KRN_Lu177_PSMA__PETPSMA_3__Pat3 | Loss = 12.2499
Epoch 1 | UNC_FDM_DPI-2024-7-KRN_Lu177_PSMA__PETPSMA_2__Pat9 | Loss = 19.8072
Epoch 1 | FDM_DPI-2024-7-KRN_Lu177_PSMA__SPECT_Tc_2__Pat5 | Loss = 6.8012
Epoch 1 | FDM_DPI-2024-7-KRN_Lu177_PSMA__SPECT_Tc_3__Pat118 | Loss = 5.4867
Epoch 1 | FDM_DPI-2024-7-KRN_Lu177_PSMA__SPECT_Tc_3__Pat119 | Loss = 12.7645
Epoch 1 | FDM_DPI-2024-7-KRN_Lu177_PSMA__SPECT_Tc_2__Pat13 | Loss = 48.4010
Epoch 1 | UNC_FDM_DPI-2024-7-KRN_Lu177_PSMA__PETPSMA_3__Pat30 | Loss = 4.3826
Epoch 1 | UNC_FDM_DPI-2024-7-KRN_Lu177_PSMA__PETPSMA_0__Pat136 | Loss = 17.8999
Epoch 1 | UNC_FDM_DPI-2024-7-KRN_Lu177_PSMA__PETPSMA_1__Pat91 | Loss = 7.8853
Epoch 1 | FDM_DPI-2024-7-KRN_Lu177_PSMA__SPECT_Tc_3__Pat35 | Loss = 28.3680
Epoch 1 | UNC_FDM_DPI-2024-7-KRN_Lu177_PSMA__PETPSMA_0__Pat4 | Loss = 9.7647
Epoch 1 | UNC_FDM_DPI-2024-7-KRN_Lu177_PSMA__PETPSMA_0__Pat139 | Loss = 9.2281
Epoch 1 | FDM_DPI-2024-7-KRN_Lu177_PSMA__SPECT_Tc_3__Pat82 | Loss = 14.4563
Epoch 1 | FDM_DPI-2024-7-KRN_Lu177_PSMA__SPECT_Tc_7__Pat49 | Loss = 19.7816
Epoch 1 | UNC_FDM_DPI-2024-7-KRN_Lu177_PSMA__PETPSMA_0__Pat127 | Loss = 10.5623
Epoch 1 | FDM_DPI-2024-7-KRN_Lu177_PSMA__SPECT_Tc_0__Pat101 | Loss = 14.9553
Epoch 1 | FDM_DPI-2024-7-KRN_Lu177_PSMA__SPECT_Tc_1__Pat54 | Loss = 34.2550
Epoch 1 | UNC_FDM_DPI-2024-7-KRN_Lu177_PSMA__PETPSMA_2__Pat60 | Loss = 17.1681
Epoch 1 | FDM_DPI-2024-7-KRN_Lu177_PSMA__SPECT_Tc_8__Pat14 | Loss = 7.2322
Epoch 1 | FDM_DPI-2024-7-KRN_Lu177_PSMA__SPECT_Tc_7__Pat25 | Loss = 5.9076
Epoch 1 | FDM_DPI-2024-7-KRN_Lu177_PSMA__SPECT_Tc_0__Pat51 | Loss = 3.5293
Epoch 1 | FDM_DPI-2024-7-KRN_Lu177_PSMA__SPECT_Tc_1__Pat117 | Loss = 4.7230
Epoch 1 | UNC_FDM_DPI-2024-7-KRN_Lu177_PSMA__PETPSMA_0__Pat109 | Loss = 8.4711
Epoch 1 | PET_sub-003 | Loss = 92.4580
Epoch 1 | UNC_FDM_DPI-2024-7-KRN_Lu177_PSMA__PETPSMA_1__Pat4 | Loss = 22.0235
Epoch 1 | UNC_FDM_DPI-2024-7-KRN_Lu177_PSMA__PETPSMA_3__Pat28 | Loss = 8.4840
Epoch 1 | UNC_FDM_DPI-2024-7-KRN_Lu177_PSMA__PETPSMA_2__Pat35 | Loss = 4.9449
Epoch 1 | UNC_FDM_DPI-2024-7-KRN_Lu177_PSMA__PETPSMA_1__Pat29 | Loss = 18.2612
Epoch 1 | FDM_DPI-2024-7-KRN_Lu177_PSMA__SPECT_Tc_2__Pat17 | Loss = 32.0994
Epoch 1 | UNC_FDM_DPI-2024-7-KRN_Lu177_PSMA__PETPSMA_0__Pat45 | Loss = 12.6162
Epoch 1 | UNC_FDM_DPI-2024-7-KRN_Lu177_PSMA__PETPSMA_0__Pat28 | Loss = 4.6165
Epoch 1 | UNC_FDM_DPI-2024-7-KRN_Lu177_PSMA__PETPSMA_0__Pat24 | Loss = 4.2448
Epoch 1 | FDM_DPI-2024-7-KRN_Lu177_PSMA__SPECT_Tc_4__Pat20 | Loss = 22.0813
Epoch 1 | FDM_DPI-2024-7-KRN_Lu177_PSMA__SPECT_Iodine_0__Pat116 | Loss = 4.1166
Epoch 1 | FDM_DPI-2024-7-KRN_Lu177_PSMA__SPECT_Tc_8__Pat25 | Loss = 97.8881
Epoch 1 | UNC_FDM_DPI-2024-7-KRN_Lu177_PSMA__PETPSMA_0__Pat124 | Loss = 8.3472
Epoch 1 | UNC_FDM_DPI-2024-7-KRN_Lu177_PSMA__PETPSMA_2__Pat52 | Loss = 6.2286
Epoch 1 | FDM_DPI-2024-7-KRN_Lu177_PSMA__SPECT_Tc_0__Pat54 | Loss = 32.4249
Epoch 1 | FDM_DPI-2024-7-KRN_Lu177_PSMA__SPECT_Tc_0__Pat90 | Loss = 27.2931
Epoch 1 | FDM_DPI-2024-7-KRN_Lu177_PSMA__SPECT_Tc_5__Pat3 | Loss = 8.0100
Epoch 1 | UNC_FDM_DPI-2024-7-KRN_Lu177_PSMA__PETPSMA_0__Pat14 | Loss = 3.9610
Epoch 1 | FDM_DPI-2024-7-KRN_Lu177_PSMA__SPECT_Tc_3__Pat10 | Loss = 10.3576
Epoch 1 | FDM_DPI-2024-7-KRN_Lu177_PSMA__SPECT_Tc_1__Pat30 | Loss = 39.3261
Epoch 1 | FDM_DPI-2024-7-KRN_Lu177_PSMA__SPECT_Tc_0__Pat19 | Loss = 35.2729
Epoch 1 | UNC_FDM_DPI-2024-7-KRN_Lu177_PSMA__PETPSMA_1__Pat95 | Loss = 29.0339
Epoch 1 | UNC_FDM_DPI-2024-7-KRN_Lu177_PSMA__PETPSMA_0__Pat84 | Loss = 5.3098
Epoch 1 | UNC_FDM_DPI-2024-7-KRN_Lu177_PSMA__PETPSMA_0__Pat68 | Loss = 9.4653
Epoch 1 | FDM_DPI-2024-7-KRN_Lu177_PSMA__SPECT_Tc_0__Pat111 | Loss = 17.0121
Epoch 1 | UNC_FDM_DPI-2024-7-KRN_Lu177_PSMA__PETPSMA_3__Pat127 | Loss = 6.9240
Epoch 1 | FDM_DPI-2024-7-KRN_Lu177_PSMA__SPECT_Tc_5__Pat47 | Loss = 4.4419
Epoch 1 | UNC_FDM_DPI-2024-7-KRN_Lu177_PSMA__PETPSMA_0__Pat88 | Loss = 25.7250
Epoch 1 | FDM_DPI-2024-7-KRN_Lu177_PSMA__SPECT_Tc_0__Pat34 | Loss = 12.2512
Epoch 1 | FDM_DPI-2024-7-KRN_Lu177_PSMA__SPECT_Tc_7__Pat14 | Loss = 3.1396
Epoch 1 | FDM_DPI-2024-7-KRN_Lu177_PSMA__SPECT_Tc_0__Pat67 | Loss = 29.3048
Epoch 1 | UNC_FDM_DPI-2024-7-KRN_Lu177_PSMA__PETPSMA_1__Pat67 | Loss = 26.7631
Epoch 1 | FDM_DPI-2024-7-KRN_Lu177_PSMA__SPECT_Tc_2__Pat127 | Loss = 25.9362
Epoch 1 | UNC_FDM_DPI-2024-7-KRN_Lu177_PSMA__PETPSMA_0__Pat49 | Loss = 16.5749
Epoch 1 | FDM_DPI-2024-7-KRN_Lu177_PSMA__SPECT_Tc_1__Pat24 | Loss = 13.9025
Epoch 1 | FDM_DPI-2024-7-KRN_Lu177_PSMA__SPECT_Tc_0__Pat105 | Loss = 23.4325
Epoch 1 | FDM_DPI-2024-7-KRN_Lu177_PSMA__SPECT_Tc_1__Pat94 | Loss = 23.3914
Epoch 1 | FDM_DPI-2024-7-KRN_Lu177_PSMA__SPECT_Tc_0__Pat79 | Loss = 9.3297
Epoch 1 | FDM_DPI-2024-7-KRN_Lu177_PSMA__SPECT_Tc_2__Pat119 | Loss = 5.6456
Epoch 1 | FDM_DPI-2024-7-KRN_Lu177_PSMA__SPECT_Tc_7__Pat20 | Loss = 5.4200
Epoch 1 | FDM_DPI-2024-7-KRN_Lu177_PSMA__SPECT_Tc_2__Pat91 | Loss = 6.1255
Epoch 1 | FDM_DPI-2024-7-KRN_Lu177_PSMA__SPECT_Tc_1__Pat34 | Loss = 38.6467
Epoch 1 | FDM_DPI-2024-7-KRN_Lu177_PSMA__SPECT_Tc_2__Pat2 | Loss = 48.2745
Epoch 1 | UNC_FDM_DPI-2024-7-KRN_Lu177_PSMA__PETPSMA_3__Pat20 | Loss = 4.6707
Epoch 1 | FDM_DPI-2024-7-KRN_Lu177_PSMA__SPECT_Tc_3__Pat21 | Loss = 5.1827
Epoch 1 | FDM_DPI-2024-7-KRN_Lu177_PSMA__SPECT_Tc_1__Pat1 | Loss = 11.1527
Epoch 1 | FDM_DPI-2024-7-KRN_Lu177_PSMA__SPECT_Tc_0__Pat20 | Loss = 8.5671
Epoch 1 | FDM_DPI-2024-7-KRN_Lu177_PSMA__SPECT_Tc_1__Pat127 | Loss = 4.0862
Epoch 1 | FDM_DPI-2024-7-KRN_Lu177_PSMA__SPECT_Tc_0__Pat3 | Loss = 17.9100
Epoch 1 | FDM_DPI-2024-7-KRN_Lu177_PSMA__SPECT_Tc_3__Pat114 | Loss = 45.4047
Epoch 1 | FDM_DPI-2024-7-KRN_Lu177_PSMA__SPECT_Tc_0__Pat109 | Loss = 30.1061
Epoch 1 | UNC_FDM_DPI-2024-7-KRN_Lu177_PSMA__PETPSMA_0__Pat3 | Loss = 27.8795
Epoch 1 | FDM_DPI-2024-7-KRN_Lu177_PSMA__SPECT_Tc_3__Pat128 | Loss = 17.8736
Epoch 1 | FDM_DPI-2024-7-KRN_Lu177_PSMA__SPECT_Tc_5__Pat49 | Loss = 5.0676
Epoch 1 | FDM_DPI-2024-7-KRN_Lu177_PSMA__SPECT_Tc_1__Pat32 | Loss = 33.1900
Epoch 1 | FDM_DPI-2024-7-KRN_Lu177_PSMA__SPECT_Tc_3__Pat25 | Loss = 4.2111
Epoch 1 | UNC_FDM_DPI-2024-7-KRN_Lu177_PSMA__PETPSMA_1__Pat31 | Loss = 15.3398
Epoch 1 | FDM_DPI-2024-7-KRN_Lu177_PSMA__SPECT_Tc_3__Pat47 | Loss = 12.1883
Epoch 1 | FDM_DPI-2024-7-KRN_Lu177_PSMA__SPECT_Tc_0__Pat93 | Loss = 37.9012
Epoch 1 | UNC_FDM_DPI-2024-7-KRN_Lu177_PSMA__PETPSMA_0__Pat16 | Loss = 5.0912
Epoch 1 | UNC_FDM_DPI-2024-7-KRN_Lu177_PSMA__PETPSMA_1__Pat96 | Loss = 4.8540
Epoch 1 | FDM_DPI-2024-7-KRN_Lu177_PSMA__SPECT_Tc_9__Pat25 | Loss = 6.9350
Epoch 1 | FDM_DPI-2024-7-KRN_Lu177_PSMA__SPECT_Tc_0__Pat112 | Loss = 34.5888
Epoch 1 | FDM_DPI-2024-7-KRN_Lu177_PSMA__SPECT_Tc_1__Pat28 | Loss = 4.5041
Epoch 1 | FDM_DPI-2024-7-KRN_Lu177_PSMA__SPECT_Tc_2__Pat3 | Loss = 8.2381
Epoch 1 | FDM_DPI-2024-7-KRN_Lu177_PSMA__SPECT_Tc_0__Pat124 | Loss = 35.9925
Epoch 1 | UNC_FDM_DPI-2024-7-KRN_Lu177_PSMA__PETPSMA_3__Pat16 | Loss = 14.8930
Epoch 1 | UNC_FDM_DPI-2024-7-KRN_Lu177_PSMA__PETPSMA_1__Pat32 | Loss = 12.0926
Epoch 1 | PET_sub-010 | Loss = 110.9213
Epoch 1 | FDM_DPI-2024-7-KRN_Lu177_PSMA__SPECT_Tc_1__Pat35 | Loss = 10.3601
Epoch 1 | UNC_FDM_DPI-2024-7-KRN_Lu177_PSMA__PETPSMA_1__Pat2 | Loss = 11.3542
Epoch 1 | FDM_DPI-2024-7-KRN_Lu177_PSMA__SPECT_Tc_0__Pat4 | Loss = 5.8748
Epoch 1 | FDM_DPI-2024-7-KRN_Lu177_PSMA__SPECT_Tc_0__Pat10 | Loss = 4.9266
Epoch 1 | FDM_DPI-2024-7-KRN_Lu177_PSMA__SPECT_Tc_1__Pat112 | Loss = 37.3655
Epoch 1 | FDM_DPI-2024-7-KRN_Lu177_PSMA__SPECT_Tc_2__Pat128 | Loss = 3.9645
Epoch 1 | UNC_FDM_DPI-2024-7-KRN_Lu177_PSMA__PETPSMA_2__Pat127 | Loss = 5.5711
Epoch 1 | UNC_FDM_DPI-2024-7-KRN_Lu177_PSMA__PETPSMA_1__Pat75 | Loss = 3.9044
Epoch 1 | FDM_DPI-2024-7-KRN_Lu177_PSMA__SPECT_Tc_5__Pat2 | Loss = 6.4121
Epoch 1 | FDM_DPI-2024-7-KRN_Lu177_PSMA__SPECT_Tc_0__Pat16 | Loss = 9.1561
Epoch 1 | UNC_FDM_DPI-2024-7-KRN_Lu177_PSMA__PETPSMA_2__Pat87 | Loss = 4.1679
Epoch 1 | FDM_DPI-2024-7-KRN_Lu177_PSMA__SPECT_Tc_0__Pat22 | Loss = 5.4154
Epoch 1 | UNC_FDM_DPI-2024-7-KRN_Lu177_PSMA__PETPSMA_0__Pat25 | Loss = 4.9578
Epoch 1 | FDM_DPI-2024-7-KRN_Lu177_PSMA__SPECT_Tc_2__Pat95 | Loss = 14.7754
Epoch 1 | FDM_DPI-2024-7-KRN_Lu177_PSMA__SPECT_Tc_1__Pat29 | Loss = 2.6702
Epoch 1 | FDM_DPI-2024-7-KRN_Lu177_PSMA__SPECT_Tc_1__Pat14 | Loss = 34.0022
Epoch 1 | UNC_FDM_DPI-2024-7-KRN_Lu177_PSMA__PETPSMA_1__Pat76 | Loss = 5.0555
Epoch 1 | FDM_DPI-2024-7-KRN_Lu177_PSMA__SPECT_Tc_4__Pat5 | Loss = 45.5582
Epoch 1 | FDM_DPI-2024-7-KRN_Lu177_PSMA__SPECT_Tc_1__Pat109 | Loss = 6.2517
Epoch 1 | FDM_DPI-2024-7-KRN_Lu177_PSMA__SPECT_Tc_1__Pat105 | Loss = 6.5928
Epoch 1 | FDM_DPI-2024-7-KRN_Lu177_PSMA__SPECT_Tc_0__Pat114 | Loss = 15.5273
Epoch 1 | UNC_FDM_DPI-2024-7-KRN_Lu177_PSMA__PETPSMA_1__Pat68 | Loss = 6.7579
Epoch 1 | FDM_DPI-2024-7-KRN_Lu177_PSMA__SPECT_Tc_0__Pat30 | Loss = 25.7062
Epoch 1 | FDM_DPI-2024-7-KRN_Lu177_PSMA__SPECT_Tc_1__Pat7 | Loss = 6.4333
Epoch 1 | FDM_DPI-2024-7-KRN_Lu177_PSMA__SPECT_Tc_5__Pat28 | Loss = 3.8116
Epoch 1 | FDM_DPI-2024-7-KRN_Lu177_PSMA__SPECT_Tc_6__Pat31 | Loss = 3.0306
Epoch 1 | UNC_FDM_DPI-2024-7-KRN_Lu177_PSMA__PETPSMA_1__Pat46 | Loss = 18.1455
Epoch 1 | UNC_FDM_DPI-2024-7-KRN_Lu177_PSMA__PETPSMA_1__Pat18 | Loss = 7.6233
Epoch 1 | UNC_FDM_DPI-2024-7-KRN_Lu177_PSMA__PETPSMA_1__Pat114 | Loss = 11.1440
Epoch 1 | FDM_DPI-2024-7-KRN_Lu177_PSMA__SPECT_Tc_2__Pat61 | Loss = 14.8837
Epoch 1 | FDM_DPI-2024-7-KRN_Lu177_PSMA__SPECT_Tc_3__Pat16 | Loss = 4.6912
Epoch 1 | UNC_FDM_DPI-2024-7-KRN_Lu177_PSMA__PETPSMA_1__Pat102 | Loss = 8.4059
Epoch 1 | FDM_DPI-2024-7-KRN_Lu177_PSMA__SPECT_Tc_4__Pat127 | Loss = 2.5658
Epoch 1 | FDM_DPI-2024-7-KRN_Lu177_PSMA__SPECT_Tc_4__Pat9 | Loss = 3.9490
Epoch 1 | FDM_DPI-2024-7-KRN_Lu177_PSMA__SPECT_Tc_4__Pat11 | Loss = 4.1803
Epoch 1 | FDM_DPI-2024-7-KRN_Lu177_PSMA__SPECT_Tc_1__Pat68 | Loss = 7.2972
Epoch 1 | FDM_DPI-2024-7-KRN_Lu177_PSMA__SPECT_Tc_3__Pat67 | Loss = 3.0171
Epoch 1 | UNC_FDM_DPI-2024-7-KRN_Lu177_PSMA__PETPSMA_2__Pat49 | Loss = 11.9701
Epoch 1 | FDM_DPI-2024-7-KRN_Lu177_PSMA__SPECT_Tc_8__Pat20 | Loss = 4.9138
Epoch 1 | FDM_DPI-2024-7-KRN_Lu177_PSMA__SPECT_Tc_2__Pat47 | Loss = 5.5621
Epoch 1 | UNC_FDM_DPI-2024-7-KRN_Lu177_PSMA__PETPSMA_1__Pat52 | Loss = 20.3509
Epoch 1 | FDM_DPI-2024-7-KRN_Lu177_PSMA__SPECT_Tc_1__Pat22 | Loss = 12.3826
Epoch 1 | FDM_DPI-2024-7-KRN_Lu177_PSMA__SPECT_Tc_4__Pat31 | Loss = 38.7539
Epoch 1 | UNC_FDM_DPI-2024-7-KRN_Lu177_PSMA__PETPSMA_1__Pat88 | Loss = 4.3665
Epoch 1 | FDM_DPI-2024-7-KRN_Lu177_PSMA__SPECT_Tc_6__Pat16 | Loss = 5.0652
Epoch 1 | UNC_FDM_DPI-2024-7-KRN_Lu177_PSMA__PETPSMA_0__Pat47 | Loss = 9.1593
Epoch 1 | UNC_FDM_DPI-2024-7-KRN_Lu177_PSMA__PETPSMA_0__Pat122 | Loss = 12.2643
Epoch 1 | UNC_FDM_DPI-2024-7-KRN_Lu177_PSMA__PETPSMA_0__Pat33 | Loss = 2.9491
Epoch 1 | FDM_DPI-2024-7-KRN_Lu177_PSMA__SPECT_Tc_1__Pat3 | Loss = 20.8778
Epoch 1 | UNC_FDM_DPI-2024-7-KRN_Lu177_PSMA__PETPSMA_0__Pat54 | Loss = 28.0959
Epoch 1 | UNC_FDM_DPI-2024-7-KRN_Lu177_PSMA__PETPSMA_1__Pat51 | Loss = 5.1412
Epoch 1 | FDM_DPI-2024-7-KRN_Lu177_PSMA__SPECT_Tc_2__Pat52 | Loss = 30.1664
Epoch 1 | FDM_DPI-2024-7-KRN_Lu177_PSMA__SPECT_Tc_5__Pat30 | Loss = 26.4510
Epoch 1 | FDM_DPI-2024-7-KRN_Lu177_PSMA__SPECT_Tc_3__Pat8 | Loss = 29.4636
Epoch 1 | FDM_DPI-2024-7-KRN_Lu177_PSMA__SPECT_Tc_0__Pat44 | Loss = 23.2459
Epoch 1 | FDM_DPI-2024-7-KRN_Lu177_PSMA__SPECT_Tc_1__Pat84 | Loss = 4.1999
Epoch 1 | FDM_DPI-2024-7-KRN_Lu177_PSMA__SPECT_Tc_0__Pat49 | Loss = 6.6106
Epoch 1 | FDM_DPI-2024-7-KRN_Lu177_PSMA__SPECT_Tc_0__Pat108 | Loss = 5.6307
Epoch 1 | UNC_FDM_DPI-2024-7-KRN_Lu177_PSMA__PETPSMA_0__Pat125 | Loss = 10.6088
Epoch 1 | FDM_DPI-2024-7-KRN_Lu177_PSMA__SPECT_Tc_1__Pat10 | Loss = 9.5957
Epoch 1 | UNC_FDM_DPI-2024-7-KRN_Lu177_PSMA__PETPSMA_0__Pat74 | Loss = 11.3204
Epoch 1 | UNC_FDM_DPI-2024-7-KRN_Lu177_PSMA__PETPSMA_1__Pat65 | Loss = 15.7626
Epoch 1 | FDM_DPI-2024-7-KRN_Lu177_PSMA__SPECT_Tc_5__Pat52 | Loss = 4.3559
Epoch 1 | FDM_DPI-2024-7-KRN_Lu177_PSMA__SPECT_Tc_0__Pat75 | Loss = 8.3955
Epoch 1 | UNC_FDM_DPI-2024-7-KRN_Lu177_PSMA__PETPSMA_2__Pat28 | Loss = 6.2948
Epoch 1 | UNC_FDM_DPI-2024-7-KRN_Lu177_PSMA__PETPSMA_3__Pat103 | Loss = 6.6952
Epoch 1 | UNC_FDM_DPI-2024-7-KRN_Lu177_PSMA__PETPSMA_1__Pat111 | Loss = 13.6008
Epoch 1 | UNC_FDM_DPI-2024-7-KRN_Lu177_PSMA__PETPSMA_0__Pat9 | Loss = 5.5177
Epoch 1 | UNC_FDM_DPI-2024-7-KRN_Lu177_PSMA__PETPSMA_2__Pat68 | Loss = 4.5060
Epoch 1 | FDM_DPI-2024-7-KRN_Lu177_PSMA__SPECT_Tc_4__Pat103 | Loss = 20.2394
Epoch 1 | UNC_FDM_DPI-2024-7-KRN_Lu177_PSMA__PETPSMA_0__Pat132 | Loss = 5.6741
Epoch 1 | UNC_FDM_DPI-2024-7-KRN_Lu177_PSMA__PETPSMA_1__Pat121 | Loss = 7.0888
Epoch 1 | UNC_FDM_DPI-2024-7-KRN_Lu177_PSMA__PETPSMA_1__Pat7 | Loss = 4.2184
Epoch 1 | UNC_FDM_DPI-2024-7-KRN_Lu177_PSMA__PETPSMA_0__Pat30 | Loss = 6.4398
Epoch 1 | UNC_FDM_DPI-2024-7-KRN_Lu177_PSMA__PETPSMA_2__Pat55 | Loss = 3.2873
Epoch 1 | FDM_DPI-2024-7-KRN_Lu177_PSMA__SPECT_Tc_2__Pat14 | Loss = 39.6735
Epoch 1 | FDM_DPI-2024-7-KRN_Lu177_PSMA__SPECT_Tc_7__Pat17 | Loss = 5.9641
Epoch 1 | FDM_DPI-2024-7-KRN_Lu177_PSMA__SPECT_Tc_8__Pat15 | Loss = 2.7657
Epoch 1 | FDM_DPI-2024-7-KRN_Lu177_PSMA__SPECT_Tc_2__Pat11 | Loss = 34.0621
Epoch 1 | FDM_DPI-2024-7-KRN_Lu177_PSMA__SPECT_Tc_4__Pat47 | Loss = 11.9381
Epoch 1 | UNC_FDM_DPI-2024-7-KRN_Lu177_PSMA__PETPSMA_2__Pat121 | Loss = 6.0205
Epoch 1 | UNC_FDM_DPI-2024-7-KRN_Lu177_PSMA__PETPSMA_0__Pat79 | Loss = 3.6139
Epoch 1 | FDM_DPI-2024-7-KRN_Lu177_PSMA__SPECT_Tc_0__Pat5 | Loss = 30.7380
Epoch 1 | FDM_DPI-2024-7-KRN_Lu177_PSMA__SPECT_Tc_4__Pat75 | Loss = 5.2072
Epoch 1 | FDM_DPI-2024-7-KRN_Lu177_PSMA__SPECT_Tc_0__Pat125 | Loss = 2.9779
Epoch 1 | FDM_DPI-2024-7-KRN_Lu177_PSMA__SPECT_Tc_0__Pat52 | Loss = 28.0588
Epoch 1 | FDM_DPI-2024-7-KRN_Lu177_PSMA__SPECT_Tc_1__Pat120 | Loss = 35.0513
Epoch 1 | UNC_FDM_DPI-2024-7-KRN_Lu177_PSMA__PETPSMA_2__Pat47 | Loss = 45.4046
Epoch 1 | FDM_DPI-2024-7-KRN_Lu177_PSMA__SPECT_Tc_2__Pat75 | Loss = 11.3985
Epoch 1 | FDM_DPI-2024-7-KRN_Lu177_PSMA__SPECT_Tc_5__Pat103 | Loss = 8.7612
Epoch 1 | FDM_DPI-2024-7-KRN_Lu177_PSMA__SPECT_Tc_1__Pat27 | Loss = 9.6959
Epoch 1 | UNC_FDM_DPI-2024-7-KRN_Lu177_PSMA__PETPSMA_0__Pat19 | Loss = 24.0811
Epoch 1 | UNC_FDM_DPI-2024-7-KRN_Lu177_PSMA__PETPSMA_1__Pat1 | Loss = 13.6684
Epoch 1 | FDM_DPI-2024-7-KRN_Lu177_PSMA__SPECT_Tc_5__Pat15 | Loss = 10.9746
Epoch 1 | UNC_FDM_DPI-2024-7-KRN_Lu177_PSMA__PETPSMA_0__Pat10 | Loss = 17.8190
Epoch 1 | UNC_FDM_DPI-2024-7-KRN_Lu177_PSMA__PETPSMA_1__Pat110 | Loss = 11.1131
Epoch 1 | UNC_FDM_DPI-2024-7-KRN_Lu177_PSMA__PETPSMA_1__Pat47 | Loss = 26.0192
Epoch 1 | FDM_DPI-2024-7-KRN_Lu177_PSMA__SPECT_Tc_1__Pat139 | Loss = 9.3902
Epoch 1 | FDM_DPI-2024-7-KRN_Lu177_PSMA__SPECT_Tc_1__Pat93 | Loss = 28.8763
Epoch 1 | FDM_DPI-2024-7-KRN_Lu177_PSMA__SPECT_Tc_3__Pat51 | Loss = 5.9919
Epoch 1 | UNC_FDM_DPI-2024-7-KRN_Lu177_PSMA__PETPSMA_0__Pat1 | Loss = 9.2965
Epoch 1 | FDM_DPI-2024-7-KRN_Lu177_PSMA__SPECT_Tc_0__Pat13 | Loss = 29.4842
Epoch 1 | FDM_DPI-2024-7-KRN_Lu177_PSMA__SPECT_Tc_1__Pat125 | Loss = 9.3580
Epoch 1 | FDM_DPI-2024-7-KRN_Lu177_PSMA__SPECT_Tc_2__Pat124 | Loss = 5.8455
Epoch 1 | UNC_FDM_DPI-2024-7-KRN_Lu177_PSMA__PETPSMA_2__Pat29 | Loss = 10.9594
Epoch 1 | FDM_DPI-2024-7-KRN_Lu177_PSMA__SPECT_Tc_5__Pat75 | Loss = 2.9836
Epoch 1 | FDM_DPI-2024-7-KRN_Lu177_PSMA__SPECT_Tc_1__Pat6 | Loss = 5.8135
Epoch 1 | PET_sub-001 | Loss = 93.2373
Epoch 1 | UNC_FDM_DPI-2024-7-KRN_Lu177_PSMA__PETPSMA_0__Pat119 | Loss = 26.7027
Epoch 1 | FDM_DPI-2024-7-KRN_Lu177_PSMA__SPECT_Tc_0__Pat74 | Loss = 10.7418
Epoch 1 | PET_sub-002 | Loss = 87.5188
Epoch 1 | FDM_DPI-2024-7-KRN_Lu177_PSMA__SPECT_Tc_1__Pat8 | Loss = 13.0588
Epoch 1 | UNC_FDM_DPI-2024-7-KRN_Lu177_PSMA__PETPSMA_2__Pat51 | Loss = 31.4638
Epoch 1 | UNC_FDM_DPI-2024-7-KRN_Lu177_PSMA__PETPSMA_1__Pat93 | Loss = 22.4623
Epoch 1 | UNC_FDM_DPI-2024-7-KRN_Lu177_PSMA__PETPSMA_0__Pat102 | Loss = 19.6336
Epoch 1 | FDM_DPI-2024-7-KRN_Lu177_PSMA__SPECT_Tc_3__Pat122 | Loss = 15.1179
Epoch 1 | UNC_FDM_DPI-2024-7-KRN_Lu177_PSMA__PETPSMA_1__Pat61 | Loss = 28.3659
Epoch 1 | FDM_DPI-2024-7-KRN_Lu177_PSMA__SPECT_Tc_0__Pat87 | Loss = 22.4621
Epoch 1 | FDM_DPI-2024-7-KRN_Lu177_PSMA__SPECT_Tc_4__Pat46 | Loss = 8.8615
Epoch 1 | UNC_FDM_DPI-2024-7-KRN_Lu177_PSMA__PETPSMA_1__Pat128 | Loss = 2.9009
Epoch 1 | FDM_DPI-2024-7-KRN_Lu177_PSMA__SPECT_Tc_0__Pat32 | Loss = 5.0174
Epoch 1 | FDM_DPI-2024-7-KRN_Lu177_PSMA__SPECT_Tc_0__Pat117 | Loss = 7.7936
Epoch 1 | UNC_FDM_DPI-2024-7-KRN_Lu177_PSMA__PETPSMA_3__Pat108 | Loss = 5.8286
Epoch 1 | UNC_FDM_DPI-2024-7-KRN_Lu177_PSMA__PETPSMA_0__Pat61 | Loss = 14.1137
Epoch 1 | FDM_DPI-2024-7-KRN_Lu177_PSMA__SPECT_Tc_3__Pat46 | Loss = 43.2631
Epoch 1 | FDM_DPI-2024-7-KRN_Lu177_PSMA__SPECT_Tc_6__Pat25 | Loss = 52.8510
Epoch 1 | FDM_DPI-2024-7-KRN_Lu177_PSMA__SPECT_Tc_4__Pat49 | Loss = 3.8594
Epoch 1 | UNC_FDM_DPI-2024-7-KRN_Lu177_PSMA__PETPSMA_0__Pat64 | Loss = 11.2094
Epoch 1 | FDM_DPI-2024-7-KRN_Lu177_PSMA__SPECT_Tc_3__Pat3 | Loss = 4.5529
Epoch 1 | FDM_DPI-2024-7-KRN_Lu177_PSMA__SPECT_Tc_2__Pat103 | Loss = 3.0365
Epoch 1 | UNC_FDM_DPI-2024-7-KRN_Lu177_PSMA__PETPSMA_2__Pat105 | Loss = 7.9508
Epoch 1 | UNC_FDM_DPI-2024-7-KRN_Lu177_PSMA__PETPSMA_0__Pat7 | Loss = 15.7199
Epoch 1 | UNC_FDM_DPI-2024-7-KRN_Lu177_PSMA__PETPSMA_0__Pat15 | Loss = 5.5243
Epoch 1 | FDM_DPI-2024-7-KRN_Lu177_PSMA__SPECT_Tc_0__Pat86 | Loss = 14.8973
Epoch 1 | FDM_DPI-2024-7-KRN_Lu177_PSMA__SPECT_Tc_2__Pat35 | Loss = 13.1257
Epoch 1 | FDM_DPI-2024-7-KRN_Lu177_PSMA__SPECT_Tc_4__Pat108 | Loss = 48.2163
Epoch 1 | UNC_FDM_DPI-2024-7-KRN_Lu177_PSMA__PETPSMA_1__Pat124 | Loss = 6.6985
Epoch 1 | FDM_DPI-2024-7-KRN_Lu177_PSMA__SPECT_Tc_3__Pat94 | Loss = 14.8059
Epoch 1 | UNC_FDM_DPI-2024-7-KRN_Lu177_PSMA__PETPSMA_2__Pat16 | Loss = 5.4335
Epoch 1 | FDM_DPI-2024-7-KRN_Lu177_PSMA__SPECT_Tc_0__Pat64 | Loss = 34.2020
Epoch 1 | UNC_FDM_DPI-2024-7-KRN_Lu177_PSMA__PETPSMA_3__Pat14 | Loss = 4.8279
Epoch 1 | FDM_DPI-2024-7-KRN_Lu177_PSMA__SPECT_Tc_3__Pat20 | Loss = 6.1157
Epoch 1 | UNC_FDM_DPI-2024-7-KRN_Lu177_PSMA__PETPSMA_1__Pat33 | Loss = 2.4010
Epoch 1 | UNC_FDM_DPI-2024-7-KRN_Lu177_PSMA__PETPSMA_1__Pat115 | Loss = 8.2042
Epoch 1 | FDM_DPI-2024-7-KRN_Lu177_PSMA__SPECT_Tc_4__Pat17 | Loss = 5.4045
Epoch 1 | PET_sub-006 | Loss = 112.6556
Epoch 1 | FDM_DPI-2024-7-KRN_Lu177_PSMA__SPECT_Tc_2__Pat34 | Loss = 4.1496
Epoch 1 | FDM_DPI-2024-7-KRN_Lu177_PSMA__SPECT_Tc_0__Pat104 | Loss = 10.3291
Epoch 1 | FDM_DPI-2024-7-KRN_Lu177_PSMA__SPECT_Tc_3__Pat1 | Loss = 2.5372
Epoch 1 | FDM_DPI-2024-7-KRN_Lu177_PSMA__SPECT_Tc_7__Pat114 | Loss = 4.0823
Epoch 1 | FDM_DPI-2024-7-KRN_Lu177_PSMA__SPECT_Tc_4__Pat1 | Loss = 1.8445
Epoch 1 | FDM_DPI-2024-7-KRN_Lu177_PSMA__SPECT_Tc_10__Pat25 | Loss = 6.5718
Epoch 1 | FDM_DPI-2024-7-KRN_Lu177_PSMA__SPECT_Tc_0__Pat24 | Loss = 1.9184
Epoch 1 | UNC_FDM_DPI-2024-7-KRN_Lu177_PSMA__PETPSMA_2__Pat27 | Loss = 22.3453
Epoch 1 | UNC_FDM_DPI-2024-7-KRN_Lu177_PSMA__PETPSMA_1__Pat105 | Loss = 3.8113
Epoch 1 | FDM_DPI-2024-7-KRN_Lu177_PSMA__SPECT_Tc_2__Pat51 | Loss = 5.2287
Epoch 1 | UNC_FDM_DPI-2024-7-KRN_Lu177_PSMA__PETPSMA_2__Pat10 | Loss = 21.7546
Epoch 1 | FDM_DPI-2024-7-KRN_Lu177_PSMA__SPECT_Tc_6__Pat46 | Loss = 5.6410
Epoch 1 | FDM_DPI-2024-7-KRN_Lu177_PSMA__SPECT_Tc_3__Pat55 | Loss = 9.0649
Epoch 1 | FDM_DPI-2024-7-KRN_Lu177_PSMA__SPECT_Tc_1__Pat122 | Loss = 4.7616
Epoch 1 | FDM_DPI-2024-7-KRN_Lu177_PSMA__SPECT_Tc_9__Pat31 | Loss = 5.8469
Epoch 1 | UNC_FDM_DPI-2024-7-KRN_Lu177_PSMA__PETPSMA_1__Pat44 | Loss = 7.0410
Epoch 1 | PET_sub-009 | Loss = 105.4527
Epoch 1 | UNC_FDM_DPI-2024-7-KRN_Lu177_PSMA__PETPSMA_2__Pat46 | Loss = 10.6697
Epoch 1 | UNC_FDM_DPI-2024-7-KRN_Lu177_PSMA__PETPSMA_1__Pat131 | Loss = 3.7209
Epoch 1 | FDM_DPI-2024-7-KRN_Lu177_PSMA__SPECT_Tc_5__Pat95 | Loss = 2.7550
Epoch 1 | UNC_FDM_DPI-2024-7-KRN_Lu177_PSMA__PETPSMA_0__Pat104 | Loss = 5.1370
Epoch 1 | FDM_DPI-2024-7-KRN_Lu177_PSMA__SPECT_Tc_1__Pat19 | Loss = 3.2193
Epoch 1 | FDM_DPI-2024-7-KRN_Lu177_PSMA__SPECT_Tc_4__Pat68 | Loss = 7.8021
Epoch 1 | FDM_DPI-2024-7-KRN_Lu177_PSMA__SPECT_Tc_0__Pat45 | Loss = 21.5137
Epoch 1 | FDM_DPI-2024-7-KRN_Lu177_PSMA__SPECT_Tc_2__Pat122 | Loss = 3.0210
Epoch 1 | FDM_DPI-2024-7-KRN_Lu177_PSMA__SPECT_Tc_0__Pat55 | Loss = 56.7688
Epoch 1 | FDM_DPI-2024-7-KRN_Lu177_PSMA__SPECT_Tc_7__Pat1 | Loss = 3.7561
Epoch 1 | UNC_FDM_DPI-2024-7-KRN_Lu177_PSMA__PETPSMA_1__Pat58 | Loss = 7.3473
Epoch 1 | UNC_FDM_DPI-2024-7-KRN_Lu177_PSMA__PETPSMA_0__Pat90 | Loss = 8.6005
Epoch 1 | FDM_DPI-2024-7-KRN_Lu177_PSMA__SPECT_Tc_0__Pat47 | Loss = 2.9669
Epoch 1 | FDM_DPI-2024-7-KRN_Lu177_PSMA__SPECT_Tc_1__Pat49 | Loss = 3.7877
Epoch 1 | FDM_DPI-2024-7-KRN_Lu177_PSMA__SPECT_Tc_1__Pat5 | Loss = 7.4693
Epoch 1 | FDM_DPI-2024-7-KRN_Lu177_PSMA__SPECT_Tc_7__Pat108 | Loss = 42.6628
Epoch 1 | UNC_FDM_DPI-2024-7-KRN_Lu177_PSMA__PETPSMA_1__Pat53 | Loss = 11.2367
Epoch 1 | UNC_FDM_DPI-2024-7-KRN_Lu177_PSMA__PETPSMA_0__Pat82 | Loss = 16.4593
Epoch 1 | FDM_DPI-2024-7-KRN_Lu177_PSMA__SPECT_Tc_0__Pat106 | Loss = 36.2863
Epoch 1 | UNC_FDM_DPI-2024-7-KRN_Lu177_PSMA__PETPSMA_1__Pat10 | Loss = 6.0918
Epoch 1 | FDM_DPI-2024-7-KRN_Lu177_PSMA__SPECT_Tc_1__Pat123 | Loss = 7.5259
Epoch 1 | FDM_DPI-2024-7-KRN_Lu177_PSMA__SPECT_Tc_2__Pat9 | Loss = 5.5179
Epoch 1 | UNC_FDM_DPI-2024-7-KRN_Lu177_PSMA__PETPSMA_3__Pat15 | Loss = 15.7817
Epoch 1 | UNC_FDM_DPI-2024-7-KRN_Lu177_PSMA__PETPSMA_1__Pat45 | Loss = 4.3839
Epoch 1 | FDM_DPI-2024-7-KRN_Lu177_PSMA__SPECT_Tc_1__Pat121 | Loss = 3.9738
Epoch 1 | UNC_FDM_DPI-2024-7-KRN_Lu177_PSMA__PETPSMA_0__Pat31 | Loss = 8.6853
Epoch 1 | FDM_DPI-2024-7-KRN_Lu177_PSMA__SPECT_Tc_5__Pat1 | Loss = 2.7702
Epoch 1 | UNC_FDM_DPI-2024-7-KRN_Lu177_PSMA__PETPSMA_1__Pat108 | Loss = 9.2101
Epoch 1 | UNC_FDM_DPI-2024-7-KRN_Lu177_PSMA__PETPSMA_1__Pat16 | Loss = 7.9839
Epoch 1 | UNC_FDM_DPI-2024-7-KRN_Lu177_PSMA__PETPSMA_1__Pat82 | Loss = 5.9812
Epoch 1 | UNC_FDM_DPI-2024-7-KRN_Lu177_PSMA__PETPSMA_0__Pat22 | Loss = 6.1698
Epoch 1 | UNC_FDM_DPI-2024-7-KRN_Lu177_PSMA__PETPSMA_0__Pat35 | Loss = 6.1887
Epoch 1 | UNC_FDM_DPI-2024-7-KRN_Lu177_PSMA__PETPSMA_0__Pat101 | Loss = 5.7941
Epoch 1 | UNC_FDM_DPI-2024-7-KRN_Lu177_PSMA__PETPSMA_3__Pat2 | Loss = 3.1420
Epoch 1 | FDM_DPI-2024-7-KRN_Lu177_PSMA__SPECT_Tc_2__Pat8 | Loss = 3.4390
Epoch 1 | UNC_FDM_DPI-2024-7-KRN_Lu177_PSMA__PETPSMA_1__Pat49 | Loss = 2.9134
Epoch 1 | UNC_FDM_DPI-2024-7-KRN_Lu177_PSMA__PETPSMA_1__Pat3 | Loss = 4.0273
Epoch 1 | UNC_FDM_DPI-2024-7-KRN_Lu177_PSMA__PETPSMA_0__Pat110 | Loss = 5.3218
Epoch 1 | FDM_DPI-2024-7-KRN_Lu177_PSMA__SPECT_Tc_5__Pat127 | Loss = 2.9496
Epoch 1 | FDM_DPI-2024-7-KRN_Lu177_PSMA__SPECT_Tc_2__Pat27 | Loss = 2.2662
Epoch 1 | FDM_DPI-2024-7-KRN_Lu177_PSMA__SPECT_Tc_1__Pat83 | Loss = 40.6271
Epoch 1 | UNC_FDM_DPI-2024-7-KRN_Lu177_PSMA__PETPSMA_0__Pat60 | Loss = 24.9895
Epoch 1 | UNC_FDM_DPI-2024-7-KRN_Lu177_PSMA__PETPSMA_0__Pat108 | Loss = 11.3166
Epoch 1 | FDM_DPI-2024-7-KRN_Lu177_PSMA__SPECT_Tc_0__Pat76 | Loss = 2.4258
Epoch 1 | FDM_DPI-2024-7-KRN_Lu177_PSMA__SPECT_Tc_1__Pat31 | Loss = 10.1699
Epoch 1 | UNC_FDM_DPI-2024-7-KRN_Lu177_PSMA__PETPSMA_2__Pat31 | Loss = 2.7540
Epoch 1 | FDM_DPI-2024-7-KRN_Lu177_PSMA__SPECT_Tc_1__Pat79 | Loss = 3.7625
Epoch 1 | UNC_FDM_DPI-2024-7-KRN_Lu177_PSMA__PETPSMA_0__Pat32 | Loss = 8.2257
Epoch 1 | UNC_FDM_DPI-2024-7-KRN_Lu177_PSMA__PETPSMA_0__Pat87 | Loss = 20.7668
Epoch 1 | FDM_DPI-2024-7-KRN_Lu177_PSMA__SPECT_Tc_1__Pat115 | Loss = 3.2958
Epoch 1 | UNC_FDM_DPI-2024-7-KRN_Lu177_PSMA__PETPSMA_1__Pat15 | Loss = 6.3921
Epoch 1 | FDM_DPI-2024-7-KRN_Lu177_PSMA__SPECT_Tc_2__Pat108 | Loss = 5.9994
Epoch 1 | FDM_DPI-2024-7-KRN_Lu177_PSMA__SPECT_Tc_2__Pat25 | Loss = 5.3796
Epoch 1 | FDM_DPI-2024-7-KRN_Lu177_PSMA__SPECT_Tc_7__Pat52 | Loss = 6.3530
Epoch 1 | FDM_DPI-2024-7-KRN_Lu177_PSMA__SPECT_Tc_3__Pat5 | Loss = 35.2362
Epoch 1 | FDM_DPI-2024-7-KRN_Lu177_PSMA__SPECT_Tc_0__Pat17 | Loss = 25.4432
Epoch 1 | UNC_FDM_DPI-2024-7-KRN_Lu177_PSMA__PETPSMA_2__Pat45 | Loss = 11.7638
Epoch 1 | PET_sub-005 | Loss = 106.3409
Epoch 1 | FDM_DPI-2024-7-KRN_Lu177_PSMA__SPECT_Tc_0__Pat9 | Loss = 33.4974
Epoch 1 | UNC_FDM_DPI-2024-7-KRN_Lu177_PSMA__PETPSMA_0__Pat46 | Loss = 17.3598
Epoch 1 | FDM_DPI-2024-7-KRN_Lu177_PSMA__SPECT_Tc_3__Pat95 | Loss = 24.7348
Epoch 1 | UNC_FDM_DPI-2024-7-KRN_Lu177_PSMA__PETPSMA_1__Pat112 | Loss = 14.3968
Epoch 1 | UNC_FDM_DPI-2024-7-KRN_Lu177_PSMA__PETPSMA_0__Pat53 | Loss = 16.8869
Epoch 1 | UNC_FDM_DPI-2024-7-KRN_Lu177_PSMA__PETPSMA_2__Pat8 | Loss = 7.5279
Epoch 1 | FDM_DPI-2024-7-KRN_Lu177_PSMA__SPECT_Tc_2__Pat114 | Loss = 7.0626
Epoch 1 | FDM_DPI-2024-7-KRN_Lu177_PSMA__SPECT_Tc_0__Pat123 | Loss = 7.7494
Epoch 1 | FDM_DPI-2024-7-KRN_Lu177_PSMA__SPECT_Tc_0__Pat14 | Loss = 22.1316
Epoch 1 | UNC_FDM_DPI-2024-7-KRN_Lu177_PSMA__PETPSMA_0__Pat91 | Loss = 11.1944
Epoch 1 | FDM_DPI-2024-7-KRN_Lu177_PSMA__SPECT_Tc_1__Pat58 | Loss = 13.3240
Epoch 1 | FDM_DPI-2024-7-KRN_Lu177_PSMA__SPECT_Tc_3__Pat105 | Loss = 7.1305
Epoch 1 | FDM_DPI-2024-7-KRN_Lu177_PSMA__SPECT_Tc_1__Pat25 | Loss = 4.1141
Epoch 1 | UNC_FDM_DPI-2024-7-KRN_Lu177_PSMA__PETPSMA_1__Pat64 | Loss = 9.3106
Epoch 1 | UNC_FDM_DPI-2024-7-KRN_Lu177_PSMA__PETPSMA_0__Pat52 | Loss = 6.7989
Epoch 1 | UNC_FDM_DPI-2024-7-KRN_Lu177_PSMA__PETPSMA_1__Pat136 | Loss = 6.7628
Epoch 1 | FDM_DPI-2024-7-KRN_Lu177_PSMA__SPECT_Tc_0__Pat89 | Loss = 2.7763
Epoch 1 | FDM_DPI-2024-7-KRN_Lu177_PSMA__SPECT_Tc_1__Pat67 | Loss = 9.5965
Epoch 1 | FDM_DPI-2024-7-KRN_Lu177_PSMA__SPECT_Tc_6__Pat17 | Loss = 9.6062
Epoch 1 | FDM_DPI-2024-7-KRN_Lu177_PSMA__SPECT_Tc_5__Pat6 | Loss = 3.5361
Epoch 1 | FDM_DPI-2024-7-KRN_Lu177_PSMA__SPECT_Tc_2__Pat16 | Loss = 5.6044
Epoch 1 | FDM_DPI-2024-7-KRN_Lu177_PSMA__SPECT_Tc_0__Pat139 | Loss = 8.0317
Epoch 1 | FDM_DPI-2024-7-KRN_Lu177_PSMA__SPECT_Tc_0__Pat11 | Loss = 5.3014
Epoch 1 | UNC_FDM_DPI-2024-7-KRN_Lu177_PSMA__PETPSMA_2__Pat18 | Loss = 3.4774
Epoch 1 | UNC_FDM_DPI-2024-7-KRN_Lu177_PSMA__PETPSMA_2__Pat5 | Loss = 6.6369
Epoch 1 | FDM_DPI-2024-7-KRN_Lu177_PSMA__SPECT_Tc_3__Pat13 | Loss = 37.9414
Epoch 1 | FDM_DPI-2024-7-KRN_Lu177_PSMA__SPECT_Tc_1__Pat47 | Loss = 2.8588
Epoch 1 | FDM_DPI-2024-7-KRN_Lu177_PSMA__SPECT_Tc_0__Pat2 | Loss = 4.3433
Epoch 1 | UNC_FDM_DPI-2024-7-KRN_Lu177_PSMA__PETPSMA_0__Pat21 | Loss = 1.7989
Epoch 1 | UNC_FDM_DPI-2024-7-KRN_Lu177_PSMA__PETPSMA_2__Pat3 | Loss = 5.0576
Epoch 1 | FDM_DPI-2024-7-KRN_Lu177_PSMA__SPECT_Tc_2__Pat28 | Loss = 3.8864
Epoch 1 | FDM_DPI-2024-7-KRN_Lu177_PSMA__SPECT_Tc_0__Pat83 | Loss = 38.2632
Epoch 1 | UNC_FDM_DPI-2024-7-KRN_Lu177_PSMA__PETPSMA_2__Pat2 | Loss = 4.0089
Epoch 1 | UNC_FDM_DPI-2024-7-KRN_Lu177_PSMA__PETPSMA_1__Pat28 | Loss = 6.4805
Epoch 1 | FDM_DPI-2024-7-KRN_Lu177_PSMA__SPECT_Tc_1__Pat56 | Loss = 2.8134
Epoch 1 | FDM_DPI-2024-7-KRN_Lu177_PSMA__SPECT_Tc_2__Pat45 | Loss = 26.1768
Epoch 1 | FDM_DPI-2024-7-KRN_Lu177_PSMA__SPECT_Tc_1__Pat9 | Loss = 6.0842
Epoch 1 | FDM_DPI-2024-7-KRN_Lu177_PSMA__SPECT_Tc_3__Pat75 | Loss = 2.0580
Epoch 1 | UNC_FDM_DPI-2024-7-KRN_Lu177_PSMA__PETPSMA_0__Pat123 | Loss = 3.6745
Epoch 1 | FDM_DPI-2024-7-KRN_Lu177_PSMA__SPECT_Tc_2__Pat54 | Loss = 5.1795
Epoch 1 | FDM_DPI-2024-7-KRN_Lu177_PSMA__SPECT_Tc_0__Pat128 | Loss = 3.9905
Epoch 1 | FDM_DPI-2024-7-KRN_Lu177_PSMA__SPECT_Tc_1__Pat16 | Loss = 3.2592
Epoch 1 | FDM_DPI-2024-7-KRN_Lu177_PSMA__SPECT_Tc_1__Pat55 | Loss = 37.6069
Epoch 1 | UNC_FDM_DPI-2024-7-KRN_Lu177_PSMA__PETPSMA_1__Pat86 | Loss = 3.8177
Epoch 1 | FDM_DPI-2024-7-KRN_Lu177_PSMA__SPECT_Tc_1__Pat53 | Loss = 12.0808
Epoch 1 | UNC_FDM_DPI-2024-7-KRN_Lu177_PSMA__PETPSMA_1__Pat25 | Loss = 8.8042
Epoch 1 | UNC_FDM_DPI-2024-7-KRN_Lu177_PSMA__PETPSMA_1__Pat125 | Loss = 3.2950
Epoch 1 | UNC_FDM_DPI-2024-7-KRN_Lu177_PSMA__PETPSMA_0__Pat83 | Loss = 3.3476
Epoch 1 | UNC_FDM_DPI-2024-7-KRN_Lu177_PSMA__PETPSMA_0__Pat98 | Loss = 3.2957
Epoch 1 | UNC_FDM_DPI-2024-7-KRN_Lu177_PSMA__PETPSMA_1__Pat27 | Loss = 6.5904
Epoch 1 | FDM_DPI-2024-7-KRN_Lu177_PSMA__SPECT_Tc_5__Pat9 | Loss = 6.6726
Epoch 1 | UNC_FDM_DPI-2024-7-KRN_Lu177_PSMA__PETPSMA_0__Pat115 | Loss = 14.4070
Epoch 1 | FDM_DPI-2024-7-KRN_Lu177_PSMA__SPECT_Tc_2__Pat29 | Loss = 2.3796
Epoch 1 | FDM_DPI-2024-7-KRN_Lu177_PSMA__SPECT_Tc_0__Pat48 | Loss = 32.7789
Epoch 1 | FDM_DPI-2024-7-KRN_Lu177_PSMA__SPECT_Tc_9__Pat2 | Loss = 3.8943
Epoch 1 | UNC_FDM_DPI-2024-7-KRN_Lu177_PSMA__PETPSMA_2__Pat1 | Loss = 4.1120
Epoch 1 | FDM_DPI-2024-7-KRN_Lu177_PSMA__SPECT_Tc_1__Pat21 | Loss = 4.5351
Epoch 1 | FDM_DPI-2024-7-KRN_Lu177_PSMA__SPECT_Tc_1__Pat142 | Loss = 5.0947
Epoch 1 | FDM_DPI-2024-7-KRN_Lu177_PSMA__SPECT_Tc_4__Pat52 | Loss = 10.3449
Epoch 1 | FDM_DPI-2024-7-KRN_Lu177_PSMA__SPECT_Tc_3__Pat30 | Loss = 14.9068
Epoch 1 | UNC_FDM_DPI-2024-7-KRN_Lu177_PSMA__PETPSMA_1__Pat9 | Loss = 19.8523
Epoch 1 | FDM_DPI-2024-7-KRN_Lu177_PSMA__SPECT_Tc_6__Pat1 | Loss = 3.7274
Epoch 1 | UNC_FDM_DPI-2024-7-KRN_Lu177_PSMA__PETPSMA_1__Pat90 | Loss = 23.3251
Epoch 1 | UNC_FDM_DPI-2024-7-KRN_Lu177_PSMA__PETPSMA_1__Pat109 | Loss = 3.1182
Epoch 1 | UNC_FDM_DPI-2024-7-KRN_Lu177_PSMA__PETPSMA_0__Pat20 | Loss = 7.0761
Epoch 1 | FDM_DPI-2024-7-KRN_Lu177_PSMA__SPECT_Tc_1__Pat98 | Loss = 5.2395
Epoch 1 | FDM_DPI-2024-7-KRN_Lu177_PSMA__SPECT_Tc_3__Pat93 | Loss = 27.9804
Epoch 1 | FDM_DPI-2024-7-KRN_Lu177_PSMA__SPECT_Tc_1__Pat110 | Loss = 7.4151
Epoch 1 | UNC_FDM_DPI-2024-7-KRN_Lu177_PSMA__PETPSMA_1__Pat6 | Loss = 4.9080
Epoch 1 | FDM_DPI-2024-7-KRN_Lu177_PSMA__SPECT_Tc_0__Pat98 | Loss = 2.4935
Epoch 1 | UNC_FDM_DPI-2024-7-KRN_Lu177_PSMA__PETPSMA_0__Pat76 | Loss = 27.6635
Epoch 1 | UNC_FDM_DPI-2024-7-KRN_Lu177_PSMA__PETPSMA_1__Pat30 | Loss = 13.4701
Epoch 1 | FDM_DPI-2024-7-KRN_Lu177_PSMA__SPECT_Tc_9__Pat114 | Loss = 6.7187
Epoch 1 | FDM_DPI-2024-7-KRN_Lu177_PSMA__SPECT_Tc_0__Pat145 | Loss = 2.4093
Epoch 1 | UNC_FDM_DPI-2024-7-KRN_Lu177_PSMA__PETPSMA_1__Pat92 | Loss = 11.2461
Epoch 1 | UNC_FDM_DPI-2024-7-KRN_Lu177_PSMA__PETPSMA_1__Pat119 | Loss = 18.5346
Epoch 1 | UNC_FDM_DPI-2024-7-KRN_Lu177_PSMA__PETPSMA_2__Pat21 | Loss = 4.0660
Epoch 1 | FDM_DPI-2024-7-KRN_Lu177_PSMA__SPECT_Tc_3__Pat91 | Loss = 8.9779
Epoch 1 | FDM_DPI-2024-7-KRN_Lu177_PSMA__SPECT_Tc_4__Pat15 | Loss = 8.3902
Epoch 1 | FDM_DPI-2024-7-KRN_Lu177_PSMA__SPECT_Tc_5__Pat31 | Loss = 8.6507
Epoch 1 | UNC_FDM_DPI-2024-7-KRN_Lu177_PSMA__PETPSMA_0__Pat96 | Loss = 17.5411
Epoch 1 | FDM_DPI-2024-7-KRN_Lu177_PSMA__SPECT_Tc_0__Pat96 | Loss = 1.9395
Epoch 1 | UNC_FDM_DPI-2024-7-KRN_Lu177_PSMA__PETPSMA_2__Pat119 | Loss = 6.9988
Epoch 1 | FDM_DPI-2024-7-KRN_Lu177_PSMA__SPECT_Tc_1__Pat45 | Loss = 32.6134
Epoch 1 | UNC_FDM_DPI-2024-7-KRN_Lu177_PSMA__PETPSMA_2__Pat61 | Loss = 8.6034
