\BOOKMARK [1][-]{section.1}{\376\377\000I\000n\000t\000r\000o\000d\000u\000c\000t\000i\000o\000n}{}% 1
\BOOKMARK [1][-]{section.2}{\376\377\000M\000e\000t\000h\000o\000d\000s}{}% 2
\BOOKMARK [2][-]{subsection.2.1}{}{section.2}% 3
\BOOKMARK [1][-]{section.3}{\376\377\000R\000e\000s\000u\000l\000t\000s\000\040}{}% 4
\BOOKMARK [2][-]{subsubsection.3.0.1}{}{section.3}% 5
\BOOKMARK [1][-]{section.4}{\376\377\000H\000i\000g\000h\000-\000F\000i\000d\000e\000l\000i\000t\000y\000\040\000D\000o\000s\000i\000m\000e\000t\000r\000y\000\040\000v\000i\000a\000\040\000T\000r\000i\000p\000l\000e\000-\000B\000r\000a\000n\000c\000h\000\040\000U\000n\000i\000v\000e\000r\000s\000a\000l\000\040\000D\000i\000f\000f\000e\000r\000e\000n\000t\000i\000a\000l\000\040\000E\000q\000u\000a\000t\000i\000o\000n\000s}{}% 6
\BOOKMARK [2][-]{subsection.4.1}{\376\377\000M\000o\000d\000e\000l\000\040\000A\000r\000c\000h\000i\000t\000e\000c\000t\000u\000r\000e\000:\000\040\000T\000h\000e\000\040\000T\000r\000i\000p\000l\000e\000-\000B\000r\000a\000n\000c\000h\000\040\000U\000D\000E}{section.4}% 7
\BOOKMARK [3][-]{subsubsection.4.1.1}{}{subsection.4.1}% 8
\BOOKMARK [2][-]{subsection.4.2}{\376\377\000N\000u\000m\000e\000r\000i\000c\000a\000l\000\040\000S\000t\000a\000b\000i\000l\000i\000t\000y\000:\000\040\000B\000a\000l\000a\000n\000c\000e\000d\000\040\000U\000n\000i\000t\000\040\000T\000r\000a\000i\000n\000i\000n\000g}{section.4}% 9
\BOOKMARK [2][-]{subsection.4.3}{\376\377\000P\000h\000y\000s\000i\000c\000a\000l\000\040\000F\000o\000r\000m\000u\000l\000a\000t\000i\000o\000n}{section.4}% 10
\BOOKMARK [1][-]{section.5}{}{}% 11
\BOOKMARK [2][-]{subsection.4.1}{\376\377\000R\000e\000s\000u\000l\000t\000s\000\040\000a\000n\000d\000\040\000C\000o\000m\000p\000a\000r\000a\000t\000i\000v\000e\000\040\000A\000n\000a\000l\000y\000s\000i\000s}{section.5}% 12
\BOOKMARK [2][-]{subsection.4.2}{\376\377\000C\000o\000m\000p\000a\000r\000a\000t\000i\000v\000e\000\040\000E\000f\000f\000i\000c\000a\000c\000y\000\040\000a\000n\000d\000\040\000C\000l\000i\000n\000i\000c\000a\000l\000\040\000V\000i\000a\000b\000i\000l\000i\000t\000y}{section.5}% 13
\BOOKMARK [2][-]{subsection.4.3}{\376\377\000C\000o\000m\000p\000u\000t\000a\000t\000i\000o\000n\000a\000l\000\040\000P\000e\000r\000f\000o\000r\000m\000a\000n\000c\000e\000:\000\040\000S\000c\000i\000M\000L\000\040\000v\000s\000.\000\040\000P\000u\000r\000e\000\040\000D\000e\000e\000p\000\040\000L\000e\000a\000r\000n\000i\000n\000g}{section.5}% 14
\BOOKMARK [2][-]{subsection.4.4}{\376\377\000L\000i\000m\000i\000t\000a\000t\000i\000o\000n\000s\000\040\000a\000n\000d\000\040\000S\000i\000m\000p\000l\000i\000f\000i\000c\000a\000t\000i\000o\000n\000s}{section.5}% 15
\BOOKMARK [1][-]{section.5}{}{}% 16
\BOOKMARK [1][-]{section.5}{\376\377\000D\000i\000s\000c\000u\000s\000s\000i\000o\000n}{}% 17
\BOOKMARK [2][-]{subsection.5.1}{}{section.5}% 18
\BOOKMARK [1][-]{section.6}{\376\377\000C\000o\000n\000c\000l\000u\000s\000i\000o\000n\000s}{}% 19
\BOOKMARK [1][-]{section.7}{\376\377\000A\000p\000p\000e\000n\000d\000i\000x}{}% 20
\BOOKMARK [2][-]{subsection.7.1}{}{section.7}% 21
