  Activating project at `~/MedImages.jl/experiment/sciml_dose_refinement`
┌ Warning: CHOLMOD version incompatibility
│ 
│ Julia was compiled with CHOLMOD version 4.0.4. It is
│ currently linked with version 5.3.1.
│ This might cause Julia to terminate when working with
│ sparse matrix factorizations, e.g. solving systems of
│ equations with \.
│ 
│ It is recommended that you use Julia with the same major
│ version of CHOLMOD as the one used during the build, or
│ download the generic binaries from www.julialang.org,
│ which ship with the correct versions of all dependencies.
└ @ SparseArrays.CHOLMOD ~/miniforge/envs/sciml_env/share/julia/stdlib/v1.10/SparseArrays/src/solvers/cholmod.jl:206
┌ Warning: You are using a non-official build of Julia. This may cause issues with CUDA.jl.
│ Please consider using an official build from https://julialang.org/downloads/.
└ @ CUDA ~/miniforge/envs/sciml_env/share/julia/packages/CUDA/FJf6p/src/initialization.jl:170
┌ Warning: Missing files in /DATA/FDM_DPI-2024-7-KRN_Lu177_PSMA__SPECT_Iodine_0__Pat116
└ @ Main ~/MedImages.jl/experiment/sciml_dose_refinement/lu_loader.jl:12
┌ Warning: Missing files in /DATA/FDM_DPI-2024-7-KRN_Lu177_PSMA__SPECT_Iodine_2__Pat49
└ @ Main ~/MedImages.jl/experiment/sciml_dose_refinement/lu_loader.jl:12
┌ Warning: Missing files in /DATA/FDM_DPI-2024-7-KRN_Lu177_PSMA__SPECT_Iodine_3__Pat49
└ @ Main ~/MedImages.jl/experiment/sciml_dose_refinement/lu_loader.jl:12
┌ Warning: Missing files in /DATA/FDM_DPI-2024-7-KRN_Lu177_PSMA__SPECT_Tc_0__Pat10
└ @ Main ~/MedImages.jl/experiment/sciml_dose_refinement/lu_loader.jl:12
┌ Warning: Missing files in /DATA/FDM_DPI-2024-7-KRN_Lu177_PSMA__SPECT_Tc_0__Pat101
└ @ Main ~/MedImages.jl/experiment/sciml_dose_refinement/lu_loader.jl:12
┌ Warning: Missing files in /DATA/FDM_DPI-2024-7-KRN_Lu177_PSMA__SPECT_Tc_0__Pat102
└ @ Main ~/MedImages.jl/experiment/sciml_dose_refinement/lu_loader.jl:12
┌ Warning: Missing files in /DATA/FDM_DPI-2024-7-KRN_Lu177_PSMA__SPECT_Tc_0__Pat103
└ @ Main ~/MedImages.jl/experiment/sciml_dose_refinement/lu_loader.jl:12
┌ Warning: Missing files in /DATA/FDM_DPI-2024-7-KRN_Lu177_PSMA__SPECT_Tc_0__Pat104
└ @ Main ~/MedImages.jl/experiment/sciml_dose_refinement/lu_loader.jl:12
┌ Warning: Missing files in /DATA/FDM_DPI-2024-7-KRN_Lu177_PSMA__SPECT_Tc_0__Pat105
└ @ Main ~/MedImages.jl/experiment/sciml_dose_refinement/lu_loader.jl:12
┌ Warning: Missing files in /DATA/FDM_DPI-2024-7-KRN_Lu177_PSMA__SPECT_Tc_0__Pat106
└ @ Main ~/MedImages.jl/experiment/sciml_dose_refinement/lu_loader.jl:12
┌ Warning: Missing files in /DATA/FDM_DPI-2024-7-KRN_Lu177_PSMA__SPECT_Tc_0__Pat108
└ @ Main ~/MedImages.jl/experiment/sciml_dose_refinement/lu_loader.jl:12
┌ Warning: Missing files in /DATA/FDM_DPI-2024-7-KRN_Lu177_PSMA__SPECT_Tc_0__Pat109
└ @ Main ~/MedImages.jl/experiment/sciml_dose_refinement/lu_loader.jl:12
┌ Warning: Missing files in /DATA/FDM_DPI-2024-7-KRN_Lu177_PSMA__SPECT_Tc_0__Pat11
└ @ Main ~/MedImages.jl/experiment/sciml_dose_refinement/lu_loader.jl:12
┌ Warning: Missing files in /DATA/FDM_DPI-2024-7-KRN_Lu177_PSMA__SPECT_Tc_0__Pat110
└ @ Main ~/MedImages.jl/experiment/sciml_dose_refinement/lu_loader.jl:12
┌ Warning: Missing files in /DATA/FDM_DPI-2024-7-KRN_Lu177_PSMA__SPECT_Tc_0__Pat111
└ @ Main ~/MedImages.jl/experiment/sciml_dose_refinement/lu_loader.jl:12
┌ Warning: Missing files in /DATA/FDM_DPI-2024-7-KRN_Lu177_PSMA__SPECT_Tc_0__Pat112
└ @ Main ~/MedImages.jl/experiment/sciml_dose_refinement/lu_loader.jl:12
┌ Warning: Missing files in /DATA/FDM_DPI-2024-7-KRN_Lu177_PSMA__SPECT_Tc_0__Pat114
└ @ Main ~/MedImages.jl/experiment/sciml_dose_refinement/lu_loader.jl:12
┌ Warning: Missing files in /DATA/FDM_DPI-2024-7-KRN_Lu177_PSMA__SPECT_Tc_0__Pat115
└ @ Main ~/MedImages.jl/experiment/sciml_dose_refinement/lu_loader.jl:12
┌ Warning: Missing files in /DATA/FDM_DPI-2024-7-KRN_Lu177_PSMA__SPECT_Tc_0__Pat117
└ @ Main ~/MedImages.jl/experiment/sciml_dose_refinement/lu_loader.jl:12
┌ Warning: Missing files in /DATA/FDM_DPI-2024-7-KRN_Lu177_PSMA__SPECT_Tc_0__Pat118
└ @ Main ~/MedImages.jl/experiment/sciml_dose_refinement/lu_loader.jl:12
┌ Warning: Missing files in /DATA/FDM_DPI-2024-7-KRN_Lu177_PSMA__SPECT_Tc_0__Pat119
└ @ Main ~/MedImages.jl/experiment/sciml_dose_refinement/lu_loader.jl:12
┌ Warning: Missing files in /DATA/FDM_DPI-2024-7-KRN_Lu177_PSMA__SPECT_Tc_0__Pat120
└ @ Main ~/MedImages.jl/experiment/sciml_dose_refinement/lu_loader.jl:12
┌ Warning: Missing files in /DATA/FDM_DPI-2024-7-KRN_Lu177_PSMA__SPECT_Tc_0__Pat121
└ @ Main ~/MedImages.jl/experiment/sciml_dose_refinement/lu_loader.jl:12
┌ Warning: Missing files in /DATA/FDM_DPI-2024-7-KRN_Lu177_PSMA__SPECT_Tc_0__Pat122
└ @ Main ~/MedImages.jl/experiment/sciml_dose_refinement/lu_loader.jl:12
┌ Warning: Missing files in /DATA/FDM_DPI-2024-7-KRN_Lu177_PSMA__SPECT_Tc_0__Pat123
└ @ Main ~/MedImages.jl/experiment/sciml_dose_refinement/lu_loader.jl:12
┌ Warning: Missing files in /DATA/FDM_DPI-2024-7-KRN_Lu177_PSMA__SPECT_Tc_0__Pat124
└ @ Main ~/MedImages.jl/experiment/sciml_dose_refinement/lu_loader.jl:12
┌ Warning: Missing files in /DATA/FDM_DPI-2024-7-KRN_Lu177_PSMA__SPECT_Tc_0__Pat125
└ @ Main ~/MedImages.jl/experiment/sciml_dose_refinement/lu_loader.jl:12
┌ Warning: Missing files in /DATA/FDM_DPI-2024-7-KRN_Lu177_PSMA__SPECT_Tc_0__Pat127
└ @ Main ~/MedImages.jl/experiment/sciml_dose_refinement/lu_loader.jl:12
┌ Warning: Missing files in /DATA/FDM_DPI-2024-7-KRN_Lu177_PSMA__SPECT_Tc_0__Pat128
└ @ Main ~/MedImages.jl/experiment/sciml_dose_refinement/lu_loader.jl:12
┌ Warning: Missing files in /DATA/FDM_DPI-2024-7-KRN_Lu177_PSMA__SPECT_Tc_0__Pat13
└ @ Main ~/MedImages.jl/experiment/sciml_dose_refinement/lu_loader.jl:12
┌ Warning: Missing files in /DATA/FDM_DPI-2024-7-KRN_Lu177_PSMA__SPECT_Tc_0__Pat139
└ @ Main ~/MedImages.jl/experiment/sciml_dose_refinement/lu_loader.jl:12
┌ Warning: Missing files in /DATA/FDM_DPI-2024-7-KRN_Lu177_PSMA__SPECT_Tc_0__Pat14
└ @ Main ~/MedImages.jl/experiment/sciml_dose_refinement/lu_loader.jl:12
┌ Warning: Missing files in /DATA/FDM_DPI-2024-7-KRN_Lu177_PSMA__SPECT_Tc_0__Pat142
└ @ Main ~/MedImages.jl/experiment/sciml_dose_refinement/lu_loader.jl:12
┌ Warning: Missing files in /DATA/FDM_DPI-2024-7-KRN_Lu177_PSMA__SPECT_Tc_0__Pat145
└ @ Main ~/MedImages.jl/experiment/sciml_dose_refinement/lu_loader.jl:12
┌ Warning: Missing files in /DATA/FDM_DPI-2024-7-KRN_Lu177_PSMA__SPECT_Tc_0__Pat15
└ @ Main ~/MedImages.jl/experiment/sciml_dose_refinement/lu_loader.jl:12
┌ Warning: Missing files in /DATA/FDM_DPI-2024-7-KRN_Lu177_PSMA__SPECT_Tc_0__Pat16
└ @ Main ~/MedImages.jl/experiment/sciml_dose_refinement/lu_loader.jl:12
┌ Warning: Missing files in /DATA/FDM_DPI-2024-7-KRN_Lu177_PSMA__SPECT_Tc_0__Pat17
└ @ Main ~/MedImages.jl/experiment/sciml_dose_refinement/lu_loader.jl:12
┌ Warning: Missing files in /DATA/FDM_DPI-2024-7-KRN_Lu177_PSMA__SPECT_Tc_0__Pat19
└ @ Main ~/MedImages.jl/experiment/sciml_dose_refinement/lu_loader.jl:12
┌ Warning: Missing files in /DATA/FDM_DPI-2024-7-KRN_Lu177_PSMA__SPECT_Tc_0__Pat2
└ @ Main ~/MedImages.jl/experiment/sciml_dose_refinement/lu_loader.jl:12
┌ Warning: Missing files in /DATA/FDM_DPI-2024-7-KRN_Lu177_PSMA__SPECT_Tc_0__Pat20
└ @ Main ~/MedImages.jl/experiment/sciml_dose_refinement/lu_loader.jl:12
┌ Warning: Missing files in /DATA/FDM_DPI-2024-7-KRN_Lu177_PSMA__SPECT_Tc_0__Pat21
└ @ Main ~/MedImages.jl/experiment/sciml_dose_refinement/lu_loader.jl:12
┌ Warning: Missing files in /DATA/FDM_DPI-2024-7-KRN_Lu177_PSMA__SPECT_Tc_0__Pat22
└ @ Main ~/MedImages.jl/experiment/sciml_dose_refinement/lu_loader.jl:12
┌ Warning: Missing files in /DATA/FDM_DPI-2024-7-KRN_Lu177_PSMA__SPECT_Tc_0__Pat24
└ @ Main ~/MedImages.jl/experiment/sciml_dose_refinement/lu_loader.jl:12
┌ Warning: Missing files in /DATA/FDM_DPI-2024-7-KRN_Lu177_PSMA__SPECT_Tc_0__Pat25
└ @ Main ~/MedImages.jl/experiment/sciml_dose_refinement/lu_loader.jl:12
┌ Warning: Missing files in /DATA/FDM_DPI-2024-7-KRN_Lu177_PSMA__SPECT_Tc_0__Pat27
└ @ Main ~/MedImages.jl/experiment/sciml_dose_refinement/lu_loader.jl:12
┌ Warning: Missing files in /DATA/FDM_DPI-2024-7-KRN_Lu177_PSMA__SPECT_Tc_0__Pat28
└ @ Main ~/MedImages.jl/experiment/sciml_dose_refinement/lu_loader.jl:12
┌ Warning: Missing files in /DATA/FDM_DPI-2024-7-KRN_Lu177_PSMA__SPECT_Tc_0__Pat29
└ @ Main ~/MedImages.jl/experiment/sciml_dose_refinement/lu_loader.jl:12
┌ Warning: Missing files in /DATA/FDM_DPI-2024-7-KRN_Lu177_PSMA__SPECT_Tc_0__Pat3
└ @ Main ~/MedImages.jl/experiment/sciml_dose_refinement/lu_loader.jl:12
┌ Warning: Missing files in /DATA/FDM_DPI-2024-7-KRN_Lu177_PSMA__SPECT_Tc_0__Pat30
└ @ Main ~/MedImages.jl/experiment/sciml_dose_refinement/lu_loader.jl:12
┌ Warning: Missing files in /DATA/FDM_DPI-2024-7-KRN_Lu177_PSMA__SPECT_Tc_0__Pat31
└ @ Main ~/MedImages.jl/experiment/sciml_dose_refinement/lu_loader.jl:12
┌ Warning: Missing files in /DATA/FDM_DPI-2024-7-KRN_Lu177_PSMA__SPECT_Tc_0__Pat32
└ @ Main ~/MedImages.jl/experiment/sciml_dose_refinement/lu_loader.jl:12
┌ Warning: Missing files in /DATA/FDM_DPI-2024-7-KRN_Lu177_PSMA__SPECT_Tc_0__Pat33
└ @ Main ~/MedImages.jl/experiment/sciml_dose_refinement/lu_loader.jl:12
┌ Warning: Missing files in /DATA/FDM_DPI-2024-7-KRN_Lu177_PSMA__SPECT_Tc_0__Pat34
└ @ Main ~/MedImages.jl/experiment/sciml_dose_refinement/lu_loader.jl:12
┌ Warning: Missing files in /DATA/FDM_DPI-2024-7-KRN_Lu177_PSMA__SPECT_Tc_0__Pat35
└ @ Main ~/MedImages.jl/experiment/sciml_dose_refinement/lu_loader.jl:12
┌ Warning: Missing files in /DATA/FDM_DPI-2024-7-KRN_Lu177_PSMA__SPECT_Tc_0__Pat4
└ @ Main ~/MedImages.jl/experiment/sciml_dose_refinement/lu_loader.jl:12
┌ Warning: Missing files in /DATA/FDM_DPI-2024-7-KRN_Lu177_PSMA__SPECT_Tc_0__Pat44
└ @ Main ~/MedImages.jl/experiment/sciml_dose_refinement/lu_loader.jl:12
┌ Warning: Missing files in /DATA/FDM_DPI-2024-7-KRN_Lu177_PSMA__SPECT_Tc_0__Pat45
└ @ Main ~/MedImages.jl/experiment/sciml_dose_refinement/lu_loader.jl:12
┌ Warning: Missing files in /DATA/FDM_DPI-2024-7-KRN_Lu177_PSMA__SPECT_Tc_0__Pat46
└ @ Main ~/MedImages.jl/experiment/sciml_dose_refinement/lu_loader.jl:12
┌ Warning: Missing files in /DATA/FDM_DPI-2024-7-KRN_Lu177_PSMA__SPECT_Tc_0__Pat47
└ @ Main ~/MedImages.jl/experiment/sciml_dose_refinement/lu_loader.jl:12
┌ Warning: Missing files in /DATA/FDM_DPI-2024-7-KRN_Lu177_PSMA__SPECT_Tc_0__Pat48
└ @ Main ~/MedImages.jl/experiment/sciml_dose_refinement/lu_loader.jl:12
┌ Warning: Missing files in /DATA/FDM_DPI-2024-7-KRN_Lu177_PSMA__SPECT_Tc_0__Pat49
└ @ Main ~/MedImages.jl/experiment/sciml_dose_refinement/lu_loader.jl:12
┌ Warning: Missing files in /DATA/FDM_DPI-2024-7-KRN_Lu177_PSMA__SPECT_Tc_0__Pat5
└ @ Main ~/MedImages.jl/experiment/sciml_dose_refinement/lu_loader.jl:12
┌ Warning: Missing files in /DATA/FDM_DPI-2024-7-KRN_Lu177_PSMA__SPECT_Tc_0__Pat50
└ @ Main ~/MedImages.jl/experiment/sciml_dose_refinement/lu_loader.jl:12
┌ Warning: Missing files in /DATA/FDM_DPI-2024-7-KRN_Lu177_PSMA__SPECT_Tc_0__Pat51
└ @ Main ~/MedImages.jl/experiment/sciml_dose_refinement/lu_loader.jl:12
┌ Warning: Missing files in /DATA/FDM_DPI-2024-7-KRN_Lu177_PSMA__SPECT_Tc_0__Pat52
└ @ Main ~/MedImages.jl/experiment/sciml_dose_refinement/lu_loader.jl:12
┌ Warning: Missing files in /DATA/FDM_DPI-2024-7-KRN_Lu177_PSMA__SPECT_Tc_0__Pat53
└ @ Main ~/MedImages.jl/experiment/sciml_dose_refinement/lu_loader.jl:12
┌ Warning: Missing files in /DATA/FDM_DPI-2024-7-KRN_Lu177_PSMA__SPECT_Tc_0__Pat54
└ @ Main ~/MedImages.jl/experiment/sciml_dose_refinement/lu_loader.jl:12
┌ Warning: Missing files in /DATA/FDM_DPI-2024-7-KRN_Lu177_PSMA__SPECT_Tc_0__Pat55
└ @ Main ~/MedImages.jl/experiment/sciml_dose_refinement/lu_loader.jl:12
┌ Warning: Missing files in /DATA/FDM_DPI-2024-7-KRN_Lu177_PSMA__SPECT_Tc_0__Pat56
└ @ Main ~/MedImages.jl/experiment/sciml_dose_refinement/lu_loader.jl:12
┌ Warning: Missing files in /DATA/FDM_DPI-2024-7-KRN_Lu177_PSMA__SPECT_Tc_0__Pat58
└ @ Main ~/MedImages.jl/experiment/sciml_dose_refinement/lu_loader.jl:12
┌ Warning: Missing files in /DATA/FDM_DPI-2024-7-KRN_Lu177_PSMA__SPECT_Tc_0__Pat6
└ @ Main ~/MedImages.jl/experiment/sciml_dose_refinement/lu_loader.jl:12
┌ Warning: Missing files in /DATA/FDM_DPI-2024-7-KRN_Lu177_PSMA__SPECT_Tc_0__Pat60
└ @ Main ~/MedImages.jl/experiment/sciml_dose_refinement/lu_loader.jl:12
┌ Warning: Missing files in /DATA/FDM_DPI-2024-7-KRN_Lu177_PSMA__SPECT_Tc_0__Pat61
└ @ Main ~/MedImages.jl/experiment/sciml_dose_refinement/lu_loader.jl:12
┌ Warning: Missing files in /DATA/FDM_DPI-2024-7-KRN_Lu177_PSMA__SPECT_Tc_0__Pat64
└ @ Main ~/MedImages.jl/experiment/sciml_dose_refinement/lu_loader.jl:12
┌ Warning: Missing files in /DATA/FDM_DPI-2024-7-KRN_Lu177_PSMA__SPECT_Tc_0__Pat65
└ @ Main ~/MedImages.jl/experiment/sciml_dose_refinement/lu_loader.jl:12
┌ Warning: Missing files in /DATA/FDM_DPI-2024-7-KRN_Lu177_PSMA__SPECT_Tc_0__Pat67
└ @ Main ~/MedImages.jl/experiment/sciml_dose_refinement/lu_loader.jl:12
┌ Warning: Missing files in /DATA/FDM_DPI-2024-7-KRN_Lu177_PSMA__SPECT_Tc_0__Pat68
└ @ Main ~/MedImages.jl/experiment/sciml_dose_refinement/lu_loader.jl:12
┌ Warning: Missing files in /DATA/FDM_DPI-2024-7-KRN_Lu177_PSMA__SPECT_Tc_0__Pat7
└ @ Main ~/MedImages.jl/experiment/sciml_dose_refinement/lu_loader.jl:12
┌ Warning: Missing files in /DATA/FDM_DPI-2024-7-KRN_Lu177_PSMA__SPECT_Tc_0__Pat74
└ @ Main ~/MedImages.jl/experiment/sciml_dose_refinement/lu_loader.jl:12
┌ Warning: Missing files in /DATA/FDM_DPI-2024-7-KRN_Lu177_PSMA__SPECT_Tc_0__Pat75
└ @ Main ~/MedImages.jl/experiment/sciml_dose_refinement/lu_loader.jl:12
┌ Warning: Missing files in /DATA/FDM_DPI-2024-7-KRN_Lu177_PSMA__SPECT_Tc_0__Pat76
└ @ Main ~/MedImages.jl/experiment/sciml_dose_refinement/lu_loader.jl:12
┌ Warning: Missing files in /DATA/FDM_DPI-2024-7-KRN_Lu177_PSMA__SPECT_Tc_0__Pat79
└ @ Main ~/MedImages.jl/experiment/sciml_dose_refinement/lu_loader.jl:12
┌ Warning: Missing files in /DATA/FDM_DPI-2024-7-KRN_Lu177_PSMA__SPECT_Tc_0__Pat8
└ @ Main ~/MedImages.jl/experiment/sciml_dose_refinement/lu_loader.jl:12
┌ Warning: Missing files in /DATA/FDM_DPI-2024-7-KRN_Lu177_PSMA__SPECT_Tc_0__Pat82
└ @ Main ~/MedImages.jl/experiment/sciml_dose_refinement/lu_loader.jl:12
┌ Warning: Missing files in /DATA/FDM_DPI-2024-7-KRN_Lu177_PSMA__SPECT_Tc_0__Pat83
└ @ Main ~/MedImages.jl/experiment/sciml_dose_refinement/lu_loader.jl:12
┌ Warning: Missing files in /DATA/FDM_DPI-2024-7-KRN_Lu177_PSMA__SPECT_Tc_0__Pat84
└ @ Main ~/MedImages.jl/experiment/sciml_dose_refinement/lu_loader.jl:12
┌ Warning: Missing files in /DATA/FDM_DPI-2024-7-KRN_Lu177_PSMA__SPECT_Tc_0__Pat86
└ @ Main ~/MedImages.jl/experiment/sciml_dose_refinement/lu_loader.jl:12
┌ Warning: Missing files in /DATA/FDM_DPI-2024-7-KRN_Lu177_PSMA__SPECT_Tc_0__Pat87
└ @ Main ~/MedImages.jl/experiment/sciml_dose_refinement/lu_loader.jl:12
┌ Warning: Missing files in /DATA/FDM_DPI-2024-7-KRN_Lu177_PSMA__SPECT_Tc_0__Pat88
└ @ Main ~/MedImages.jl/experiment/sciml_dose_refinement/lu_loader.jl:12
┌ Warning: Missing files in /DATA/FDM_DPI-2024-7-KRN_Lu177_PSMA__SPECT_Tc_0__Pat89
└ @ Main ~/MedImages.jl/experiment/sciml_dose_refinement/lu_loader.jl:12
┌ Warning: Missing files in /DATA/FDM_DPI-2024-7-KRN_Lu177_PSMA__SPECT_Tc_0__Pat9
└ @ Main ~/MedImages.jl/experiment/sciml_dose_refinement/lu_loader.jl:12
┌ Warning: Missing files in /DATA/FDM_DPI-2024-7-KRN_Lu177_PSMA__SPECT_Tc_0__Pat90
└ @ Main ~/MedImages.jl/experiment/sciml_dose_refinement/lu_loader.jl:12
┌ Warning: Missing files in /DATA/FDM_DPI-2024-7-KRN_Lu177_PSMA__SPECT_Tc_0__Pat91
└ @ Main ~/MedImages.jl/experiment/sciml_dose_refinement/lu_loader.jl:12
┌ Warning: Missing files in /DATA/FDM_DPI-2024-7-KRN_Lu177_PSMA__SPECT_Tc_0__Pat93
└ @ Main ~/MedImages.jl/experiment/sciml_dose_refinement/lu_loader.jl:12
┌ Warning: Missing files in /DATA/FDM_DPI-2024-7-KRN_Lu177_PSMA__SPECT_Tc_0__Pat94
└ @ Main ~/MedImages.jl/experiment/sciml_dose_refinement/lu_loader.jl:12
┌ Warning: Missing files in /DATA/FDM_DPI-2024-7-KRN_Lu177_PSMA__SPECT_Tc_0__Pat96
└ @ Main ~/MedImages.jl/experiment/sciml_dose_refinement/lu_loader.jl:12
┌ Warning: Missing files in /DATA/FDM_DPI-2024-7-KRN_Lu177_PSMA__SPECT_Tc_0__Pat97
└ @ Main ~/MedImages.jl/experiment/sciml_dose_refinement/lu_loader.jl:12
┌ Warning: Missing files in /DATA/FDM_DPI-2024-7-KRN_Lu177_PSMA__SPECT_Tc_0__Pat98
└ @ Main ~/MedImages.jl/experiment/sciml_dose_refinement/lu_loader.jl:12
┌ Warning: Missing files in /DATA/FDM_DPI-2024-7-KRN_Lu177_PSMA__SPECT_Tc_10__Pat2
└ @ Main ~/MedImages.jl/experiment/sciml_dose_refinement/lu_loader.jl:12
┌ Warning: Missing files in /DATA/FDM_DPI-2024-7-KRN_Lu177_PSMA__SPECT_Tc_10__Pat25
└ @ Main ~/MedImages.jl/experiment/sciml_dose_refinement/lu_loader.jl:12
┌ Warning: Lux layers are stateless and hence don't participate in device transfers. Apply this function on the parameters and states generated using `LuxCore.setup`.
└ @ MLDataDevicesExt ~/miniforge/envs/sciml_env/share/julia/packages/LuxCore/kQC9S/ext/MLDataDevicesExt.jl:10
ERROR: LoadError: CUDNNError: CUDNN_STATUS_NOT_SUPPORTED (code 3000)
Stacktrace:
  [1] throw_api_error(res::cuDNN.cudnnStatus_t)
    @ cuDNN ~/miniforge/envs/sciml_env/share/julia/packages/cuDNN/vKsqU/src/libcudnn.jl:15
  [2] check
    @ ~/miniforge/envs/sciml_env/share/julia/packages/cuDNN/vKsqU/src/libcudnn.jl:26 [inlined]
  [3] cudnnSetTensorNdDescriptorEx(tensorDesc::Ptr{cuDNN.cudnnTensorStruct}, format::cuDNN.cudnnTensorFormat_t, dataType::cuDNN.cudnnDataType_t, nbDims::Int32, dimA::Vector{Int32})
    @ cuDNN ~/miniforge/envs/sciml_env/share/julia/packages/GPUToolbox/JLBB1/src/ccalls.jl:33
  [4] cuDNN.cudnnTensorDescriptor(::cuDNN.cudnnTensorFormat_t, ::Vararg{Any})
    @ cuDNN ~/miniforge/envs/sciml_env/share/julia/packages/cuDNN/vKsqU/src/descriptors.jl:40
  [5] #cudnnTensorDescriptor#528
    @ ~/miniforge/envs/sciml_env/share/julia/packages/cuDNN/vKsqU/src/tensor.jl:9 [inlined]
  [6] cudnnConvolutionForward!
    @ ~/miniforge/envs/sciml_env/share/julia/packages/cuDNN/vKsqU/src/convolution.jl:53 [inlined]
  [7] conv_bias_act!(y::CuArray{Float32, 5, CUDA.DeviceMemory}, x::CuArray{Float32, 5, CUDA.DeviceMemory}, w::CuArray{Float32, 5, CUDA.DeviceMemory}, cdims::DenseConvDims{3, 3, 3, 6, 3}, bias::CuArray{Float32, 5, CUDA.DeviceMemory}, σ::typeof(relu); z::CuArray{Float32, 5, CUDA.DeviceMemory}, alpha::Int64, beta::Int64, algo::Int64)
    @ NNlibCUDACUDNNExt ~/miniforge/envs/sciml_env/share/julia/packages/NNlib/srXYX/ext/NNlibCUDACUDNNExt/conv.jl:131
  [8] conv_bias_act!
    @ ~/miniforge/envs/sciml_env/share/julia/packages/NNlib/srXYX/ext/NNlibCUDACUDNNExt/conv.jl:119 [inlined]
  [9] #conv_bias_act#404
    @ ~/miniforge/envs/sciml_env/share/julia/packages/NNlib/srXYX/src/conv_bias_act.jl:4 [inlined]
 [10] conv_bias_act
    @ ~/miniforge/envs/sciml_env/share/julia/packages/NNlib/srXYX/src/conv_bias_act.jl:1 [inlined]
 [11] conv_bias_act
    @ ~/miniforge/envs/sciml_env/share/julia/packages/LuxLib/ZJ3gh/src/impl/conv.jl:163 [inlined]
 [12] conv_bias_act
    @ ~/miniforge/envs/sciml_env/share/julia/packages/LuxLib/ZJ3gh/src/impl/conv.jl:141 [inlined]
 [13] rrule(cfg::Zygote.ZygoteRuleConfig{Zygote.Context{false}}, ::typeof(LuxLib.Impl.fused_conv), opmode::LuxLib.GPUBroadcastOp{CUDADevice}, act::typeof(relu), weight::CuArray{Float32, 5, CUDA.DeviceMemory}, x::CuArray{Float32, 5, CUDA.DeviceMemory}, bias::CuArray{Float32, 1, CUDA.DeviceMemory}, cdims::DenseConvDims{3, 3, 3, 6, 3})
    @ LuxLib.Impl ~/miniforge/envs/sciml_env/share/julia/packages/LuxLib/ZJ3gh/src/impl/conv.jl:218
 [14] chain_rrule
    @ ~/miniforge/envs/sciml_env/share/julia/packages/Zygote/55SqB/src/compiler/chainrules.jl:234 [inlined]
 [15] macro expansion
    @ ~/miniforge/envs/sciml_env/share/julia/packages/Zygote/55SqB/src/compiler/interface2.jl:0 [inlined]
 [16] _pullback
    @ ~/miniforge/envs/sciml_env/share/julia/packages/Zygote/55SqB/src/compiler/interface2.jl:81 [inlined]
 [17] fused_conv
    @ ~/miniforge/envs/sciml_env/share/julia/packages/LuxLib/ZJ3gh/src/impl/conv.jl:177 [inlined]
 [18] fused_conv_bias_activation
    @ ~/miniforge/envs/sciml_env/share/julia/packages/LuxLib/ZJ3gh/src/api/conv.jl:37 [inlined]
 [19] ##c::Convinternal#340
    @ ~/miniforge/envs/sciml_env/share/julia/packages/Lux/GCC0y/src/layers/conv.jl:259 [inlined]
 [20] Conv
    @ ~/miniforge/envs/sciml_env/share/julia/packages/ReactantCore/JIyxt/src/ReactantCore.jl:309 [inlined]
 [21] _pullback(::Zygote.Context{false}, ::Conv{typeof(relu), Int64, Int64, Tuple{Int64, Int64, Int64}, Tuple{Int64, Int64, Int64}, NTuple{6, Int64}, Tuple{Int64, Int64, Int64}, Int64, Nothing, Nothing, Static.True, Static.False}, ::CuArray{Float32, 5, CUDA.DeviceMemory}, ::@NamedTuple{weight::CuArray{Float32, 5, CUDA.DeviceMemory}, bias::CuArray{Float32, 1, CUDA.DeviceMemory}}, ::@NamedTuple{})
    @ Zygote ~/miniforge/envs/sciml_env/share/julia/packages/Zygote/55SqB/src/compiler/interface2.jl:0
 [22] apply
    @ ~/miniforge/envs/sciml_env/share/julia/packages/LuxCore/kQC9S/src/LuxCore.jl:155 [inlined]
 [23] applychain
    @ ~/miniforge/envs/sciml_env/share/julia/packages/Lux/GCC0y/src/layers/containers.jl:0 [inlined]
 [24] Chain
    @ ~/miniforge/envs/sciml_env/share/julia/packages/Lux/GCC0y/src/layers/containers.jl:575 [inlined]
 [25] apply
    @ ~/miniforge/envs/sciml_env/share/julia/packages/LuxCore/kQC9S/src/LuxCore.jl:155 [inlined]
 [26] _pullback(::Zygote.Context{false}, ::typeof(LuxCore.apply), ::Chain{@NamedTuple{layer_1::Conv{typeof(relu), Int64, Int64, Tuple{Int64, Int64, Int64}, Tuple{Int64, Int64, Int64}, NTuple{6, Int64}, Tuple{Int64, Int64, Int64}, Int64, Nothing, Nothing, Static.True, Static.False}, layer_2::Conv{typeof(identity), Int64, Int64, Tuple{Int64, Int64, Int64}, Tuple{Int64, Int64, Int64}, NTuple{6, Int64}, Tuple{Int64, Int64, Int64}, Int64, Nothing, Nothing, Static.True, Static.False}}, Nothing}, ::CuArray{Float32, 5, CUDA.DeviceMemory}, ::@NamedTuple{layer_1::@NamedTuple{weight::CuArray{Float32, 5, CUDA.DeviceMemory}, bias::CuArray{Float32, 1, CUDA.DeviceMemory}}, layer_2::@NamedTuple{weight::CuArray{Float32, 5, CUDA.DeviceMemory}, bias::CuArray{Float32, 1, CUDA.DeviceMemory}}}, ::@NamedTuple{layer_1::@NamedTuple{}, layer_2::@NamedTuple{}})
    @ Zygote ~/miniforge/envs/sciml_env/share/julia/packages/Zygote/55SqB/src/compiler/interface2.jl:0
 [27] applychain
    @ ~/miniforge/envs/sciml_env/share/julia/packages/Lux/GCC0y/src/layers/containers.jl:0 [inlined]
 [28] _pullback(::Zygote.Context{false}, ::typeof(Lux.applychain), ::@NamedTuple{layer_1::Conv{typeof(identity), Int64, Int64, Tuple{Int64, Int64, Int64}, Tuple{Int64, Int64, Int64}, NTuple{6, Int64}, Tuple{Int64, Int64, Int64}, Int64, Nothing, Nothing, Static.True, Static.False}, layer_2::Chain{@NamedTuple{layer_1::OperatorKernel{Parallel{NeuralOperators.Fix1{typeof(NeuralOperators.add_act), typeof(relu)}, @NamedTuple{layer_1::Conv{typeof(identity), Int64, Int64, Tuple{Int64, Int64, Int64}, Tuple{Int64, Int64, Int64}, NTuple{6, Int64}, Tuple{Int64, Int64, Int64}, Int64, Nothing, Nothing, Static.False, Static.False}, layer_2::Chain{@NamedTuple{stabilizer::WrappedFunction{Base.Broadcast.BroadcastFunction{typeof(identity)}}, conv_layer::OperatorConv{FourierTransform{ComplexF32, Tuple{Int64, Int64, Int64}}, typeof(glorot_uniform)}}, Nothing}}, Nothing}}}, Nothing}, layer_3::Chain{@NamedTuple{layer_1::Conv{typeof(relu), Int64, Int64, Tuple{Int64, Int64, Int64}, Tuple{Int64, Int64, Int64}, NTuple{6, Int64}, Tuple{Int64, Int64, Int64}, Int64, Nothing, Nothing, Static.True, Static.False}, layer_2::Conv{typeof(identity), Int64, Int64, Tuple{Int64, Int64, Int64}, Tuple{Int64, Int64, Int64}, NTuple{6, Int64}, Tuple{Int64, Int64, Int64}, Int64, Nothing, Nothing, Static.True, Static.False}}, Nothing}}, ::CuArray{Float32, 5, CUDA.DeviceMemory}, ::@NamedTuple{layer_1::@NamedTuple{weight::CuArray{Float32, 5, CUDA.DeviceMemory}, bias::CuArray{Float32, 1, CUDA.DeviceMemory}}, layer_2::@NamedTuple{layer_1::@NamedTuple{layer_1::@NamedTuple{weight::CuArray{Float32, 5, CUDA.DeviceMemory}}, layer_2::@NamedTuple{stabilizer::@NamedTuple{}, conv_layer::@NamedTuple{weight::CuArray{ComplexF32, 3, CUDA.DeviceMemory}}}}}, layer_3::@NamedTuple{layer_1::@NamedTuple{weight::CuArray{Float32, 5, CUDA.DeviceMemory}, bias::CuArray{Float32, 1, CUDA.DeviceMemory}}, layer_2::@NamedTuple{weight::CuArray{Float32, 5, CUDA.DeviceMemory}, bias::CuArray{Float32, 1, CUDA.DeviceMemory}}}}, ::@NamedTuple{layer_1::@NamedTuple{}, layer_2::@NamedTuple{layer_1::@NamedTuple{layer_1::@NamedTuple{}, layer_2::@NamedTuple{stabilizer::@NamedTuple{}, conv_layer::@NamedTuple{}}}}, layer_3::@NamedTuple{layer_1::@NamedTuple{}, layer_2::@NamedTuple{}}})
    @ Zygote ~/miniforge/envs/sciml_env/share/julia/packages/Zygote/55SqB/src/compiler/interface2.jl:0
 [29] Chain
    @ ~/miniforge/envs/sciml_env/share/julia/packages/Lux/GCC0y/src/layers/containers.jl:575 [inlined]
 [30] _pullback(::Zygote.Context{false}, ::Chain{@NamedTuple{layer_1::Conv{typeof(identity), Int64, Int64, Tuple{Int64, Int64, Int64}, Tuple{Int64, Int64, Int64}, NTuple{6, Int64}, Tuple{Int64, Int64, Int64}, Int64, Nothing, Nothing, Static.True, Static.False}, layer_2::Chain{@NamedTuple{layer_1::OperatorKernel{Parallel{NeuralOperators.Fix1{typeof(NeuralOperators.add_act), typeof(relu)}, @NamedTuple{layer_1::Conv{typeof(identity), Int64, Int64, Tuple{Int64, Int64, Int64}, Tuple{Int64, Int64, Int64}, NTuple{6, Int64}, Tuple{Int64, Int64, Int64}, Int64, Nothing, Nothing, Static.False, Static.False}, layer_2::Chain{@NamedTuple{stabilizer::WrappedFunction{Base.Broadcast.BroadcastFunction{typeof(identity)}}, conv_layer::OperatorConv{FourierTransform{ComplexF32, Tuple{Int64, Int64, Int64}}, typeof(glorot_uniform)}}, Nothing}}, Nothing}}}, Nothing}, layer_3::Chain{@NamedTuple{layer_1::Conv{typeof(relu), Int64, Int64, Tuple{Int64, Int64, Int64}, Tuple{Int64, Int64, Int64}, NTuple{6, Int64}, Tuple{Int64, Int64, Int64}, Int64, Nothing, Nothing, Static.True, Static.False}, layer_2::Conv{typeof(identity), Int64, Int64, Tuple{Int64, Int64, Int64}, Tuple{Int64, Int64, Int64}, NTuple{6, Int64}, Tuple{Int64, Int64, Int64}, Int64, Nothing, Nothing, Static.True, Static.False}}, Nothing}}, Nothing}, ::CuArray{Float32, 5, CUDA.DeviceMemory}, ::@NamedTuple{layer_1::@NamedTuple{weight::CuArray{Float32, 5, CUDA.DeviceMemory}, bias::CuArray{Float32, 1, CUDA.DeviceMemory}}, layer_2::@NamedTuple{layer_1::@NamedTuple{layer_1::@NamedTuple{weight::CuArray{Float32, 5, CUDA.DeviceMemory}}, layer_2::@NamedTuple{stabilizer::@NamedTuple{}, conv_layer::@NamedTuple{weight::CuArray{ComplexF32, 3, CUDA.DeviceMemory}}}}}, layer_3::@NamedTuple{layer_1::@NamedTuple{weight::CuArray{Float32, 5, CUDA.DeviceMemory}, bias::CuArray{Float32, 1, CUDA.DeviceMemory}}, layer_2::@NamedTuple{weight::CuArray{Float32, 5, CUDA.DeviceMemory}, bias::CuArray{Float32, 1, CUDA.DeviceMemory}}}}, ::@NamedTuple{layer_1::@NamedTuple{}, layer_2::@NamedTuple{layer_1::@NamedTuple{layer_1::@NamedTuple{}, layer_2::@NamedTuple{stabilizer::@NamedTuple{}, conv_layer::@NamedTuple{}}}}, layer_3::@NamedTuple{layer_1::@NamedTuple{}, layer_2::@NamedTuple{}}})
    @ Zygote ~/miniforge/envs/sciml_env/share/julia/packages/Zygote/55SqB/src/compiler/interface2.jl:0
 [31] apply
    @ ~/miniforge/envs/sciml_env/share/julia/packages/LuxCore/kQC9S/src/LuxCore.jl:155 [inlined]
 [32] _pullback(::Zygote.Context{false}, ::typeof(LuxCore.apply), ::Chain{@NamedTuple{layer_1::Conv{typeof(identity), Int64, Int64, Tuple{Int64, Int64, Int64}, Tuple{Int64, Int64, Int64}, NTuple{6, Int64}, Tuple{Int64, Int64, Int64}, Int64, Nothing, Nothing, Static.True, Static.False}, layer_2::Chain{@NamedTuple{layer_1::OperatorKernel{Parallel{NeuralOperators.Fix1{typeof(NeuralOperators.add_act), typeof(relu)}, @NamedTuple{layer_1::Conv{typeof(identity), Int64, Int64, Tuple{Int64, Int64, Int64}, Tuple{Int64, Int64, Int64}, NTuple{6, Int64}, Tuple{Int64, Int64, Int64}, Int64, Nothing, Nothing, Static.False, Static.False}, layer_2::Chain{@NamedTuple{stabilizer::WrappedFunction{Base.Broadcast.BroadcastFunction{typeof(identity)}}, conv_layer::OperatorConv{FourierTransform{ComplexF32, Tuple{Int64, Int64, Int64}}, typeof(glorot_uniform)}}, Nothing}}, Nothing}}}, Nothing}, layer_3::Chain{@NamedTuple{layer_1::Conv{typeof(relu), Int64, Int64, Tuple{Int64, Int64, Int64}, Tuple{Int64, Int64, Int64}, NTuple{6, Int64}, Tuple{Int64, Int64, Int64}, Int64, Nothing, Nothing, Static.True, Static.False}, layer_2::Conv{typeof(identity), Int64, Int64, Tuple{Int64, Int64, Int64}, Tuple{Int64, Int64, Int64}, NTuple{6, Int64}, Tuple{Int64, Int64, Int64}, Int64, Nothing, Nothing, Static.True, Static.False}}, Nothing}}, Nothing}, ::CuArray{Float32, 5, CUDA.DeviceMemory}, ::@NamedTuple{layer_1::@NamedTuple{weight::CuArray{Float32, 5, CUDA.DeviceMemory}, bias::CuArray{Float32, 1, CUDA.DeviceMemory}}, layer_2::@NamedTuple{layer_1::@NamedTuple{layer_1::@NamedTuple{weight::CuArray{Float32, 5, CUDA.DeviceMemory}}, layer_2::@NamedTuple{stabilizer::@NamedTuple{}, conv_layer::@NamedTuple{weight::CuArray{ComplexF32, 3, CUDA.DeviceMemory}}}}}, layer_3::@NamedTuple{layer_1::@NamedTuple{weight::CuArray{Float32, 5, CUDA.DeviceMemory}, bias::CuArray{Float32, 1, CUDA.DeviceMemory}}, layer_2::@NamedTuple{weight::CuArray{Float32, 5, CUDA.DeviceMemory}, bias::CuArray{Float32, 1, CUDA.DeviceMemory}}}}, ::@NamedTuple{layer_1::@NamedTuple{}, layer_2::@NamedTuple{layer_1::@NamedTuple{layer_1::@NamedTuple{}, layer_2::@NamedTuple{stabilizer::@NamedTuple{}, conv_layer::@NamedTuple{}}}}, layer_3::@NamedTuple{layer_1::@NamedTuple{}, layer_2::@NamedTuple{}}})
    @ Zygote ~/miniforge/envs/sciml_env/share/julia/packages/Zygote/55SqB/src/compiler/interface2.jl:0
 [33] AbstractLuxWrapperLayer
    @ ~/miniforge/envs/sciml_env/share/julia/packages/LuxCore/kQC9S/src/LuxCore.jl:269 [inlined]
 [34] _pullback(::Zygote.Context{false}, ::FourierNeuralOperator{Chain{@NamedTuple{layer_1::Conv{typeof(identity), Int64, Int64, Tuple{Int64, Int64, Int64}, Tuple{Int64, Int64, Int64}, NTuple{6, Int64}, Tuple{Int64, Int64, Int64}, Int64, Nothing, Nothing, Static.True, Static.False}, layer_2::Chain{@NamedTuple{layer_1::OperatorKernel{Parallel{NeuralOperators.Fix1{typeof(NeuralOperators.add_act), typeof(relu)}, @NamedTuple{layer_1::Conv{typeof(identity), Int64, Int64, Tuple{Int64, Int64, Int64}, Tuple{Int64, Int64, Int64}, NTuple{6, Int64}, Tuple{Int64, Int64, Int64}, Int64, Nothing, Nothing, Static.False, Static.False}, layer_2::Chain{@NamedTuple{stabilizer::WrappedFunction{Base.Broadcast.BroadcastFunction{typeof(identity)}}, conv_layer::OperatorConv{FourierTransform{ComplexF32, Tuple{Int64, Int64, Int64}}, typeof(glorot_uniform)}}, Nothing}}, Nothing}}}, Nothing}, layer_3::Chain{@NamedTuple{layer_1::Conv{typeof(relu), Int64, Int64, Tuple{Int64, Int64, Int64}, Tuple{Int64, Int64, Int64}, NTuple{6, Int64}, Tuple{Int64, Int64, Int64}, Int64, Nothing, Nothing, Static.True, Static.False}, layer_2::Conv{typeof(identity), Int64, Int64, Tuple{Int64, Int64, Int64}, Tuple{Int64, Int64, Int64}, NTuple{6, Int64}, Tuple{Int64, Int64, Int64}, Int64, Nothing, Nothing, Static.True, Static.False}}, Nothing}}, Nothing}}, ::CuArray{Float32, 5, CUDA.DeviceMemory}, ::@NamedTuple{layer_1::@NamedTuple{weight::CuArray{Float32, 5, CUDA.DeviceMemory}, bias::CuArray{Float32, 1, CUDA.DeviceMemory}}, layer_2::@NamedTuple{layer_1::@NamedTuple{layer_1::@NamedTuple{weight::CuArray{Float32, 5, CUDA.DeviceMemory}}, layer_2::@NamedTuple{stabilizer::@NamedTuple{}, conv_layer::@NamedTuple{weight::CuArray{ComplexF32, 3, CUDA.DeviceMemory}}}}}, layer_3::@NamedTuple{layer_1::@NamedTuple{weight::CuArray{Float32, 5, CUDA.DeviceMemory}, bias::CuArray{Float32, 1, CUDA.DeviceMemory}}, layer_2::@NamedTuple{weight::CuArray{Float32, 5, CUDA.DeviceMemory}, bias::CuArray{Float32, 1, CUDA.DeviceMemory}}}}, ::@NamedTuple{layer_1::@NamedTuple{}, layer_2::@NamedTuple{layer_1::@NamedTuple{layer_1::@NamedTuple{}, layer_2::@NamedTuple{stabilizer::@NamedTuple{}, conv_layer::@NamedTuple{}}}}, layer_3::@NamedTuple{layer_1::@NamedTuple{}, layer_2::@NamedTuple{}}})
    @ Zygote ~/miniforge/envs/sciml_env/share/julia/packages/Zygote/55SqB/src/compiler/interface2.jl:0
 [35] fno_loss
    @ ~/MedImages.jl/experiment/sciml_dose_refinement/run_experiment_lu.jl:67 [inlined]
 [36] _pullback(::Zygote.Context{false}, ::typeof(fno_loss), ::FourierNeuralOperator{Chain{@NamedTuple{layer_1::Conv{typeof(identity), Int64, Int64, Tuple{Int64, Int64, Int64}, Tuple{Int64, Int64, Int64}, NTuple{6, Int64}, Tuple{Int64, Int64, Int64}, Int64, Nothing, Nothing, Static.True, Static.False}, layer_2::Chain{@NamedTuple{layer_1::OperatorKernel{Parallel{NeuralOperators.Fix1{typeof(NeuralOperators.add_act), typeof(relu)}, @NamedTuple{layer_1::Conv{typeof(identity), Int64, Int64, Tuple{Int64, Int64, Int64}, Tuple{Int64, Int64, Int64}, NTuple{6, Int64}, Tuple{Int64, Int64, Int64}, Int64, Nothing, Nothing, Static.False, Static.False}, layer_2::Chain{@NamedTuple{stabilizer::WrappedFunction{Base.Broadcast.BroadcastFunction{typeof(identity)}}, conv_layer::OperatorConv{FourierTransform{ComplexF32, Tuple{Int64, Int64, Int64}}, typeof(glorot_uniform)}}, Nothing}}, Nothing}}}, Nothing}, layer_3::Chain{@NamedTuple{layer_1::Conv{typeof(relu), Int64, Int64, Tuple{Int64, Int64, Int64}, Tuple{Int64, Int64, Int64}, NTuple{6, Int64}, Tuple{Int64, Int64, Int64}, Int64, Nothing, Nothing, Static.True, Static.False}, layer_2::Conv{typeof(identity), Int64, Int64, Tuple{Int64, Int64, Int64}, Tuple{Int64, Int64, Int64}, NTuple{6, Int64}, Tuple{Int64, Int64, Int64}, Int64, Nothing, Nothing, Static.True, Static.False}}, Nothing}}, Nothing}}, ::@NamedTuple{layer_1::@NamedTuple{weight::CuArray{Float32, 5, CUDA.DeviceMemory}, bias::CuArray{Float32, 1, CUDA.DeviceMemory}}, layer_2::@NamedTuple{layer_1::@NamedTuple{layer_1::@NamedTuple{weight::CuArray{Float32, 5, CUDA.DeviceMemory}}, layer_2::@NamedTuple{stabilizer::@NamedTuple{}, conv_layer::@NamedTuple{weight::CuArray{ComplexF32, 3, CUDA.DeviceMemory}}}}}, layer_3::@NamedTuple{layer_1::@NamedTuple{weight::CuArray{Float32, 5, CUDA.DeviceMemory}, bias::CuArray{Float32, 1, CUDA.DeviceMemory}}, layer_2::@NamedTuple{weight::CuArray{Float32, 5, CUDA.DeviceMemory}, bias::CuArray{Float32, 1, CUDA.DeviceMemory}}}}, ::@NamedTuple{layer_1::@NamedTuple{}, layer_2::@NamedTuple{layer_1::@NamedTuple{layer_1::@NamedTuple{}, layer_2::@NamedTuple{stabilizer::@NamedTuple{}, conv_layer::@NamedTuple{}}}}, layer_3::@NamedTuple{layer_1::@NamedTuple{}, layer_2::@NamedTuple{}}}, ::CuArray{Float32, 5, CUDA.DeviceMemory}, ::CuArray{Float32, 5, CUDA.DeviceMemory})
    @ Zygote ~/miniforge/envs/sciml_env/share/julia/packages/Zygote/55SqB/src/compiler/interface2.jl:0
 [37] #16
    @ ~/MedImages.jl/experiment/sciml_dose_refinement/run_experiment_lu.jl:133 [inlined]
 [38] _pullback(ctx::Zygote.Context{false}, f::var"#16#17"{typeof(fno_loss), FourierNeuralOperator{Chain{@NamedTuple{layer_1::Conv{typeof(identity), Int64, Int64, Tuple{Int64, Int64, Int64}, Tuple{Int64, Int64, Int64}, NTuple{6, Int64}, Tuple{Int64, Int64, Int64}, Int64, Nothing, Nothing, Static.True, Static.False}, layer_2::Chain{@NamedTuple{layer_1::OperatorKernel{Parallel{NeuralOperators.Fix1{typeof(NeuralOperators.add_act), typeof(relu)}, @NamedTuple{layer_1::Conv{typeof(identity), Int64, Int64, Tuple{Int64, Int64, Int64}, Tuple{Int64, Int64, Int64}, NTuple{6, Int64}, Tuple{Int64, Int64, Int64}, Int64, Nothing, Nothing, Static.False, Static.False}, layer_2::Chain{@NamedTuple{stabilizer::WrappedFunction{Base.Broadcast.BroadcastFunction{typeof(identity)}}, conv_layer::OperatorConv{FourierTransform{ComplexF32, Tuple{Int64, Int64, Int64}}, typeof(glorot_uniform)}}, Nothing}}, Nothing}}}, Nothing}, layer_3::Chain{@NamedTuple{layer_1::Conv{typeof(relu), Int64, Int64, Tuple{Int64, Int64, Int64}, Tuple{Int64, Int64, Int64}, NTuple{6, Int64}, Tuple{Int64, Int64, Int64}, Int64, Nothing, Nothing, Static.True, Static.False}, layer_2::Conv{typeof(identity), Int64, Int64, Tuple{Int64, Int64, Int64}, Tuple{Int64, Int64, Int64}, NTuple{6, Int64}, Tuple{Int64, Int64, Int64}, Int64, Nothing, Nothing, Static.True, Static.False}}, Nothing}}, Nothing}}, CuArray{Float32, 5, CUDA.DeviceMemory}, CuArray{Float32, 5, CUDA.DeviceMemory}}, args::@NamedTuple{layer_1::@NamedTuple{weight::CuArray{Float32, 5, CUDA.DeviceMemory}, bias::CuArray{Float32, 1, CUDA.DeviceMemory}}, layer_2::@NamedTuple{layer_1::@NamedTuple{layer_1::@NamedTuple{weight::CuArray{Float32, 5, CUDA.DeviceMemory}}, layer_2::@NamedTuple{stabilizer::@NamedTuple{}, conv_layer::@NamedTuple{weight::CuArray{ComplexF32, 3, CUDA.DeviceMemory}}}}}, layer_3::@NamedTuple{layer_1::@NamedTuple{weight::CuArray{Float32, 5, CUDA.DeviceMemory}, bias::CuArray{Float32, 1, CUDA.DeviceMemory}}, layer_2::@NamedTuple{weight::CuArray{Float32, 5, CUDA.DeviceMemory}, bias::CuArray{Float32, 1, CUDA.DeviceMemory}}}})
    @ Zygote ~/miniforge/envs/sciml_env/share/julia/packages/Zygote/55SqB/src/compiler/interface2.jl:0
 [39] pullback(f::Function, cx::Zygote.Context{false}, args::@NamedTuple{layer_1::@NamedTuple{weight::CuArray{Float32, 5, CUDA.DeviceMemory}, bias::CuArray{Float32, 1, CUDA.DeviceMemory}}, layer_2::@NamedTuple{layer_1::@NamedTuple{layer_1::@NamedTuple{weight::CuArray{Float32, 5, CUDA.DeviceMemory}}, layer_2::@NamedTuple{stabilizer::@NamedTuple{}, conv_layer::@NamedTuple{weight::CuArray{ComplexF32, 3, CUDA.DeviceMemory}}}}}, layer_3::@NamedTuple{layer_1::@NamedTuple{weight::CuArray{Float32, 5, CUDA.DeviceMemory}, bias::CuArray{Float32, 1, CUDA.DeviceMemory}}, layer_2::@NamedTuple{weight::CuArray{Float32, 5, CUDA.DeviceMemory}, bias::CuArray{Float32, 1, CUDA.DeviceMemory}}}})
    @ Zygote ~/miniforge/envs/sciml_env/share/julia/packages/Zygote/55SqB/src/compiler/interface.jl:96
 [40] pullback(f::Function, args::@NamedTuple{layer_1::@NamedTuple{weight::CuArray{Float32, 5, CUDA.DeviceMemory}, bias::CuArray{Float32, 1, CUDA.DeviceMemory}}, layer_2::@NamedTuple{layer_1::@NamedTuple{layer_1::@NamedTuple{weight::CuArray{Float32, 5, CUDA.DeviceMemory}}, layer_2::@NamedTuple{stabilizer::@NamedTuple{}, conv_layer::@NamedTuple{weight::CuArray{ComplexF32, 3, CUDA.DeviceMemory}}}}}, layer_3::@NamedTuple{layer_1::@NamedTuple{weight::CuArray{Float32, 5, CUDA.DeviceMemory}, bias::CuArray{Float32, 1, CUDA.DeviceMemory}}, layer_2::@NamedTuple{weight::CuArray{Float32, 5, CUDA.DeviceMemory}, bias::CuArray{Float32, 1, CUDA.DeviceMemory}}}})
    @ Zygote ~/miniforge/envs/sciml_env/share/julia/packages/Zygote/55SqB/src/compiler/interface.jl:94
 [41] train_model!(model_name::String, model::FourierNeuralOperator{Chain{@NamedTuple{layer_1::Conv{typeof(identity), Int64, Int64, Tuple{Int64, Int64, Int64}, Tuple{Int64, Int64, Int64}, NTuple{6, Int64}, Tuple{Int64, Int64, Int64}, Int64, Nothing, Nothing, Static.True, Static.False}, layer_2::Chain{@NamedTuple{layer_1::OperatorKernel{Parallel{NeuralOperators.Fix1{typeof(NeuralOperators.add_act), typeof(relu)}, @NamedTuple{layer_1::Conv{typeof(identity), Int64, Int64, Tuple{Int64, Int64, Int64}, Tuple{Int64, Int64, Int64}, NTuple{6, Int64}, Tuple{Int64, Int64, Int64}, Int64, Nothing, Nothing, Static.False, Static.False}, layer_2::Chain{@NamedTuple{stabilizer::WrappedFunction{Base.Broadcast.BroadcastFunction{typeof(identity)}}, conv_layer::OperatorConv{FourierTransform{ComplexF32, Tuple{Int64, Int64, Int64}}, typeof(glorot_uniform)}}, Nothing}}, Nothing}}}, Nothing}, layer_3::Chain{@NamedTuple{layer_1::Conv{typeof(relu), Int64, Int64, Tuple{Int64, Int64, Int64}, Tuple{Int64, Int64, Int64}, NTuple{6, Int64}, Tuple{Int64, Int64, Int64}, Int64, Nothing, Nothing, Static.True, Static.False}, layer_2::Conv{typeof(identity), Int64, Int64, Tuple{Int64, Int64, Int64}, Tuple{Int64, Int64, Int64}, NTuple{6, Int64}, Tuple{Int64, Int64, Int64}, Int64, Nothing, Nothing, Static.True, Static.False}}, Nothing}}, Nothing}}, loss_func::typeof(fno_loss), loader::DataLoader{BatchView{Tuple{Array{Float32, 5}, Array{Float32, 5}}, ObsView{Tuple{Array{Float32, 5}, Array{Float32, 5}}, Vector{Int64}}, Val{nothing}}, Bool, :serial, Val{nothing}, Tuple{Array{Float32, 5}, Array{Float32, 5}}, TaskLocalRNG}; epochs::Int64, lr::Float64)
    @ Main ~/MedImages.jl/experiment/sciml_dose_refinement/run_experiment_lu.jl:133
 [42] run_selected_experiment()
    @ Main ~/MedImages.jl/experiment/sciml_dose_refinement/run_experiment_lu.jl:190
 [43] top-level scope
    @ ~/MedImages.jl/experiment/sciml_dose_refinement/run_experiment_lu.jl:199
in expression starting at /home/user/MedImages.jl/experiment/sciml_dose_refinement/run_experiment_lu.jl:199
--- Lu-177 SciML High-Resolution Quantitative Dosimetry ---
Goal: Attenuation Correction & Scatter Refinement
Model Type:  fno
Data Dir:    /DATA
Resolution:  (256, 256, 256)
Samples:     100
Epochs:      100
Batch Size:  1
Learn Rate:  0.001
Device:      CUDADevice{Nothing, Missing}(nothing)
Loading 100 patients from /DATA...
Patient 1/100: FDM_DPI-2024-7-KRN_Lu177_PSMA__SPECT_Iodine_0__Pat116
Patient 2/100: FDM_DPI-2024-7-KRN_Lu177_PSMA__SPECT_Iodine_2__Pat49
Patient 3/100: FDM_DPI-2024-7-KRN_Lu177_PSMA__SPECT_Iodine_3__Pat49
Patient 4/100: FDM_DPI-2024-7-KRN_Lu177_PSMA__SPECT_Tc_0__Pat10
Patient 5/100: FDM_DPI-2024-7-KRN_Lu177_PSMA__SPECT_Tc_0__Pat101
Patient 6/100: FDM_DPI-2024-7-KRN_Lu177_PSMA__SPECT_Tc_0__Pat102
Patient 7/100: FDM_DPI-2024-7-KRN_Lu177_PSMA__SPECT_Tc_0__Pat103
Patient 8/100: FDM_DPI-2024-7-KRN_Lu177_PSMA__SPECT_Tc_0__Pat104
Patient 9/100: FDM_DPI-2024-7-KRN_Lu177_PSMA__SPECT_Tc_0__Pat105
Patient 10/100: FDM_DPI-2024-7-KRN_Lu177_PSMA__SPECT_Tc_0__Pat106
Patient 11/100: FDM_DPI-2024-7-KRN_Lu177_PSMA__SPECT_Tc_0__Pat108
Patient 12/100: FDM_DPI-2024-7-KRN_Lu177_PSMA__SPECT_Tc_0__Pat109
Patient 13/100: FDM_DPI-2024-7-KRN_Lu177_PSMA__SPECT_Tc_0__Pat11
Patient 14/100: FDM_DPI-2024-7-KRN_Lu177_PSMA__SPECT_Tc_0__Pat110
Patient 15/100: FDM_DPI-2024-7-KRN_Lu177_PSMA__SPECT_Tc_0__Pat111
Patient 16/100: FDM_DPI-2024-7-KRN_Lu177_PSMA__SPECT_Tc_0__Pat112
Patient 17/100: FDM_DPI-2024-7-KRN_Lu177_PSMA__SPECT_Tc_0__Pat114
Patient 18/100: FDM_DPI-2024-7-KRN_Lu177_PSMA__SPECT_Tc_0__Pat115
Patient 19/100: FDM_DPI-2024-7-KRN_Lu177_PSMA__SPECT_Tc_0__Pat117
Patient 20/100: FDM_DPI-2024-7-KRN_Lu177_PSMA__SPECT_Tc_0__Pat118
Patient 21/100: FDM_DPI-2024-7-KRN_Lu177_PSMA__SPECT_Tc_0__Pat119
Patient 22/100: FDM_DPI-2024-7-KRN_Lu177_PSMA__SPECT_Tc_0__Pat120
Patient 23/100: FDM_DPI-2024-7-KRN_Lu177_PSMA__SPECT_Tc_0__Pat121
Patient 24/100: FDM_DPI-2024-7-KRN_Lu177_PSMA__SPECT_Tc_0__Pat122
Patient 25/100: FDM_DPI-2024-7-KRN_Lu177_PSMA__SPECT_Tc_0__Pat123
Patient 26/100: FDM_DPI-2024-7-KRN_Lu177_PSMA__SPECT_Tc_0__Pat124
Patient 27/100: FDM_DPI-2024-7-KRN_Lu177_PSMA__SPECT_Tc_0__Pat125
Patient 28/100: FDM_DPI-2024-7-KRN_Lu177_PSMA__SPECT_Tc_0__Pat127
Patient 29/100: FDM_DPI-2024-7-KRN_Lu177_PSMA__SPECT_Tc_0__Pat128
Patient 30/100: FDM_DPI-2024-7-KRN_Lu177_PSMA__SPECT_Tc_0__Pat13
Patient 31/100: FDM_DPI-2024-7-KRN_Lu177_PSMA__SPECT_Tc_0__Pat139
Patient 32/100: FDM_DPI-2024-7-KRN_Lu177_PSMA__SPECT_Tc_0__Pat14
Patient 33/100: FDM_DPI-2024-7-KRN_Lu177_PSMA__SPECT_Tc_0__Pat142
Patient 34/100: FDM_DPI-2024-7-KRN_Lu177_PSMA__SPECT_Tc_0__Pat145
Patient 35/100: FDM_DPI-2024-7-KRN_Lu177_PSMA__SPECT_Tc_0__Pat15
Patient 36/100: FDM_DPI-2024-7-KRN_Lu177_PSMA__SPECT_Tc_0__Pat16
Patient 37/100: FDM_DPI-2024-7-KRN_Lu177_PSMA__SPECT_Tc_0__Pat17
Patient 38/100: FDM_DPI-2024-7-KRN_Lu177_PSMA__SPECT_Tc_0__Pat19
Patient 39/100: FDM_DPI-2024-7-KRN_Lu177_PSMA__SPECT_Tc_0__Pat2
Patient 40/100: FDM_DPI-2024-7-KRN_Lu177_PSMA__SPECT_Tc_0__Pat20
Patient 41/100: FDM_DPI-2024-7-KRN_Lu177_PSMA__SPECT_Tc_0__Pat21
Patient 42/100: FDM_DPI-2024-7-KRN_Lu177_PSMA__SPECT_Tc_0__Pat22
Patient 43/100: FDM_DPI-2024-7-KRN_Lu177_PSMA__SPECT_Tc_0__Pat24
Patient 44/100: FDM_DPI-2024-7-KRN_Lu177_PSMA__SPECT_Tc_0__Pat25
Patient 45/100: FDM_DPI-2024-7-KRN_Lu177_PSMA__SPECT_Tc_0__Pat27
Patient 46/100: FDM_DPI-2024-7-KRN_Lu177_PSMA__SPECT_Tc_0__Pat28
Patient 47/100: FDM_DPI-2024-7-KRN_Lu177_PSMA__SPECT_Tc_0__Pat29
Patient 48/100: FDM_DPI-2024-7-KRN_Lu177_PSMA__SPECT_Tc_0__Pat3
Patient 49/100: FDM_DPI-2024-7-KRN_Lu177_PSMA__SPECT_Tc_0__Pat30
Patient 50/100: FDM_DPI-2024-7-KRN_Lu177_PSMA__SPECT_Tc_0__Pat31
Patient 51/100: FDM_DPI-2024-7-KRN_Lu177_PSMA__SPECT_Tc_0__Pat32
Patient 52/100: FDM_DPI-2024-7-KRN_Lu177_PSMA__SPECT_Tc_0__Pat33
Patient 53/100: FDM_DPI-2024-7-KRN_Lu177_PSMA__SPECT_Tc_0__Pat34
Patient 54/100: FDM_DPI-2024-7-KRN_Lu177_PSMA__SPECT_Tc_0__Pat35
Patient 55/100: FDM_DPI-2024-7-KRN_Lu177_PSMA__SPECT_Tc_0__Pat4
Patient 56/100: FDM_DPI-2024-7-KRN_Lu177_PSMA__SPECT_Tc_0__Pat44
Patient 57/100: FDM_DPI-2024-7-KRN_Lu177_PSMA__SPECT_Tc_0__Pat45
Patient 58/100: FDM_DPI-2024-7-KRN_Lu177_PSMA__SPECT_Tc_0__Pat46
Patient 59/100: FDM_DPI-2024-7-KRN_Lu177_PSMA__SPECT_Tc_0__Pat47
Patient 60/100: FDM_DPI-2024-7-KRN_Lu177_PSMA__SPECT_Tc_0__Pat48
Patient 61/100: FDM_DPI-2024-7-KRN_Lu177_PSMA__SPECT_Tc_0__Pat49
Patient 62/100: FDM_DPI-2024-7-KRN_Lu177_PSMA__SPECT_Tc_0__Pat5
Patient 63/100: FDM_DPI-2024-7-KRN_Lu177_PSMA__SPECT_Tc_0__Pat50
Patient 64/100: FDM_DPI-2024-7-KRN_Lu177_PSMA__SPECT_Tc_0__Pat51
Patient 65/100: FDM_DPI-2024-7-KRN_Lu177_PSMA__SPECT_Tc_0__Pat52
Patient 66/100: FDM_DPI-2024-7-KRN_Lu177_PSMA__SPECT_Tc_0__Pat53
Patient 67/100: FDM_DPI-2024-7-KRN_Lu177_PSMA__SPECT_Tc_0__Pat54
Patient 68/100: FDM_DPI-2024-7-KRN_Lu177_PSMA__SPECT_Tc_0__Pat55
Patient 69/100: FDM_DPI-2024-7-KRN_Lu177_PSMA__SPECT_Tc_0__Pat56
Patient 70/100: FDM_DPI-2024-7-KRN_Lu177_PSMA__SPECT_Tc_0__Pat58
Patient 71/100: FDM_DPI-2024-7-KRN_Lu177_PSMA__SPECT_Tc_0__Pat6
Patient 72/100: FDM_DPI-2024-7-KRN_Lu177_PSMA__SPECT_Tc_0__Pat60
Patient 73/100: FDM_DPI-2024-7-KRN_Lu177_PSMA__SPECT_Tc_0__Pat61
Patient 74/100: FDM_DPI-2024-7-KRN_Lu177_PSMA__SPECT_Tc_0__Pat64
Patient 75/100: FDM_DPI-2024-7-KRN_Lu177_PSMA__SPECT_Tc_0__Pat65
Patient 76/100: FDM_DPI-2024-7-KRN_Lu177_PSMA__SPECT_Tc_0__Pat67
Patient 77/100: FDM_DPI-2024-7-KRN_Lu177_PSMA__SPECT_Tc_0__Pat68
Patient 78/100: FDM_DPI-2024-7-KRN_Lu177_PSMA__SPECT_Tc_0__Pat7
Patient 79/100: FDM_DPI-2024-7-KRN_Lu177_PSMA__SPECT_Tc_0__Pat74
Patient 80/100: FDM_DPI-2024-7-KRN_Lu177_PSMA__SPECT_Tc_0__Pat75
Patient 81/100: FDM_DPI-2024-7-KRN_Lu177_PSMA__SPECT_Tc_0__Pat76
Patient 82/100: FDM_DPI-2024-7-KRN_Lu177_PSMA__SPECT_Tc_0__Pat79
Patient 83/100: FDM_DPI-2024-7-KRN_Lu177_PSMA__SPECT_Tc_0__Pat8
Patient 84/100: FDM_DPI-2024-7-KRN_Lu177_PSMA__SPECT_Tc_0__Pat82
Patient 85/100: FDM_DPI-2024-7-KRN_Lu177_PSMA__SPECT_Tc_0__Pat83
Patient 86/100: FDM_DPI-2024-7-KRN_Lu177_PSMA__SPECT_Tc_0__Pat84
Patient 87/100: FDM_DPI-2024-7-KRN_Lu177_PSMA__SPECT_Tc_0__Pat86
Patient 88/100: FDM_DPI-2024-7-KRN_Lu177_PSMA__SPECT_Tc_0__Pat87
Patient 89/100: FDM_DPI-2024-7-KRN_Lu177_PSMA__SPECT_Tc_0__Pat88
Patient 90/100: FDM_DPI-2024-7-KRN_Lu177_PSMA__SPECT_Tc_0__Pat89
Patient 91/100: FDM_DPI-2024-7-KRN_Lu177_PSMA__SPECT_Tc_0__Pat9
Patient 92/100: FDM_DPI-2024-7-KRN_Lu177_PSMA__SPECT_Tc_0__Pat90
Patient 93/100: FDM_DPI-2024-7-KRN_Lu177_PSMA__SPECT_Tc_0__Pat91
Patient 94/100: FDM_DPI-2024-7-KRN_Lu177_PSMA__SPECT_Tc_0__Pat93
Patient 95/100: FDM_DPI-2024-7-KRN_Lu177_PSMA__SPECT_Tc_0__Pat94
Patient 96/100: FDM_DPI-2024-7-KRN_Lu177_PSMA__SPECT_Tc_0__Pat96
Patient 97/100: FDM_DPI-2024-7-KRN_Lu177_PSMA__SPECT_Tc_0__Pat97
Patient 98/100: FDM_DPI-2024-7-KRN_Lu177_PSMA__SPECT_Tc_0__Pat98
Patient 99/100: FDM_DPI-2024-7-KRN_Lu177_PSMA__SPECT_Tc_10__Pat2
Patient 100/100: FDM_DPI-2024-7-KRN_Lu177_PSMA__SPECT_Tc_10__Pat25
Successfully loaded 0/100 patients.

=== Starting training for FNO-style Spectral Proxy (High-Res GPU) ===
Using Device: CUDADevice{Nothing, Missing}(nothing)
