  Activating project at `~/MedImages.jl/experiment/sciml_dose_refinement`
┌ Warning: CHOLMOD version incompatibility
│ 
│ Julia was compiled with CHOLMOD version 4.0.4. It is
│ currently linked with version 5.3.1.
│ This might cause Julia to terminate when working with
│ sparse matrix factorizations, e.g. solving systems of
│ equations with \.
│ 
│ It is recommended that you use Julia with the same major
│ version of CHOLMOD as the one used during the build, or
│ download the generic binaries from www.julialang.org,
│ which ship with the correct versions of all dependencies.
└ @ SparseArrays.CHOLMOD ~/miniforge/envs/sciml_env/share/julia/stdlib/v1.10/SparseArrays/src/solvers/cholmod.jl:206
┌ Warning: You are using a non-official build of Julia. This may cause issues with CUDA.jl.
│ Please consider using an official build from https://julialang.org/downloads/.
└ @ CUDA ~/miniforge/envs/sciml_env/share/julia/packages/CUDA/FJf6p/src/initialization.jl:170
┌ Warning: Could not extract DICOM metadata using pydicom: PyError (PyImport_ImportModule
│ 
│ The Python package pydicom could not be imported by pyimport. Usually this means
│ that you did not install pydicom in the Python version being used by PyCall.
│ 
│ PyCall is currently configured to use the Julia-specific Python distribution
│ installed by the Conda.jl package.  To install the pydicom module, you can
│ use `pyimport_conda("pydicom", PKG)`, where PKG is the Anaconda
│ package that contains the module pydicom, or alternatively you can use the
│ Conda package directly (via `using Conda` followed by `Conda.add` etcetera).
│ 
│ Alternatively, if you want to use a different Python distribution on your
│ system, such as a system-wide Python (as opposed to the Julia-specific Python),
│ you can re-configure PyCall with that Python.   As explained in the PyCall
│ documentation, set ENV["PYTHON"] to the path/name of the python executable
│ you want to use, run Pkg.build("PyCall"), and re-launch Julia.
│ 
│ ) <class 'ModuleNotFoundError'>
│ ModuleNotFoundError("No module named 'pydicom'")
└ @ MedImages.Load_and_save ~/MedImages.jl/src/Load_and_save.jl:207
┌ Warning: Could not extract DICOM metadata using pydicom: PyError (PyImport_ImportModule
│ 
│ The Python package pydicom could not be imported by pyimport. Usually this means
│ that you did not install pydicom in the Python version being used by PyCall.
│ 
│ PyCall is currently configured to use the Julia-specific Python distribution
│ installed by the Conda.jl package.  To install the pydicom module, you can
│ use `pyimport_conda("pydicom", PKG)`, where PKG is the Anaconda
│ package that contains the module pydicom, or alternatively you can use the
│ Conda package directly (via `using Conda` followed by `Conda.add` etcetera).
│ 
│ Alternatively, if you want to use a different Python distribution on your
│ system, such as a system-wide Python (as opposed to the Julia-specific Python),
│ you can re-configure PyCall with that Python.   As explained in the PyCall
│ documentation, set ENV["PYTHON"] to the path/name of the python executable
│ you want to use, run Pkg.build("PyCall"), and re-launch Julia.
│ 
│ ) <class 'ModuleNotFoundError'>
│ ModuleNotFoundError("No module named 'pydicom'")
└ @ MedImages.Load_and_save ~/MedImages.jl/src/Load_and_save.jl:207
┌ Warning: Could not extract DICOM metadata using pydicom: PyError (PyImport_ImportModule
│ 
│ The Python package pydicom could not be imported by pyimport. Usually this means
│ that you did not install pydicom in the Python version being used by PyCall.
│ 
│ PyCall is currently configured to use the Julia-specific Python distribution
│ installed by the Conda.jl package.  To install the pydicom module, you can
│ use `pyimport_conda("pydicom", PKG)`, where PKG is the Anaconda
│ package that contains the module pydicom, or alternatively you can use the
│ Conda package directly (via `using Conda` followed by `Conda.add` etcetera).
│ 
│ Alternatively, if you want to use a different Python distribution on your
│ system, such as a system-wide Python (as opposed to the Julia-specific Python),
│ you can re-configure PyCall with that Python.   As explained in the PyCall
│ documentation, set ENV["PYTHON"] to the path/name of the python executable
│ you want to use, run Pkg.build("PyCall"), and re-launch Julia.
│ 
│ ) <class 'ModuleNotFoundError'>
│ ModuleNotFoundError("No module named 'pydicom'")
└ @ MedImages.Load_and_save ~/MedImages.jl/src/Load_and_save.jl:207
┌ Warning: Lux layers are stateless and hence don't participate in device transfers. Apply this function on the parameters and states generated using `LuxCore.setup`.
└ @ MLDataDevicesExt ~/miniforge/envs/sciml_env/share/julia/packages/LuxCore/kQC9S/ext/MLDataDevicesExt.jl:10
--- Lu-177 SciML High-Resolution Quantitative Dosimetry ---
Goal: Attenuation Correction & Scatter Refinement
Model Type:  pinn
Data Dir:    /DATA
Resolution:  (64, 64, 64)
Samples:     1
Epochs:      100
Batch Size:  1
Learn Rate:  0.001
Device:      CUDADevice{Nothing, Missing}(nothing)
Loading 1 patients from /DATA...
Patient 1/1: FDM_DPI-2024-7-KRN_Lu177_PSMA__SPECT_Iodine_0__Pat116
  Loading SPECT...
  Loading CT...
  Loading Dosemap...
  Raw sizes: SPECT=(256, 256, 587) CT=(512, 512, 299) Dose=(256, 256, 587)
  Resampling SPECT to spacing (8.83948802947998, 8.83948802947998, 20.268669817596674)...
  Resampling CT to SPECT grid...
  Resampling Dosemap to SPECT grid...
  Resampled sizes: SPECT=(64, 64, 64) CT=(64, 64, 64) Dose=(64, 64, 64)
  Normalized ranges: SPECT=[0.0, 1.0], CT=[0.0, 1.0], Dose=[-0.0006278211, 1.0]
  ✓ Loaded successfully
Successfully loaded 1/1 patients.

=== Starting training for PINN-style CNN (High-Res GPU) ===
Using Device: CUDADevice{Nothing, Missing}(nothing)
Epoch 1/100 - Average Loss: 8.583328e8
Epoch 2/100 - Average Loss: 2.449408e6
Epoch 3/100 - Average Loss: 2.46996608e8
Epoch 4/100 - Average Loss: 2.5694872e8
Epoch 5/100 - Average Loss: 1.44528784e8
Epoch 6/100 - Average Loss: 5.9169596e7
Epoch 7/100 - Average Loss: 1.6507053e7
Epoch 8/100 - Average Loss: 1.671274375e6
Epoch 9/100 - Average Loss: 476543.15625
Epoch 10/100 - Average Loss: 4.07550675e6
Epoch 11/100 - Average Loss: 8.258216e6
Epoch 12/100 - Average Loss: 1.1195366e7
Epoch 13/100 - Average Loss: 1.247078e7
Epoch 14/100 - Average Loss: 1.2248396e7
Epoch 15/100 - Average Loss: 1.0940897e7
Epoch 16/100 - Average Loss: 9.077755e6
Epoch 17/100 - Average Loss: 7.0368815e6
Epoch 18/100 - Average Loss: 5.1029775e6
Epoch 19/100 - Average Loss: 3.46055275e6
Epoch 20/100 - Average Loss: 2.1770865e6
Epoch 21/100 - Average Loss: 1.231948125e6
Epoch 22/100 - Average Loss: 601913.1875
Epoch 23/100 - Average Loss: 226728.375
Epoch 24/100 - Average Loss: 44241.40625
Epoch 25/100 - Average Loss: 114.7324447631836
Epoch 26/100 - Average Loss: 40582.54296875
Epoch 27/100 - Average Loss: 130764.25
Epoch 28/100 - Average Loss: 244810.984375
Epoch 29/100 - Average Loss: 362594.5
Epoch 30/100 - Average Loss: 474881.46875
Epoch 31/100 - Average Loss: 569347.1875
Epoch 32/100 - Average Loss: 644466.6875
Epoch 33/100 - Average Loss: 694088.875
Epoch 34/100 - Average Loss: 725811.5
Epoch 35/100 - Average Loss: 728761.6875
Epoch 36/100 - Average Loss: 715809.25
Epoch 37/100 - Average Loss: 686405.6875
Epoch 38/100 - Average Loss: 641939.4375
Epoch 39/100 - Average Loss: 586150.4375
Epoch 40/100 - Average Loss: 525902.9375
Epoch 41/100 - Average Loss: 461639.65625
Epoch 42/100 - Average Loss: 399917.6875
Epoch 43/100 - Average Loss: 337169.21875
Epoch 44/100 - Average Loss: 280205.40625
Epoch 45/100 - Average Loss: 224850.125
Epoch 46/100 - Average Loss: 175808.796875
Epoch 47/100 - Average Loss: 134537.0625
Epoch 48/100 - Average Loss: 97597.8984375
Epoch 49/100 - Average Loss: 67809.4375
Epoch 50/100 - Average Loss: 44203.94140625
Epoch 51/100 - Average Loss: 26585.708984375
Epoch 52/100 - Average Loss: 14157.4365234375
Epoch 53/100 - Average Loss: 5853.14453125
Epoch 54/100 - Average Loss: 1439.4647216796875
Epoch 55/100 - Average Loss: 3.1611783504486084
Epoch 56/100 - Average Loss: 879.3388061523438
Epoch 57/100 - Average Loss: 3490.504638671875
Epoch 58/100 - Average Loss: 7146.35693359375
Epoch 59/100 - Average Loss: 11279.1865234375
Epoch 60/100 - Average Loss: 15790.9541015625
Epoch 61/100 - Average Loss: 20008.150390625
Epoch 62/100 - Average Loss: 22879.8515625
Epoch 63/100 - Average Loss: 25643.8671875
Epoch 64/100 - Average Loss: 27744.115234375
Epoch 65/100 - Average Loss: 28754.392578125
Epoch 66/100 - Average Loss: 28818.158203125
Epoch 67/100 - Average Loss: 28248.8125
Epoch 68/100 - Average Loss: 27026.814453125
Epoch 69/100 - Average Loss: 25310.2734375
Epoch 70/100 - Average Loss: 22740.6875
Epoch 71/100 - Average Loss: 20104.212890625
Epoch 72/100 - Average Loss: 17366.248046875
Epoch 73/100 - Average Loss: 14717.845703125
Epoch 74/100 - Average Loss: 12227.7783203125
Epoch 75/100 - Average Loss: 9767.015625
Epoch 76/100 - Average Loss: 7524.8310546875
Epoch 77/100 - Average Loss: 5493.55517578125
Epoch 78/100 - Average Loss: 3875.238525390625
Epoch 79/100 - Average Loss: 2508.2470703125
Epoch 80/100 - Average Loss: 1436.8017578125
Epoch 81/100 - Average Loss: 778.828857421875
Epoch 82/100 - Average Loss: 356.5403137207031
Epoch 83/100 - Average Loss: 88.9916763305664
Epoch 84/100 - Average Loss: 0.4762204587459564
Epoch 85/100 - Average Loss: 51.21025466918945
Epoch 86/100 - Average Loss: 200.5146484375
Epoch 87/100 - Average Loss: 393.9667663574219
Epoch 88/100 - Average Loss: 627.3736572265625
Epoch 89/100 - Average Loss: 888.5545654296875
Epoch 90/100 - Average Loss: 1106.01171875
Epoch 91/100 - Average Loss: 1253.1090087890625
Epoch 92/100 - Average Loss: 1434.24365234375
Epoch 93/100 - Average Loss: 1497.3106689453125
Epoch 94/100 - Average Loss: 1545.13720703125
Epoch 95/100 - Average Loss: 1530.8812255859375
Epoch 96/100 - Average Loss: 1435.06103515625
Epoch 97/100 - Average Loss: 1346.6898193359375
Epoch 98/100 - Average Loss: 1237.570068359375
Epoch 99/100 - Average Loss: 1107.958740234375
Epoch 100/100 - Average Loss: 965.21484375
=== Finished training for PINN-style CNN ===

