  Activating project at `~/MedImages.jl/experiment/sciml_dose_refinement`
┌ Warning: CHOLMOD version incompatibility
│ 
│ Julia was compiled with CHOLMOD version 4.0.4. It is
│ currently linked with version 5.3.1.
│ This might cause Julia to terminate when working with
│ sparse matrix factorizations, e.g. solving systems of
│ equations with \.
│ 
│ It is recommended that you use Julia with the same major
│ version of CHOLMOD as the one used during the build, or
│ download the generic binaries from www.julialang.org,
│ which ship with the correct versions of all dependencies.
└ @ SparseArrays.CHOLMOD ~/miniforge/envs/sciml_env/share/julia/stdlib/v1.10/SparseArrays/src/solvers/cholmod.jl:206
┌ Warning: You are using a non-official build of Julia. This may cause issues with CUDA.jl.
│ Please consider using an official build from https://julialang.org/downloads/.
└ @ CUDA ~/miniforge/envs/sciml_env/share/julia/packages/CUDA/FJf6p/src/initialization.jl:170
┌ Warning: Could not extract DICOM metadata using pydicom: PyError (PyImport_ImportModule
│ 
│ The Python package pydicom could not be imported by pyimport. Usually this means
│ that you did not install pydicom in the Python version being used by PyCall.
│ 
│ PyCall is currently configured to use the Julia-specific Python distribution
│ installed by the Conda.jl package.  To install the pydicom module, you can
│ use `pyimport_conda("pydicom", PKG)`, where PKG is the Anaconda
│ package that contains the module pydicom, or alternatively you can use the
│ Conda package directly (via `using Conda` followed by `Conda.add` etcetera).
│ 
│ Alternatively, if you want to use a different Python distribution on your
│ system, such as a system-wide Python (as opposed to the Julia-specific Python),
│ you can re-configure PyCall with that Python.   As explained in the PyCall
│ documentation, set ENV["PYTHON"] to the path/name of the python executable
│ you want to use, run Pkg.build("PyCall"), and re-launch Julia.
│ 
│ ) <class 'ModuleNotFoundError'>
│ ModuleNotFoundError("No module named 'pydicom'")
└ @ MedImages.Load_and_save ~/MedImages.jl/src/Load_and_save.jl:207
┌ Warning: Could not extract DICOM metadata using pydicom: PyError (PyImport_ImportModule
│ 
│ The Python package pydicom could not be imported by pyimport. Usually this means
│ that you did not install pydicom in the Python version being used by PyCall.
│ 
│ PyCall is currently configured to use the Julia-specific Python distribution
│ installed by the Conda.jl package.  To install the pydicom module, you can
│ use `pyimport_conda("pydicom", PKG)`, where PKG is the Anaconda
│ package that contains the module pydicom, or alternatively you can use the
│ Conda package directly (via `using Conda` followed by `Conda.add` etcetera).
│ 
│ Alternatively, if you want to use a different Python distribution on your
│ system, such as a system-wide Python (as opposed to the Julia-specific Python),
│ you can re-configure PyCall with that Python.   As explained in the PyCall
│ documentation, set ENV["PYTHON"] to the path/name of the python executable
│ you want to use, run Pkg.build("PyCall"), and re-launch Julia.
│ 
│ ) <class 'ModuleNotFoundError'>
│ ModuleNotFoundError("No module named 'pydicom'")
└ @ MedImages.Load_and_save ~/MedImages.jl/src/Load_and_save.jl:207
┌ Warning: Could not extract DICOM metadata using pydicom: PyError (PyImport_ImportModule
│ 
│ The Python package pydicom could not be imported by pyimport. Usually this means
│ that you did not install pydicom in the Python version being used by PyCall.
│ 
│ PyCall is currently configured to use the Julia-specific Python distribution
│ installed by the Conda.jl package.  To install the pydicom module, you can
│ use `pyimport_conda("pydicom", PKG)`, where PKG is the Anaconda
│ package that contains the module pydicom, or alternatively you can use the
│ Conda package directly (via `using Conda` followed by `Conda.add` etcetera).
│ 
│ Alternatively, if you want to use a different Python distribution on your
│ system, such as a system-wide Python (as opposed to the Julia-specific Python),
│ you can re-configure PyCall with that Python.   As explained in the PyCall
│ documentation, set ENV["PYTHON"] to the path/name of the python executable
│ you want to use, run Pkg.build("PyCall"), and re-launch Julia.
│ 
│ ) <class 'ModuleNotFoundError'>
│ ModuleNotFoundError("No module named 'pydicom'")
└ @ MedImages.Load_and_save ~/MedImages.jl/src/Load_and_save.jl:207
┌ Warning: Lux layers are stateless and hence don't participate in device transfers. Apply this function on the parameters and states generated using `LuxCore.setup`.
└ @ MLDataDevicesExt ~/miniforge/envs/sciml_env/share/julia/packages/LuxCore/kQC9S/ext/MLDataDevicesExt.jl:10
--- Lu-177 SciML High-Resolution Quantitative Dosimetry ---
Goal: Attenuation Correction & Scatter Refinement
Model Type:  ude
Data Dir:    /DATA
Resolution:  (64, 64, 64)
Samples:     1
Epochs:      100
Batch Size:  1
Learn Rate:  0.001
Device:      CUDADevice{Nothing, Missing}(nothing)
Loading 1 patients from /DATA...
Patient 1/1: FDM_DPI-2024-7-KRN_Lu177_PSMA__SPECT_Iodine_0__Pat116
  Loading SPECT...
  Loading CT...
  Loading Dosemap...
  Raw sizes: SPECT=(256, 256, 587) CT=(512, 512, 299) Dose=(256, 256, 587)
  Resampling SPECT to spacing (8.83948802947998, 8.83948802947998, 20.268669817596674)...
  Resampling CT to SPECT grid...
  Resampling Dosemap to SPECT grid...
  Resampled sizes: SPECT=(64, 64, 64) CT=(64, 64, 64) Dose=(64, 64, 64)
  Normalized ranges: SPECT=[0.0, 1.0], CT=[0.0, 1.0], Dose=[-0.0006278211, 1.0]
  ✓ Loaded successfully
Successfully loaded 1/1 patients.

=== Starting training for UDE Hybrid Model (High-Res GPU) ===
Using Device: CUDADevice{Nothing, Missing}(nothing)
Epoch 1/100 - Average Loss: 0.1509464532136917
Epoch 2/100 - Average Loss: 0.01908344030380249
Epoch 3/100 - Average Loss: 0.021199103444814682
Epoch 4/100 - Average Loss: 0.03600671887397766
Epoch 5/100 - Average Loss: 0.03726482391357422
Epoch 6/100 - Average Loss: 0.031980000436306
Epoch 7/100 - Average Loss: 0.02510223537683487
Epoch 8/100 - Average Loss: 0.01890840008854866
Epoch 9/100 - Average Loss: 0.01399320736527443
Epoch 10/100 - Average Loss: 0.010396542958915234
Epoch 11/100 - Average Loss: 0.007834703661501408
Epoch 12/100 - Average Loss: 0.0060937171801924706
Epoch 13/100 - Average Loss: 0.004934052005410194
Epoch 14/100 - Average Loss: 0.004196837544441223
Epoch 15/100 - Average Loss: 0.003760885214433074
Epoch 16/100 - Average Loss: 0.003523560706526041
Epoch 17/100 - Average Loss: 0.0034164278768002987
Epoch 18/100 - Average Loss: 0.0033787961583584547
Epoch 19/100 - Average Loss: 0.0033797253854572773
Epoch 20/100 - Average Loss: 0.003392002545297146
Epoch 21/100 - Average Loss: 0.0033898749388754368
Epoch 22/100 - Average Loss: 0.0033447316382080317
Epoch 23/100 - Average Loss: 0.003265940584242344
Epoch 24/100 - Average Loss: 0.0031484700739383698
Epoch 25/100 - Average Loss: 0.003010993590578437
Epoch 26/100 - Average Loss: 0.0028505020309239626
Epoch 27/100 - Average Loss: 0.0026870635338127613
Epoch 28/100 - Average Loss: 0.0025213323533535004
Epoch 29/100 - Average Loss: 0.0023598680272698402
Epoch 30/100 - Average Loss: 0.002207571640610695
Epoch 31/100 - Average Loss: 0.0020605181343853474
Epoch 32/100 - Average Loss: 0.0019339091377332807
Epoch 33/100 - Average Loss: 0.0018208029214292765
Epoch 34/100 - Average Loss: 0.00172170449513942
Epoch 35/100 - Average Loss: 0.001636276487261057
Epoch 36/100 - Average Loss: 0.0015650088898837566
Epoch 37/100 - Average Loss: 0.001503198640421033
Epoch 38/100 - Average Loss: 0.0014503146521747112
Epoch 39/100 - Average Loss: 0.0014053081395104527
Epoch 40/100 - Average Loss: 0.0013663260033354163
Epoch 41/100 - Average Loss: 0.0013329434441402555
Epoch 42/100 - Average Loss: 0.0013014241121709347
Epoch 43/100 - Average Loss: 0.0012702259700745344
Epoch 44/100 - Average Loss: 0.0012389005860313773
Epoch 45/100 - Average Loss: 0.0012073160614818335
Epoch 46/100 - Average Loss: 0.001175311510451138
Epoch 47/100 - Average Loss: 0.0011437488719820976
Epoch 48/100 - Average Loss: 0.0011132971849292517
Epoch 49/100 - Average Loss: 0.0010831764666363597
Epoch 50/100 - Average Loss: 0.0010545265395194292
Epoch 51/100 - Average Loss: 0.0010258755646646023
Epoch 52/100 - Average Loss: 0.0009973838459700346
Epoch 53/100 - Average Loss: 0.0009690744336694479
Epoch 54/100 - Average Loss: 0.0009411995997652411
Epoch 55/100 - Average Loss: 0.0009148565004579723
Epoch 56/100 - Average Loss: 0.0008902528788894415
Epoch 57/100 - Average Loss: 0.0008668859954923391
Epoch 58/100 - Average Loss: 0.000844854861497879
Epoch 59/100 - Average Loss: 0.0008246325887739658
Epoch 60/100 - Average Loss: 0.0008049895404838026
Epoch 61/100 - Average Loss: 0.0007870693225413561
Epoch 62/100 - Average Loss: 0.0007700144778937101
Epoch 63/100 - Average Loss: 0.0007538443896919489
Epoch 64/100 - Average Loss: 0.0007385979988612235
Epoch 65/100 - Average Loss: 0.0007243879372254014
Epoch 66/100 - Average Loss: 0.0007107353303581476
Epoch 67/100 - Average Loss: 0.0006979863392189145
Epoch 68/100 - Average Loss: 0.0006856243126094341
Epoch 69/100 - Average Loss: 0.0006736566429026425
Epoch 70/100 - Average Loss: 0.000662265985738486
Epoch 71/100 - Average Loss: 0.0006509941886179149
Epoch 72/100 - Average Loss: 0.000639956328086555
Epoch 73/100 - Average Loss: 0.0006294164340943098
Epoch 74/100 - Average Loss: 0.0006188937113620341
Epoch 75/100 - Average Loss: 0.0006087114452384412
Epoch 76/100 - Average Loss: 0.0005986018804833293
Epoch 77/100 - Average Loss: 0.0005884403944946826
Epoch 78/100 - Average Loss: 0.0005780397332273424
Epoch 79/100 - Average Loss: 0.00056810601381585
Epoch 80/100 - Average Loss: 0.0005583059974014759
Epoch 81/100 - Average Loss: 0.0005485548172146082
Epoch 82/100 - Average Loss: 0.0005388835561461747
Epoch 83/100 - Average Loss: 0.0005297481548041105
Epoch 84/100 - Average Loss: 0.0005204667104408145
Epoch 85/100 - Average Loss: 0.0005119224078953266
Epoch 86/100 - Average Loss: 0.0005031464388594031
Epoch 87/100 - Average Loss: 0.0004950851434841752
Epoch 88/100 - Average Loss: 0.000487249024445191
Epoch 89/100 - Average Loss: 0.00047973444452509284
Epoch 90/100 - Average Loss: 0.0004723500460386276
Epoch 91/100 - Average Loss: 0.0004654653603211045
Epoch 92/100 - Average Loss: 0.00045877660159021616
Epoch 93/100 - Average Loss: 0.00045227311784401536
Epoch 94/100 - Average Loss: 0.00044614329817704856
Epoch 95/100 - Average Loss: 0.0004403033235576004
Epoch 96/100 - Average Loss: 0.00043465575436130166
Epoch 97/100 - Average Loss: 0.00042907707393169403
Epoch 98/100 - Average Loss: 0.00042379071237519383
Epoch 99/100 - Average Loss: 0.0004185356665402651
Epoch 100/100 - Average Loss: 0.0004136647330597043
=== Finished training for UDE Hybrid Model ===

